#
# There is insufficient memory for the Java Runtime Environment to continue.
# Native memory allocation (malloc) failed to allocate 948576 bytes. Error detail: Chunk::new
# Possible reasons:
#   The system is out of physical RAM or swap space
#   This process is running with CompressedOops enabled, and the Java Heap may be blocking the growth of the native heap
# Possible solutions:
#   Reduce memory load on the system
#   Increase physical memory or swap space
#   Check if swap backing store is full
#   Decrease Java heap size (-Xmx/-Xms)
#   Decrease number of Java threads
#   Decrease Java thread stack sizes (-Xss)
#   Set larger code cache with -XX:ReservedCodeCacheSize=
#   JVM is running with Unscaled Compressed Oops mode in which the Java heap is
#     placed in the first 4GB address space. The Java Heap base address is the
#     maximum limit for the native heap growth. Please use -XX:HeapBaseMinAddress
#     to set the Java Heap base and to place the Java Heap above 4GB virtual address.
# This output file may be truncated or incomplete.
#
#  Out of Memory Error (arena.cpp:168), pid=1992, tid=11120
#
# JRE version: OpenJDK Runtime Environment Temurin-21.0.6+7 (21.0.6+7) (build 21.0.6+7-LTS)
# Java VM: OpenJDK 64-Bit Server VM Temurin-21.0.6+7 (21.0.6+7-LTS, mixed mode, sharing, tiered, compressed oops, compressed class ptrs, parallel gc, windows-amd64)
# No core dump will be written. Minidumps are not enabled by default on client versions of Windows
#

---------------  S U M M A R Y ------------

Command Line: --add-modules=ALL-SYSTEM --add-opens=java.base/java.util=ALL-UNNAMED --add-opens=java.base/java.lang=ALL-UNNAMED --add-opens=java.base/sun.nio.fs=ALL-UNNAMED -Declipse.application=org.eclipse.jdt.ls.core.id1 -Dosgi.bundles.defaultStartLevel=4 -Declipse.product=org.eclipse.jdt.ls.core.product -Djava.import.generatesMetadataFilesAtProjectRoot=false -DDetectVMInstallationsJob.disabled=true -Dfile.encoding=utf8 -XX:+UseParallelGC -XX:GCTimeRatio=4 -XX:AdaptiveSizePolicyWeight=90 -Dsun.zip.disableMemoryMapping=true -Xmx1G -Xms100m -Xlog:disable -javaagent:c:\Users\Enfal\.cursor\extensions\redhat.java-1.41.1-win32-x64\lombok\lombok-1.18.36.jar -XX:+HeapDumpOnOutOfMemoryError -XX:HeapDumpPath=c:\Users\Enfal\AppData\Roaming\Cursor\User\workspaceStorage\530994b3a515dfa207db7eab3c6bf822\redhat.java -Daether.dependencyCollector.impl=bf c:\Users\Enfal\.cursor\extensions\redhat.java-1.41.1-win32-x64\server\plugins\org.eclipse.equinox.launcher_1.7.0.v20250331-1702.jar -configuration c:\Users\Enfal\AppData\Roaming\Cursor\User\globalStorage\redhat.java\1.41.1\config_win -data c:\Users\Enfal\AppData\Roaming\Cursor\User\workspaceStorage\530994b3a515dfa207db7eab3c6bf822\redhat.java\jdt_ws --pipe=\\.\pipe\lsp-fed2ccae9d0468bee42daf46d690b2a2-sock

Host: Intel(R) Core(TM) i5-10210U CPU @ 1.60GHz, 8 cores, 7G,  Windows 11 , 64 bit Build 22621 (10.0.22621.5124)
Time: Fri Apr 18 15:22:24 2025 Türkiye Standart Saati elapsed time: 19.169355 seconds (0d 0h 0m 19s)

---------------  T H R E A D  ---------------

Current thread (0x00000201d2eb6460):  JavaThread "C2 CompilerThread0" daemon [_thread_in_native, id=11120, stack(0x000000231a300000,0x000000231a400000) (1024K)]


Current CompileTask:
C2:19169 11819   !   4       org.eclipse.osgi.internal.loader.classpath.ClasspathManager::defineClass (636 bytes)

Stack: [0x000000231a300000,0x000000231a400000]
Native frames: (J=compiled Java code, j=interpreted, Vv=VM code, C=native code)
V  [jvm.dll+0x6cdee9]
V  [jvm.dll+0x8a83d1]
V  [jvm.dll+0x8aa8fe]
V  [jvm.dll+0x8aafe3]
V  [jvm.dll+0x27f706]
V  [jvm.dll+0xc500d]
V  [jvm.dll+0xc5543]
V  [jvm.dll+0x2f2acd]
V  [jvm.dll+0x5f6a2a]
V  [jvm.dll+0x250bb2]
V  [jvm.dll+0x250f6f]
V  [jvm.dll+0x249834]
V  [jvm.dll+0x246ec4]
V  [jvm.dll+0x1c75ee]
V  [jvm.dll+0x25685a]
V  [jvm.dll+0x254dfa]
V  [jvm.dll+0x3f0256]
V  [jvm.dll+0x851f8b]
V  [jvm.dll+0x6cc5ed]
C  [ucrtbase.dll+0x29333]
C  [KERNEL32.DLL+0x1259d]
C  [ntdll.dll+0x5af38]


---------------  P R O C E S S  ---------------

Threads class SMR info:
_java_thread_list=0x000002022675d8d0, length=63, elements={
0x00000201beaf4910, 0x00000201d2e9c820, 0x00000201d2e9e890, 0x00000201d2ea12d0,
0x00000201d2ea2280, 0x00000201d2ea7900, 0x00000201d2ea4b10, 0x00000201d2eb6460,
0x00000201d2ed6ec0, 0x00000201d2ea7f90, 0x00000201d2ea7270, 0x00000201d2ea6be0,
0x00000201d2ea51a0, 0x00000201d2ea5ec0, 0x00000201d2ea6550, 0x000002021ac8e9e0,
0x000002021ac8e350, 0x000002021ac8f700, 0x000002021b0bb790, 0x000002021ac89b20,
0x000002021ac90420, 0x000002021ac8fd90, 0x000002021ac90ab0, 0x000002021b783f00,
0x000002021ac8c910, 0x000002021ac8b560, 0x000002021ac91140, 0x000002021ac8d630,
0x000002021ac8dcc0, 0x000002021ac8a1b0, 0x000002021ac8a840, 0x000002021ac8aed0,
0x000002021ac8bbf0, 0x000002021bd36890, 0x000002021bd30cb0, 0x000002021bd32d80,
0x000002021bd32060, 0x000002021bd347c0, 0x000002021bd31340, 0x000002021bd33aa0,
0x000002021bd35b70, 0x000002021bd326f0, 0x000002021bd33410, 0x000002021bd36f20,
0x000002021bd34130, 0x000002021bd34e50, 0x000002021bd354e0, 0x000002021bd319d0,
0x000002021bd2ff90, 0x000002021bd375b0, 0x0000020227511560, 0x0000020227511bf0,
0x00000202275101b0, 0x0000020227513630, 0x000002022750d3c0, 0x0000020227510840,
0x000002022750e0e0, 0x0000020227510ed0, 0x0000020227512910, 0x0000020227514350,
0x000002022750e770, 0x000002022750ee00, 0x000002022750f490
}

Java Threads: ( => current thread )
  0x00000201beaf4910 JavaThread "main"                              [_thread_blocked, id=13628, stack(0x0000002319900000,0x0000002319a00000) (1024K)]
  0x00000201d2e9c820 JavaThread "Reference Handler"          daemon [_thread_blocked, id=11608, stack(0x0000002319d00000,0x0000002319e00000) (1024K)]
  0x00000201d2e9e890 JavaThread "Finalizer"                  daemon [_thread_blocked, id=16380, stack(0x0000002319e00000,0x0000002319f00000) (1024K)]
  0x00000201d2ea12d0 JavaThread "Signal Dispatcher"          daemon [_thread_blocked, id=2108, stack(0x0000002319f00000,0x000000231a000000) (1024K)]
  0x00000201d2ea2280 JavaThread "Attach Listener"            daemon [_thread_blocked, id=16968, stack(0x000000231a000000,0x000000231a100000) (1024K)]
  0x00000201d2ea7900 JavaThread "Service Thread"             daemon [_thread_blocked, id=7208, stack(0x000000231a100000,0x000000231a200000) (1024K)]
  0x00000201d2ea4b10 JavaThread "Monitor Deflation Thread"   daemon [_thread_blocked, id=14968, stack(0x000000231a200000,0x000000231a300000) (1024K)]
=>0x00000201d2eb6460 JavaThread "C2 CompilerThread0"         daemon [_thread_in_native, id=11120, stack(0x000000231a300000,0x000000231a400000) (1024K)]
  0x00000201d2ed6ec0 JavaThread "C1 CompilerThread0"         daemon [_thread_in_native, id=11940, stack(0x000000231a400000,0x000000231a500000) (1024K)]
  0x00000201d2ea7f90 JavaThread "Common-Cleaner"             daemon [_thread_blocked, id=9380, stack(0x000000231a500000,0x000000231a600000) (1024K)]
  0x00000201d2ea7270 JavaThread "Notification Thread"        daemon [_thread_blocked, id=5020, stack(0x000000231a700000,0x000000231a800000) (1024K)]
  0x00000201d2ea6be0 JavaThread "Active Thread: Equinox Container: dfb64449-6481-4a5a-8a88-0cd465dfa17c"        [_thread_blocked, id=2980, stack(0x000000231af00000,0x000000231b000000) (1024K)]
  0x00000201d2ea51a0 JavaThread "Refresh Thread: Equinox Container: dfb64449-6481-4a5a-8a88-0cd465dfa17c" daemon [_thread_blocked, id=10236, stack(0x000000231b000000,0x000000231b100000) (1024K)]
  0x00000201d2ea5ec0 JavaThread "Framework Event Dispatcher: Equinox Container: dfb64449-6481-4a5a-8a88-0cd465dfa17c" daemon [_thread_blocked, id=19656, stack(0x000000231b200000,0x000000231b300000) (1024K)]
  0x00000201d2ea6550 JavaThread "Start Level: Equinox Container: dfb64449-6481-4a5a-8a88-0cd465dfa17c" daemon [_thread_blocked, id=5160, stack(0x000000231b300000,0x000000231b400000) (1024K)]
  0x000002021ac8e9e0 JavaThread "Bundle File Closer"         daemon [_thread_blocked, id=17292, stack(0x000000231b400000,0x000000231b500000) (1024K)]
  0x000002021ac8e350 JavaThread "SCR Component Actor"        daemon [_thread_blocked, id=15008, stack(0x000000231a600000,0x000000231a700000) (1024K)]
  0x000002021ac8f700 JavaThread "Worker-JM"                         [_thread_blocked, id=7308, stack(0x000000231b500000,0x000000231b600000) (1024K)]
  0x000002021b0bb790 JavaThread "C2 CompilerThread1"         daemon [_thread_in_native, id=18644, stack(0x000000231b600000,0x000000231b700000) (1024K)]
  0x000002021ac89b20 JavaThread "JNA Cleaner"                daemon [_thread_blocked, id=19752, stack(0x000000231b700000,0x000000231b800000) (1024K)]
  0x000002021ac90420 JavaThread "Worker-0: Building"                [_thread_in_Java, id=7940, stack(0x000000231b800000,0x000000231b900000) (1024K)]
  0x000002021ac8fd90 JavaThread "Worker-1"                          [_thread_blocked, id=18520, stack(0x000000231b900000,0x000000231ba00000) (1024K)]
  0x000002021ac90ab0 JavaThread "Worker-2"                          [_thread_blocked, id=1448, stack(0x000000231ba00000,0x000000231bb00000) (1024K)]
  0x000002021b783f00 JavaThread "C2 CompilerThread2"         daemon [_thread_in_native, id=18084, stack(0x000000231bb00000,0x000000231bc00000) (1024K)]
  0x000002021ac8c910 JavaThread "Java indexing"              daemon [_thread_in_Java, id=12552, stack(0x000000231bc00000,0x000000231bd00000) (1024K)]
  0x000002021ac8b560 JavaThread "Worker-3"                          [_thread_blocked, id=12836, stack(0x000000231bd00000,0x000000231be00000) (1024K)]
  0x000002021ac91140 JavaThread "Worker-4"                          [_thread_blocked, id=13476, stack(0x000000231be00000,0x000000231bf00000) (1024K)]
  0x000002021ac8d630 JavaThread "Worker-5: Java indexing... "        [_thread_blocked, id=10140, stack(0x000000231c100000,0x000000231c200000) (1024K)]
  0x000002021ac8dcc0 JavaThread "Worker-6"                          [_thread_blocked, id=18156, stack(0x000000231c200000,0x000000231c300000) (1024K)]
  0x000002021ac8a1b0 JavaThread "Thread-2"                   daemon [_thread_in_native, id=19484, stack(0x000000231c300000,0x000000231c400000) (1024K)]
  0x000002021ac8a840 JavaThread "Thread-3"                   daemon [_thread_in_native, id=13292, stack(0x000000231c400000,0x000000231c500000) (1024K)]
  0x000002021ac8aed0 JavaThread "Thread-4"                   daemon [_thread_in_native, id=2740, stack(0x000000231c500000,0x000000231c600000) (1024K)]
  0x000002021ac8bbf0 JavaThread "Thread-5"                   daemon [_thread_in_native, id=10120, stack(0x000000231c600000,0x000000231c700000) (1024K)]
  0x000002021bd36890 JavaThread "Thread-6"                   daemon [_thread_in_native, id=14852, stack(0x000000231c700000,0x000000231c800000) (1024K)]
  0x000002021bd30cb0 JavaThread "Thread-7"                   daemon [_thread_in_native, id=7156, stack(0x000000231c800000,0x000000231c900000) (1024K)]
  0x000002021bd32d80 JavaThread "Thread-8"                   daemon [_thread_in_native, id=17184, stack(0x000000231c900000,0x000000231ca00000) (1024K)]
  0x000002021bd32060 JavaThread "Thread-9"                   daemon [_thread_in_native, id=11784, stack(0x000000231ca00000,0x000000231cb00000) (1024K)]
  0x000002021bd347c0 JavaThread "Thread-10"                  daemon [_thread_in_native, id=15016, stack(0x000000231cb00000,0x000000231cc00000) (1024K)]
  0x000002021bd31340 JavaThread "pool-2-thread-1"                   [_thread_blocked, id=5660, stack(0x000000231cc00000,0x000000231cd00000) (1024K)]
  0x000002021bd33aa0 JavaThread "WorkspaceEventsHandler"            [_thread_blocked, id=12412, stack(0x000000231cd00000,0x000000231ce00000) (1024K)]
  0x000002021bd35b70 JavaThread "pool-1-thread-1"                   [_thread_blocked, id=10284, stack(0x000000231ce00000,0x000000231cf00000) (1024K)]
  0x000002021bd326f0 JavaThread "Worker-7"                          [_thread_blocked, id=7068, stack(0x000000231cf00000,0x000000231d000000) (1024K)]
  0x000002021bd33410 JavaThread "LocalFile Deleter"          daemon [_thread_blocked, id=6716, stack(0x000000231d000000,0x000000231d100000) (1024K)]
  0x000002021bd36f20 JavaThread "LocalFile Deleter"          daemon [_thread_blocked, id=4168, stack(0x000000231d100000,0x000000231d200000) (1024K)]
  0x000002021bd34130 JavaThread "LocalFile Deleter"          daemon [_thread_blocked, id=9948, stack(0x000000231d200000,0x000000231d300000) (1024K)]
  0x000002021bd34e50 JavaThread "LocalFile Deleter"          daemon [_thread_blocked, id=7376, stack(0x000000231d300000,0x000000231d400000) (1024K)]
  0x000002021bd354e0 JavaThread "LocalFile Deleter"          daemon [_thread_blocked, id=17372, stack(0x000000231d400000,0x000000231d500000) (1024K)]
  0x000002021bd319d0 JavaThread "LocalFile Deleter"          daemon [_thread_blocked, id=8360, stack(0x000000231d500000,0x000000231d600000) (1024K)]
  0x000002021bd2ff90 JavaThread "LocalFile Deleter"          daemon [_thread_blocked, id=7656, stack(0x000000231d600000,0x000000231d700000) (1024K)]
  0x000002021bd375b0 JavaThread "LocalFile Deleter"          daemon [_thread_blocked, id=18316, stack(0x000000231d700000,0x000000231d800000) (1024K)]
  0x0000020227511560 JavaThread "Compiler Source File Reader" daemon [_thread_blocked, id=14720, stack(0x000000231d800000,0x000000231d900000) (1024K)]
  0x0000020227511bf0 JavaThread "Compiler Source File Reader" daemon [_thread_blocked, id=6528, stack(0x000000231d900000,0x000000231da00000) (1024K)]
  0x00000202275101b0 JavaThread "Compiler Source File Reader" daemon [_thread_blocked, id=6940, stack(0x000000231da00000,0x000000231db00000) (1024K)]
  0x0000020227513630 JavaThread "Compiler Source File Reader" daemon [_thread_blocked, id=17352, stack(0x000000231db00000,0x000000231dc00000) (1024K)]
  0x000002022750d3c0 JavaThread "Compiler Source File Reader" daemon [_thread_blocked, id=13060, stack(0x000000231dc00000,0x000000231dd00000) (1024K)]
  0x0000020227510840 JavaThread "Compiler Source File Reader" daemon [_thread_blocked, id=20056, stack(0x000000231dd00000,0x000000231de00000) (1024K)]
  0x000002022750e0e0 JavaThread "Compiler Processing Task"   daemon [_thread_blocked, id=8868, stack(0x000000231a800000,0x000000231a900000) (1024K)]
  0x0000020227510ed0 JavaThread "Compiler Class File Writer" daemon [_thread_blocked, id=13632, stack(0x000000231de00000,0x000000231df00000) (1024K)]
  0x0000020227512910 JavaThread "Compiler Class File Writer" daemon [_thread_blocked, id=17660, stack(0x000000231df00000,0x000000231e000000) (1024K)]
  0x0000020227514350 JavaThread "Compiler Class File Writer" daemon [_thread_blocked, id=12372, stack(0x000000231e000000,0x000000231e100000) (1024K)]
  0x000002022750e770 JavaThread "Compiler Class File Writer" daemon [_thread_blocked, id=8676, stack(0x000000231e100000,0x000000231e200000) (1024K)]
  0x000002022750ee00 JavaThread "Compiler Class File Writer" daemon [_thread_blocked, id=15932, stack(0x000000231e200000,0x000000231e300000) (1024K)]
  0x000002022750f490 JavaThread "Compiler Class File Writer" daemon [_thread_blocked, id=10128, stack(0x000000231e300000,0x000000231e400000) (1024K)]
Total: 63

Other Threads:
  0x00000201bebae7e0 VMThread "VM Thread"                           [id=8240, stack(0x0000002319c00000,0x0000002319d00000) (1024K)]
  0x00000201beb5e9b0 WatcherThread "VM Periodic Task Thread"        [id=8200, stack(0x0000002319b00000,0x0000002319c00000) (1024K)]
  0x00000201beb11d80 WorkerThread "GC Thread#0"                     [id=11776, stack(0x0000002319a00000,0x0000002319b00000) (1024K)]
  0x000002021a9ecc80 WorkerThread "GC Thread#1"                     [id=18484, stack(0x000000231a900000,0x000000231aa00000) (1024K)]
  0x000002021a7a8bb0 WorkerThread "GC Thread#2"                     [id=20472, stack(0x000000231aa00000,0x000000231ab00000) (1024K)]
  0x000002021a7a8f50 WorkerThread "GC Thread#3"                     [id=16520, stack(0x000000231ab00000,0x000000231ac00000) (1024K)]
  0x000002021ab59c90 WorkerThread "GC Thread#4"                     [id=9912, stack(0x000000231ac00000,0x000000231ad00000) (1024K)]
  0x000002021ab5a030 WorkerThread "GC Thread#5"                     [id=12092, stack(0x000000231ad00000,0x000000231ae00000) (1024K)]
  0x000002021ab5a3d0 WorkerThread "GC Thread#6"                     [id=19336, stack(0x000000231ae00000,0x000000231af00000) (1024K)]
  0x000002021a9cc880 WorkerThread "GC Thread#7"                     [id=1996, stack(0x000000231b100000,0x000000231b200000) (1024K)]
Total: 10

Threads with active compile tasks:
C2 CompilerThread0  19212 11819   !   4       org.eclipse.osgi.internal.loader.classpath.ClasspathManager::defineClass (636 bytes)
Total: 1

VM state: not at safepoint (normal execution)

VM Mutex/Monitor currently owned by a thread: None

Heap address: 0x00000000c0000000, size: 1024 MB, Compressed Oops mode: 32-bit

CDS archive(s) mapped at: [0x00000201d3000000-0x00000201d3ba0000-0x00000201d3ba0000), size 12189696, SharedBaseAddress: 0x00000201d3000000, ArchiveRelocationMode: 1.
Compressed class space mapped at: 0x00000201d4000000-0x0000020214000000, reserved size: 1073741824
Narrow klass base: 0x00000201d3000000, Narrow klass shift: 0, Narrow klass range: 0x100000000

GC Precious Log:
 CardTable entry size: 512
 CPUs: 8 total, 8 available
 Memory: 7955M
 Large Page Support: Disabled
 NUMA Support: Disabled
 Compressed Oops: Enabled (32-bit)
 Alignments: Space 512K, Generation 512K, Heap 2M
 Heap Min Capacity: 100M
 Heap Initial Capacity: 100M
 Heap Max Capacity: 1G
 Pre-touch: Disabled
 Parallel Workers: 8

Heap:
 PSYoungGen      total 4096K, used 2442K [0x00000000eab00000, 0x00000000eb000000, 0x0000000100000000)
  eden space 3072K, 57% used [0x00000000eab00000,0x00000000eacbb550,0x00000000eae00000)
  from space 1024K, 65% used [0x00000000eae00000,0x00000000eaea74d8,0x00000000eaf00000)
  to   space 1024K, 0% used [0x00000000eaf00000,0x00000000eaf00000,0x00000000eb000000)
 ParOldGen       total 222208K, used 201401K [0x00000000c0000000, 0x00000000cd900000, 0x00000000eab00000)
  object space 222208K, 90% used [0x00000000c0000000,0x00000000cc4ae7c8,0x00000000cd900000)
 Metaspace       used 61701K, committed 63168K, reserved 1114112K
  class space    used 6193K, committed 6848K, reserved 1048576K

Card table byte_map: [0x00000201be490000,0x00000201be6a0000] _byte_map_base: 0x00000201bde90000

Marking Bits: (ParMarkBitMap*) 0x00007ffa3fb03260
 Begin Bits: [0x00000201d0ce0000, 0x00000201d1ce0000)
 End Bits:   [0x00000201d1ce0000, 0x00000201d2ce0000)

Polling page: 0x00000201bc930000

Metaspace:

Usage:
  Non-class:     54.21 MB used.
      Class:      6.05 MB used.
       Both:     60.26 MB used.

Virtual space:
  Non-class space:       64.00 MB reserved,      55.00 MB ( 86%) committed,  1 nodes.
      Class space:        1.00 GB reserved,       6.69 MB ( <1%) committed,  1 nodes.
             Both:        1.06 GB reserved,      61.69 MB (  6%) committed. 

Chunk freelists:
   Non-Class:  8.82 MB
       Class:  9.32 MB
        Both:  18.15 MB

MaxMetaspaceSize: unlimited
CompressedClassSpaceSize: 1.00 GB
Initial GC threshold: 21.00 MB
Current GC threshold: 102.62 MB
CDS: on
 - commit_granule_bytes: 65536.
 - commit_granule_words: 8192.
 - virtual_space_node_default_size: 8388608.
 - enlarge_chunks_in_place: 1.
 - use_allocation_guard: 0.


Internal statistics:

num_allocs_failed_limit: 13.
num_arena_births: 1180.
num_arena_deaths: 14.
num_vsnodes_births: 2.
num_vsnodes_deaths: 0.
num_space_committed: 987.
num_space_uncommitted: 0.
num_chunks_returned_to_freelist: 27.
num_chunks_taken_from_freelist: 4124.
num_chunk_merges: 13.
num_chunk_splits: 2508.
num_chunks_enlarged: 1390.
num_inconsistent_stats: 0.

CodeHeap 'non-profiled nmethods': size=120000Kb used=6515Kb max_used=7207Kb free=113484Kb
 bounds [0x00000201c97b0000, 0x00000201c9ec0000, 0x00000201d0ce0000]
CodeHeap 'profiled nmethods': size=120000Kb used=22324Kb max_used=26503Kb free=97675Kb
 bounds [0x00000201c1ce0000, 0x00000201c36d0000, 0x00000201c9210000]
CodeHeap 'non-nmethods': size=5760Kb used=1417Kb max_used=1584Kb free=4342Kb
 bounds [0x00000201c9210000, 0x00000201c9480000, 0x00000201c97b0000]
 total_blobs=10769 nmethods=10041 adapters=633
 compilation: enabled
              stopped_count=0, restarted_count=0
 full_count=0

Compilation events (20 events):
Event: 19.150 Thread 0x00000201d2ed6ec0 12179       1       org.apache.maven.model.profile.DefaultProfileActivationContext::getSystemProperties (5 bytes)
Event: 19.150 Thread 0x00000201d2ed6ec0 nmethod 12179 0x00000201c9d9b090 code [0x00000201c9d9b220, 0x00000201c9d9b2e8]
Event: 19.160 Thread 0x00000201d2ed6ec0 12180   !   3       java.lang.ref.Reference::processPendingReferences (118 bytes)
Event: 19.161 Thread 0x00000201d2ed6ec0 nmethod 12180 0x00000201c2001f90 code [0x00000201c20021e0, 0x00000201c2002b90]
Event: 19.161 Thread 0x00000201d2ed6ec0 12182       3       org.codehaus.plexus.interpolation.StringSearchInterpolator::addValueSource (12 bytes)
Event: 19.161 Thread 0x00000201d2ed6ec0 nmethod 12182 0x00000201c208a090 code [0x00000201c208a240, 0x00000201c208a418]
Event: 19.161 Thread 0x000002021b0bb790 nmethod 12177 0x00000201c9a09190 code [0x00000201c9a09360, 0x00000201c9a09ac8]
Event: 19.162 Thread 0x00000201d2ed6ec0 12183       3       java.util.TreeMap$KeySet::iterator (32 bytes)
Event: 19.162 Thread 0x00000201d2ed6ec0 nmethod 12183 0x00000201c1f38d90 code [0x00000201c1f38fa0, 0x00000201c1f396f0]
Event: 19.162 Thread 0x00000201d2ed6ec0 12184       3       java.util.TreeMap::keyIterator (13 bytes)
Event: 19.163 Thread 0x00000201d2ed6ec0 nmethod 12184 0x00000201c1e38090 code [0x00000201c1e38260, 0x00000201c1e38660]
Event: 19.163 Thread 0x00000201d2ed6ec0 12185       3       java.util.TreeMap$KeyIterator::<init> (7 bytes)
Event: 19.163 Thread 0x00000201d2ed6ec0 nmethod 12185 0x00000201c1e83310 code [0x00000201c1e834c0, 0x00000201c1e836d8]
Event: 19.165 Thread 0x00000201d2ed6ec0 12186       1       org.apache.maven.model.profile.DefaultProfileActivationContext::getActiveProfileIds (5 bytes)
Event: 19.165 Thread 0x00000201d2ed6ec0 nmethod 12186 0x00000201c9b0de90 code [0x00000201c9b0e020, 0x00000201c9b0e0e8]
Event: 19.165 Thread 0x00000201d2ed6ec0 12187       1       org.apache.maven.model.profile.DefaultProfileActivationContext::getInactiveProfileIds (5 bytes)
Event: 19.165 Thread 0x00000201d2ed6ec0 nmethod 12187 0x00000201c9b0db90 code [0x00000201c9b0dd20, 0x00000201c9b0dde8]
Event: 19.165 Thread 0x00000201d2ed6ec0 12188       1       org.apache.maven.model.building.ModelData::setModel (6 bytes)
Event: 19.165 Thread 0x00000201d2ed6ec0 nmethod 12188 0x00000201c9b0d890 code [0x00000201c9b0da20, 0x00000201c9b0db00]
Event: 19.166 Thread 0x00000201d2ed6ec0 12189       3       org.apache.maven.model.interpolation.AbstractStringBasedModelInterpolator$3::getValue (32 bytes)

GC Heap History (20 events):
Event: 18.663 GC heap before
{Heap before GC invocations=171 (full 3):
 PSYoungGen      total 4096K, used 4011K [0x00000000eab00000, 0x00000000eb000000, 0x0000000100000000)
  eden space 3072K, 100% used [0x00000000eab00000,0x00000000eae00000,0x00000000eae00000)
  from space 1024K, 91% used [0x00000000eae00000,0x00000000eaeead68,0x00000000eaf00000)
  to   space 1024K, 0% used [0x00000000eaf00000,0x00000000eaf00000,0x00000000eb000000)
 ParOldGen       total 226304K, used 226006K [0x00000000c0000000, 0x00000000cdd00000, 0x00000000eab00000)
  object space 226304K, 99% used [0x00000000c0000000,0x00000000cdcb58a8,0x00000000cdd00000)
 Metaspace       used 61604K, committed 63040K, reserved 1114112K
  class space    used 6191K, committed 6848K, reserved 1048576K
}
Event: 18.666 GC heap after
{Heap after GC invocations=171 (full 3):
 PSYoungGen      total 4096K, used 4011K [0x00000000eab00000, 0x00000000eb000000, 0x0000000100000000)
  eden space 3072K, 100% used [0x00000000eab00000,0x00000000eae00000,0x00000000eae00000)
  from space 1024K, 91% used [0x00000000eae00000,0x00000000eaeead68,0x00000000eaf00000)
  to   space 1024K, 74% used [0x00000000eaf00000,0x00000000eafbe060,0x00000000eb000000)
 ParOldGen       total 226816K, used 226813K [0x00000000c0000000, 0x00000000cdd80000, 0x00000000eab00000)
  object space 226816K, 99% used [0x00000000c0000000,0x00000000cdd7f590,0x00000000cdd80000)
 Metaspace       used 61604K, committed 63040K, reserved 1114112K
  class space    used 6191K, committed 6848K, reserved 1048576K
}
Event: 18.666 GC heap before
{Heap before GC invocations=172 (full 4):
 PSYoungGen      total 4096K, used 4011K [0x00000000eab00000, 0x00000000eb000000, 0x0000000100000000)
  eden space 3072K, 100% used [0x00000000eab00000,0x00000000eae00000,0x00000000eae00000)
  from space 1024K, 91% used [0x00000000eae00000,0x00000000eaeead68,0x00000000eaf00000)
  to   space 1024K, 74% used [0x00000000eaf00000,0x00000000eafbe060,0x00000000eb000000)
 ParOldGen       total 226816K, used 226813K [0x00000000c0000000, 0x00000000cdd80000, 0x00000000eab00000)
  object space 226816K, 99% used [0x00000000c0000000,0x00000000cdd7f590,0x00000000cdd80000)
 Metaspace       used 61604K, committed 63040K, reserved 1114112K
  class space    used 6191K, committed 6848K, reserved 1048576K
}
Event: 18.875 GC heap after
{Heap after GC invocations=172 (full 4):
 PSYoungGen      total 4096K, used 0K [0x00000000eab00000, 0x00000000eb000000, 0x0000000100000000)
  eden space 3072K, 0% used [0x00000000eab00000,0x00000000eab00000,0x00000000eae00000)
  from space 1024K, 0% used [0x00000000eaf00000,0x00000000eaf00000,0x00000000eb000000)
  to   space 1024K, 0% used [0x00000000eae00000,0x00000000eae00000,0x00000000eaf00000)
 ParOldGen       total 222208K, used 196615K [0x00000000c0000000, 0x00000000cd900000, 0x00000000eab00000)
  object space 222208K, 88% used [0x00000000c0000000,0x00000000cc001cc8,0x00000000cd900000)
 Metaspace       used 61604K, committed 63040K, reserved 1114112K
  class space    used 6191K, committed 6848K, reserved 1048576K
}
Event: 18.908 GC heap before
{Heap before GC invocations=173 (full 4):
 PSYoungGen      total 4096K, used 3072K [0x00000000eab00000, 0x00000000eb000000, 0x0000000100000000)
  eden space 3072K, 100% used [0x00000000eab00000,0x00000000eae00000,0x00000000eae00000)
  from space 1024K, 0% used [0x00000000eaf00000,0x00000000eaf00000,0x00000000eb000000)
  to   space 1024K, 0% used [0x00000000eae00000,0x00000000eae00000,0x00000000eaf00000)
 ParOldGen       total 222208K, used 196615K [0x00000000c0000000, 0x00000000cd900000, 0x00000000eab00000)
  object space 222208K, 88% used [0x00000000c0000000,0x00000000cc001cc8,0x00000000cd900000)
 Metaspace       used 61625K, committed 63104K, reserved 1114112K
  class space    used 6192K, committed 6848K, reserved 1048576K
}
Event: 18.911 GC heap after
{Heap after GC invocations=173 (full 4):
 PSYoungGen      total 4096K, used 812K [0x00000000eab00000, 0x00000000eb000000, 0x0000000100000000)
  eden space 3072K, 0% used [0x00000000eab00000,0x00000000eab00000,0x00000000eae00000)
  from space 1024K, 79% used [0x00000000eae00000,0x00000000eaecb098,0x00000000eaf00000)
  to   space 1024K, 0% used [0x00000000eaf00000,0x00000000eaf00000,0x00000000eb000000)
 ParOldGen       total 222208K, used 196615K [0x00000000c0000000, 0x00000000cd900000, 0x00000000eab00000)
  object space 222208K, 88% used [0x00000000c0000000,0x00000000cc001cc8,0x00000000cd900000)
 Metaspace       used 61625K, committed 63104K, reserved 1114112K
  class space    used 6192K, committed 6848K, reserved 1048576K
}
Event: 18.931 GC heap before
{Heap before GC invocations=174 (full 4):
 PSYoungGen      total 4096K, used 3884K [0x00000000eab00000, 0x00000000eb000000, 0x0000000100000000)
  eden space 3072K, 100% used [0x00000000eab00000,0x00000000eae00000,0x00000000eae00000)
  from space 1024K, 79% used [0x00000000eae00000,0x00000000eaecb098,0x00000000eaf00000)
  to   space 1024K, 0% used [0x00000000eaf00000,0x00000000eaf00000,0x00000000eb000000)
 ParOldGen       total 222208K, used 196615K [0x00000000c0000000, 0x00000000cd900000, 0x00000000eab00000)
  object space 222208K, 88% used [0x00000000c0000000,0x00000000cc001cc8,0x00000000cd900000)
 Metaspace       used 61627K, committed 63104K, reserved 1114112K
  class space    used 6192K, committed 6848K, reserved 1048576K
}
Event: 18.933 GC heap after
{Heap after GC invocations=174 (full 4):
 PSYoungGen      total 4096K, used 674K [0x00000000eab00000, 0x00000000eb000000, 0x0000000100000000)
  eden space 3072K, 0% used [0x00000000eab00000,0x00000000eab00000,0x00000000eae00000)
  from space 1024K, 65% used [0x00000000eaf00000,0x00000000eafa89d0,0x00000000eb000000)
  to   space 1024K, 0% used [0x00000000eae00000,0x00000000eae00000,0x00000000eaf00000)
 ParOldGen       total 222208K, used 197293K [0x00000000c0000000, 0x00000000cd900000, 0x00000000eab00000)
  object space 222208K, 88% used [0x00000000c0000000,0x00000000cc0ab7a0,0x00000000cd900000)
 Metaspace       used 61627K, committed 63104K, reserved 1114112K
  class space    used 6192K, committed 6848K, reserved 1048576K
}
Event: 18.963 GC heap before
{Heap before GC invocations=175 (full 4):
 PSYoungGen      total 4096K, used 3746K [0x00000000eab00000, 0x00000000eb000000, 0x0000000100000000)
  eden space 3072K, 100% used [0x00000000eab00000,0x00000000eae00000,0x00000000eae00000)
  from space 1024K, 65% used [0x00000000eaf00000,0x00000000eafa89d0,0x00000000eb000000)
  to   space 1024K, 0% used [0x00000000eae00000,0x00000000eae00000,0x00000000eaf00000)
 ParOldGen       total 222208K, used 197293K [0x00000000c0000000, 0x00000000cd900000, 0x00000000eab00000)
  object space 222208K, 88% used [0x00000000c0000000,0x00000000cc0ab7a0,0x00000000cd900000)
 Metaspace       used 61647K, committed 63168K, reserved 1114112K
  class space    used 6192K, committed 6848K, reserved 1048576K
}
Event: 18.967 GC heap after
{Heap after GC invocations=175 (full 4):
 PSYoungGen      total 4096K, used 671K [0x00000000eab00000, 0x00000000eb000000, 0x0000000100000000)
  eden space 3072K, 0% used [0x00000000eab00000,0x00000000eab00000,0x00000000eae00000)
  from space 1024K, 65% used [0x00000000eae00000,0x00000000eaea7e38,0x00000000eaf00000)
  to   space 1024K, 0% used [0x00000000eaf00000,0x00000000eaf00000,0x00000000eb000000)
 ParOldGen       total 222208K, used 197878K [0x00000000c0000000, 0x00000000cd900000, 0x00000000eab00000)
  object space 222208K, 89% used [0x00000000c0000000,0x00000000cc13db50,0x00000000cd900000)
 Metaspace       used 61647K, committed 63168K, reserved 1114112K
  class space    used 6192K, committed 6848K, reserved 1048576K
}
Event: 18.999 GC heap before
{Heap before GC invocations=176 (full 4):
 PSYoungGen      total 4096K, used 3743K [0x00000000eab00000, 0x00000000eb000000, 0x0000000100000000)
  eden space 3072K, 100% used [0x00000000eab00000,0x00000000eae00000,0x00000000eae00000)
  from space 1024K, 65% used [0x00000000eae00000,0x00000000eaea7e38,0x00000000eaf00000)
  to   space 1024K, 0% used [0x00000000eaf00000,0x00000000eaf00000,0x00000000eb000000)
 ParOldGen       total 222208K, used 197878K [0x00000000c0000000, 0x00000000cd900000, 0x00000000eab00000)
  object space 222208K, 89% used [0x00000000c0000000,0x00000000cc13db50,0x00000000cd900000)
 Metaspace       used 61655K, committed 63168K, reserved 1114112K
  class space    used 6192K, committed 6848K, reserved 1048576K
}
Event: 19.000 GC heap after
{Heap after GC invocations=176 (full 4):
 PSYoungGen      total 4096K, used 808K [0x00000000eab00000, 0x00000000eb000000, 0x0000000100000000)
  eden space 3072K, 0% used [0x00000000eab00000,0x00000000eab00000,0x00000000eae00000)
  from space 1024K, 78% used [0x00000000eaf00000,0x00000000eafca308,0x00000000eb000000)
  to   space 1024K, 0% used [0x00000000eae00000,0x00000000eae00000,0x00000000eaf00000)
 ParOldGen       total 222208K, used 198433K [0x00000000c0000000, 0x00000000cd900000, 0x00000000eab00000)
  object space 222208K, 89% used [0x00000000c0000000,0x00000000cc1c86a0,0x00000000cd900000)
 Metaspace       used 61655K, committed 63168K, reserved 1114112K
  class space    used 6192K, committed 6848K, reserved 1048576K
}
Event: 19.025 GC heap before
{Heap before GC invocations=177 (full 4):
 PSYoungGen      total 4096K, used 3880K [0x00000000eab00000, 0x00000000eb000000, 0x0000000100000000)
  eden space 3072K, 100% used [0x00000000eab00000,0x00000000eae00000,0x00000000eae00000)
  from space 1024K, 78% used [0x00000000eaf00000,0x00000000eafca308,0x00000000eb000000)
  to   space 1024K, 0% used [0x00000000eae00000,0x00000000eae00000,0x00000000eaf00000)
 ParOldGen       total 222208K, used 198433K [0x00000000c0000000, 0x00000000cd900000, 0x00000000eab00000)
  object space 222208K, 89% used [0x00000000c0000000,0x00000000cc1c86a0,0x00000000cd900000)
 Metaspace       used 61667K, committed 63168K, reserved 1114112K
  class space    used 6192K, committed 6848K, reserved 1048576K
}
Event: 19.027 GC heap after
{Heap after GC invocations=177 (full 4):
 PSYoungGen      total 4096K, used 733K [0x00000000eab00000, 0x00000000eb000000, 0x0000000100000000)
  eden space 3072K, 0% used [0x00000000eab00000,0x00000000eab00000,0x00000000eae00000)
  from space 1024K, 71% used [0x00000000eae00000,0x00000000eaeb7408,0x00000000eaf00000)
  to   space 1024K, 0% used [0x00000000eaf00000,0x00000000eaf00000,0x00000000eb000000)
 ParOldGen       total 222208K, used 199075K [0x00000000c0000000, 0x00000000cd900000, 0x00000000eab00000)
  object space 222208K, 89% used [0x00000000c0000000,0x00000000cc268f78,0x00000000cd900000)
 Metaspace       used 61667K, committed 63168K, reserved 1114112K
  class space    used 6192K, committed 6848K, reserved 1048576K
}
Event: 19.099 GC heap before
{Heap before GC invocations=178 (full 4):
 PSYoungGen      total 4096K, used 3805K [0x00000000eab00000, 0x00000000eb000000, 0x0000000100000000)
  eden space 3072K, 100% used [0x00000000eab00000,0x00000000eae00000,0x00000000eae00000)
  from space 1024K, 71% used [0x00000000eae00000,0x00000000eaeb7408,0x00000000eaf00000)
  to   space 1024K, 0% used [0x00000000eaf00000,0x00000000eaf00000,0x00000000eb000000)
 ParOldGen       total 222208K, used 199075K [0x00000000c0000000, 0x00000000cd900000, 0x00000000eab00000)
  object space 222208K, 89% used [0x00000000c0000000,0x00000000cc268f78,0x00000000cd900000)
 Metaspace       used 61680K, committed 63168K, reserved 1114112K
  class space    used 6192K, committed 6848K, reserved 1048576K
}
Event: 19.101 GC heap after
{Heap after GC invocations=178 (full 4):
 PSYoungGen      total 4096K, used 608K [0x00000000eab00000, 0x00000000eb000000, 0x0000000100000000)
  eden space 3072K, 0% used [0x00000000eab00000,0x00000000eab00000,0x00000000eae00000)
  from space 1024K, 59% used [0x00000000eaf00000,0x00000000eaf98000,0x00000000eb000000)
  to   space 1024K, 0% used [0x00000000eae00000,0x00000000eae00000,0x00000000eaf00000)
 ParOldGen       total 222208K, used 199663K [0x00000000c0000000, 0x00000000cd900000, 0x00000000eab00000)
  object space 222208K, 89% used [0x00000000c0000000,0x00000000cc2fbc18,0x00000000cd900000)
 Metaspace       used 61680K, committed 63168K, reserved 1114112K
  class space    used 6192K, committed 6848K, reserved 1048576K
}
Event: 19.128 GC heap before
{Heap before GC invocations=179 (full 4):
 PSYoungGen      total 4096K, used 3680K [0x00000000eab00000, 0x00000000eb000000, 0x0000000100000000)
  eden space 3072K, 100% used [0x00000000eab00000,0x00000000eae00000,0x00000000eae00000)
  from space 1024K, 59% used [0x00000000eaf00000,0x00000000eaf98000,0x00000000eb000000)
  to   space 1024K, 0% used [0x00000000eae00000,0x00000000eae00000,0x00000000eaf00000)
 ParOldGen       total 222208K, used 199663K [0x00000000c0000000, 0x00000000cd900000, 0x00000000eab00000)
  object space 222208K, 89% used [0x00000000c0000000,0x00000000cc2fbc18,0x00000000cd900000)
 Metaspace       used 61682K, committed 63168K, reserved 1114112K
  class space    used 6192K, committed 6848K, reserved 1048576K
}
Event: 19.130 GC heap after
{Heap after GC invocations=179 (full 4):
 PSYoungGen      total 4096K, used 689K [0x00000000eab00000, 0x00000000eb000000, 0x0000000100000000)
  eden space 3072K, 0% used [0x00000000eab00000,0x00000000eab00000,0x00000000eae00000)
  from space 1024K, 67% used [0x00000000eae00000,0x00000000eaeac540,0x00000000eaf00000)
  to   space 1024K, 0% used [0x00000000eaf00000,0x00000000eaf00000,0x00000000eb000000)
 ParOldGen       total 222208K, used 200229K [0x00000000c0000000, 0x00000000cd900000, 0x00000000eab00000)
  object space 222208K, 90% used [0x00000000c0000000,0x00000000cc3897e0,0x00000000cd900000)
 Metaspace       used 61682K, committed 63168K, reserved 1114112K
  class space    used 6192K, committed 6848K, reserved 1048576K
}
Event: 19.158 GC heap before
{Heap before GC invocations=180 (full 4):
 PSYoungGen      total 4096K, used 3761K [0x00000000eab00000, 0x00000000eb000000, 0x0000000100000000)
  eden space 3072K, 100% used [0x00000000eab00000,0x00000000eae00000,0x00000000eae00000)
  from space 1024K, 67% used [0x00000000eae00000,0x00000000eaeac540,0x00000000eaf00000)
  to   space 1024K, 0% used [0x00000000eaf00000,0x00000000eaf00000,0x00000000eb000000)
 ParOldGen       total 222208K, used 200229K [0x00000000c0000000, 0x00000000cd900000, 0x00000000eab00000)
  object space 222208K, 90% used [0x00000000c0000000,0x00000000cc3897e0,0x00000000cd900000)
 Metaspace       used 61686K, committed 63168K, reserved 1114112K
  class space    used 6192K, committed 6848K, reserved 1048576K
}
Event: 19.160 GC heap after
{Heap after GC invocations=180 (full 4):
 PSYoungGen      total 4096K, used 736K [0x00000000eab00000, 0x00000000eb000000, 0x0000000100000000)
  eden space 3072K, 0% used [0x00000000eab00000,0x00000000eab00000,0x00000000eae00000)
  from space 1024K, 71% used [0x00000000eaf00000,0x00000000eafb80a0,0x00000000eb000000)
  to   space 1024K, 0% used [0x00000000eae00000,0x00000000eae00000,0x00000000eaf00000)
 ParOldGen       total 222208K, used 200817K [0x00000000c0000000, 0x00000000cd900000, 0x00000000eab00000)
  object space 222208K, 90% used [0x00000000c0000000,0x00000000cc41c7b0,0x00000000cd900000)
 Metaspace       used 61686K, committed 63168K, reserved 1114112K
  class space    used 6192K, committed 6848K, reserved 1048576K
}

Dll operation events (10 events):
Event: 0.009 Loaded shared library c:\Users\Enfal\.cursor\extensions\redhat.java-1.41.1-win32-x64\jre\21.0.6-win32-x86_64\bin\java.dll
Event: 0.041 Loaded shared library c:\Users\Enfal\.cursor\extensions\redhat.java-1.41.1-win32-x64\jre\21.0.6-win32-x86_64\bin\zip.dll
Event: 0.106 Loaded shared library C:\Users\Enfal\.cursor\extensions\redhat.java-1.41.1-win32-x64\jre\21.0.6-win32-x86_64\bin\instrument.dll
Event: 0.113 Loaded shared library C:\Users\Enfal\.cursor\extensions\redhat.java-1.41.1-win32-x64\jre\21.0.6-win32-x86_64\bin\net.dll
Event: 0.117 Loaded shared library C:\Users\Enfal\.cursor\extensions\redhat.java-1.41.1-win32-x64\jre\21.0.6-win32-x86_64\bin\nio.dll
Event: 0.120 Loaded shared library C:\Users\Enfal\.cursor\extensions\redhat.java-1.41.1-win32-x64\jre\21.0.6-win32-x86_64\bin\zip.dll
Event: 0.143 Loaded shared library C:\Users\Enfal\.cursor\extensions\redhat.java-1.41.1-win32-x64\jre\21.0.6-win32-x86_64\bin\jimage.dll
Event: 0.223 Loaded shared library c:\Users\Enfal\.cursor\extensions\redhat.java-1.41.1-win32-x64\jre\21.0.6-win32-x86_64\bin\verify.dll
Event: 1.346 Loaded shared library C:\Users\Enfal\AppData\Roaming\Cursor\User\globalStorage\redhat.java\1.41.1\config_win\org.eclipse.equinox.launcher\org.eclipse.equinox.launcher.win32.win32.x86_64_1.2.1300.v20250331-1702\eclipse_11911.dll
Event: 4.755 Loaded shared library C:\Users\Enfal\AppData\Local\Temp\jna-67101096\jna14366865821759204152.dll

Deoptimization events (20 events):
Event: 18.584 Thread 0x000002021ac90420 DEOPT PACKING pc=0x00000201c3670f50 sp=0x000000231b8fd160
Event: 18.584 Thread 0x000002021ac90420 DEOPT UNPACKING pc=0x00000201c9264242 sp=0x000000231b8fc6a8 mode 0
Event: 18.584 Thread 0x000002021ac90420 DEOPT PACKING pc=0x00000201c3670f50 sp=0x000000231b8fd3b0
Event: 18.584 Thread 0x000002021ac90420 DEOPT UNPACKING pc=0x00000201c9264242 sp=0x000000231b8fc8f8 mode 0
Event: 18.632 Thread 0x000002021ac90420 DEOPT PACKING pc=0x00000201c3670f50 sp=0x000000231b8fd520
Event: 18.632 Thread 0x000002021ac90420 DEOPT UNPACKING pc=0x00000201c9264242 sp=0x000000231b8fca68 mode 0
Event: 18.633 Thread 0x000002021ac90420 DEOPT PACKING pc=0x00000201c3670f50 sp=0x000000231b8fd430
Event: 18.633 Thread 0x000002021ac90420 DEOPT UNPACKING pc=0x00000201c9264242 sp=0x000000231b8fc978 mode 0
Event: 18.644 Thread 0x000002021ac90420 DEOPT PACKING pc=0x00000201c3670f50 sp=0x000000231b8fd240
Event: 18.644 Thread 0x000002021ac90420 DEOPT UNPACKING pc=0x00000201c9264242 sp=0x000000231b8fc788 mode 0
Event: 18.877 Thread 0x000002021ac90420 DEOPT PACKING pc=0x00000201c3670f50 sp=0x000000231b8fd430
Event: 18.877 Thread 0x000002021ac90420 DEOPT UNPACKING pc=0x00000201c9264242 sp=0x000000231b8fc978 mode 0
Event: 18.878 Thread 0x000002021ac90420 DEOPT PACKING pc=0x00000201c3670f50 sp=0x000000231b8fd440
Event: 18.878 Thread 0x000002021ac90420 DEOPT UNPACKING pc=0x00000201c9264242 sp=0x000000231b8fc988 mode 0
Event: 18.981 Thread 0x000002021ac90420 DEOPT PACKING pc=0x00000201c2b2b1fe sp=0x000000231b8fd520
Event: 18.981 Thread 0x000002021ac90420 DEOPT UNPACKING pc=0x00000201c9264242 sp=0x000000231b8fca00 mode 0
Event: 19.067 Thread 0x000002021ac90420 Uncommon trap: trap_request=0xffffff45 fr.pc=0x00000201c9d37fc4 relative=0x00000000000003e4
Event: 19.067 Thread 0x000002021ac90420 Uncommon trap: reason=unstable_if action=reinterpret pc=0x00000201c9d37fc4 method=java.lang.CharacterDataLatin1.equalsIgnoreCase(BB)Z @ 24 c2
Event: 19.067 Thread 0x000002021ac90420 DEOPT PACKING pc=0x00000201c9d37fc4 sp=0x000000231b8fd990
Event: 19.067 Thread 0x000002021ac90420 DEOPT UNPACKING pc=0x00000201c9263aa2 sp=0x000000231b8fd818 mode 2

Classes loaded (20 events):
Event: 14.662 Loading class java/util/stream/IntStream done
Event: 14.662 Loading class java/util/stream/IntPipeline done
Event: 14.663 Loading class java/util/stream/IntPipeline$StatelessOp done
Event: 14.663 Loading class java/util/stream/ReferencePipeline$4 done
Event: 14.667 Loading class java/util/stream/Nodes$IntFixedNodeBuilder
Event: 14.667 Loading class java/util/stream/Node$Builder$OfInt
Event: 14.667 Loading class java/util/stream/Sink$OfInt
Event: 14.667 Loading class java/util/stream/Sink$OfInt done
Event: 14.668 Loading class java/util/stream/Node$Builder$OfInt done
Event: 14.668 Loading class java/util/stream/Nodes$IntArrayNode
Event: 14.668 Loading class java/util/stream/Nodes$IntArrayNode done
Event: 14.668 Loading class java/util/stream/Nodes$IntFixedNodeBuilder done
Event: 14.668 Loading class java/util/stream/ReferencePipeline$4$1
Event: 14.668 Loading class java/util/stream/ReferencePipeline$4$1 done
Event: 17.023 Loading class jdk/internal/module/IllegalAccessLogger
Event: 17.023 Loading class jdk/internal/module/IllegalAccessLogger done
Event: 18.284 Loading class java/util/stream/IntPipeline$Head
Event: 18.285 Loading class java/util/stream/IntPipeline$Head done
Event: 18.481 Loading class java/util/stream/Streams$RangeIntSpliterator
Event: 18.482 Loading class java/util/stream/Streams$RangeIntSpliterator done

Classes unloaded (7 events):
Event: 5.488 Thread 0x00000201bebae7e0 Unloading class 0x00000201d4194800 'java/lang/invoke/LambdaForm$MH+0x00000201d4194800'
Event: 5.488 Thread 0x00000201bebae7e0 Unloading class 0x00000201d4194400 'java/lang/invoke/LambdaForm$MH+0x00000201d4194400'
Event: 5.488 Thread 0x00000201bebae7e0 Unloading class 0x00000201d4194000 'java/lang/invoke/LambdaForm$MH+0x00000201d4194000'
Event: 5.488 Thread 0x00000201bebae7e0 Unloading class 0x00000201d4193c00 'java/lang/invoke/LambdaForm$MH+0x00000201d4193c00'
Event: 5.488 Thread 0x00000201bebae7e0 Unloading class 0x00000201d4193800 'java/lang/invoke/LambdaForm$BMH+0x00000201d4193800'
Event: 5.488 Thread 0x00000201bebae7e0 Unloading class 0x00000201d4193400 'java/lang/invoke/LambdaForm$DMH+0x00000201d4193400'
Event: 5.488 Thread 0x00000201bebae7e0 Unloading class 0x00000201d4192400 'java/lang/invoke/LambdaForm$DMH+0x00000201d4192400'

Classes redefined (0 events):
No events

Internal exceptions (20 events):
Event: 10.119 Thread 0x000002021bd34e50 Exception <a 'sun/nio/fs/WindowsException'{0x00000000eadd8488}> (0x00000000eadd8488) 
thrown [s\src\hotspot\share\prims\jni.cpp, line 520]
Event: 10.119 Thread 0x000002021bd36f20 Exception <a 'sun/nio/fs/WindowsException'{0x00000000eadd1b38}> (0x00000000eadd1b38) 
thrown [s\src\hotspot\share\prims\jni.cpp, line 520]
Event: 11.647 Thread 0x000002021ac8c910 Implicit null exception at 0x00000201c9bd88a0 to 0x00000201c9bddbb4
Event: 11.949 Thread 0x000002021ac90420 Exception <a 'java/lang/NoSuchMethodError'{0x00000000eb21cb98}: 'java.lang.Object java.lang.invoke.DirectMethodHandle$Holder.invokeStatic(java.lang.Object, java.lang.Object, int, int)'> (0x00000000eb21cb98) 
thrown [s\src\hotspot\share\interpreter\linkResolver.cpp, line 773]
Event: 11.950 Thread 0x000002021ac90420 Exception <a 'java/lang/NoSuchMethodError'{0x00000000eb220f98}: 'java.lang.Object java.lang.invoke.DirectMethodHandle$Holder.invokeSpecial(java.lang.Object, java.lang.Object, java.lang.Object, int, int)'> (0x00000000eb220f98) 
thrown [s\src\hotspot\share\interpreter\linkResolver.cpp, line 773]
Event: 12.635 Thread 0x000002021ac90420 Exception <a 'java/lang/NoSuchMethodError'{0x00000000eb2c82f0}: 'int java.lang.invoke.DirectMethodHandle$Holder.invokeSpecialIFC(java.lang.Object, java.lang.Object, java.lang.Object)'> (0x00000000eb2c82f0) 
thrown [s\src\hotspot\share\interpreter\linkResolver.cpp, line 773]
Event: 13.219 Thread 0x000002021ac90420 Implicit null exception at 0x00000201c9abcc4f to 0x00000201c9abcdbc
Event: 13.899 Thread 0x000002022750e0e0 Implicit null exception at 0x00000201c9d01707 to 0x00000201c9d02254
Event: 14.101 Thread 0x000002022750e0e0 Exception <a 'java/lang/NoSuchMethodError'{0x00000000eaed4308}: 'void java.lang.invoke.DirectMethodHandle$Holder.invokeStatic(java.lang.Object, int, java.lang.Object)'> (0x00000000eaed4308) 
thrown [s\src\hotspot\share\interpreter\linkResolver.cpp, line 773]
Event: 14.361 Thread 0x000002021ac90420 Exception <a 'java/lang/NoSuchMethodError'{0x00000000eaede4e0}: 'java.lang.Object java.lang.invoke.DirectMethodHandle$Holder.newInvokeSpecial(java.lang.Object, java.lang.Object, int, int, java.lang.Object)'> (0x00000000eaede4e0) 
thrown [s\src\hotspot\share\interpreter\linkResolver.cpp, line 773]
Event: 16.898 Thread 0x000002021ac90420 Exception <a 'sun/nio/fs/WindowsException'{0x00000000eab774a0}> (0x00000000eab774a0) 
thrown [s\src\hotspot\share\prims\jni.cpp, line 520]
Event: 16.898 Thread 0x000002021bd33410 Exception <a 'sun/nio/fs/WindowsException'{0x00000000eab89678}> (0x00000000eab89678) 
thrown [s\src\hotspot\share\prims\jni.cpp, line 520]
Event: 16.899 Thread 0x000002021bd36f20 Exception <a 'sun/nio/fs/WindowsException'{0x00000000eab9cef8}> (0x00000000eab9cef8) 
thrown [s\src\hotspot\share\prims\jni.cpp, line 520]
Event: 17.013 Thread 0x000002021ac90420 Implicit null exception at 0x00000201c9dce121 to 0x00000201c9dce190
Event: 17.096 Thread 0x000002021ac90420 Exception <a 'sun/nio/fs/WindowsException'{0x00000000eab8e958}> (0x00000000eab8e958) 
thrown [s\src\hotspot\share\prims\jni.cpp, line 520]
Event: 17.096 Thread 0x000002021ac90420 Exception <a 'sun/nio/fs/WindowsException'{0x00000000eabfe950}> (0x00000000eabfe950) 
thrown [s\src\hotspot\share\prims\jni.cpp, line 520]
Event: 17.097 Thread 0x000002021ac90420 Exception <a 'sun/nio/fs/WindowsException'{0x00000000eabff2f8}> (0x00000000eabff2f8) 
thrown [s\src\hotspot\share\prims\jni.cpp, line 520]
Event: 17.097 Thread 0x000002021ac90420 Exception <a 'sun/nio/fs/WindowsException'{0x00000000eabff928}> (0x00000000eabff928) 
thrown [s\src\hotspot\share\prims\jni.cpp, line 520]
Event: 18.285 Thread 0x000002021ac90420 Exception <a 'java/lang/NoSuchMethodError'{0x00000000eab86f48}: 'void java.lang.invoke.DirectMethodHandle$Holder.invokeStatic(java.lang.Object, java.lang.Object, java.lang.Object, int)'> (0x00000000eab86f48) 
thrown [s\src\hotspot\share\interpreter\linkResolver.cpp, line 773]
Event: 18.305 Thread 0x000002021ac90420 Exception <a 'java/lang/NoSuchMethodError'{0x00000000eacb6970}: 'void java.lang.invoke.DirectMethodHandle$Holder.invokeVirtual(java.lang.Object, java.lang.Object, int)'> (0x00000000eacb6970) 
thrown [s\src\hotspot\share\interpreter\linkResolver.cpp, line 773]

ZGC Phase Switch (0 events):
No events

VM Operations (20 events):
Event: 18.616 Executing VM operation: ParallelGCFailedAllocation (Allocation Failure)
Event: 18.618 Executing VM operation: ParallelGCFailedAllocation (Allocation Failure) done
Event: 18.662 Executing VM operation: ParallelGCFailedAllocation (Allocation Failure)
Event: 18.875 Executing VM operation: ParallelGCFailedAllocation (Allocation Failure) done
Event: 18.908 Executing VM operation: ParallelGCFailedAllocation (Allocation Failure)
Event: 18.911 Executing VM operation: ParallelGCFailedAllocation (Allocation Failure) done
Event: 18.931 Executing VM operation: ParallelGCFailedAllocation (Allocation Failure)
Event: 18.933 Executing VM operation: ParallelGCFailedAllocation (Allocation Failure) done
Event: 18.963 Executing VM operation: ParallelGCFailedAllocation (Allocation Failure)
Event: 18.967 Executing VM operation: ParallelGCFailedAllocation (Allocation Failure) done
Event: 18.998 Executing VM operation: ParallelGCFailedAllocation (Allocation Failure)
Event: 19.001 Executing VM operation: ParallelGCFailedAllocation (Allocation Failure) done
Event: 19.024 Executing VM operation: ParallelGCFailedAllocation (Allocation Failure)
Event: 19.027 Executing VM operation: ParallelGCFailedAllocation (Allocation Failure) done
Event: 19.083 Executing VM operation: ParallelGCFailedAllocation (Allocation Failure)
Event: 19.101 Executing VM operation: ParallelGCFailedAllocation (Allocation Failure) done
Event: 19.128 Executing VM operation: ParallelGCFailedAllocation (Allocation Failure)
Event: 19.130 Executing VM operation: ParallelGCFailedAllocation (Allocation Failure) done
Event: 19.154 Executing VM operation: ParallelGCFailedAllocation (Allocation Failure)
Event: 19.160 Executing VM operation: ParallelGCFailedAllocation (Allocation Failure) done

Memory protections (0 events):
No events

Nmethod flushes (20 events):
Event: 18.750 Thread 0x00000201bebae7e0 flushing  nmethod 0x00000201c2fc5a90
Event: 18.750 Thread 0x00000201bebae7e0 flushing  nmethod 0x00000201c3038b90
Event: 18.750 Thread 0x00000201bebae7e0 flushing  nmethod 0x00000201c304bb10
Event: 18.750 Thread 0x00000201bebae7e0 flushing  nmethod 0x00000201c304ca90
Event: 18.750 Thread 0x00000201bebae7e0 flushing  nmethod 0x00000201c304f410
Event: 18.750 Thread 0x00000201bebae7e0 flushing  nmethod 0x00000201c3052210
Event: 18.750 Thread 0x00000201bebae7e0 flushing  nmethod 0x00000201c307a290
Event: 18.750 Thread 0x00000201bebae7e0 flushing  nmethod 0x00000201c307b810
Event: 18.750 Thread 0x00000201bebae7e0 flushing  nmethod 0x00000201c308b610
Event: 18.750 Thread 0x00000201bebae7e0 flushing  nmethod 0x00000201c3099b10
Event: 18.750 Thread 0x00000201bebae7e0 flushing  nmethod 0x00000201c30a8590
Event: 18.750 Thread 0x00000201bebae7e0 flushing  nmethod 0x00000201c3100810
Event: 18.750 Thread 0x00000201bebae7e0 flushing  nmethod 0x00000201c3114d90
Event: 18.750 Thread 0x00000201bebae7e0 flushing  nmethod 0x00000201c312c490
Event: 18.750 Thread 0x00000201bebae7e0 flushing  nmethod 0x00000201c312c790
Event: 18.750 Thread 0x00000201bebae7e0 flushing  nmethod 0x00000201c312ca90
Event: 18.750 Thread 0x00000201bebae7e0 flushing  nmethod 0x00000201c312cd90
Event: 18.750 Thread 0x00000201bebae7e0 flushing  nmethod 0x00000201c316de10
Event: 18.750 Thread 0x00000201bebae7e0 flushing  nmethod 0x00000201c3198210
Event: 18.750 Thread 0x00000201bebae7e0 flushing  nmethod 0x00000201c31b8a10

Events (20 events):
Event: 10.083 Thread 0x000002021bd36f20 Thread added: 0x000002021bd34130
Event: 10.083 Thread 0x000002021bd34130 Thread added: 0x000002021bd34e50
Event: 10.084 Thread 0x000002021bd34e50 Thread added: 0x000002021bd354e0
Event: 10.084 Thread 0x000002021bd33410 Thread added: 0x000002021bd319d0
Event: 10.084 Thread 0x000002021bd34130 Thread added: 0x000002021bd2ff90
Event: 10.084 Thread 0x000002021bd34130 Thread added: 0x000002021bd375b0
Event: 10.218 Thread 0x000002021ac90420 Thread added: 0x0000020227511560
Event: 10.218 Thread 0x000002021ac90420 Thread added: 0x0000020227511bf0
Event: 10.218 Thread 0x000002021ac90420 Thread added: 0x00000202275101b0
Event: 10.218 Thread 0x000002021ac90420 Thread added: 0x0000020227513630
Event: 10.219 Thread 0x000002021ac90420 Thread added: 0x000002022750d3c0
Event: 10.219 Thread 0x000002021ac90420 Thread added: 0x0000020227510840
Event: 10.584 Thread 0x000002021ac8f070 Thread exited: 0x000002021ac8f070
Event: 13.818 Thread 0x000002021ac90420 Thread added: 0x000002022750e0e0
Event: 14.362 Thread 0x000002021ac90420 Thread added: 0x0000020227510ed0
Event: 14.544 Thread 0x000002021ac90420 Thread added: 0x0000020227512910
Event: 14.574 Thread 0x000002021ac90420 Thread added: 0x0000020227514350
Event: 14.574 Thread 0x000002021ac90420 Thread added: 0x000002022750e770
Event: 14.644 Thread 0x000002021ac90420 Thread added: 0x000002022750ee00
Event: 14.645 Thread 0x000002021ac90420 Thread added: 0x000002022750f490


Dynamic libraries:
0x00007ff6b1740000 - 0x00007ff6b174e000 	c:\Users\Enfal\.cursor\extensions\redhat.java-1.41.1-win32-x64\jre\21.0.6-win32-x86_64\bin\java.exe
0x00007ffaacdb0000 - 0x00007ffaacfc7000 	C:\WINDOWS\SYSTEM32\ntdll.dll
0x00007ffaaba10000 - 0x00007ffaabad4000 	C:\WINDOWS\System32\KERNEL32.DLL
0x00007ffaaa180000 - 0x00007ffaaa553000 	C:\WINDOWS\System32\KERNELBASE.dll
0x00007ffaa9ec0000 - 0x00007ffaa9fd1000 	C:\WINDOWS\System32\ucrtbase.dll
0x00007ffa9a390000 - 0x00007ffa9a3ae000 	c:\Users\Enfal\.cursor\extensions\redhat.java-1.41.1-win32-x64\jre\21.0.6-win32-x86_64\bin\VCRUNTIME140.dll
0x00007ffa9a170000 - 0x00007ffa9a188000 	c:\Users\Enfal\.cursor\extensions\redhat.java-1.41.1-win32-x64\jre\21.0.6-win32-x86_64\bin\jli.dll
0x00007ffaac050000 - 0x00007ffaac201000 	C:\WINDOWS\System32\USER32.dll
0x00007ffaa9fe0000 - 0x00007ffaaa006000 	C:\WINDOWS\System32\win32u.dll
0x00007ffa961a0000 - 0x00007ffa96438000 	C:\WINDOWS\WinSxS\amd64_microsoft.windows.common-controls_6595b64144ccf1df_6.0.22621.5124_none_270e8f4f7386d69d\COMCTL32.dll
0x00007ffaab9b0000 - 0x00007ffaab9d9000 	C:\WINDOWS\System32\GDI32.dll
0x00007ffaab3f0000 - 0x00007ffaab497000 	C:\WINDOWS\System32\msvcrt.dll
0x00007ffaaa830000 - 0x00007ffaaa94b000 	C:\WINDOWS\System32\gdi32full.dll
0x00007ffaaa790000 - 0x00007ffaaa82a000 	C:\WINDOWS\System32\msvcp_win.dll
0x00007ffaaab00000 - 0x00007ffaaab31000 	C:\WINDOWS\System32\IMM32.DLL
0x00007ffaa3f50000 - 0x00007ffaa3f5c000 	c:\Users\Enfal\.cursor\extensions\redhat.java-1.41.1-win32-x64\jre\21.0.6-win32-x86_64\bin\vcruntime140_1.dll
0x00007ffa821b0000 - 0x00007ffa8223d000 	c:\Users\Enfal\.cursor\extensions\redhat.java-1.41.1-win32-x64\jre\21.0.6-win32-x86_64\bin\msvcp140.dll
0x00007ffa3ee50000 - 0x00007ffa3fbe0000 	c:\Users\Enfal\.cursor\extensions\redhat.java-1.41.1-win32-x64\jre\21.0.6-win32-x86_64\bin\server\jvm.dll
0x00007ffaab4a0000 - 0x00007ffaab551000 	C:\WINDOWS\System32\ADVAPI32.dll
0x00007ffaaaa50000 - 0x00007ffaaaaf8000 	C:\WINDOWS\System32\sechost.dll
0x00007ffaaa620000 - 0x00007ffaaa648000 	C:\WINDOWS\System32\bcrypt.dll
0x00007ffaac810000 - 0x00007ffaac924000 	C:\WINDOWS\System32\RPCRT4.dll
0x00007ffaac620000 - 0x00007ffaac691000 	C:\WINDOWS\System32\WS2_32.dll
0x00007ffaa9d90000 - 0x00007ffaa9ddd000 	C:\WINDOWS\SYSTEM32\POWRPROF.dll
0x00007ffaa2020000 - 0x00007ffaa202a000 	C:\WINDOWS\SYSTEM32\VERSION.dll
0x00007ffaa4b80000 - 0x00007ffaa4bb4000 	C:\WINDOWS\SYSTEM32\WINMM.dll
0x00007ffaa9d70000 - 0x00007ffaa9d83000 	C:\WINDOWS\SYSTEM32\UMPDC.dll
0x00007ffaa8eb0000 - 0x00007ffaa8ec8000 	C:\WINDOWS\SYSTEM32\kernel.appcore.dll
0x00007ffaa2f90000 - 0x00007ffaa2f9a000 	c:\Users\Enfal\.cursor\extensions\redhat.java-1.41.1-win32-x64\jre\21.0.6-win32-x86_64\bin\jimage.dll
0x00007ffa96570000 - 0x00007ffa967a2000 	C:\WINDOWS\SYSTEM32\DBGHELP.DLL
0x00007ffaac210000 - 0x00007ffaac5a2000 	C:\WINDOWS\System32\combase.dll
0x00007ffaab760000 - 0x00007ffaab837000 	C:\WINDOWS\System32\OLEAUT32.dll
0x00007ffa88d00000 - 0x00007ffa88d32000 	C:\WINDOWS\SYSTEM32\dbgcore.DLL
0x00007ffaaa9d0000 - 0x00007ffaaaa4b000 	C:\WINDOWS\System32\bcryptPrimitives.dll
0x00007ffaa2930000 - 0x00007ffaa293f000 	c:\Users\Enfal\.cursor\extensions\redhat.java-1.41.1-win32-x64\jre\21.0.6-win32-x86_64\bin\instrument.dll
0x00007ffa98990000 - 0x00007ffa989af000 	c:\Users\Enfal\.cursor\extensions\redhat.java-1.41.1-win32-x64\jre\21.0.6-win32-x86_64\bin\java.dll
0x00007ffaaab50000 - 0x00007ffaab3e6000 	C:\WINDOWS\System32\SHELL32.dll
0x00007ffaaa650000 - 0x00007ffaaa78f000 	C:\WINDOWS\System32\wintypes.dll
0x00007ffaa7d90000 - 0x00007ffaa86aa000 	C:\WINDOWS\SYSTEM32\windows.storage.dll
0x00007ffaac700000 - 0x00007ffaac80a000 	C:\WINDOWS\System32\SHCORE.dll
0x00007ffaac5b0000 - 0x00007ffaac613000 	C:\WINDOWS\System32\shlwapi.dll
0x00007ffaa9df0000 - 0x00007ffaa9e1b000 	C:\WINDOWS\SYSTEM32\profapi.dll
0x00007ffa98970000 - 0x00007ffa98988000 	c:\Users\Enfal\.cursor\extensions\redhat.java-1.41.1-win32-x64\jre\21.0.6-win32-x86_64\bin\zip.dll
0x00007ffaa2240000 - 0x00007ffaa2250000 	C:\Users\Enfal\.cursor\extensions\redhat.java-1.41.1-win32-x64\jre\21.0.6-win32-x86_64\bin\net.dll
0x00007ffaa2ab0000 - 0x00007ffaa2bdc000 	C:\WINDOWS\SYSTEM32\WINHTTP.dll
0x00007ffaa9320000 - 0x00007ffaa938a000 	C:\WINDOWS\system32\mswsock.dll
0x00007ffa97e90000 - 0x00007ffa97ea6000 	C:\Users\Enfal\.cursor\extensions\redhat.java-1.41.1-win32-x64\jre\21.0.6-win32-x86_64\bin\nio.dll
0x00007ffa9a360000 - 0x00007ffa9a370000 	c:\Users\Enfal\.cursor\extensions\redhat.java-1.41.1-win32-x64\jre\21.0.6-win32-x86_64\bin\verify.dll
0x00007ffa88610000 - 0x00007ffa88655000 	C:\Users\Enfal\AppData\Roaming\Cursor\User\globalStorage\redhat.java\1.41.1\config_win\org.eclipse.equinox.launcher\org.eclipse.equinox.launcher.win32.win32.x86_64_1.2.1300.v20250331-1702\eclipse_11911.dll
0x00007ffaacbc0000 - 0x00007ffaacd61000 	C:\WINDOWS\System32\ole32.dll
0x00007ffaa9670000 - 0x00007ffaa968b000 	C:\WINDOWS\SYSTEM32\CRYPTSP.dll
0x00007ffaa8e10000 - 0x00007ffaa8e47000 	C:\WINDOWS\system32\rsaenh.dll
0x00007ffaa93c0000 - 0x00007ffaa93e8000 	C:\WINDOWS\SYSTEM32\USERENV.dll
0x00007ffaa9650000 - 0x00007ffaa965c000 	C:\WINDOWS\SYSTEM32\CRYPTBASE.dll
0x00007ffaa8910000 - 0x00007ffaa893d000 	C:\WINDOWS\SYSTEM32\IPHLPAPI.DLL
0x00007ffaaba00000 - 0x00007ffaaba09000 	C:\WINDOWS\System32\NSI.dll
0x00007ffa85370000 - 0x00007ffa853b9000 	C:\Users\Enfal\AppData\Local\Temp\jna-67101096\jna14366865821759204152.dll
0x00007ffaac6f0000 - 0x00007ffaac6f8000 	C:\WINDOWS\System32\PSAPI.DLL
0x00007ffaa3030000 - 0x00007ffaa3049000 	C:\WINDOWS\SYSTEM32\dhcpcsvc6.DLL
0x00007ffaa28e0000 - 0x00007ffaa28ff000 	C:\WINDOWS\SYSTEM32\dhcpcsvc.DLL

dbghelp: loaded successfully - version: 4.0.5 - missing functions: none
symbol engine: initialized successfully - sym options: 0x614 - pdb path: .;c:\Users\Enfal\.cursor\extensions\redhat.java-1.41.1-win32-x64\jre\21.0.6-win32-x86_64\bin;C:\WINDOWS\SYSTEM32;C:\WINDOWS\WinSxS\amd64_microsoft.windows.common-controls_6595b64144ccf1df_6.0.22621.5124_none_270e8f4f7386d69d;c:\Users\Enfal\.cursor\extensions\redhat.java-1.41.1-win32-x64\jre\21.0.6-win32-x86_64\bin\server;C:\Users\Enfal\AppData\Roaming\Cursor\User\globalStorage\redhat.java\1.41.1\config_win\org.eclipse.equinox.launcher\org.eclipse.equinox.launcher.win32.win32.x86_64_1.2.1300.v20250331-1702;C:\Users\Enfal\AppData\Local\Temp\jna-67101096

VM Arguments:
jvm_args: --add-modules=ALL-SYSTEM --add-opens=java.base/java.util=ALL-UNNAMED --add-opens=java.base/java.lang=ALL-UNNAMED --add-opens=java.base/sun.nio.fs=ALL-UNNAMED -Declipse.application=org.eclipse.jdt.ls.core.id1 -Dosgi.bundles.defaultStartLevel=4 -Declipse.product=org.eclipse.jdt.ls.core.product -Djava.import.generatesMetadataFilesAtProjectRoot=false -DDetectVMInstallationsJob.disabled=true -Dfile.encoding=utf8 -XX:+UseParallelGC -XX:GCTimeRatio=4 -XX:AdaptiveSizePolicyWeight=90 -Dsun.zip.disableMemoryMapping=true -Xmx1G -Xms100m -Xlog:disable -javaagent:c:\Users\Enfal\.cursor\extensions\redhat.java-1.41.1-win32-x64\lombok\lombok-1.18.36.jar -XX:+HeapDumpOnOutOfMemoryError -XX:HeapDumpPath=c:\Users\Enfal\AppData\Roaming\Cursor\User\workspaceStorage\530994b3a515dfa207db7eab3c6bf822\redhat.java -Daether.dependencyCollector.impl=bf 
java_command: c:\Users\Enfal\.cursor\extensions\redhat.java-1.41.1-win32-x64\server\plugins\org.eclipse.equinox.launcher_1.7.0.v20250331-1702.jar -configuration c:\Users\Enfal\AppData\Roaming\Cursor\User\globalStorage\redhat.java\1.41.1\config_win -data c:\Users\Enfal\AppData\Roaming\Cursor\User\workspaceStorage\530994b3a515dfa207db7eab3c6bf822\redhat.java\jdt_ws --pipe=\\.\pipe\lsp-fed2ccae9d0468bee42daf46d690b2a2-sock
java_class_path (initial): c:\Users\Enfal\.cursor\extensions\redhat.java-1.41.1-win32-x64\server\plugins\org.eclipse.equinox.launcher_1.7.0.v20250331-1702.jar
Launcher Type: SUN_STANDARD

[Global flags]
    uintx AdaptiveSizePolicyWeight                 = 90                                        {product} {command line}
     intx CICompilerCount                          = 4                                         {product} {ergonomic}
    uintx GCTimeRatio                              = 4                                         {product} {command line}
     bool HeapDumpOnOutOfMemoryError               = true                                   {manageable} {command line}
    ccstr HeapDumpPath                             = c:\Users\Enfal\AppData\Roaming\Cursor\User\workspaceStorage\530994b3a515dfa207db7eab3c6bf822\redhat.java         {manageable} {command line}
   size_t InitialHeapSize                          = 104857600                                 {product} {command line}
   size_t MaxHeapSize                              = 1073741824                                {product} {command line}
   size_t MaxNewSize                               = 357564416                                 {product} {ergonomic}
   size_t MinHeapDeltaBytes                        = 524288                                    {product} {ergonomic}
   size_t MinHeapSize                              = 104857600                                 {product} {command line}
   size_t NewSize                                  = 34603008                                  {product} {ergonomic}
    uintx NonNMethodCodeHeapSize                   = 5839372                                {pd product} {ergonomic}
    uintx NonProfiledCodeHeapSize                  = 122909434                              {pd product} {ergonomic}
   size_t OldSize                                  = 70254592                                  {product} {ergonomic}
    uintx ProfiledCodeHeapSize                     = 122909434                              {pd product} {ergonomic}
    uintx ReservedCodeCacheSize                    = 251658240                              {pd product} {ergonomic}
     bool SegmentedCodeCache                       = true                                      {product} {ergonomic}
   size_t SoftMaxHeapSize                          = 1073741824                             {manageable} {ergonomic}
     bool UseCompressedOops                        = true                           {product lp64_product} {ergonomic}
     bool UseLargePagesIndividualAllocation        = false                                  {pd product} {ergonomic}
     bool UseParallelGC                            = true                                      {product} {command line}

Logging:
Log output configuration:
 #0: stdout all=off uptime,level,tags foldmultilines=false
 #1: stderr all=off uptime,level,tags foldmultilines=false

Environment Variables:
JAVA_HOME=C:\Program Files\Java\jdk-23
PATH=C:\Program Files\Common Files\Oracle\Java\javapath;c:\Users\Enfal\AppData\Local\Programs\cursor\resources\app\bin;C:\WINDOWS\system32;C:\WINDOWS;C:\WINDOWS\System32\Wbem;C:\WINDOWS\System32\WindowsPowerShell\v1.0\;C:\WINDOWS\System32\OpenSSH\;C:\Program Files\Git\cmd;C:\Program Files\Docker\Docker\resources\bin;C:\Users\Enfal\AppData\Local\Microsoft\WindowsApps;C:\Users\Enfal\AppData\Local\GitHubDesktop\bin;c:\Users\Enfal\AppData\Local\Programs\cursor\resources\app\bin;C:\Program Files\nodejs\;%JAVA_HOME%\bin;C:\Program Files\Java\jdk-23\bin\java.exe;C:\Program Files\apache-maven-3.9.9\bin;C:\Program Files\apache-maven-3.9.9\bin;C:\Program Files\PostgreSQL\16\bin;C:\Users\Enfal\AppData\Local\Microsoft\WindowsApps;C:\Users\Enfal\AppData\Local\GitHubDesktop\bin;C:\Users\Enfal\Microsoft VS Code\bin;C:\Users\Enfal\AppData\Roaming\npm;C:\Program Files\apache-maven-3.9.9\bin;C:\Users\Enfal\cursor\resources\app\bin;C:\Users\Enfal\AppData\Local\Programs\Windsurf\bin
USERNAME=Enfal
OS=Windows_NT
PROCESSOR_IDENTIFIER=Intel64 Family 6 Model 142 Stepping 12, GenuineIntel
TMP=C:\Users\Enfal\AppData\Local\Temp
TEMP=C:\Users\Enfal\AppData\Local\Temp




Periodic native trim disabled

---------------  S Y S T E M  ---------------

OS:
 Windows 11 , 64 bit Build 22621 (10.0.22621.5124)
OS uptime: 0 days 15:59 hours
Hyper-V role detected

CPU: total 8 (initial active 8) (4 cores per cpu, 2 threads per core) family 6 model 142 stepping 12 microcode 0xde, cx8, cmov, fxsr, ht, mmx, 3dnowpref, sse, sse2, sse3, ssse3, sse4.1, sse4.2, popcnt, lzcnt, tsc, tscinvbit, avx, avx2, aes, erms, clmul, bmi1, bmi2, adx, fma, vzeroupper, clflush, clflushopt, hv, rdtscp, f16c
Processor Information for the first 8 processors :
  Max Mhz: 2101, Current Mhz: 1600, Mhz Limit: 1596

Memory: 4k page, system-wide physical 7955M (468M free)
TotalPageFile size 21112M (AvailPageFile size 44M)
current process WorkingSet (physical memory assigned to process): 543M, peak: 554M
current process commit charge ("private bytes"): 507M, peak: 982M

vm_info: OpenJDK 64-Bit Server VM (21.0.6+7-LTS) for windows-amd64 JRE (21.0.6+7-LTS), built on 2025-01-21T00:00:00Z by "admin" with MS VC++ 17.7 (VS2022)

END.
