#
# There is insufficient memory for the Java Runtime Environment to continue.
# Native memory allocation (malloc) failed to allocate 1500416 bytes. Error detail: Chunk::new
# Possible reasons:
#   The system is out of physical RAM or swap space
#   This process is running with CompressedOops enabled, and the Java Heap may be blocking the growth of the native heap
# Possible solutions:
#   Reduce memory load on the system
#   Increase physical memory or swap space
#   Check if swap backing store is full
#   Decrease Java heap size (-Xmx/-Xms)
#   Decrease number of Java threads
#   Decrease Java thread stack sizes (-Xss)
#   Set larger code cache with -XX:ReservedCodeCacheSize=
#   JVM is running with Unscaled Compressed Oops mode in which the Java heap is
#     placed in the first 4GB address space. The Java Heap base address is the
#     maximum limit for the native heap growth. Please use -XX:HeapBaseMinAddress
#     to set the Java Heap base and to place the Java Heap above 4GB virtual address.
# This output file may be truncated or incomplete.
#
#  Out of Memory Error (arena.cpp:168), pid=16700, tid=6364
#
# JRE version: OpenJDK Runtime Environment Temurin-21.0.6+7 (21.0.6+7) (build 21.0.6+7-LTS)
# Java VM: OpenJDK 64-Bit Server VM Temurin-21.0.6+7 (21.0.6+7-LTS, mixed mode, sharing, tiered, compressed oops, compressed class ptrs, parallel gc, windows-amd64)
# No core dump will be written. Minidumps are not enabled by default on client versions of Windows
#

---------------  S U M M A R Y ------------

Command Line: --add-modules=ALL-SYSTEM --add-opens=java.base/java.util=ALL-UNNAMED --add-opens=java.base/java.lang=ALL-UNNAMED --add-opens=java.base/sun.nio.fs=ALL-UNNAMED -Declipse.application=org.eclipse.jdt.ls.core.id1 -Dosgi.bundles.defaultStartLevel=4 -Declipse.product=org.eclipse.jdt.ls.core.product -Djava.import.generatesMetadataFilesAtProjectRoot=false -DDetectVMInstallationsJob.disabled=true -Dfile.encoding=utf8 -XX:+UseParallelGC -XX:GCTimeRatio=4 -XX:AdaptiveSizePolicyWeight=90 -Dsun.zip.disableMemoryMapping=true -Xmx1G -Xms100m -Xlog:disable -javaagent:c:\Users\Enfal\.cursor\extensions\redhat.java-1.41.1-win32-x64\lombok\lombok-1.18.36.jar -XX:+HeapDumpOnOutOfMemoryError -XX:HeapDumpPath=c:\Users\Enfal\AppData\Roaming\Cursor\User\workspaceStorage\530994b3a515dfa207db7eab3c6bf822\redhat.java -Daether.dependencyCollector.impl=bf c:\Users\Enfal\.cursor\extensions\redhat.java-1.41.1-win32-x64\server\plugins\org.eclipse.equinox.launcher_1.7.0.v20250331-1702.jar -configuration c:\Users\Enfal\AppData\Roaming\Cursor\User\globalStorage\redhat.java\1.41.1\config_win -data c:\Users\Enfal\AppData\Roaming\Cursor\User\workspaceStorage\530994b3a515dfa207db7eab3c6bf822\redhat.java\jdt_ws --pipe=\\.\pipe\lsp-07b338cdfbc6db78063b78f16fea4533-sock

Host: Intel(R) Core(TM) i5-10210U CPU @ 1.60GHz, 8 cores, 7G,  Windows 11 , 64 bit Build 22621 (10.0.22621.5124)
Time: Fri Apr 18 15:22:42 2025 Türkiye Standart Saati elapsed time: 18.298308 seconds (0d 0h 0m 18s)

---------------  T H R E A D  ---------------

Current thread (0x0000020e701beb30):  JavaThread "C2 CompilerThread1" daemon [_thread_in_native, id=6364, stack(0x000000a7f3100000,0x000000a7f3200000) (1024K)]


Current CompileTask:
C2:18298 12743       4       java.lang.invoke.MethodType::makeImpl (109 bytes)

Stack: [0x000000a7f3100000,0x000000a7f3200000]
Native frames: (J=compiled Java code, j=interpreted, Vv=VM code, C=native code)
V  [jvm.dll+0x6cdee9]
V  [jvm.dll+0x8a83d1]
V  [jvm.dll+0x8aa8fe]
V  [jvm.dll+0x8aafe3]
V  [jvm.dll+0x27f706]
V  [jvm.dll+0xc500d]
V  [jvm.dll+0xc5543]
V  [jvm.dll+0x3b678c]
V  [jvm.dll+0x382935]
V  [jvm.dll+0x381d9a]
V  [jvm.dll+0x2479f0]
V  [jvm.dll+0x246fcf]
V  [jvm.dll+0x1c75ee]
V  [jvm.dll+0x25685a]
V  [jvm.dll+0x254dfa]
V  [jvm.dll+0x3f0256]
V  [jvm.dll+0x851f8b]
V  [jvm.dll+0x6cc5ed]
C  [ucrtbase.dll+0x29333]
C  [KERNEL32.DLL+0x1259d]
C  [ntdll.dll+0x5af38]


---------------  P R O C E S S  ---------------

Threads class SMR info:
_java_thread_list=0x0000020e72bf5220, length=67, elements={
0x0000020e14ebf6d0, 0x0000020e2926f920, 0x0000020e29271f80, 0x0000020e29273cc0,
0x0000020e29274f80, 0x0000020e2927c000, 0x0000020e2927dc60, 0x0000020e2928cf40,
0x0000020e2928de90, 0x0000020e700b9fd0, 0x0000020e701beb30, 0x0000020e70447ff0,
0x0000020e70d85600, 0x0000020e70c1fdf0, 0x0000020e70fa7d40, 0x0000020e70da9df0,
0x0000020e71260b20, 0x0000020e71030800, 0x0000020e710cdda0, 0x0000020e710ce430,
0x0000020e710d0500, 0x0000020e710ceac0, 0x0000020e710cf150, 0x0000020e710cf7e0,
0x0000020e710cfe70, 0x0000020e73d7d3a0, 0x0000020e73d7da30, 0x0000020e73d7ac40,
0x0000020e73d7e0c0, 0x0000020e73d79890, 0x0000020e73d7e750, 0x0000020e73d7ede0,
0x0000020e73d7cd10, 0x0000020e73d7b2d0, 0x0000020e73d7a5b0, 0x0000020e73d7f470,
0x0000020e73d7fb00, 0x0000020e73d80190, 0x0000020e73d80820, 0x0000020e73d79f20,
0x0000020e73d80eb0, 0x0000020e73d7b960, 0x0000020e7d7067f0, 0x0000020e7d700c10,
0x0000020e7d707510, 0x0000020e7d701930, 0x0000020e7d706e80, 0x0000020e7d7012a0,
0x0000020e7d702ce0, 0x0000020e7d701fc0, 0x0000020e7d704090, 0x0000020e7d700580,
0x0000020e7d706160, 0x0000020e7d702650, 0x0000020e7d703370, 0x0000020e7d705440,
0x0000020e7d705ad0, 0x0000020e7d707ba0, 0x0000020e710cd710, 0x0000020e70aaf9a0,
0x0000020e70ab0030, 0x0000020e70aa9dc0, 0x0000020e70aad240, 0x0000020e70aac520,
0x0000020e70aaaae0, 0x0000020e70ab06c0, 0x0000020e70aad8d0
}

Java Threads: ( => current thread )
  0x0000020e14ebf6d0 JavaThread "main"                              [_thread_blocked, id=3068, stack(0x000000a7f2400000,0x000000a7f2500000) (1024K)]
  0x0000020e2926f920 JavaThread "Reference Handler"          daemon [_thread_blocked, id=20324, stack(0x000000a7f2800000,0x000000a7f2900000) (1024K)]
  0x0000020e29271f80 JavaThread "Finalizer"                  daemon [_thread_blocked, id=19256, stack(0x000000a7f2900000,0x000000a7f2a00000) (1024K)]
  0x0000020e29273cc0 JavaThread "Signal Dispatcher"          daemon [_thread_blocked, id=7480, stack(0x000000a7f2a00000,0x000000a7f2b00000) (1024K)]
  0x0000020e29274f80 JavaThread "Attach Listener"            daemon [_thread_blocked, id=2512, stack(0x000000a7f2b00000,0x000000a7f2c00000) (1024K)]
  0x0000020e2927c000 JavaThread "Service Thread"             daemon [_thread_blocked, id=10076, stack(0x000000a7f2c00000,0x000000a7f2d00000) (1024K)]
  0x0000020e2927dc60 JavaThread "Monitor Deflation Thread"   daemon [_thread_blocked, id=8356, stack(0x000000a7f2d00000,0x000000a7f2e00000) (1024K)]
  0x0000020e2928cf40 JavaThread "C2 CompilerThread0"         daemon [_thread_blocked, id=6312, stack(0x000000a7f2e00000,0x000000a7f2f00000) (1024K)]
  0x0000020e2928de90 JavaThread "C1 CompilerThread0"         daemon [_thread_blocked, id=14680, stack(0x000000a7f2f00000,0x000000a7f3000000) (1024K)]
  0x0000020e700b9fd0 JavaThread "Common-Cleaner"             daemon [_thread_blocked, id=15872, stack(0x000000a7f3000000,0x000000a7f3100000) (1024K)]
=>0x0000020e701beb30 JavaThread "C2 CompilerThread1"         daemon [_thread_in_native, id=6364, stack(0x000000a7f3100000,0x000000a7f3200000) (1024K)]
  0x0000020e70447ff0 JavaThread "Notification Thread"        daemon [_thread_blocked, id=19564, stack(0x000000a7f3200000,0x000000a7f3300000) (1024K)]
  0x0000020e70d85600 JavaThread "Active Thread: Equinox Container: bf59df96-6545-485a-86c4-9147b7c9b2b5"        [_thread_blocked, id=19936, stack(0x000000a7f3a00000,0x000000a7f3b00000) (1024K)]
  0x0000020e70c1fdf0 JavaThread "Refresh Thread: Equinox Container: bf59df96-6545-485a-86c4-9147b7c9b2b5" daemon [_thread_blocked, id=18604, stack(0x000000a7f3300000,0x000000a7f3400000) (1024K)]
  0x0000020e70fa7d40 JavaThread "Framework Event Dispatcher: Equinox Container: bf59df96-6545-485a-86c4-9147b7c9b2b5" daemon [_thread_blocked, id=17780, stack(0x000000a7f3c00000,0x000000a7f3d00000) (1024K)]
  0x0000020e70da9df0 JavaThread "Start Level: Equinox Container: bf59df96-6545-485a-86c4-9147b7c9b2b5" daemon [_thread_blocked, id=15628, stack(0x000000a7f3d00000,0x000000a7f3e00000) (1024K)]
  0x0000020e71260b20 JavaThread "Bundle File Closer"         daemon [_thread_blocked, id=7568, stack(0x000000a7f3f00000,0x000000a7f4000000) (1024K)]
  0x0000020e71030800 JavaThread "SCR Component Actor"        daemon [_thread_blocked, id=3984, stack(0x000000a7f4000000,0x000000a7f4100000) (1024K)]
  0x0000020e710cdda0 JavaThread "Worker-JM"                         [_thread_blocked, id=14812, stack(0x000000a7f3e00000,0x000000a7f3f00000) (1024K)]
  0x0000020e710ce430 JavaThread "JNA Cleaner"                daemon [_thread_blocked, id=11732, stack(0x000000a7f4200000,0x000000a7f4300000) (1024K)]
  0x0000020e710d0500 JavaThread "Worker-0"                          [_thread_blocked, id=20224, stack(0x000000a7f4300000,0x000000a7f4400000) (1024K)]
  0x0000020e710ceac0 JavaThread "Worker-1"                          [_thread_blocked, id=11104, stack(0x000000a7f4400000,0x000000a7f4500000) (1024K)]
  0x0000020e710cf150 JavaThread "Worker-2: Building"                [_thread_blocked, id=580, stack(0x000000a7f4500000,0x000000a7f4600000) (1024K)]
  0x0000020e710cf7e0 JavaThread "Java indexing"              daemon [_thread_blocked, id=18284, stack(0x000000a7f4700000,0x000000a7f4800000) (1024K)]
  0x0000020e710cfe70 JavaThread "Worker-3"                          [_thread_blocked, id=2452, stack(0x000000a7f4800000,0x000000a7f4900000) (1024K)]
  0x0000020e73d7d3a0 JavaThread "Worker-4"                          [_thread_blocked, id=5296, stack(0x000000a7f4b00000,0x000000a7f4c00000) (1024K)]
  0x0000020e73d7da30 JavaThread "Worker-5: Java indexing... "        [_thread_blocked, id=11096, stack(0x000000a7f4c00000,0x000000a7f4d00000) (1024K)]
  0x0000020e73d7ac40 JavaThread "Thread-2"                   daemon [_thread_in_native, id=7260, stack(0x000000a7f4d00000,0x000000a7f4e00000) (1024K)]
  0x0000020e73d7e0c0 JavaThread "Thread-3"                   daemon [_thread_in_native, id=18196, stack(0x000000a7f4e00000,0x000000a7f4f00000) (1024K)]
  0x0000020e73d79890 JavaThread "Thread-4"                   daemon [_thread_in_native, id=14924, stack(0x000000a7f4f00000,0x000000a7f5000000) (1024K)]
  0x0000020e73d7e750 JavaThread "Thread-5"                   daemon [_thread_in_native, id=12492, stack(0x000000a7f5000000,0x000000a7f5100000) (1024K)]
  0x0000020e73d7ede0 JavaThread "Thread-6"                   daemon [_thread_in_native, id=4252, stack(0x000000a7f5100000,0x000000a7f5200000) (1024K)]
  0x0000020e73d7cd10 JavaThread "Thread-7"                   daemon [_thread_in_native, id=1444, stack(0x000000a7f5200000,0x000000a7f5300000) (1024K)]
  0x0000020e73d7b2d0 JavaThread "Thread-8"                   daemon [_thread_in_native, id=1184, stack(0x000000a7f5300000,0x000000a7f5400000) (1024K)]
  0x0000020e73d7a5b0 JavaThread "Thread-9"                   daemon [_thread_in_native, id=4072, stack(0x000000a7f5400000,0x000000a7f5500000) (1024K)]
  0x0000020e73d7f470 JavaThread "Thread-10"                  daemon [_thread_in_native, id=6568, stack(0x000000a7f5500000,0x000000a7f5600000) (1024K)]
  0x0000020e73d7fb00 JavaThread "pool-2-thread-1"                   [_thread_blocked, id=14784, stack(0x000000a7f5600000,0x000000a7f5700000) (1024K)]
  0x0000020e73d80190 JavaThread "WorkspaceEventsHandler"            [_thread_blocked, id=8424, stack(0x000000a7f5700000,0x000000a7f5800000) (1024K)]
  0x0000020e73d80820 JavaThread "pool-1-thread-1"                   [_thread_blocked, id=17548, stack(0x000000a7f5800000,0x000000a7f5900000) (1024K)]
  0x0000020e73d79f20 JavaThread "Worker-6"                          [_thread_blocked, id=18824, stack(0x000000a7f5900000,0x000000a7f5a00000) (1024K)]
  0x0000020e73d80eb0 JavaThread "Worker-7"                          [_thread_blocked, id=19220, stack(0x000000a7f5a00000,0x000000a7f5b00000) (1024K)]
  0x0000020e73d7b960 JavaThread "LocalFile Deleter"          daemon [_thread_blocked, id=1576, stack(0x000000a7f5b00000,0x000000a7f5c00000) (1024K)]
  0x0000020e7d7067f0 JavaThread "LocalFile Deleter"          daemon [_thread_blocked, id=20416, stack(0x000000a7f5c00000,0x000000a7f5d00000) (1024K)]
  0x0000020e7d700c10 JavaThread "LocalFile Deleter"          daemon [_thread_blocked, id=4004, stack(0x000000a7f5d00000,0x000000a7f5e00000) (1024K)]
  0x0000020e7d707510 JavaThread "LocalFile Deleter"          daemon [_thread_blocked, id=17364, stack(0x000000a7f5e00000,0x000000a7f5f00000) (1024K)]
  0x0000020e7d701930 JavaThread "LocalFile Deleter"          daemon [_thread_blocked, id=7808, stack(0x000000a7f5f00000,0x000000a7f6000000) (1024K)]
  0x0000020e7d706e80 JavaThread "LocalFile Deleter"          daemon [_thread_blocked, id=13300, stack(0x000000a7f6000000,0x000000a7f6100000) (1024K)]
  0x0000020e7d7012a0 JavaThread "LocalFile Deleter"          daemon [_thread_blocked, id=19320, stack(0x000000a7f6100000,0x000000a7f6200000) (1024K)]
  0x0000020e7d702ce0 JavaThread "LocalFile Deleter"          daemon [_thread_blocked, id=13080, stack(0x000000a7f6200000,0x000000a7f6300000) (1024K)]
  0x0000020e7d701fc0 JavaThread "Compiler Source File Reader" daemon [_thread_blocked, id=17212, stack(0x000000a7f6300000,0x000000a7f6400000) (1024K)]
  0x0000020e7d704090 JavaThread "Compiler Source File Reader" daemon [_thread_blocked, id=12536, stack(0x000000a7f6400000,0x000000a7f6500000) (1024K)]
  0x0000020e7d700580 JavaThread "Compiler Source File Reader" daemon [_thread_blocked, id=15056, stack(0x000000a7f6500000,0x000000a7f6600000) (1024K)]
  0x0000020e7d706160 JavaThread "Compiler Source File Reader" daemon [_thread_blocked, id=9628, stack(0x000000a7f6600000,0x000000a7f6700000) (1024K)]
  0x0000020e7d702650 JavaThread "Compiler Source File Reader" daemon [_thread_blocked, id=9076, stack(0x000000a7f6700000,0x000000a7f6800000) (1024K)]
  0x0000020e7d703370 JavaThread "Compiler Source File Reader" daemon [_thread_blocked, id=10844, stack(0x000000a7f6800000,0x000000a7f6900000) (1024K)]
  0x0000020e7d705440 JavaThread "Compiler Processing Task"   daemon [_thread_blocked, id=16120, stack(0x000000a7f4100000,0x000000a7f4200000) (1024K)]
  0x0000020e7d705ad0 JavaThread "Compiler Class File Writer" daemon [_thread_blocked, id=19216, stack(0x000000a7f6900000,0x000000a7f6a00000) (1024K)]
  0x0000020e7d707ba0 JavaThread "Compiler Class File Writer" daemon [_thread_blocked, id=2896, stack(0x000000a7f6a00000,0x000000a7f6b00000) (1024K)]
  0x0000020e710cd710 JavaThread "Compiler Class File Writer" daemon [_thread_blocked, id=16232, stack(0x000000a7f6b00000,0x000000a7f6c00000) (1024K)]
  0x0000020e70aaf9a0 JavaThread "Compiler Class File Writer" daemon [_thread_blocked, id=16000, stack(0x000000a7f6c00000,0x000000a7f6d00000) (1024K)]
  0x0000020e70ab0030 JavaThread "Compiler Class File Writer" daemon [_thread_blocked, id=15244, stack(0x000000a7f6d00000,0x000000a7f6e00000) (1024K)]
  0x0000020e70aa9dc0 JavaThread "Compiler Class File Writer" daemon [_thread_blocked, id=17376, stack(0x000000a7f6e00000,0x000000a7f6f00000) (1024K)]
  0x0000020e70aad240 JavaThread "ParallelDescriptorResolver-0-0" daemon [_thread_in_Java, id=16336, stack(0x000000a7f4600000,0x000000a7f4700000) (1024K)]
  0x0000020e70aac520 JavaThread "ParallelDescriptorResolver-0-1" daemon [_thread_in_Java, id=18880, stack(0x000000a7f6f00000,0x000000a7f7000000) (1024K)]
  0x0000020e70aaaae0 JavaThread "ParallelDescriptorResolver-0-2" daemon [_thread_in_Java, id=19516, stack(0x000000a7f7000000,0x000000a7f7100000) (1024K)]
  0x0000020e70ab06c0 JavaThread "ParallelDescriptorResolver-0-3" daemon [_thread_in_native, id=14084, stack(0x000000a7f7100000,0x000000a7f7200000) (1024K)]
  0x0000020e70aad8d0 JavaThread "ParallelDescriptorResolver-0-4" daemon [_thread_in_vm, id=17320, stack(0x000000a7f7200000,0x000000a7f7300000) (1024K)]
Total: 67

Other Threads:
  0x0000020e29252bb0 VMThread "VM Thread"                           [id=19676, stack(0x000000a7f2700000,0x000000a7f2800000) (1024K)]
  0x0000020e2918ca00 WatcherThread "VM Periodic Task Thread"        [id=8000, stack(0x000000a7f2600000,0x000000a7f2700000) (1024K)]
  0x0000020e14edca20 WorkerThread "GC Thread#0"                     [id=480, stack(0x000000a7f2500000,0x000000a7f2600000) (1024K)]
  0x0000020e70bc69e0 WorkerThread "GC Thread#1"                     [id=17092, stack(0x000000a7f3400000,0x000000a7f3500000) (1024K)]
  0x0000020e70bc7390 WorkerThread "GC Thread#2"                     [id=1348, stack(0x000000a7f3500000,0x000000a7f3600000) (1024K)]
  0x0000020e70b99040 WorkerThread "GC Thread#3"                     [id=16972, stack(0x000000a7f3600000,0x000000a7f3700000) (1024K)]
  0x0000020e70b993e0 WorkerThread "GC Thread#4"                     [id=16956, stack(0x000000a7f3700000,0x000000a7f3800000) (1024K)]
  0x0000020e70b99780 WorkerThread "GC Thread#5"                     [id=7172, stack(0x000000a7f3800000,0x000000a7f3900000) (1024K)]
  0x0000020e70b99f30 WorkerThread "GC Thread#6"                     [id=18740, stack(0x000000a7f3900000,0x000000a7f3a00000) (1024K)]
  0x0000020e70b88b10 WorkerThread "GC Thread#7"                     [id=16076, stack(0x000000a7f3b00000,0x000000a7f3c00000) (1024K)]
Total: 10

Threads with active compile tasks:
C2 CompilerThread0  18372 12926       4       org.codehaus.plexus.util.xml.Xpp3Dom::<init> (125 bytes)
C2 CompilerThread1  18372 12743       4       java.lang.invoke.MethodType::makeImpl (109 bytes)
Total: 2

VM state: not at safepoint (normal execution)

VM Mutex/Monitor currently owned by a thread: None

Heap address: 0x00000000c0000000, size: 1024 MB, Compressed Oops mode: 32-bit

CDS archive(s) mapped at: [0x0000020e2a000000-0x0000020e2aba0000-0x0000020e2aba0000), size 12189696, SharedBaseAddress: 0x0000020e2a000000, ArchiveRelocationMode: 1.
Compressed class space mapped at: 0x0000020e2b000000-0x0000020e6b000000, reserved size: 1073741824
Narrow klass base: 0x0000020e2a000000, Narrow klass shift: 0, Narrow klass range: 0x100000000

GC Precious Log:
 CardTable entry size: 512
 CPUs: 8 total, 8 available
 Memory: 7955M
 Large Page Support: Disabled
 NUMA Support: Disabled
 Compressed Oops: Enabled (32-bit)
 Alignments: Space 512K, Generation 512K, Heap 2M
 Heap Min Capacity: 100M
 Heap Initial Capacity: 100M
 Heap Max Capacity: 1G
 Pre-touch: Disabled
 Parallel Workers: 8

Heap:
 PSYoungGen      total 5120K, used 2442K [0x00000000eab00000, 0x00000000eb100000, 0x0000000100000000)
  eden space 4096K, 45% used [0x00000000eab00000,0x00000000eacd2b68,0x00000000eaf00000)
  from space 1024K, 56% used [0x00000000eb000000,0x00000000eb090000,0x00000000eb100000)
  to   space 1024K, 0% used [0x00000000eaf00000,0x00000000eaf00000,0x00000000eb000000)
 ParOldGen       total 255488K, used 255482K [0x00000000c0000000, 0x00000000cf980000, 0x00000000eab00000)
  object space 255488K, 99% used [0x00000000c0000000,0x00000000cf97eab0,0x00000000cf980000)
 Metaspace       used 62635K, committed 64128K, reserved 1114112K
  class space    used 6237K, committed 6912K, reserved 1048576K

Card table byte_map: [0x0000020e14890000,0x0000020e14aa0000] _byte_map_base: 0x0000020e14290000

Marking Bits: (ParMarkBitMap*) 0x00007ffa3fb03260
 Begin Bits: [0x0000020e270b0000, 0x0000020e280b0000)
 End Bits:   [0x0000020e280b0000, 0x0000020e290b0000)

Polling page: 0x0000020e14680000

Metaspace:

Usage:
  Non-class:     55.08 MB used.
      Class:      6.09 MB used.
       Both:     61.17 MB used.

Virtual space:
  Non-class space:       64.00 MB reserved,      55.88 MB ( 87%) committed,  1 nodes.
      Class space:        1.00 GB reserved,       6.75 MB ( <1%) committed,  1 nodes.
             Both:        1.06 GB reserved,      62.62 MB (  6%) committed. 

Chunk freelists:
   Non-Class:  8.05 MB
       Class:  9.30 MB
        Both:  17.34 MB

MaxMetaspaceSize: unlimited
CompressedClassSpaceSize: 1.00 GB
Initial GC threshold: 21.00 MB
Current GC threshold: 97.31 MB
CDS: on
 - commit_granule_bytes: 65536.
 - commit_granule_words: 8192.
 - virtual_space_node_default_size: 8388608.
 - enlarge_chunks_in_place: 1.
 - use_allocation_guard: 0.


Internal statistics:

num_allocs_failed_limit: 9.
num_arena_births: 1198.
num_arena_deaths: 14.
num_vsnodes_births: 2.
num_vsnodes_deaths: 0.
num_space_committed: 1002.
num_space_uncommitted: 0.
num_chunks_returned_to_freelist: 23.
num_chunks_taken_from_freelist: 4190.
num_chunk_merges: 13.
num_chunk_splits: 2547.
num_chunks_enlarged: 1402.
num_inconsistent_stats: 0.

CodeHeap 'non-profiled nmethods': size=120000Kb used=7694Kb max_used=7694Kb free=112306Kb
 bounds [0x0000020e1fb80000, 0x0000020e20310000, 0x0000020e270b0000]
CodeHeap 'profiled nmethods': size=120000Kb used=28744Kb max_used=28744Kb free=91255Kb
 bounds [0x0000020e180b0000, 0x0000020e19cd0000, 0x0000020e1f5e0000]
CodeHeap 'non-nmethods': size=5760Kb used=1421Kb max_used=1557Kb free=4338Kb
 bounds [0x0000020e1f5e0000, 0x0000020e1f850000, 0x0000020e1fb80000]
 total_blobs=13033 nmethods=12304 adapters=633
 compilation: enabled
              stopped_count=0, restarted_count=0
 full_count=0

Compilation events (20 events):
Event: 18.277 Thread 0x0000020e2928de90 13056       2       java.io.InputStreamReader::<init> (33 bytes)
Event: 18.277 Thread 0x0000020e2928de90 nmethod 13056 0x0000020e19c9b990 code [0x0000020e19c9bb80, 0x0000020e19c9c050]
Event: 18.277 Thread 0x0000020e2928de90 13057       2       org.apache.maven.model.building.ModelProblemUtils::toId (96 bytes)
Event: 18.278 Thread 0x0000020e2928de90 nmethod 13057 0x0000020e19c9c290 code [0x0000020e19c9c4a0, 0x0000020e19c9c878]
Event: 18.278 Thread 0x0000020e2928de90 13059       2       org.apache.maven.model.merge.MavenModelMerger::getReportPluginKey (5 bytes)
Event: 18.278 Thread 0x0000020e2928de90 nmethod 13059 0x0000020e19c9cb90 code [0x0000020e19c9cd80, 0x0000020e19c9d078]
Event: 18.278 Thread 0x0000020e2928de90 13058       2       org.apache.maven.model.merge.ModelMerger::mergeBuildBase_TestResources (26 bytes)
Event: 18.279 Thread 0x0000020e2928de90 nmethod 13058 0x0000020e19c9d290 code [0x0000020e19c9d440, 0x0000020e19c9d770]
Event: 18.279 Thread 0x0000020e2928de90 13060       2       org.slf4j.LoggerFactory::getLogger (12 bytes)
Event: 18.279 Thread 0x0000020e2928de90 nmethod 13060 0x0000020e19c9d990 code [0x0000020e19c9db60, 0x0000020e19c9dcd0]
Event: 18.279 Thread 0x0000020e2928de90 13061       2       ch.qos.logback.classic.LoggerContext::getLogger (6 bytes)
Event: 18.279 Thread 0x0000020e2928de90 nmethod 13061 0x0000020e19c9dd90 code [0x0000020e19c9df40, 0x0000020e19c9e068]
Event: 18.279 Thread 0x0000020e2928de90 13062       3       org.eclipse.aether.artifact.AbstractArtifact::hashCode (83 bytes)
Event: 18.280 Thread 0x0000020e2928de90 nmethod 13062 0x0000020e19c9e110 code [0x0000020e19c9e340, 0x0000020e19c9e888]
Event: 18.280 Thread 0x0000020e2928de90 13064   !   2       ch.qos.logback.classic.LoggerContext::getLogger (164 bytes)
Event: 18.281 Thread 0x0000020e2928de90 nmethod 13064 0x0000020e19c9ec10 code [0x0000020e19c9ee40, 0x0000020e19c9f418]
Event: 18.281 Thread 0x0000020e2928de90 13063       2       org.eclipse.aether.graph.Dependency::equals (94 bytes)
Event: 18.282 Thread 0x0000020e2928de90 nmethod 13063 0x0000020e19c9f790 code [0x0000020e19c9f980, 0x0000020e19c9fe20]
Event: 18.282 Thread 0x0000020e2928de90 13065       2       org.slf4j.LoggerFactory::getLogger (67 bytes)
Event: 18.283 Thread 0x0000020e2928de90 nmethod 13065 0x0000020e19ca0010 code [0x0000020e19ca0340, 0x0000020e19ca0e98]

GC Heap History (20 events):
Event: 18.055 GC heap before
{Heap before GC invocations=236 (full 3):
 PSYoungGen      total 5120K, used 4669K [0x00000000eab00000, 0x00000000eb100000, 0x0000000100000000)
  eden space 4096K, 99% used [0x00000000eab00000,0x00000000eaeff5d0,0x00000000eaf00000)
  from space 1024K, 56% used [0x00000000eb000000,0x00000000eb090000,0x00000000eb100000)
  to   space 1024K, 0% used [0x00000000eaf00000,0x00000000eaf00000,0x00000000eb000000)
 ParOldGen       total 250880K, used 250519K [0x00000000c0000000, 0x00000000cf500000, 0x00000000eab00000)
  object space 250880K, 99% used [0x00000000c0000000,0x00000000cf4a5fc8,0x00000000cf500000)
 Metaspace       used 62319K, committed 63808K, reserved 1114112K
  class space    used 6236K, committed 6912K, reserved 1048576K
}
Event: 18.058 GC heap after
{Heap after GC invocations=236 (full 3):
 PSYoungGen      total 5120K, used 512K [0x00000000eab00000, 0x00000000eb100000, 0x0000000100000000)
  eden space 4096K, 0% used [0x00000000eab00000,0x00000000eab00000,0x00000000eaf00000)
  from space 1024K, 50% used [0x00000000eaf00000,0x00000000eaf80000,0x00000000eb000000)
  to   space 1024K, 0% used [0x00000000eb000000,0x00000000eb000000,0x00000000eb100000)
 ParOldGen       total 250880K, used 250695K [0x00000000c0000000, 0x00000000cf500000, 0x00000000eab00000)
  object space 250880K, 99% used [0x00000000c0000000,0x00000000cf4d1fc8,0x00000000cf500000)
 Metaspace       used 62319K, committed 63808K, reserved 1114112K
  class space    used 6236K, committed 6912K, reserved 1048576K
}
Event: 18.076 GC heap before
{Heap before GC invocations=237 (full 3):
 PSYoungGen      total 5120K, used 4608K [0x00000000eab00000, 0x00000000eb100000, 0x0000000100000000)
  eden space 4096K, 100% used [0x00000000eab00000,0x00000000eaf00000,0x00000000eaf00000)
  from space 1024K, 50% used [0x00000000eaf00000,0x00000000eaf80000,0x00000000eb000000)
  to   space 1024K, 0% used [0x00000000eb000000,0x00000000eb000000,0x00000000eb100000)
 ParOldGen       total 250880K, used 250695K [0x00000000c0000000, 0x00000000cf500000, 0x00000000eab00000)
  object space 250880K, 99% used [0x00000000c0000000,0x00000000cf4d1fc8,0x00000000cf500000)
 Metaspace       used 62339K, committed 63808K, reserved 1114112K
  class space    used 6236K, committed 6912K, reserved 1048576K
}
Event: 18.077 GC heap after
{Heap after GC invocations=237 (full 3):
 PSYoungGen      total 5120K, used 832K [0x00000000eab00000, 0x00000000eb100000, 0x0000000100000000)
  eden space 4096K, 0% used [0x00000000eab00000,0x00000000eab00000,0x00000000eaf00000)
  from space 1024K, 81% used [0x00000000eb000000,0x00000000eb0d0000,0x00000000eb100000)
  to   space 1024K, 0% used [0x00000000eaf00000,0x00000000eaf00000,0x00000000eb000000)
 ParOldGen       total 251392K, used 250994K [0x00000000c0000000, 0x00000000cf580000, 0x00000000eab00000)
  object space 251392K, 99% used [0x00000000c0000000,0x00000000cf51ca78,0x00000000cf580000)
 Metaspace       used 62339K, committed 63808K, reserved 1114112K
  class space    used 6236K, committed 6912K, reserved 1048576K
}
Event: 18.096 GC heap before
{Heap before GC invocations=238 (full 3):
 PSYoungGen      total 5120K, used 4928K [0x00000000eab00000, 0x00000000eb100000, 0x0000000100000000)
  eden space 4096K, 100% used [0x00000000eab00000,0x00000000eaf00000,0x00000000eaf00000)
  from space 1024K, 81% used [0x00000000eb000000,0x00000000eb0d0000,0x00000000eb100000)
  to   space 1024K, 0% used [0x00000000eaf00000,0x00000000eaf00000,0x00000000eb000000)
 ParOldGen       total 251392K, used 250994K [0x00000000c0000000, 0x00000000cf580000, 0x00000000eab00000)
  object space 251392K, 99% used [0x00000000c0000000,0x00000000cf51ca78,0x00000000cf580000)
 Metaspace       used 62356K, committed 63872K, reserved 1114112K
  class space    used 6236K, committed 6912K, reserved 1048576K
}
Event: 18.098 GC heap after
{Heap after GC invocations=238 (full 3):
 PSYoungGen      total 5120K, used 768K [0x00000000eab00000, 0x00000000eb100000, 0x0000000100000000)
  eden space 4096K, 0% used [0x00000000eab00000,0x00000000eab00000,0x00000000eaf00000)
  from space 1024K, 75% used [0x00000000eaf00000,0x00000000eafc0000,0x00000000eb000000)
  to   space 1024K, 0% used [0x00000000eb000000,0x00000000eb000000,0x00000000eb100000)
 ParOldGen       total 251904K, used 251762K [0x00000000c0000000, 0x00000000cf600000, 0x00000000eab00000)
  object space 251904K, 99% used [0x00000000c0000000,0x00000000cf5dc980,0x00000000cf600000)
 Metaspace       used 62356K, committed 63872K, reserved 1114112K
  class space    used 6236K, committed 6912K, reserved 1048576K
}
Event: 18.117 GC heap before
{Heap before GC invocations=239 (full 3):
 PSYoungGen      total 5120K, used 4861K [0x00000000eab00000, 0x00000000eb100000, 0x0000000100000000)
  eden space 4096K, 99% used [0x00000000eab00000,0x00000000eaeff498,0x00000000eaf00000)
  from space 1024K, 75% used [0x00000000eaf00000,0x00000000eafc0000,0x00000000eb000000)
  to   space 1024K, 0% used [0x00000000eb000000,0x00000000eb000000,0x00000000eb100000)
 ParOldGen       total 251904K, used 251762K [0x00000000c0000000, 0x00000000cf600000, 0x00000000eab00000)
  object space 251904K, 99% used [0x00000000c0000000,0x00000000cf5dc980,0x00000000cf600000)
 Metaspace       used 62390K, committed 63872K, reserved 1114112K
  class space    used 6236K, committed 6912K, reserved 1048576K
}
Event: 18.118 GC heap after
{Heap after GC invocations=239 (full 3):
 PSYoungGen      total 5120K, used 640K [0x00000000eab00000, 0x00000000eb100000, 0x0000000100000000)
  eden space 4096K, 0% used [0x00000000eab00000,0x00000000eab00000,0x00000000eaf00000)
  from space 1024K, 62% used [0x00000000eb000000,0x00000000eb0a0000,0x00000000eb100000)
  to   space 1024K, 0% used [0x00000000eaf00000,0x00000000eaf00000,0x00000000eb000000)
 ParOldGen       total 252416K, used 252170K [0x00000000c0000000, 0x00000000cf680000, 0x00000000eab00000)
  object space 252416K, 99% used [0x00000000c0000000,0x00000000cf642a40,0x00000000cf680000)
 Metaspace       used 62390K, committed 63872K, reserved 1114112K
  class space    used 6236K, committed 6912K, reserved 1048576K
}
Event: 18.145 GC heap before
{Heap before GC invocations=240 (full 3):
 PSYoungGen      total 5120K, used 4736K [0x00000000eab00000, 0x00000000eb100000, 0x0000000100000000)
  eden space 4096K, 100% used [0x00000000eab00000,0x00000000eaf00000,0x00000000eaf00000)
  from space 1024K, 62% used [0x00000000eb000000,0x00000000eb0a0000,0x00000000eb100000)
  to   space 1024K, 0% used [0x00000000eaf00000,0x00000000eaf00000,0x00000000eb000000)
 ParOldGen       total 252416K, used 252170K [0x00000000c0000000, 0x00000000cf680000, 0x00000000eab00000)
  object space 252416K, 99% used [0x00000000c0000000,0x00000000cf642a40,0x00000000cf680000)
 Metaspace       used 62413K, committed 63872K, reserved 1114112K
  class space    used 6237K, committed 6912K, reserved 1048576K
}
Event: 18.148 GC heap after
{Heap after GC invocations=240 (full 3):
 PSYoungGen      total 5120K, used 928K [0x00000000eab00000, 0x00000000eb100000, 0x0000000100000000)
  eden space 4096K, 0% used [0x00000000eab00000,0x00000000eab00000,0x00000000eaf00000)
  from space 1024K, 90% used [0x00000000eaf00000,0x00000000eafe8040,0x00000000eb000000)
  to   space 1024K, 0% used [0x00000000eb000000,0x00000000eb000000,0x00000000eb100000)
 ParOldGen       total 252928K, used 252643K [0x00000000c0000000, 0x00000000cf700000, 0x00000000eab00000)
  object space 252928K, 99% used [0x00000000c0000000,0x00000000cf6b8e10,0x00000000cf700000)
 Metaspace       used 62413K, committed 63872K, reserved 1114112K
  class space    used 6237K, committed 6912K, reserved 1048576K
}
Event: 18.163 GC heap before
{Heap before GC invocations=241 (full 3):
 PSYoungGen      total 5120K, used 5024K [0x00000000eab00000, 0x00000000eb100000, 0x0000000100000000)
  eden space 4096K, 100% used [0x00000000eab00000,0x00000000eaf00000,0x00000000eaf00000)
  from space 1024K, 90% used [0x00000000eaf00000,0x00000000eafe8040,0x00000000eb000000)
  to   space 1024K, 0% used [0x00000000eb000000,0x00000000eb000000,0x00000000eb100000)
 ParOldGen       total 252928K, used 252643K [0x00000000c0000000, 0x00000000cf700000, 0x00000000eab00000)
  object space 252928K, 99% used [0x00000000c0000000,0x00000000cf6b8e10,0x00000000cf700000)
 Metaspace       used 62420K, committed 63872K, reserved 1114112K
  class space    used 6237K, committed 6912K, reserved 1048576K
}
Event: 18.166 GC heap after
{Heap after GC invocations=241 (full 3):
 PSYoungGen      total 5120K, used 864K [0x00000000eab00000, 0x00000000eb100000, 0x0000000100000000)
  eden space 4096K, 0% used [0x00000000eab00000,0x00000000eab00000,0x00000000eaf00000)
  from space 1024K, 84% used [0x00000000eb000000,0x00000000eb0d8000,0x00000000eb100000)
  to   space 1024K, 0% used [0x00000000eaf00000,0x00000000eaf00000,0x00000000eb000000)
 ParOldGen       total 253440K, used 253251K [0x00000000c0000000, 0x00000000cf780000, 0x00000000eab00000)
  object space 253440K, 99% used [0x00000000c0000000,0x00000000cf750e10,0x00000000cf780000)
 Metaspace       used 62420K, committed 63872K, reserved 1114112K
  class space    used 6237K, committed 6912K, reserved 1048576K
}
Event: 18.185 GC heap before
{Heap before GC invocations=242 (full 3):
 PSYoungGen      total 5120K, used 4960K [0x00000000eab00000, 0x00000000eb100000, 0x0000000100000000)
  eden space 4096K, 100% used [0x00000000eab00000,0x00000000eaf00000,0x00000000eaf00000)
  from space 1024K, 84% used [0x00000000eb000000,0x00000000eb0d8000,0x00000000eb100000)
  to   space 1024K, 0% used [0x00000000eaf00000,0x00000000eaf00000,0x00000000eb000000)
 ParOldGen       total 253440K, used 253251K [0x00000000c0000000, 0x00000000cf780000, 0x00000000eab00000)
  object space 253440K, 99% used [0x00000000c0000000,0x00000000cf750e10,0x00000000cf780000)
 Metaspace       used 62444K, committed 63936K, reserved 1114112K
  class space    used 6237K, committed 6912K, reserved 1048576K
}
Event: 18.190 GC heap after
{Heap after GC invocations=242 (full 3):
 PSYoungGen      total 5120K, used 864K [0x00000000eab00000, 0x00000000eb100000, 0x0000000100000000)
  eden space 4096K, 0% used [0x00000000eab00000,0x00000000eab00000,0x00000000eaf00000)
  from space 1024K, 84% used [0x00000000eaf00000,0x00000000eafd8000,0x00000000eb000000)
  to   space 1024K, 0% used [0x00000000eb000000,0x00000000eb000000,0x00000000eb100000)
 ParOldGen       total 253952K, used 253651K [0x00000000c0000000, 0x00000000cf800000, 0x00000000eab00000)
  object space 253952K, 99% used [0x00000000c0000000,0x00000000cf7b4e10,0x00000000cf800000)
 Metaspace       used 62444K, committed 63936K, reserved 1114112K
  class space    used 6237K, committed 6912K, reserved 1048576K
}
Event: 18.213 GC heap before
{Heap before GC invocations=243 (full 3):
 PSYoungGen      total 5120K, used 4960K [0x00000000eab00000, 0x00000000eb100000, 0x0000000100000000)
  eden space 4096K, 100% used [0x00000000eab00000,0x00000000eaf00000,0x00000000eaf00000)
  from space 1024K, 84% used [0x00000000eaf00000,0x00000000eafd8000,0x00000000eb000000)
  to   space 1024K, 0% used [0x00000000eb000000,0x00000000eb000000,0x00000000eb100000)
 ParOldGen       total 253952K, used 253651K [0x00000000c0000000, 0x00000000cf800000, 0x00000000eab00000)
  object space 253952K, 99% used [0x00000000c0000000,0x00000000cf7b4e10,0x00000000cf800000)
 Metaspace       used 62454K, committed 63936K, reserved 1114112K
  class space    used 6237K, committed 6912K, reserved 1048576K
}
Event: 18.216 GC heap after
{Heap after GC invocations=243 (full 3):
 PSYoungGen      total 5120K, used 672K [0x00000000eab00000, 0x00000000eb100000, 0x0000000100000000)
  eden space 4096K, 0% used [0x00000000eab00000,0x00000000eab00000,0x00000000eaf00000)
  from space 1024K, 65% used [0x00000000eb000000,0x00000000eb0a8000,0x00000000eb100000)
  to   space 1024K, 0% used [0x00000000eaf00000,0x00000000eaf00000,0x00000000eb000000)
 ParOldGen       total 254464K, used 254175K [0x00000000c0000000, 0x00000000cf880000, 0x00000000eab00000)
  object space 254464K, 99% used [0x00000000c0000000,0x00000000cf837e48,0x00000000cf880000)
 Metaspace       used 62454K, committed 63936K, reserved 1114112K
  class space    used 6237K, committed 6912K, reserved 1048576K
}
Event: 18.238 GC heap before
{Heap before GC invocations=244 (full 3):
 PSYoungGen      total 5120K, used 4768K [0x00000000eab00000, 0x00000000eb100000, 0x0000000100000000)
  eden space 4096K, 100% used [0x00000000eab00000,0x00000000eaf00000,0x00000000eaf00000)
  from space 1024K, 65% used [0x00000000eb000000,0x00000000eb0a8000,0x00000000eb100000)
  to   space 1024K, 0% used [0x00000000eaf00000,0x00000000eaf00000,0x00000000eb000000)
 ParOldGen       total 254464K, used 254175K [0x00000000c0000000, 0x00000000cf880000, 0x00000000eab00000)
  object space 254464K, 99% used [0x00000000c0000000,0x00000000cf837e48,0x00000000cf880000)
 Metaspace       used 62512K, committed 64000K, reserved 1114112K
  class space    used 6237K, committed 6912K, reserved 1048576K
}
Event: 18.244 GC heap after
{Heap after GC invocations=244 (full 3):
 PSYoungGen      total 5120K, used 864K [0x00000000eab00000, 0x00000000eb100000, 0x0000000100000000)
  eden space 4096K, 0% used [0x00000000eab00000,0x00000000eab00000,0x00000000eaf00000)
  from space 1024K, 84% used [0x00000000eaf00000,0x00000000eafd8000,0x00000000eb000000)
  to   space 1024K, 0% used [0x00000000eb000000,0x00000000eb000000,0x00000000eb100000)
 ParOldGen       total 254464K, used 254395K [0x00000000c0000000, 0x00000000cf880000, 0x00000000eab00000)
  object space 254464K, 99% used [0x00000000c0000000,0x00000000cf86ee58,0x00000000cf880000)
 Metaspace       used 62512K, committed 64000K, reserved 1114112K
  class space    used 6237K, committed 6912K, reserved 1048576K
}
Event: 18.266 GC heap before
{Heap before GC invocations=245 (full 3):
 PSYoungGen      total 5120K, used 4960K [0x00000000eab00000, 0x00000000eb100000, 0x0000000100000000)
  eden space 4096K, 100% used [0x00000000eab00000,0x00000000eaf00000,0x00000000eaf00000)
  from space 1024K, 84% used [0x00000000eaf00000,0x00000000eafd8000,0x00000000eb000000)
  to   space 1024K, 0% used [0x00000000eb000000,0x00000000eb000000,0x00000000eb100000)
 ParOldGen       total 254464K, used 254395K [0x00000000c0000000, 0x00000000cf880000, 0x00000000eab00000)
  object space 254464K, 99% used [0x00000000c0000000,0x00000000cf86ee58,0x00000000cf880000)
 Metaspace       used 62553K, committed 64000K, reserved 1114112K
  class space    used 6237K, committed 6912K, reserved 1048576K
}
Event: 18.268 GC heap after
{Heap after GC invocations=245 (full 3):
 PSYoungGen      total 5120K, used 656K [0x00000000eab00000, 0x00000000eb100000, 0x0000000100000000)
  eden space 4096K, 0% used [0x00000000eab00000,0x00000000eab00000,0x00000000eaf00000)
  from space 1024K, 64% used [0x00000000eb000000,0x00000000eb0a4010,0x00000000eb100000)
  to   space 1024K, 0% used [0x00000000eaf00000,0x00000000eaf00000,0x00000000eb000000)
 ParOldGen       total 254976K, used 254915K [0x00000000c0000000, 0x00000000cf900000, 0x00000000eab00000)
  object space 254976K, 99% used [0x00000000c0000000,0x00000000cf8f0e58,0x00000000cf900000)
 Metaspace       used 62553K, committed 64000K, reserved 1114112K
  class space    used 6237K, committed 6912K, reserved 1048576K
}

Dll operation events (10 events):
Event: 0.010 Loaded shared library c:\Users\Enfal\.cursor\extensions\redhat.java-1.41.1-win32-x64\jre\21.0.6-win32-x86_64\bin\java.dll
Event: 0.045 Loaded shared library c:\Users\Enfal\.cursor\extensions\redhat.java-1.41.1-win32-x64\jre\21.0.6-win32-x86_64\bin\zip.dll
Event: 0.111 Loaded shared library C:\Users\Enfal\.cursor\extensions\redhat.java-1.41.1-win32-x64\jre\21.0.6-win32-x86_64\bin\instrument.dll
Event: 0.118 Loaded shared library C:\Users\Enfal\.cursor\extensions\redhat.java-1.41.1-win32-x64\jre\21.0.6-win32-x86_64\bin\net.dll
Event: 0.120 Loaded shared library C:\Users\Enfal\.cursor\extensions\redhat.java-1.41.1-win32-x64\jre\21.0.6-win32-x86_64\bin\nio.dll
Event: 0.123 Loaded shared library C:\Users\Enfal\.cursor\extensions\redhat.java-1.41.1-win32-x64\jre\21.0.6-win32-x86_64\bin\zip.dll
Event: 0.141 Loaded shared library C:\Users\Enfal\.cursor\extensions\redhat.java-1.41.1-win32-x64\jre\21.0.6-win32-x86_64\bin\jimage.dll
Event: 0.225 Loaded shared library c:\Users\Enfal\.cursor\extensions\redhat.java-1.41.1-win32-x64\jre\21.0.6-win32-x86_64\bin\verify.dll
Event: 1.575 Loaded shared library C:\Users\Enfal\AppData\Roaming\Cursor\User\globalStorage\redhat.java\1.41.1\config_win\org.eclipse.equinox.launcher\org.eclipse.equinox.launcher.win32.win32.x86_64_1.2.1300.v20250331-1702\eclipse_11911.dll
Event: 2.873 Loaded shared library C:\Users\Enfal\AppData\Local\Temp\jna-67101096\jna13675727395374602044.dll

Deoptimization events (20 events):
Event: 18.179 Thread 0x0000020e710cf150 DEOPT PACKING pc=0x0000020e20140a5c sp=0x000000a7f45fd2f0
Event: 18.179 Thread 0x0000020e710cf150 DEOPT UNPACKING pc=0x0000020e1f633aa2 sp=0x000000a7f45fd238 mode 2
Event: 18.180 Thread 0x0000020e710cf150 Uncommon trap: trap_request=0xffffffde fr.pc=0x0000020e20140a5c relative=0x000000000000089c
Event: 18.180 Thread 0x0000020e710cf150 Uncommon trap: reason=class_check action=maybe_recompile pc=0x0000020e20140a5c method=java.util.WeakHashMap.matchesKey(Ljava/util/WeakHashMap$Entry;Ljava/lang/Object;)Z @ 21 c2
Event: 18.180 Thread 0x0000020e710cf150 DEOPT PACKING pc=0x0000020e20140a5c sp=0x000000a7f45fd2e0
Event: 18.180 Thread 0x0000020e710cf150 DEOPT UNPACKING pc=0x0000020e1f633aa2 sp=0x000000a7f45fd228 mode 2
Event: 18.180 Thread 0x0000020e710cf150 Uncommon trap: trap_request=0xffffffde fr.pc=0x0000020e20140a5c relative=0x000000000000089c
Event: 18.180 Thread 0x0000020e710cf150 Uncommon trap: reason=class_check action=maybe_recompile pc=0x0000020e20140a5c method=java.util.WeakHashMap.matchesKey(Ljava/util/WeakHashMap$Entry;Ljava/lang/Object;)Z @ 21 c2
Event: 18.180 Thread 0x0000020e710cf150 DEOPT PACKING pc=0x0000020e20140a5c sp=0x000000a7f45fd2f0
Event: 18.180 Thread 0x0000020e710cf150 DEOPT UNPACKING pc=0x0000020e1f633aa2 sp=0x000000a7f45fd238 mode 2
Event: 18.181 Thread 0x0000020e710cf150 Uncommon trap: trap_request=0xffffffde fr.pc=0x0000020e202d7f78 relative=0x00000000000000b8
Event: 18.181 Thread 0x0000020e710cf150 Uncommon trap: reason=class_check action=maybe_recompile pc=0x0000020e202d7f78 method=java.util.WeakHashMap.matchesKey(Ljava/util/WeakHashMap$Entry;Ljava/lang/Object;)Z @ 21 c2
Event: 18.181 Thread 0x0000020e710cf150 DEOPT PACKING pc=0x0000020e202d7f78 sp=0x000000a7f45fd290
Event: 18.181 Thread 0x0000020e710cf150 DEOPT UNPACKING pc=0x0000020e1f633aa2 sp=0x000000a7f45fd220 mode 2
Event: 18.183 Thread 0x0000020e710cf150 Uncommon trap: trap_request=0xffffff45 fr.pc=0x0000020e1fdbc6d4 relative=0x0000000000000134
Event: 18.183 Thread 0x0000020e710cf150 Uncommon trap: reason=unstable_if action=reinterpret pc=0x0000020e1fdbc6d4 method=java.util.ArrayDeque.addLast(Ljava/lang/Object;)V @ 42 c2
Event: 18.183 Thread 0x0000020e710cf150 DEOPT PACKING pc=0x0000020e1fdbc6d4 sp=0x000000a7f45fd380
Event: 18.183 Thread 0x0000020e710cf150 DEOPT UNPACKING pc=0x0000020e1f633aa2 sp=0x000000a7f45fd2b8 mode 2
Event: 18.231 Thread 0x0000020e70ab06c0 DEOPT PACKING pc=0x0000020e19a97e25 sp=0x000000a7f71fe300
Event: 18.231 Thread 0x0000020e70ab06c0 DEOPT UNPACKING pc=0x0000020e1f634242 sp=0x000000a7f71fd828 mode 0

Classes loaded (20 events):
Event: 11.531 Loading class java/util/stream/IntPipeline$StatelessOp done
Event: 11.531 Loading class java/util/stream/ReferencePipeline$4 done
Event: 11.531 Loading class java/util/stream/Nodes$IntFixedNodeBuilder
Event: 11.531 Loading class java/util/stream/Node$Builder$OfInt
Event: 11.531 Loading class java/util/stream/Sink$OfInt
Event: 11.532 Loading class java/util/stream/Sink$OfInt done
Event: 11.532 Loading class java/util/stream/Node$Builder$OfInt done
Event: 11.532 Loading class java/util/stream/Nodes$IntArrayNode
Event: 11.532 Loading class java/util/stream/Nodes$IntArrayNode done
Event: 11.532 Loading class java/util/stream/Nodes$IntFixedNodeBuilder done
Event: 11.532 Loading class java/util/stream/ReferencePipeline$4$1
Event: 11.532 Loading class java/util/stream/ReferencePipeline$4$1 done
Event: 15.978 Loading class jdk/internal/module/IllegalAccessLogger
Event: 15.978 Loading class jdk/internal/module/IllegalAccessLogger done
Event: 16.614 Loading class java/util/stream/IntPipeline$Head
Event: 16.614 Loading class java/util/stream/IntPipeline$Head done
Event: 16.713 Loading class java/util/stream/Streams$RangeIntSpliterator
Event: 16.713 Loading class java/util/stream/Streams$RangeIntSpliterator done
Event: 18.026 Loading class sun/nio/cs/ISO_8859_1$Decoder
Event: 18.027 Loading class sun/nio/cs/ISO_8859_1$Decoder done

Classes unloaded (7 events):
Event: 3.378 Thread 0x0000020e29252bb0 Unloading class 0x0000020e2b19f800 'java/lang/invoke/LambdaForm$MH+0x0000020e2b19f800'
Event: 3.378 Thread 0x0000020e29252bb0 Unloading class 0x0000020e2b19f400 'java/lang/invoke/LambdaForm$MH+0x0000020e2b19f400'
Event: 3.378 Thread 0x0000020e29252bb0 Unloading class 0x0000020e2b19f000 'java/lang/invoke/LambdaForm$MH+0x0000020e2b19f000'
Event: 3.378 Thread 0x0000020e29252bb0 Unloading class 0x0000020e2b19ec00 'java/lang/invoke/LambdaForm$MH+0x0000020e2b19ec00'
Event: 3.378 Thread 0x0000020e29252bb0 Unloading class 0x0000020e2b19e800 'java/lang/invoke/LambdaForm$BMH+0x0000020e2b19e800'
Event: 3.378 Thread 0x0000020e29252bb0 Unloading class 0x0000020e2b19e400 'java/lang/invoke/LambdaForm$DMH+0x0000020e2b19e400'
Event: 3.378 Thread 0x0000020e29252bb0 Unloading class 0x0000020e2b19d400 'java/lang/invoke/LambdaForm$DMH+0x0000020e2b19d400'

Classes redefined (0 events):
No events

Internal exceptions (20 events):
Event: 9.723 Thread 0x0000020e710cf150 Exception <a 'java/lang/NoSuchMethodError'{0x00000000eb0fcad8}: 'java.lang.Object java.lang.invoke.DirectMethodHandle$Holder.invokeStatic(java.lang.Object, java.lang.Object, int, int)'> (0x00000000eb0fcad8) 
thrown [s\src\hotspot\share\interpreter\linkResolver.cpp, line 773]
Event: 9.729 Thread 0x0000020e710cf150 Exception <a 'java/lang/NoSuchMethodError'{0x00000000eb101138}: 'java.lang.Object java.lang.invoke.DirectMethodHandle$Holder.invokeSpecial(java.lang.Object, java.lang.Object, java.lang.Object, int, int)'> (0x00000000eb101138) 
thrown [s\src\hotspot\share\interpreter\linkResolver.cpp, line 773]
Event: 9.985 Thread 0x0000020e710cf7e0 Implicit null exception at 0x0000020e1ffabfc0 to 0x0000020e1ffb0548
Event: 10.356 Thread 0x0000020e710cf150 Exception <a 'java/lang/NoSuchMethodError'{0x00000000eab96ff8}: 'int java.lang.invoke.DirectMethodHandle$Holder.invokeSpecialIFC(java.lang.Object, java.lang.Object, java.lang.Object)'> (0x00000000eab96ff8) 
thrown [s\src\hotspot\share\interpreter\linkResolver.cpp, line 773]
Event: 10.803 Thread 0x0000020e710cf150 Implicit null exception at 0x0000020e1fe58ccf to 0x0000020e1fe58e58
Event: 10.803 Thread 0x0000020e710cf150 Implicit null exception at 0x0000020e2004fce3 to 0x0000020e20050328
Event: 11.332 Thread 0x0000020e7d705440 Exception <a 'java/lang/NoSuchMethodError'{0x00000000eb0e2958}: 'void java.lang.invoke.DirectMethodHandle$Holder.invokeStatic(java.lang.Object, int, java.lang.Object)'> (0x00000000eb0e2958) 
thrown [s\src\hotspot\share\interpreter\linkResolver.cpp, line 773]
Event: 11.402 Thread 0x0000020e710cf150 Exception <a 'java/lang/NoSuchMethodError'{0x00000000eb10c218}: 'java.lang.Object java.lang.invoke.DirectMethodHandle$Holder.newInvokeSpecial(java.lang.Object, java.lang.Object, int, int, java.lang.Object)'> (0x00000000eb10c218) 
thrown [s\src\hotspot\share\interpreter\linkResolver.cpp, line 773]
Event: 15.831 Thread 0x0000020e710cf150 Exception <a 'sun/nio/fs/WindowsException'{0x00000000eac47e10}> (0x00000000eac47e10) 
thrown [s\src\hotspot\share\prims\jni.cpp, line 520]
Event: 15.832 Thread 0x0000020e73d7b960 Exception <a 'sun/nio/fs/WindowsException'{0x00000000eac812d8}> (0x00000000eac812d8) 
thrown [s\src\hotspot\share\prims\jni.cpp, line 520]
Event: 15.832 Thread 0x0000020e7d7067f0 Exception <a 'sun/nio/fs/WindowsException'{0x00000000eac82470}> (0x00000000eac82470) 
thrown [s\src\hotspot\share\prims\jni.cpp, line 520]
Event: 15.966 Thread 0x0000020e710cf150 Implicit null exception at 0x0000020e20157521 to 0x0000020e20157590
Event: 16.015 Thread 0x0000020e710cf150 Exception <a 'sun/nio/fs/WindowsException'{0x00000000eab5fa98}> (0x00000000eab5fa98) 
thrown [s\src\hotspot\share\prims\jni.cpp, line 520]
Event: 16.015 Thread 0x0000020e710cf150 Exception <a 'sun/nio/fs/WindowsException'{0x00000000eab600c8}> (0x00000000eab600c8) 
thrown [s\src\hotspot\share\prims\jni.cpp, line 520]
Event: 16.015 Thread 0x0000020e710cf150 Exception <a 'sun/nio/fs/WindowsException'{0x00000000eac57ec0}> (0x00000000eac57ec0) 
thrown [s\src\hotspot\share\prims\jni.cpp, line 520]
Event: 16.015 Thread 0x0000020e710cf150 Exception <a 'sun/nio/fs/WindowsException'{0x00000000eac584f0}> (0x00000000eac584f0) 
thrown [s\src\hotspot\share\prims\jni.cpp, line 520]
Event: 16.615 Thread 0x0000020e710cf150 Exception <a 'java/lang/NoSuchMethodError'{0x00000000eac94670}: 'void java.lang.invoke.DirectMethodHandle$Holder.invokeStatic(java.lang.Object, java.lang.Object, java.lang.Object, int)'> (0x00000000eac94670) 
thrown [s\src\hotspot\share\interpreter\linkResolver.cpp, line 773]
Event: 16.627 Thread 0x0000020e710cf150 Exception <a 'java/lang/NoSuchMethodError'{0x00000000eace4170}: 'void java.lang.invoke.DirectMethodHandle$Holder.invokeVirtual(java.lang.Object, java.lang.Object, int)'> (0x00000000eace4170) 
thrown [s\src\hotspot\share\interpreter\linkResolver.cpp, line 773]
Event: 17.959 Thread 0x0000020e710cf150 Exception <a 'java/lang/NoSuchMethodError'{0x00000000eabff610}: 'void java.lang.invoke.DirectMethodHandle$Holder.invokeInterface(java.lang.Object, java.lang.Object)'> (0x00000000eabff610) 
thrown [s\src\hotspot\share\interpreter\linkResolver.cpp, line 773]
Event: 17.976 Thread 0x0000020e70aad240 Exception <a 'java/lang/NoSuchMethodError'{0x00000000eac56a50}: 'void java.lang.invoke.DirectMethodHandle$Holder.invokeSpecial(java.lang.Object, java.lang.Object, java.lang.Object, java.lang.Object, java.lang.Object, java.lang.Object, java.lang.Object, java.lang.Object)'> (0x00000000eac56a50) 
thrown [s\src\hotspot\share\interpreter\linkResolver.cpp, line 773]

ZGC Phase Switch (0 events):
No events

VM Operations (20 events):
Event: 18.054 Executing VM operation: ParallelGCFailedAllocation (Allocation Failure)
Event: 18.058 Executing VM operation: ParallelGCFailedAllocation (Allocation Failure) done
Event: 18.076 Executing VM operation: ParallelGCFailedAllocation (Allocation Failure)
Event: 18.077 Executing VM operation: ParallelGCFailedAllocation (Allocation Failure) done
Event: 18.096 Executing VM operation: ParallelGCFailedAllocation (Allocation Failure)
Event: 18.098 Executing VM operation: ParallelGCFailedAllocation (Allocation Failure) done
Event: 18.117 Executing VM operation: ParallelGCFailedAllocation (Allocation Failure)
Event: 18.118 Executing VM operation: ParallelGCFailedAllocation (Allocation Failure) done
Event: 18.145 Executing VM operation: ParallelGCFailedAllocation (Allocation Failure)
Event: 18.148 Executing VM operation: ParallelGCFailedAllocation (Allocation Failure) done
Event: 18.163 Executing VM operation: ParallelGCFailedAllocation (Allocation Failure)
Event: 18.166 Executing VM operation: ParallelGCFailedAllocation (Allocation Failure) done
Event: 18.184 Executing VM operation: ParallelGCFailedAllocation (Allocation Failure)
Event: 18.190 Executing VM operation: ParallelGCFailedAllocation (Allocation Failure) done
Event: 18.210 Executing VM operation: ParallelGCFailedAllocation (Allocation Failure)
Event: 18.216 Executing VM operation: ParallelGCFailedAllocation (Allocation Failure) done
Event: 18.238 Executing VM operation: ParallelGCFailedAllocation (Allocation Failure)
Event: 18.244 Executing VM operation: ParallelGCFailedAllocation (Allocation Failure) done
Event: 18.266 Executing VM operation: ParallelGCFailedAllocation (Allocation Failure)
Event: 18.268 Executing VM operation: ParallelGCFailedAllocation (Allocation Failure) done

Memory protections (0 events):
No events

Nmethod flushes (20 events):
Event: 11.734 Thread 0x0000020e29252bb0 flushing  nmethod 0x0000020e189d7810
Event: 11.734 Thread 0x0000020e29252bb0 flushing  nmethod 0x0000020e189e4f10
Event: 11.734 Thread 0x0000020e29252bb0 flushing  nmethod 0x0000020e189f3c10
Event: 11.734 Thread 0x0000020e29252bb0 flushing  nmethod 0x0000020e189f4190
Event: 11.734 Thread 0x0000020e29252bb0 flushing  nmethod 0x0000020e189f6610
Event: 11.734 Thread 0x0000020e29252bb0 flushing  nmethod 0x0000020e189f6c10
Event: 11.734 Thread 0x0000020e29252bb0 flushing  nmethod 0x0000020e189f6f90
Event: 11.734 Thread 0x0000020e29252bb0 flushing  nmethod 0x0000020e18a1e290
Event: 11.734 Thread 0x0000020e29252bb0 flushing  nmethod 0x0000020e18a37a90
Event: 11.734 Thread 0x0000020e29252bb0 flushing  nmethod 0x0000020e18a38990
Event: 11.734 Thread 0x0000020e29252bb0 flushing  nmethod 0x0000020e18a3be90
Event: 11.734 Thread 0x0000020e29252bb0 flushing  nmethod 0x0000020e18a3c990
Event: 11.734 Thread 0x0000020e29252bb0 flushing  nmethod 0x0000020e18a3d710
Event: 11.734 Thread 0x0000020e29252bb0 flushing  nmethod 0x0000020e18a3db90
Event: 11.734 Thread 0x0000020e29252bb0 flushing  nmethod 0x0000020e18a42390
Event: 11.734 Thread 0x0000020e29252bb0 flushing  nmethod 0x0000020e18a5cc90
Event: 11.734 Thread 0x0000020e29252bb0 flushing  nmethod 0x0000020e18a6c290
Event: 11.734 Thread 0x0000020e29252bb0 flushing  nmethod 0x0000020e18a84310
Event: 11.734 Thread 0x0000020e29252bb0 flushing  nmethod 0x0000020e18a85e90
Event: 11.734 Thread 0x0000020e29252bb0 flushing  nmethod 0x0000020e18a99a90

Events (20 events):
Event: 7.551 Thread 0x0000020e710cf150 Thread added: 0x0000020e7d701fc0
Event: 7.552 Thread 0x0000020e710cf150 Thread added: 0x0000020e7d704090
Event: 7.552 Thread 0x0000020e710cf150 Thread added: 0x0000020e7d700580
Event: 7.552 Thread 0x0000020e710cf150 Thread added: 0x0000020e7d706160
Event: 7.552 Thread 0x0000020e710cf150 Thread added: 0x0000020e7d702650
Event: 7.552 Thread 0x0000020e710cf150 Thread added: 0x0000020e7d703370
Event: 8.447 Thread 0x0000020e710cd710 Thread exited: 0x0000020e710cd710
Event: 11.251 Thread 0x0000020e710cf150 Thread added: 0x0000020e7d705440
Event: 11.403 Thread 0x0000020e710cf150 Thread added: 0x0000020e7d705ad0
Event: 11.452 Thread 0x0000020e710cf150 Thread added: 0x0000020e7d707ba0
Event: 11.469 Thread 0x0000020e710cf150 Thread added: 0x0000020e710cd710
Event: 11.469 Thread 0x0000020e710cf150 Thread added: 0x0000020e70aaf9a0
Event: 11.482 Thread 0x0000020e710cf150 Thread added: 0x0000020e70ab0030
Event: 11.482 Thread 0x0000020e710cf150 Thread added: 0x0000020e70aa9dc0
Event: 13.810 Thread 0x0000020e7161b890 Thread exited: 0x0000020e7161b890
Event: 17.972 Thread 0x0000020e710cf150 Thread added: 0x0000020e70aad240
Event: 17.973 Thread 0x0000020e710cf150 Thread added: 0x0000020e70aac520
Event: 17.973 Thread 0x0000020e710cf150 Thread added: 0x0000020e70aaaae0
Event: 17.973 Thread 0x0000020e710cf150 Thread added: 0x0000020e70ab06c0
Event: 17.973 Thread 0x0000020e710cf150 Thread added: 0x0000020e70aad8d0


Dynamic libraries:
0x00007ff6b1740000 - 0x00007ff6b174e000 	c:\Users\Enfal\.cursor\extensions\redhat.java-1.41.1-win32-x64\jre\21.0.6-win32-x86_64\bin\java.exe
0x00007ffaacdb0000 - 0x00007ffaacfc7000 	C:\WINDOWS\SYSTEM32\ntdll.dll
0x00007ffaaba10000 - 0x00007ffaabad4000 	C:\WINDOWS\System32\KERNEL32.DLL
0x00007ffaaa180000 - 0x00007ffaaa553000 	C:\WINDOWS\System32\KERNELBASE.dll
0x00007ffaa9ec0000 - 0x00007ffaa9fd1000 	C:\WINDOWS\System32\ucrtbase.dll
0x00007ffa9a170000 - 0x00007ffa9a188000 	c:\Users\Enfal\.cursor\extensions\redhat.java-1.41.1-win32-x64\jre\21.0.6-win32-x86_64\bin\jli.dll
0x00007ffa9a390000 - 0x00007ffa9a3ae000 	c:\Users\Enfal\.cursor\extensions\redhat.java-1.41.1-win32-x64\jre\21.0.6-win32-x86_64\bin\VCRUNTIME140.dll
0x00007ffaac050000 - 0x00007ffaac201000 	C:\WINDOWS\System32\USER32.dll
0x00007ffaa9fe0000 - 0x00007ffaaa006000 	C:\WINDOWS\System32\win32u.dll
0x00007ffa961a0000 - 0x00007ffa96438000 	C:\WINDOWS\WinSxS\amd64_microsoft.windows.common-controls_6595b64144ccf1df_6.0.22621.5124_none_270e8f4f7386d69d\COMCTL32.dll
0x00007ffaab9b0000 - 0x00007ffaab9d9000 	C:\WINDOWS\System32\GDI32.dll
0x00007ffaab3f0000 - 0x00007ffaab497000 	C:\WINDOWS\System32\msvcrt.dll
0x00007ffaaa830000 - 0x00007ffaaa94b000 	C:\WINDOWS\System32\gdi32full.dll
0x00007ffaaa790000 - 0x00007ffaaa82a000 	C:\WINDOWS\System32\msvcp_win.dll
0x00007ffaaab00000 - 0x00007ffaaab31000 	C:\WINDOWS\System32\IMM32.DLL
0x00007ffaa3f50000 - 0x00007ffaa3f5c000 	c:\Users\Enfal\.cursor\extensions\redhat.java-1.41.1-win32-x64\jre\21.0.6-win32-x86_64\bin\vcruntime140_1.dll
0x00007ffa821b0000 - 0x00007ffa8223d000 	c:\Users\Enfal\.cursor\extensions\redhat.java-1.41.1-win32-x64\jre\21.0.6-win32-x86_64\bin\msvcp140.dll
0x00007ffa3ee50000 - 0x00007ffa3fbe0000 	c:\Users\Enfal\.cursor\extensions\redhat.java-1.41.1-win32-x64\jre\21.0.6-win32-x86_64\bin\server\jvm.dll
0x00007ffaab4a0000 - 0x00007ffaab551000 	C:\WINDOWS\System32\ADVAPI32.dll
0x00007ffaaaa50000 - 0x00007ffaaaaf8000 	C:\WINDOWS\System32\sechost.dll
0x00007ffaaa620000 - 0x00007ffaaa648000 	C:\WINDOWS\System32\bcrypt.dll
0x00007ffaac810000 - 0x00007ffaac924000 	C:\WINDOWS\System32\RPCRT4.dll
0x00007ffaac620000 - 0x00007ffaac691000 	C:\WINDOWS\System32\WS2_32.dll
0x00007ffaa9d90000 - 0x00007ffaa9ddd000 	C:\WINDOWS\SYSTEM32\POWRPROF.dll
0x00007ffaa2020000 - 0x00007ffaa202a000 	C:\WINDOWS\SYSTEM32\VERSION.dll
0x00007ffaa4b80000 - 0x00007ffaa4bb4000 	C:\WINDOWS\SYSTEM32\WINMM.dll
0x00007ffaa9d70000 - 0x00007ffaa9d83000 	C:\WINDOWS\SYSTEM32\UMPDC.dll
0x00007ffaa8eb0000 - 0x00007ffaa8ec8000 	C:\WINDOWS\SYSTEM32\kernel.appcore.dll
0x00007ffaa2f90000 - 0x00007ffaa2f9a000 	c:\Users\Enfal\.cursor\extensions\redhat.java-1.41.1-win32-x64\jre\21.0.6-win32-x86_64\bin\jimage.dll
0x00007ffa96570000 - 0x00007ffa967a2000 	C:\WINDOWS\SYSTEM32\DBGHELP.DLL
0x00007ffaac210000 - 0x00007ffaac5a2000 	C:\WINDOWS\System32\combase.dll
0x00007ffaab760000 - 0x00007ffaab837000 	C:\WINDOWS\System32\OLEAUT32.dll
0x00007ffa88d00000 - 0x00007ffa88d32000 	C:\WINDOWS\SYSTEM32\dbgcore.DLL
0x00007ffaaa9d0000 - 0x00007ffaaaa4b000 	C:\WINDOWS\System32\bcryptPrimitives.dll
0x00007ffaa2930000 - 0x00007ffaa293f000 	c:\Users\Enfal\.cursor\extensions\redhat.java-1.41.1-win32-x64\jre\21.0.6-win32-x86_64\bin\instrument.dll
0x00007ffa98990000 - 0x00007ffa989af000 	c:\Users\Enfal\.cursor\extensions\redhat.java-1.41.1-win32-x64\jre\21.0.6-win32-x86_64\bin\java.dll
0x00007ffaaab50000 - 0x00007ffaab3e6000 	C:\WINDOWS\System32\SHELL32.dll
0x00007ffaaa650000 - 0x00007ffaaa78f000 	C:\WINDOWS\System32\wintypes.dll
0x00007ffaa7d90000 - 0x00007ffaa86aa000 	C:\WINDOWS\SYSTEM32\windows.storage.dll
0x00007ffaac700000 - 0x00007ffaac80a000 	C:\WINDOWS\System32\SHCORE.dll
0x00007ffaac5b0000 - 0x00007ffaac613000 	C:\WINDOWS\System32\shlwapi.dll
0x00007ffaa9df0000 - 0x00007ffaa9e1b000 	C:\WINDOWS\SYSTEM32\profapi.dll
0x00007ffa98970000 - 0x00007ffa98988000 	c:\Users\Enfal\.cursor\extensions\redhat.java-1.41.1-win32-x64\jre\21.0.6-win32-x86_64\bin\zip.dll
0x00007ffaa2240000 - 0x00007ffaa2250000 	C:\Users\Enfal\.cursor\extensions\redhat.java-1.41.1-win32-x64\jre\21.0.6-win32-x86_64\bin\net.dll
0x00007ffaa2ab0000 - 0x00007ffaa2bdc000 	C:\WINDOWS\SYSTEM32\WINHTTP.dll
0x00007ffaa9320000 - 0x00007ffaa938a000 	C:\WINDOWS\system32\mswsock.dll
0x00007ffa97e90000 - 0x00007ffa97ea6000 	C:\Users\Enfal\.cursor\extensions\redhat.java-1.41.1-win32-x64\jre\21.0.6-win32-x86_64\bin\nio.dll
0x00007ffa9a360000 - 0x00007ffa9a370000 	c:\Users\Enfal\.cursor\extensions\redhat.java-1.41.1-win32-x64\jre\21.0.6-win32-x86_64\bin\verify.dll
0x00007ffa88610000 - 0x00007ffa88655000 	C:\Users\Enfal\AppData\Roaming\Cursor\User\globalStorage\redhat.java\1.41.1\config_win\org.eclipse.equinox.launcher\org.eclipse.equinox.launcher.win32.win32.x86_64_1.2.1300.v20250331-1702\eclipse_11911.dll
0x00007ffaacbc0000 - 0x00007ffaacd61000 	C:\WINDOWS\System32\ole32.dll
0x00007ffaa9670000 - 0x00007ffaa968b000 	C:\WINDOWS\SYSTEM32\CRYPTSP.dll
0x00007ffaa8e10000 - 0x00007ffaa8e47000 	C:\WINDOWS\system32\rsaenh.dll
0x00007ffaa93c0000 - 0x00007ffaa93e8000 	C:\WINDOWS\SYSTEM32\USERENV.dll
0x00007ffaa9650000 - 0x00007ffaa965c000 	C:\WINDOWS\SYSTEM32\CRYPTBASE.dll
0x00007ffaa8910000 - 0x00007ffaa893d000 	C:\WINDOWS\SYSTEM32\IPHLPAPI.DLL
0x00007ffaaba00000 - 0x00007ffaaba09000 	C:\WINDOWS\System32\NSI.dll
0x00007ffa85370000 - 0x00007ffa853b9000 	C:\Users\Enfal\AppData\Local\Temp\jna-67101096\jna13675727395374602044.dll
0x00007ffaac6f0000 - 0x00007ffaac6f8000 	C:\WINDOWS\System32\PSAPI.DLL
0x00007ffaa3030000 - 0x00007ffaa3049000 	C:\WINDOWS\SYSTEM32\dhcpcsvc6.DLL
0x00007ffaa28e0000 - 0x00007ffaa28ff000 	C:\WINDOWS\SYSTEM32\dhcpcsvc.DLL

dbghelp: loaded successfully - version: 4.0.5 - missing functions: none
symbol engine: initialized successfully - sym options: 0x614 - pdb path: .;c:\Users\Enfal\.cursor\extensions\redhat.java-1.41.1-win32-x64\jre\21.0.6-win32-x86_64\bin;C:\WINDOWS\SYSTEM32;C:\WINDOWS\WinSxS\amd64_microsoft.windows.common-controls_6595b64144ccf1df_6.0.22621.5124_none_270e8f4f7386d69d;c:\Users\Enfal\.cursor\extensions\redhat.java-1.41.1-win32-x64\jre\21.0.6-win32-x86_64\bin\server;C:\Users\Enfal\AppData\Roaming\Cursor\User\globalStorage\redhat.java\1.41.1\config_win\org.eclipse.equinox.launcher\org.eclipse.equinox.launcher.win32.win32.x86_64_1.2.1300.v20250331-1702;C:\Users\Enfal\AppData\Local\Temp\jna-67101096

VM Arguments:
jvm_args: --add-modules=ALL-SYSTEM --add-opens=java.base/java.util=ALL-UNNAMED --add-opens=java.base/java.lang=ALL-UNNAMED --add-opens=java.base/sun.nio.fs=ALL-UNNAMED -Declipse.application=org.eclipse.jdt.ls.core.id1 -Dosgi.bundles.defaultStartLevel=4 -Declipse.product=org.eclipse.jdt.ls.core.product -Djava.import.generatesMetadataFilesAtProjectRoot=false -DDetectVMInstallationsJob.disabled=true -Dfile.encoding=utf8 -XX:+UseParallelGC -XX:GCTimeRatio=4 -XX:AdaptiveSizePolicyWeight=90 -Dsun.zip.disableMemoryMapping=true -Xmx1G -Xms100m -Xlog:disable -javaagent:c:\Users\Enfal\.cursor\extensions\redhat.java-1.41.1-win32-x64\lombok\lombok-1.18.36.jar -XX:+HeapDumpOnOutOfMemoryError -XX:HeapDumpPath=c:\Users\Enfal\AppData\Roaming\Cursor\User\workspaceStorage\530994b3a515dfa207db7eab3c6bf822\redhat.java -Daether.dependencyCollector.impl=bf 
java_command: c:\Users\Enfal\.cursor\extensions\redhat.java-1.41.1-win32-x64\server\plugins\org.eclipse.equinox.launcher_1.7.0.v20250331-1702.jar -configuration c:\Users\Enfal\AppData\Roaming\Cursor\User\globalStorage\redhat.java\1.41.1\config_win -data c:\Users\Enfal\AppData\Roaming\Cursor\User\workspaceStorage\530994b3a515dfa207db7eab3c6bf822\redhat.java\jdt_ws --pipe=\\.\pipe\lsp-07b338cdfbc6db78063b78f16fea4533-sock
java_class_path (initial): c:\Users\Enfal\.cursor\extensions\redhat.java-1.41.1-win32-x64\server\plugins\org.eclipse.equinox.launcher_1.7.0.v20250331-1702.jar
Launcher Type: SUN_STANDARD

[Global flags]
    uintx AdaptiveSizePolicyWeight                 = 90                                        {product} {command line}
     intx CICompilerCount                          = 4                                         {product} {ergonomic}
    uintx GCTimeRatio                              = 4                                         {product} {command line}
     bool HeapDumpOnOutOfMemoryError               = true                                   {manageable} {command line}
    ccstr HeapDumpPath                             = c:\Users\Enfal\AppData\Roaming\Cursor\User\workspaceStorage\530994b3a515dfa207db7eab3c6bf822\redhat.java         {manageable} {command line}
   size_t InitialHeapSize                          = 104857600                                 {product} {command line}
   size_t MaxHeapSize                              = 1073741824                                {product} {command line}
   size_t MaxNewSize                               = 357564416                                 {product} {ergonomic}
   size_t MinHeapDeltaBytes                        = 524288                                    {product} {ergonomic}
   size_t MinHeapSize                              = 104857600                                 {product} {command line}
   size_t NewSize                                  = 34603008                                  {product} {ergonomic}
    uintx NonNMethodCodeHeapSize                   = 5839372                                {pd product} {ergonomic}
    uintx NonProfiledCodeHeapSize                  = 122909434                              {pd product} {ergonomic}
   size_t OldSize                                  = 70254592                                  {product} {ergonomic}
    uintx ProfiledCodeHeapSize                     = 122909434                              {pd product} {ergonomic}
    uintx ReservedCodeCacheSize                    = 251658240                              {pd product} {ergonomic}
     bool SegmentedCodeCache                       = true                                      {product} {ergonomic}
   size_t SoftMaxHeapSize                          = 1073741824                             {manageable} {ergonomic}
     bool UseCompressedOops                        = true                           {product lp64_product} {ergonomic}
     bool UseLargePagesIndividualAllocation        = false                                  {pd product} {ergonomic}
     bool UseParallelGC                            = true                                      {product} {command line}

Logging:
Log output configuration:
 #0: stdout all=off uptime,level,tags foldmultilines=false
 #1: stderr all=off uptime,level,tags foldmultilines=false

Environment Variables:
JAVA_HOME=C:\Program Files\Java\jdk-23
PATH=C:\Program Files\Common Files\Oracle\Java\javapath;c:\Users\Enfal\AppData\Local\Programs\cursor\resources\app\bin;C:\WINDOWS\system32;C:\WINDOWS;C:\WINDOWS\System32\Wbem;C:\WINDOWS\System32\WindowsPowerShell\v1.0\;C:\WINDOWS\System32\OpenSSH\;C:\Program Files\Git\cmd;C:\Program Files\Docker\Docker\resources\bin;C:\Users\Enfal\AppData\Local\Microsoft\WindowsApps;C:\Users\Enfal\AppData\Local\GitHubDesktop\bin;c:\Users\Enfal\AppData\Local\Programs\cursor\resources\app\bin;C:\Program Files\nodejs\;%JAVA_HOME%\bin;C:\Program Files\Java\jdk-23\bin\java.exe;C:\Program Files\apache-maven-3.9.9\bin;C:\Program Files\apache-maven-3.9.9\bin;C:\Program Files\PostgreSQL\16\bin;C:\Users\Enfal\AppData\Local\Microsoft\WindowsApps;C:\Users\Enfal\AppData\Local\GitHubDesktop\bin;C:\Users\Enfal\Microsoft VS Code\bin;C:\Users\Enfal\AppData\Roaming\npm;C:\Program Files\apache-maven-3.9.9\bin;C:\Users\Enfal\cursor\resources\app\bin;C:\Users\Enfal\AppData\Local\Programs\Windsurf\bin
USERNAME=Enfal
OS=Windows_NT
PROCESSOR_IDENTIFIER=Intel64 Family 6 Model 142 Stepping 12, GenuineIntel
TMP=C:\Users\Enfal\AppData\Local\Temp
TEMP=C:\Users\Enfal\AppData\Local\Temp




Periodic native trim disabled

---------------  S Y S T E M  ---------------

OS:
 Windows 11 , 64 bit Build 22621 (10.0.22621.5124)
OS uptime: 0 days 15:59 hours
Hyper-V role detected

CPU: total 8 (initial active 8) (4 cores per cpu, 2 threads per core) family 6 model 142 stepping 12 microcode 0xde, cx8, cmov, fxsr, ht, mmx, 3dnowpref, sse, sse2, sse3, ssse3, sse4.1, sse4.2, popcnt, lzcnt, tsc, tscinvbit, avx, avx2, aes, erms, clmul, bmi1, bmi2, adx, fma, vzeroupper, clflush, clflushopt, hv, rdtscp, f16c
Processor Information for the first 8 processors :
  Max Mhz: 2101, Current Mhz: 1600, Mhz Limit: 1596

Memory: 4k page, system-wide physical 7955M (435M free)
TotalPageFile size 21112M (AvailPageFile size 3M)
current process WorkingSet (physical memory assigned to process): 532M, peak: 552M
current process commit charge ("private bytes"): 528M, peak: 528M

vm_info: OpenJDK 64-Bit Server VM (21.0.6+7-LTS) for windows-amd64 JRE (21.0.6+7-LTS), built on 2025-01-21T00:00:00Z by "admin" with MS VC++ 17.7 (VS2022)

END.
