#
# There is insufficient memory for the Java Runtime Environment to continue.
# Native memory allocation (malloc) failed to allocate 32744 bytes. Error detail: Chunk::new
# Possible reasons:
#   The system is out of physical RAM or swap space
#   This process is running with CompressedOops enabled, and the Java Heap may be blocking the growth of the native heap
# Possible solutions:
#   Reduce memory load on the system
#   Increase physical memory or swap space
#   Check if swap backing store is full
#   Decrease Java heap size (-Xmx/-Xms)
#   Decrease number of Java threads
#   Decrease Java thread stack sizes (-Xss)
#   Set larger code cache with -XX:ReservedCodeCacheSize=
#   JVM is running with Unscaled Compressed Oops mode in which the Java heap is
#     placed in the first 4GB address space. The Java Heap base address is the
#     maximum limit for the native heap growth. Please use -XX:HeapBaseMinAddress
#     to set the Java Heap base and to place the Java Heap above 4GB virtual address.
# This output file may be truncated or incomplete.
#
#  Out of Memory Error (arena.cpp:168), pid=14684, tid=5976
#
# JRE version: OpenJDK Runtime Environment Temurin-21.0.6+7 (21.0.6+7) (build 21.0.6+7-LTS)
# Java VM: OpenJDK 64-Bit Server VM Temurin-21.0.6+7 (21.0.6+7-LTS, mixed mode, sharing, tiered, compressed oops, compressed class ptrs, parallel gc, windows-amd64)
# No core dump will be written. Minidumps are not enabled by default on client versions of Windows
#

---------------  S U M M A R Y ------------

Command Line: --add-modules=ALL-SYSTEM --add-opens=java.base/java.util=ALL-UNNAMED --add-opens=java.base/java.lang=ALL-UNNAMED --add-opens=java.base/sun.nio.fs=ALL-UNNAMED -Declipse.application=org.eclipse.jdt.ls.core.id1 -Dosgi.bundles.defaultStartLevel=4 -Declipse.product=org.eclipse.jdt.ls.core.product -Djava.import.generatesMetadataFilesAtProjectRoot=false -DDetectVMInstallationsJob.disabled=true -Dfile.encoding=utf8 -XX:+UseParallelGC -XX:GCTimeRatio=4 -XX:AdaptiveSizePolicyWeight=90 -Dsun.zip.disableMemoryMapping=true -Xmx1G -Xms100m -Xlog:disable -javaagent:c:\Users\Enfal\.cursor\extensions\redhat.java-1.41.1-win32-x64\lombok\lombok-1.18.36.jar -XX:+HeapDumpOnOutOfMemoryError -XX:HeapDumpPath=c:\Users\Enfal\AppData\Roaming\Cursor\User\workspaceStorage\530994b3a515dfa207db7eab3c6bf822\redhat.java -Daether.dependencyCollector.impl=bf c:\Users\Enfal\.cursor\extensions\redhat.java-1.41.1-win32-x64\server\plugins\org.eclipse.equinox.launcher_1.7.0.v20250331-1702.jar -configuration c:\Users\Enfal\AppData\Roaming\Cursor\User\globalStorage\redhat.java\1.41.1\config_win -data c:\Users\Enfal\AppData\Roaming\Cursor\User\workspaceStorage\530994b3a515dfa207db7eab3c6bf822\redhat.java\jdt_ws --pipe=\\.\pipe\lsp-be17cc2a20fb54c6d2a531d59882e92b-sock

Host: Intel(R) Core(TM) i5-10210U CPU @ 1.60GHz, 8 cores, 7G,  Windows 11 , 64 bit Build 22621 (10.0.22621.5124)
Time: Fri Apr 18 15:20:01 2025 Türkiye Standart Saati elapsed time: 16.095187 seconds (0d 0h 0m 16s)

---------------  T H R E A D  ---------------

Current thread (0x000001647f015330):  JavaThread "C2 CompilerThread2" daemon [_thread_in_native, id=5976, stack(0x0000004a3a200000,0x0000004a3a300000) (1024K)]


Current CompileTask:
C2:16095 13581   !   4       org.eclipse.osgi.internal.loader.BundleLoader::findRequiredSource (283 bytes)

Stack: [0x0000004a3a200000,0x0000004a3a300000]
Native frames: (J=compiled Java code, j=interpreted, Vv=VM code, C=native code)
V  [jvm.dll+0x6cdee9]
V  [jvm.dll+0x8a83d1]
V  [jvm.dll+0x8aa8fe]
V  [jvm.dll+0x8aafe3]
V  [jvm.dll+0x27f706]
V  [jvm.dll+0xc500d]
V  [jvm.dll+0xc5543]
V  [jvm.dll+0x65c781]
V  [jvm.dll+0x65d7d6]
V  [jvm.dll+0x65bb6e]
V  [jvm.dll+0x247875]
V  [jvm.dll+0x246fcf]
V  [jvm.dll+0x1c75ee]
V  [jvm.dll+0x25685a]
V  [jvm.dll+0x254dfa]
V  [jvm.dll+0x3f0256]
V  [jvm.dll+0x851f8b]
V  [jvm.dll+0x6cc5ed]
C  [ucrtbase.dll+0x29333]
C  [KERNEL32.DLL+0x1259d]
C  [ntdll.dll+0x5af38]


---------------  P R O C E S S  ---------------

Threads class SMR info:
_java_thread_list=0x000001640c444290, length=64, elements={
0x0000016421845b30, 0x0000016437dce3a0, 0x0000016437dd0c10, 0x0000016437dd3c40,
0x0000016437dd4b50, 0x0000016437dd70d0, 0x0000016437dd9230, 0x0000016437de0a30,
0x0000016437de22d0, 0x000001647a9414d0, 0x000001647aa32f50, 0x000001647ab94d90,
0x000001647f015330, 0x00000164002e9790, 0x0000016400156770, 0x00000164000080a0,
0x0000016400008700, 0x00000164003a67d0, 0x000001640047a8f0, 0x0000016400133f90,
0x0000016400134cb0, 0x0000016400135340, 0x0000016400136060, 0x00000164001366f0,
0x0000016400136d80, 0x00000164022fe960, 0x00000164022f8060, 0x00000164022fcf20,
0x00000164022fe2d0, 0x00000164022fae50, 0x00000164022f86f0, 0x00000164022fa130,
0x00000164022fc200, 0x00000164022fa7c0, 0x00000164022fb4e0, 0x00000164022fbb70,
0x00000164022f9aa0, 0x00000164022f79d0, 0x00000164022fc890, 0x00000164022fd5b0,
0x00000164022fdc40, 0x00000164022feff0, 0x0000016402f11350, 0x0000016402f12070,
0x0000016402f0ffa0, 0x0000016402f12700, 0x0000016402f175c0, 0x0000016402f10cc0,
0x0000016402f10630, 0x0000016402f168a0, 0x0000016402f12d90, 0x0000016402f16f30,
0x0000016402f13ab0, 0x0000016402f147d0, 0x0000016402f14e60, 0x0000016402f154f0,
0x0000016402f15b80, 0x0000016400137410, 0x000001640d1b0120, 0x000001640d1b3c30,
0x000001640d1b07b0, 0x000001640d1b35a0, 0x000001640d1b0e40, 0x000001640d1b2f10
}

Java Threads: ( => current thread )
  0x0000016421845b30 JavaThread "main"                              [_thread_blocked, id=18840, stack(0x0000004a39300000,0x0000004a39400000) (1024K)]
  0x0000016437dce3a0 JavaThread "Reference Handler"          daemon [_thread_blocked, id=15056, stack(0x0000004a39700000,0x0000004a39800000) (1024K)]
  0x0000016437dd0c10 JavaThread "Finalizer"                  daemon [_thread_blocked, id=9076, stack(0x0000004a39800000,0x0000004a39900000) (1024K)]
  0x0000016437dd3c40 JavaThread "Signal Dispatcher"          daemon [_thread_blocked, id=9628, stack(0x0000004a39900000,0x0000004a39a00000) (1024K)]
  0x0000016437dd4b50 JavaThread "Attach Listener"            daemon [_thread_blocked, id=4052, stack(0x0000004a39a00000,0x0000004a39b00000) (1024K)]
  0x0000016437dd70d0 JavaThread "Service Thread"             daemon [_thread_blocked, id=16108, stack(0x0000004a39b00000,0x0000004a39c00000) (1024K)]
  0x0000016437dd9230 JavaThread "Monitor Deflation Thread"   daemon [_thread_blocked, id=17972, stack(0x0000004a39c00000,0x0000004a39d00000) (1024K)]
  0x0000016437de0a30 JavaThread "C2 CompilerThread0"         daemon [_thread_in_native, id=15324, stack(0x0000004a39d00000,0x0000004a39e00000) (1024K)]
  0x0000016437de22d0 JavaThread "C1 CompilerThread0"         daemon [_thread_blocked, id=17492, stack(0x0000004a39e00000,0x0000004a39f00000) (1024K)]
  0x000001647a9414d0 JavaThread "Common-Cleaner"             daemon [_thread_blocked, id=19464, stack(0x0000004a39f00000,0x0000004a3a000000) (1024K)]
  0x000001647aa32f50 JavaThread "C2 CompilerThread1"         daemon [_thread_in_native, id=12536, stack(0x0000004a3a000000,0x0000004a3a100000) (1024K)]
  0x000001647ab94d90 JavaThread "Notification Thread"        daemon [_thread_blocked, id=12660, stack(0x0000004a3a100000,0x0000004a3a200000) (1024K)]
=>0x000001647f015330 JavaThread "C2 CompilerThread2"         daemon [_thread_in_native, id=5976, stack(0x0000004a3a200000,0x0000004a3a300000) (1024K)]
  0x00000164002e9790 JavaThread "Active Thread: Equinox Container: 23d21e5e-21eb-40fd-94fc-a1632910cf36"        [_thread_blocked, id=2668, stack(0x0000004a3a900000,0x0000004a3aa00000) (1024K)]
  0x0000016400156770 JavaThread "Refresh Thread: Equinox Container: 23d21e5e-21eb-40fd-94fc-a1632910cf36" daemon [_thread_blocked, id=2716, stack(0x0000004a3aa00000,0x0000004a3ab00000) (1024K)]
  0x00000164000080a0 JavaThread "Framework Event Dispatcher: Equinox Container: 23d21e5e-21eb-40fd-94fc-a1632910cf36" daemon [_thread_blocked, id=18820, stack(0x0000004a3ac00000,0x0000004a3ad00000) (1024K)]
  0x0000016400008700 JavaThread "Start Level: Equinox Container: 23d21e5e-21eb-40fd-94fc-a1632910cf36" daemon [_thread_blocked, id=2260, stack(0x0000004a3ad00000,0x0000004a3ae00000) (1024K)]
  0x00000164003a67d0 JavaThread "Bundle File Closer"         daemon [_thread_blocked, id=17676, stack(0x0000004a3ae00000,0x0000004a3af00000) (1024K)]
  0x000001640047a8f0 JavaThread "SCR Component Actor"        daemon [_thread_blocked, id=13600, stack(0x0000004a3af00000,0x0000004a3b000000) (1024K)]
  0x0000016400133f90 JavaThread "Worker-JM"                         [_thread_blocked, id=14888, stack(0x0000004a3b100000,0x0000004a3b200000) (1024K)]
  0x0000016400134cb0 JavaThread "JNA Cleaner"                daemon [_thread_blocked, id=13480, stack(0x0000004a3b200000,0x0000004a3b300000) (1024K)]
  0x0000016400135340 JavaThread "Worker-0: Java indexing... "        [_thread_blocked, id=1612, stack(0x0000004a3b300000,0x0000004a3b400000) (1024K)]
  0x0000016400136060 JavaThread "Worker-1"                          [_thread_blocked, id=2896, stack(0x0000004a3b400000,0x0000004a3b500000) (1024K)]
  0x00000164001366f0 JavaThread "Worker-2"                          [_thread_blocked, id=14332, stack(0x0000004a3b500000,0x0000004a3b600000) (1024K)]
  0x0000016400136d80 JavaThread "Java indexing"              daemon [_thread_blocked, id=18032, stack(0x0000004a3b600000,0x0000004a3b700000) (1024K)]
  0x00000164022fe960 JavaThread "Worker-3"                          [_thread_blocked, id=6808, stack(0x0000004a3b700000,0x0000004a3b800000) (1024K)]
  0x00000164022f8060 JavaThread "Worker-4"                          [_thread_blocked, id=12772, stack(0x0000004a3ba00000,0x0000004a3bb00000) (1024K)]
  0x00000164022fcf20 JavaThread "Worker-5"                          [_thread_blocked, id=17376, stack(0x0000004a3bb00000,0x0000004a3bc00000) (1024K)]
  0x00000164022fe2d0 JavaThread "Thread-2"                   daemon [_thread_in_native, id=14880, stack(0x0000004a3bc00000,0x0000004a3bd00000) (1024K)]
  0x00000164022fae50 JavaThread "Thread-3"                   daemon [_thread_in_native, id=19028, stack(0x0000004a3bd00000,0x0000004a3be00000) (1024K)]
  0x00000164022f86f0 JavaThread "Thread-4"                   daemon [_thread_in_native, id=15244, stack(0x0000004a3be00000,0x0000004a3bf00000) (1024K)]
  0x00000164022fa130 JavaThread "Thread-5"                   daemon [_thread_in_native, id=16232, stack(0x0000004a3bf00000,0x0000004a3c000000) (1024K)]
  0x00000164022fc200 JavaThread "Thread-6"                   daemon [_thread_in_native, id=8, stack(0x0000004a3c000000,0x0000004a3c100000) (1024K)]
  0x00000164022fa7c0 JavaThread "Thread-7"                   daemon [_thread_in_native, id=1400, stack(0x0000004a3c100000,0x0000004a3c200000) (1024K)]
  0x00000164022fb4e0 JavaThread "Thread-8"                   daemon [_thread_in_native, id=6356, stack(0x0000004a3c200000,0x0000004a3c300000) (1024K)]
  0x00000164022fbb70 JavaThread "Thread-9"                   daemon [_thread_in_native, id=17168, stack(0x0000004a3c300000,0x0000004a3c400000) (1024K)]
  0x00000164022f9aa0 JavaThread "Thread-10"                  daemon [_thread_in_native, id=16940, stack(0x0000004a3c400000,0x0000004a3c500000) (1024K)]
  0x00000164022f79d0 JavaThread "pool-2-thread-1"                   [_thread_blocked, id=16560, stack(0x0000004a3c500000,0x0000004a3c600000) (1024K)]
  0x00000164022fc890 JavaThread "WorkspaceEventsHandler"            [_thread_blocked, id=10488, stack(0x0000004a3c600000,0x0000004a3c700000) (1024K)]
  0x00000164022fd5b0 JavaThread "pool-1-thread-1"                   [_thread_blocked, id=18816, stack(0x0000004a3c700000,0x0000004a3c800000) (1024K)]
  0x00000164022fdc40 JavaThread "Worker-6: Initialize Workspace"        [_thread_blocked, id=8576, stack(0x0000004a3c800000,0x0000004a3c900000) (1024K)]
  0x00000164022feff0 JavaThread "Worker-7"                          [_thread_blocked, id=11884, stack(0x0000004a3c900000,0x0000004a3ca00000) (1024K)]
  0x0000016402f11350 JavaThread "Worker-8"                          [_thread_blocked, id=18724, stack(0x0000004a3ca00000,0x0000004a3cb00000) (1024K)]
  0x0000016402f12070 JavaThread "LocalFile Deleter"          daemon [_thread_blocked, id=15972, stack(0x0000004a3cb00000,0x0000004a3cc00000) (1024K)]
  0x0000016402f0ffa0 JavaThread "LocalFile Deleter"          daemon [_thread_blocked, id=2772, stack(0x0000004a3cc00000,0x0000004a3cd00000) (1024K)]
  0x0000016402f12700 JavaThread "LocalFile Deleter"          daemon [_thread_blocked, id=9036, stack(0x0000004a3cd00000,0x0000004a3ce00000) (1024K)]
  0x0000016402f175c0 JavaThread "LocalFile Deleter"          daemon [_thread_blocked, id=15032, stack(0x0000004a3ce00000,0x0000004a3cf00000) (1024K)]
  0x0000016402f10cc0 JavaThread "LocalFile Deleter"          daemon [_thread_blocked, id=16000, stack(0x0000004a3cf00000,0x0000004a3d000000) (1024K)]
  0x0000016402f10630 JavaThread "LocalFile Deleter"          daemon [_thread_blocked, id=17176, stack(0x0000004a3d000000,0x0000004a3d100000) (1024K)]
  0x0000016402f168a0 JavaThread "LocalFile Deleter"          daemon [_thread_blocked, id=1040, stack(0x0000004a3d100000,0x0000004a3d200000) (1024K)]
  0x0000016402f12d90 JavaThread "LocalFile Deleter"          daemon [_thread_blocked, id=16180, stack(0x0000004a3d200000,0x0000004a3d300000) (1024K)]
  0x0000016402f16f30 JavaThread "Compiler Source File Reader" daemon [_thread_blocked, id=3032, stack(0x0000004a3d300000,0x0000004a3d400000) (1024K)]
  0x0000016402f13ab0 JavaThread "Compiler Source File Reader" daemon [_thread_blocked, id=19216, stack(0x0000004a3d400000,0x0000004a3d500000) (1024K)]
  0x0000016402f147d0 JavaThread "Compiler Source File Reader" daemon [_thread_blocked, id=17396, stack(0x0000004a3d500000,0x0000004a3d600000) (1024K)]
  0x0000016402f14e60 JavaThread "Compiler Source File Reader" daemon [_thread_blocked, id=8128, stack(0x0000004a3d600000,0x0000004a3d700000) (1024K)]
  0x0000016402f154f0 JavaThread "Compiler Source File Reader" daemon [_thread_blocked, id=19084, stack(0x0000004a3d700000,0x0000004a3d800000) (1024K)]
  0x0000016402f15b80 JavaThread "Compiler Source File Reader" daemon [_thread_blocked, id=16120, stack(0x0000004a3d800000,0x0000004a3d900000) (1024K)]
  0x0000016400137410 JavaThread "Compiler Processing Task"   daemon [_thread_blocked, id=8436, stack(0x0000004a3b000000,0x0000004a3b100000) (1024K)]
  0x000001640d1b0120 JavaThread "Compiler Class File Writer" daemon [_thread_blocked, id=4068, stack(0x0000004a3d900000,0x0000004a3da00000) (1024K)]
  0x000001640d1b3c30 JavaThread "Compiler Class File Writer" daemon [_thread_blocked, id=12884, stack(0x0000004a3da00000,0x0000004a3db00000) (1024K)]
  0x000001640d1b07b0 JavaThread "Compiler Class File Writer" daemon [_thread_blocked, id=13220, stack(0x0000004a3db00000,0x0000004a3dc00000) (1024K)]
  0x000001640d1b35a0 JavaThread "Compiler Class File Writer" daemon [_thread_blocked, id=9140, stack(0x0000004a3dc00000,0x0000004a3dd00000) (1024K)]
  0x000001640d1b0e40 JavaThread "Compiler Class File Writer" daemon [_thread_blocked, id=4240, stack(0x0000004a3dd00000,0x0000004a3de00000) (1024K)]
  0x000001640d1b2f10 JavaThread "Compiler Class File Writer" daemon [_thread_blocked, id=13072, stack(0x0000004a3de00000,0x0000004a3df00000) (1024K)]
Total: 64

Other Threads:
  0x0000016423ade6d0 VMThread "VM Thread"                           [id=9732, stack(0x0000004a39600000,0x0000004a39700000) (1024K)]
  0x0000016423a8a2c0 WatcherThread "VM Periodic Task Thread"        [id=4004, stack(0x0000004a39500000,0x0000004a39600000) (1024K)]
  0x0000016423a3c660 WorkerThread "GC Thread#0"                     [id=17364, stack(0x0000004a39400000,0x0000004a39500000) (1024K)]
  0x000001647f2beb50 WorkerThread "GC Thread#1"                     [id=17212, stack(0x0000004a3a300000,0x0000004a3a400000) (1024K)]
  0x000001647f2beef0 WorkerThread "GC Thread#2"                     [id=13336, stack(0x0000004a3a400000,0x0000004a3a500000) (1024K)]
  0x000001647f559220 WorkerThread "GC Thread#3"                     [id=16344, stack(0x0000004a3a500000,0x0000004a3a600000) (1024K)]
  0x00000164001a54e0 WorkerThread "GC Thread#4"                     [id=4544, stack(0x0000004a3a600000,0x0000004a3a700000) (1024K)]
  0x000001647f515e80 WorkerThread "GC Thread#5"                     [id=3620, stack(0x0000004a3a700000,0x0000004a3a800000) (1024K)]
  0x000001647f3d8750 WorkerThread "GC Thread#6"                     [id=10544, stack(0x0000004a3a800000,0x0000004a3a900000) (1024K)]
  0x00000164002afee0 WorkerThread "GC Thread#7"                     [id=8352, stack(0x0000004a3ab00000,0x0000004a3ac00000) (1024K)]
Total: 10

Threads with active compile tasks:
C2 CompilerThread0  16161 13705 %     4       org.eclipse.jdt.internal.core.search.indexing.BinaryIndexer::extractReferenceFromConstantPool @ 15 (358 bytes)
C1 CompilerThread0  16161 13729 % !   2       org.eclipse.jdt.internal.core.search.indexing.BinaryIndexer::indexDocument @ 988 (1204 bytes)
C2 CompilerThread1  16162 13664       4       org.eclipse.osgi.internal.loader.BundleLoader::addExportedProvidersFor (167 bytes)
C2 CompilerThread2  16162 13581   !   4       org.eclipse.osgi.internal.loader.BundleLoader::findRequiredSource (283 bytes)
Total: 4

VM state: at safepoint (normal execution)

VM Mutex/Monitor currently owned by a thread:  ([mutex/lock_event])
[0x00007ffa3fafe380] Threads_lock - owner thread: 0x0000016423ade6d0
[0x00007ffa3fafe480] Heap_lock - owner thread: 0x00000164022fdc40

Heap address: 0x00000000c0000000, size: 1024 MB, Compressed Oops mode: 32-bit

CDS archive(s) mapped at: [0x0000016438000000-0x0000016438ba0000-0x0000016438ba0000), size 12189696, SharedBaseAddress: 0x0000016438000000, ArchiveRelocationMode: 1.
Compressed class space mapped at: 0x0000016439000000-0x0000016479000000, reserved size: 1073741824
Narrow klass base: 0x0000016438000000, Narrow klass shift: 0, Narrow klass range: 0x100000000

GC Precious Log:
 CardTable entry size: 512
 CPUs: 8 total, 8 available
 Memory: 7955M
 Large Page Support: Disabled
 NUMA Support: Disabled
 Compressed Oops: Enabled (32-bit)
 Alignments: Space 512K, Generation 512K, Heap 2M
 Heap Min Capacity: 100M
 Heap Initial Capacity: 100M
 Heap Max Capacity: 1G
 Pre-touch: Disabled
 Parallel Workers: 8

Heap:
 PSYoungGen      total 8704K, used 8649K [0x00000000eab00000, 0x00000000eb780000, 0x0000000100000000)
  eden space 6144K, 100% used [0x00000000eab00000,0x00000000eb100000,0x00000000eb100000)
  from space 2560K, 97% used [0x00000000eb100000,0x00000000eb3724e8,0x00000000eb380000)
  to   space 2560K, 37% used [0x00000000eb500000,0x00000000eb5edbc8,0x00000000eb780000)
 ParOldGen       total 368640K, used 368586K [0x00000000c0000000, 0x00000000d6800000, 0x00000000eab00000)
  object space 368640K, 99% used [0x00000000c0000000,0x00000000d67f2be0,0x00000000d6800000)
 Metaspace       used 64729K, committed 66176K, reserved 1114112K
  class space    used 6454K, committed 7104K, reserved 1048576K

Card table byte_map: [0x00000164233e0000,0x00000164235f0000] _byte_map_base: 0x0000016422de0000

Marking Bits: (ParMarkBitMap*) 0x00007ffa3fb03260
 Begin Bits: [0x0000016435c10000, 0x0000016436c10000)
 End Bits:   [0x0000016436c10000, 0x0000016437c10000)

Polling page: 0x0000016421ab0000

Metaspace:

Usage:
  Non-class:     56.91 MB used.
      Class:      6.30 MB used.
       Both:     63.21 MB used.

Virtual space:
  Non-class space:       64.00 MB reserved,      57.69 MB ( 90%) committed,  1 nodes.
      Class space:        1.00 GB reserved,       6.94 MB ( <1%) committed,  1 nodes.
             Both:        1.06 GB reserved,      64.62 MB (  6%) committed. 

Chunk freelists:
   Non-Class:  5.83 MB
       Class:  9.00 MB
        Both:  14.83 MB

MaxMetaspaceSize: unlimited
CompressedClassSpaceSize: 1.00 GB
Initial GC threshold: 21.00 MB
Current GC threshold: 97.31 MB
CDS: on
 - commit_granule_bytes: 65536.
 - commit_granule_words: 8192.
 - virtual_space_node_default_size: 8388608.
 - enlarge_chunks_in_place: 1.
 - use_allocation_guard: 0.


Internal statistics:

num_allocs_failed_limit: 9.
num_arena_births: 1260.
num_arena_deaths: 14.
num_vsnodes_births: 2.
num_vsnodes_deaths: 0.
num_space_committed: 1034.
num_space_uncommitted: 0.
num_chunks_returned_to_freelist: 23.
num_chunks_taken_from_freelist: 4384.
num_chunk_merges: 13.
num_chunk_splits: 2651.
num_chunks_enlarged: 1473.
num_inconsistent_stats: 0.

CodeHeap 'non-profiled nmethods': size=120000Kb used=9272Kb max_used=9272Kb free=110727Kb
 bounds [0x000001642e6e0000, 0x000001642eff0000, 0x0000016435c10000]
CodeHeap 'profiled nmethods': size=120000Kb used=30367Kb max_used=30367Kb free=89632Kb
 bounds [0x0000016426c10000, 0x00000164289c0000, 0x000001642e140000]
CodeHeap 'non-nmethods': size=5760Kb used=1427Kb max_used=1562Kb free=4332Kb
 bounds [0x000001642e140000, 0x000001642e3b0000, 0x000001642e6e0000]
 total_blobs=13620 nmethods=12882 adapters=642
 compilation: enabled
              stopped_count=0, restarted_count=0
 full_count=0

Compilation events (20 events):
Event: 16.074 Thread 0x0000016437de22d0 nmethod 13685 0x000001642899fa10 code [0x000001642899fc40, 0x00000164289a02b0]
Event: 16.074 Thread 0x0000016437de22d0 13686       3       java.util.regex.Pattern$SliceNode::<init> (10 bytes)
Event: 16.074 Thread 0x0000016437de22d0 nmethod 13686 0x00000164289a0810 code [0x00000164289a09c0, 0x00000164289a0bc0]
Event: 16.075 Thread 0x0000016437de22d0 13688       1       sun.nio.fs.WindowsPath::getPathForExceptionMessage (5 bytes)
Event: 16.076 Thread 0x0000016437de22d0 nmethod 13688 0x000001642efec110 code [0x000001642efec2a0, 0x000001642efec368]
Event: 16.076 Thread 0x0000016437de22d0 13689       3       org.eclipse.jdt.internal.core.search.indexing.IndexManager$$Lambda/0x00000164396f8000::test (12 bytes)
Event: 16.076 Thread 0x0000016437de22d0 nmethod 13689 0x00000164289a0c90 code [0x00000164289a0e80, 0x00000164289a13f8]
Event: 16.076 Thread 0x0000016437de22d0 13690       3       org.eclipse.jdt.internal.core.search.indexing.IndexManager::lambda$1 (29 bytes)
Event: 16.076 Thread 0x0000016437de22d0 nmethod 13690 0x00000164289a1590 code [0x00000164289a1760, 0x00000164289a1b48]
Event: 16.077 Thread 0x0000016437de22d0 13692   !   3       java.nio.file.spi.FileSystemProvider::readAttributesIfExists (12 bytes)
Event: 16.078 Thread 0x0000016437de22d0 nmethod 13692 0x00000164289a1c90 code [0x00000164289a1e40, 0x00000164289a2058]
Event: 16.079 Thread 0x0000016437de22d0 13693       3       sun.nio.fs.WindowsPath$WindowsPathWithAttributes::getFileSystem (5 bytes)
Event: 16.079 Thread 0x0000016437de22d0 nmethod 13693 0x00000164289a2110 code [0x00000164289a22a0, 0x00000164289a23c0]
Event: 16.081 Thread 0x0000016437de22d0 13694       3       java.lang.Throwable::<init> (29 bytes)
Event: 16.082 Thread 0x0000016437de22d0 nmethod 13694 0x00000164289a2490 code [0x00000164289a2640, 0x00000164289a28b8]
Event: 16.082 Thread 0x0000016437de22d0 13695       3       java.lang.Exception::<init> (5 bytes)
Event: 16.083 Thread 0x0000016437de22d0 nmethod 13695 0x00000164289a2990 code [0x00000164289a2b60, 0x00000164289a2e30]
Event: 16.087 Thread 0x0000016437de0a30 nmethod 13681 0x000001642efecc10 code [0x000001642efecf20, 0x000001642efed900]
Event: 16.087 Thread 0x0000016437de0a30 13705 %     4       org.eclipse.jdt.internal.core.search.indexing.BinaryIndexer::extractReferenceFromConstantPool @ 15 (358 bytes)
Event: 16.089 Thread 0x0000016437de22d0 13709       3       sun.nio.fs.Globs::toRegexPattern (745 bytes)

GC Heap History (20 events):
Event: 15.915 GC heap before
{Heap before GC invocations=645 (full 3):
 PSYoungGen      total 4096K, used 4074K [0x00000000eab00000, 0x00000000eb200000, 0x0000000100000000)
  eden space 3072K, 100% used [0x00000000eab00000,0x00000000eae00000,0x00000000eae00000)
  from space 1024K, 97% used [0x00000000eae00000,0x00000000eaefab40,0x00000000eaf00000)
  to   space 1536K, 0% used [0x00000000eb080000,0x00000000eb080000,0x00000000eb200000)
 ParOldGen       total 349696K, used 349388K [0x00000000c0000000, 0x00000000d5580000, 0x00000000eab00000)
  object space 349696K, 99% used [0x00000000c0000000,0x00000000d55330c0,0x00000000d5580000)
 Metaspace       used 64204K, committed 65728K, reserved 1114112K
  class space    used 6408K, committed 7104K, reserved 1048576K
}
Event: 15.916 GC heap after
{Heap after GC invocations=645 (full 3):
 PSYoungGen      total 5632K, used 1188K [0x00000000eab00000, 0x00000000eb200000, 0x0000000100000000)
  eden space 4096K, 0% used [0x00000000eab00000,0x00000000eab00000,0x00000000eaf00000)
  from space 1536K, 77% used [0x00000000eb080000,0x00000000eb1a92b8,0x00000000eb200000)
  to   space 1536K, 0% used [0x00000000eaf00000,0x00000000eaf00000,0x00000000eb080000)
 ParOldGen       total 350720K, used 350256K [0x00000000c0000000, 0x00000000d5680000, 0x00000000eab00000)
  object space 350720K, 99% used [0x00000000c0000000,0x00000000d560c360,0x00000000d5680000)
 Metaspace       used 64204K, committed 65728K, reserved 1114112K
  class space    used 6408K, committed 7104K, reserved 1048576K
}
Event: 15.923 GC heap before
{Heap before GC invocations=646 (full 3):
 PSYoungGen      total 5632K, used 5276K [0x00000000eab00000, 0x00000000eb200000, 0x0000000100000000)
  eden space 4096K, 99% used [0x00000000eab00000,0x00000000eaefde88,0x00000000eaf00000)
  from space 1536K, 77% used [0x00000000eb080000,0x00000000eb1a92b8,0x00000000eb200000)
  to   space 1536K, 0% used [0x00000000eaf00000,0x00000000eaf00000,0x00000000eb080000)
 ParOldGen       total 350720K, used 350256K [0x00000000c0000000, 0x00000000d5680000, 0x00000000eab00000)
  object space 350720K, 99% used [0x00000000c0000000,0x00000000d560c360,0x00000000d5680000)
 Metaspace       used 64214K, committed 65728K, reserved 1114112K
  class space    used 6408K, committed 7104K, reserved 1048576K
}
Event: 15.925 GC heap after
{Heap after GC invocations=646 (full 3):
 PSYoungGen      total 5632K, used 1528K [0x00000000eab00000, 0x00000000eb400000, 0x0000000100000000)
  eden space 4096K, 0% used [0x00000000eab00000,0x00000000eab00000,0x00000000eaf00000)
  from space 1536K, 99% used [0x00000000eaf00000,0x00000000eb07e1f8,0x00000000eb080000)
  to   space 2048K, 0% used [0x00000000eb200000,0x00000000eb200000,0x00000000eb400000)
 ParOldGen       total 351744K, used 351415K [0x00000000c0000000, 0x00000000d5780000, 0x00000000eab00000)
  object space 351744K, 99% used [0x00000000c0000000,0x00000000d572de68,0x00000000d5780000)
 Metaspace       used 64214K, committed 65728K, reserved 1114112K
  class space    used 6408K, committed 7104K, reserved 1048576K
}
Event: 15.934 GC heap before
{Heap before GC invocations=647 (full 3):
 PSYoungGen      total 5632K, used 5611K [0x00000000eab00000, 0x00000000eb400000, 0x0000000100000000)
  eden space 4096K, 99% used [0x00000000eab00000,0x00000000eaefccb8,0x00000000eaf00000)
  from space 1536K, 99% used [0x00000000eaf00000,0x00000000eb07e1f8,0x00000000eb080000)
  to   space 2048K, 0% used [0x00000000eb200000,0x00000000eb200000,0x00000000eb400000)
 ParOldGen       total 351744K, used 351415K [0x00000000c0000000, 0x00000000d5780000, 0x00000000eab00000)
  object space 351744K, 99% used [0x00000000c0000000,0x00000000d572de68,0x00000000d5780000)
 Metaspace       used 64217K, committed 65728K, reserved 1114112K
  class space    used 6408K, committed 7104K, reserved 1048576K
}
Event: 15.936 GC heap after
{Heap after GC invocations=647 (full 3):
 PSYoungGen      total 7168K, used 1598K [0x00000000eab00000, 0x00000000eb400000, 0x0000000100000000)
  eden space 5120K, 0% used [0x00000000eab00000,0x00000000eab00000,0x00000000eb000000)
  from space 2048K, 78% used [0x00000000eb200000,0x00000000eb38f928,0x00000000eb400000)
  to   space 2048K, 0% used [0x00000000eb000000,0x00000000eb000000,0x00000000eb200000)
 ParOldGen       total 353280K, used 352804K [0x00000000c0000000, 0x00000000d5900000, 0x00000000eab00000)
  object space 353280K, 99% used [0x00000000c0000000,0x00000000d5889240,0x00000000d5900000)
 Metaspace       used 64217K, committed 65728K, reserved 1114112K
  class space    used 6408K, committed 7104K, reserved 1048576K
}
Event: 15.943 GC heap before
{Heap before GC invocations=648 (full 3):
 PSYoungGen      total 7168K, used 6718K [0x00000000eab00000, 0x00000000eb400000, 0x0000000100000000)
  eden space 5120K, 100% used [0x00000000eab00000,0x00000000eb000000,0x00000000eb000000)
  from space 2048K, 78% used [0x00000000eb200000,0x00000000eb38f928,0x00000000eb400000)
  to   space 2048K, 0% used [0x00000000eb000000,0x00000000eb000000,0x00000000eb200000)
 ParOldGen       total 353280K, used 352804K [0x00000000c0000000, 0x00000000d5900000, 0x00000000eab00000)
  object space 353280K, 99% used [0x00000000c0000000,0x00000000d5889240,0x00000000d5900000)
 Metaspace       used 64218K, committed 65728K, reserved 1114112K
  class space    used 6408K, committed 7104K, reserved 1048576K
}
Event: 15.945 GC heap after
{Heap after GC invocations=648 (full 3):
 PSYoungGen      total 7168K, used 2001K [0x00000000eab00000, 0x00000000eb600000, 0x0000000100000000)
  eden space 5120K, 0% used [0x00000000eab00000,0x00000000eab00000,0x00000000eb000000)
  from space 2048K, 97% used [0x00000000eb000000,0x00000000eb1f4768,0x00000000eb200000)
  to   space 2560K, 0% used [0x00000000eb380000,0x00000000eb380000,0x00000000eb600000)
 ParOldGen       total 354304K, used 354285K [0x00000000c0000000, 0x00000000d5a00000, 0x00000000eab00000)
  object space 354304K, 99% used [0x00000000c0000000,0x00000000d59fb7d8,0x00000000d5a00000)
 Metaspace       used 64218K, committed 65728K, reserved 1114112K
  class space    used 6408K, committed 7104K, reserved 1048576K
}
Event: 15.955 GC heap before
{Heap before GC invocations=649 (full 3):
 PSYoungGen      total 7168K, used 7121K [0x00000000eab00000, 0x00000000eb600000, 0x0000000100000000)
  eden space 5120K, 100% used [0x00000000eab00000,0x00000000eb000000,0x00000000eb000000)
  from space 2048K, 97% used [0x00000000eb000000,0x00000000eb1f4768,0x00000000eb200000)
  to   space 2560K, 0% used [0x00000000eb380000,0x00000000eb380000,0x00000000eb600000)
 ParOldGen       total 354304K, used 354285K [0x00000000c0000000, 0x00000000d5a00000, 0x00000000eab00000)
  object space 354304K, 99% used [0x00000000c0000000,0x00000000d59fb7d8,0x00000000d5a00000)
 Metaspace       used 64245K, committed 65728K, reserved 1114112K
  class space    used 6410K, committed 7104K, reserved 1048576K
}
Event: 15.959 GC heap after
{Heap after GC invocations=649 (full 3):
 PSYoungGen      total 8192K, used 1999K [0x00000000eab00000, 0x00000000eb580000, 0x0000000100000000)
  eden space 6144K, 0% used [0x00000000eab00000,0x00000000eab00000,0x00000000eb100000)
  from space 2048K, 97% used [0x00000000eb380000,0x00000000eb573d58,0x00000000eb580000)
  to   space 2048K, 0% used [0x00000000eb180000,0x00000000eb180000,0x00000000eb380000)
 ParOldGen       total 356352K, used 356143K [0x00000000c0000000, 0x00000000d5c00000, 0x00000000eab00000)
  object space 356352K, 99% used [0x00000000c0000000,0x00000000d5bcbc60,0x00000000d5c00000)
 Metaspace       used 64245K, committed 65728K, reserved 1114112K
  class space    used 6410K, committed 7104K, reserved 1048576K
}
Event: 15.972 GC heap before
{Heap before GC invocations=650 (full 3):
 PSYoungGen      total 8192K, used 8143K [0x00000000eab00000, 0x00000000eb580000, 0x0000000100000000)
  eden space 6144K, 100% used [0x00000000eab00000,0x00000000eb100000,0x00000000eb100000)
  from space 2048K, 97% used [0x00000000eb380000,0x00000000eb573d58,0x00000000eb580000)
  to   space 2048K, 0% used [0x00000000eb180000,0x00000000eb180000,0x00000000eb380000)
 ParOldGen       total 356352K, used 356143K [0x00000000c0000000, 0x00000000d5c00000, 0x00000000eab00000)
  object space 356352K, 99% used [0x00000000c0000000,0x00000000d5bcbc60,0x00000000d5c00000)
 Metaspace       used 64266K, committed 65728K, reserved 1114112K
  class space    used 6413K, committed 7104K, reserved 1048576K
}
Event: 15.975 GC heap after
{Heap after GC invocations=650 (full 3):
 PSYoungGen      total 8192K, used 2039K [0x00000000eab00000, 0x00000000eb600000, 0x0000000100000000)
  eden space 6144K, 0% used [0x00000000eab00000,0x00000000eab00000,0x00000000eb100000)
  from space 2048K, 99% used [0x00000000eb180000,0x00000000eb37dcf0,0x00000000eb380000)
  to   space 2560K, 0% used [0x00000000eb380000,0x00000000eb380000,0x00000000eb600000)
 ParOldGen       total 358400K, used 358297K [0x00000000c0000000, 0x00000000d5e00000, 0x00000000eab00000)
  object space 358400K, 99% used [0x00000000c0000000,0x00000000d5de6400,0x00000000d5e00000)
 Metaspace       used 64266K, committed 65728K, reserved 1114112K
  class space    used 6413K, committed 7104K, reserved 1048576K
}
Event: 15.986 GC heap before
{Heap before GC invocations=651 (full 3):
 PSYoungGen      total 8192K, used 8183K [0x00000000eab00000, 0x00000000eb600000, 0x0000000100000000)
  eden space 6144K, 100% used [0x00000000eab00000,0x00000000eb100000,0x00000000eb100000)
  from space 2048K, 99% used [0x00000000eb180000,0x00000000eb37dcf0,0x00000000eb380000)
  to   space 2560K, 0% used [0x00000000eb380000,0x00000000eb380000,0x00000000eb600000)
 ParOldGen       total 358400K, used 358297K [0x00000000c0000000, 0x00000000d5e00000, 0x00000000eab00000)
  object space 358400K, 99% used [0x00000000c0000000,0x00000000d5de6400,0x00000000d5e00000)
 Metaspace       used 64296K, committed 65856K, reserved 1114112K
  class space    used 6415K, committed 7104K, reserved 1048576K
}
Event: 15.988 GC heap after
{Heap after GC invocations=651 (full 3):
 PSYoungGen      total 8704K, used 2438K [0x00000000eab00000, 0x00000000eb600000, 0x0000000100000000)
  eden space 6144K, 0% used [0x00000000eab00000,0x00000000eab00000,0x00000000eb100000)
  from space 2560K, 95% used [0x00000000eb380000,0x00000000eb5e1860,0x00000000eb600000)
  to   space 2560K, 0% used [0x00000000eb100000,0x00000000eb100000,0x00000000eb380000)
 ParOldGen       total 360448K, used 360171K [0x00000000c0000000, 0x00000000d6000000, 0x00000000eab00000)
  object space 360448K, 99% used [0x00000000c0000000,0x00000000d5fbad78,0x00000000d6000000)
 Metaspace       used 64296K, committed 65856K, reserved 1114112K
  class space    used 6415K, committed 7104K, reserved 1048576K
}
Event: 15.998 GC heap before
{Heap before GC invocations=652 (full 3):
 PSYoungGen      total 8704K, used 8582K [0x00000000eab00000, 0x00000000eb600000, 0x0000000100000000)
  eden space 6144K, 100% used [0x00000000eab00000,0x00000000eb100000,0x00000000eb100000)
  from space 2560K, 95% used [0x00000000eb380000,0x00000000eb5e1860,0x00000000eb600000)
  to   space 2560K, 0% used [0x00000000eb100000,0x00000000eb100000,0x00000000eb380000)
 ParOldGen       total 360448K, used 360171K [0x00000000c0000000, 0x00000000d6000000, 0x00000000eab00000)
  object space 360448K, 99% used [0x00000000c0000000,0x00000000d5fbad78,0x00000000d6000000)
 Metaspace       used 64344K, committed 65856K, reserved 1114112K
  class space    used 6421K, committed 7104K, reserved 1048576K
}
Event: 16.000 GC heap after
{Heap after GC invocations=652 (full 3):
 PSYoungGen      total 8704K, used 2518K [0x00000000eab00000, 0x00000000eb600000, 0x0000000100000000)
  eden space 6144K, 0% used [0x00000000eab00000,0x00000000eab00000,0x00000000eb100000)
  from space 2560K, 98% used [0x00000000eb100000,0x00000000eb375a50,0x00000000eb380000)
  to   space 2560K, 0% used [0x00000000eb380000,0x00000000eb380000,0x00000000eb600000)
 ParOldGen       total 363008K, used 362501K [0x00000000c0000000, 0x00000000d6280000, 0x00000000eab00000)
  object space 363008K, 99% used [0x00000000c0000000,0x00000000d6201720,0x00000000d6280000)
 Metaspace       used 64344K, committed 65856K, reserved 1114112K
  class space    used 6421K, committed 7104K, reserved 1048576K
}
Event: 16.009 GC heap before
{Heap before GC invocations=653 (full 3):
 PSYoungGen      total 8704K, used 8662K [0x00000000eab00000, 0x00000000eb600000, 0x0000000100000000)
  eden space 6144K, 100% used [0x00000000eab00000,0x00000000eb100000,0x00000000eb100000)
  from space 2560K, 98% used [0x00000000eb100000,0x00000000eb375a50,0x00000000eb380000)
  to   space 2560K, 0% used [0x00000000eb380000,0x00000000eb380000,0x00000000eb600000)
 ParOldGen       total 363008K, used 362501K [0x00000000c0000000, 0x00000000d6280000, 0x00000000eab00000)
  object space 363008K, 99% used [0x00000000c0000000,0x00000000d6201720,0x00000000d6280000)
 Metaspace       used 64387K, committed 65920K, reserved 1114112K
  class space    used 6425K, committed 7104K, reserved 1048576K
}
Event: 16.011 GC heap after
{Heap after GC invocations=653 (full 3):
 PSYoungGen      total 8704K, used 2492K [0x00000000eab00000, 0x00000000eb780000, 0x0000000100000000)
  eden space 6144K, 0% used [0x00000000eab00000,0x00000000eab00000,0x00000000eb100000)
  from space 2560K, 97% used [0x00000000eb380000,0x00000000eb5ef0f8,0x00000000eb600000)
  to   space 2560K, 0% used [0x00000000eb100000,0x00000000eb100000,0x00000000eb380000)
 ParOldGen       total 365056K, used 364868K [0x00000000c0000000, 0x00000000d6480000, 0x00000000eab00000)
  object space 365056K, 99% used [0x00000000c0000000,0x00000000d6451380,0x00000000d6480000)
 Metaspace       used 64387K, committed 65920K, reserved 1114112K
  class space    used 6425K, committed 7104K, reserved 1048576K
}
Event: 16.021 GC heap before
{Heap before GC invocations=654 (full 3):
 PSYoungGen      total 8704K, used 8636K [0x00000000eab00000, 0x00000000eb780000, 0x0000000100000000)
  eden space 6144K, 100% used [0x00000000eab00000,0x00000000eb100000,0x00000000eb100000)
  from space 2560K, 97% used [0x00000000eb380000,0x00000000eb5ef0f8,0x00000000eb600000)
  to   space 2560K, 0% used [0x00000000eb100000,0x00000000eb100000,0x00000000eb380000)
 ParOldGen       total 365056K, used 364868K [0x00000000c0000000, 0x00000000d6480000, 0x00000000eab00000)
  object space 365056K, 99% used [0x00000000c0000000,0x00000000d6451380,0x00000000d6480000)
 Metaspace       used 64427K, committed 65984K, reserved 1114112K
  class space    used 6428K, committed 7104K, reserved 1048576K
}
Event: 16.024 GC heap after
{Heap after GC invocations=654 (full 3):
 PSYoungGen      total 8704K, used 2505K [0x00000000eab00000, 0x00000000eb780000, 0x0000000100000000)
  eden space 6144K, 0% used [0x00000000eab00000,0x00000000eab00000,0x00000000eb100000)
  from space 2560K, 97% used [0x00000000eb100000,0x00000000eb3724e8,0x00000000eb380000)
  to   space 2560K, 0% used [0x00000000eb500000,0x00000000eb500000,0x00000000eb780000)
 ParOldGen       total 367616K, used 367255K [0x00000000c0000000, 0x00000000d6700000, 0x00000000eab00000)
  object space 367616K, 99% used [0x00000000c0000000,0x00000000d66a5e80,0x00000000d6700000)
 Metaspace       used 64427K, committed 65984K, reserved 1114112K
  class space    used 6428K, committed 7104K, reserved 1048576K
}

Dll operation events (10 events):
Event: 0.010 Loaded shared library c:\Users\Enfal\.cursor\extensions\redhat.java-1.41.1-win32-x64\jre\21.0.6-win32-x86_64\bin\java.dll
Event: 0.064 Loaded shared library c:\Users\Enfal\.cursor\extensions\redhat.java-1.41.1-win32-x64\jre\21.0.6-win32-x86_64\bin\zip.dll
Event: 0.120 Loaded shared library C:\Users\Enfal\.cursor\extensions\redhat.java-1.41.1-win32-x64\jre\21.0.6-win32-x86_64\bin\instrument.dll
Event: 0.126 Loaded shared library C:\Users\Enfal\.cursor\extensions\redhat.java-1.41.1-win32-x64\jre\21.0.6-win32-x86_64\bin\net.dll
Event: 0.128 Loaded shared library C:\Users\Enfal\.cursor\extensions\redhat.java-1.41.1-win32-x64\jre\21.0.6-win32-x86_64\bin\nio.dll
Event: 0.132 Loaded shared library C:\Users\Enfal\.cursor\extensions\redhat.java-1.41.1-win32-x64\jre\21.0.6-win32-x86_64\bin\zip.dll
Event: 0.154 Loaded shared library C:\Users\Enfal\.cursor\extensions\redhat.java-1.41.1-win32-x64\jre\21.0.6-win32-x86_64\bin\jimage.dll
Event: 0.231 Loaded shared library c:\Users\Enfal\.cursor\extensions\redhat.java-1.41.1-win32-x64\jre\21.0.6-win32-x86_64\bin\verify.dll
Event: 1.224 Loaded shared library C:\Users\Enfal\AppData\Roaming\Cursor\User\globalStorage\redhat.java\1.41.1\config_win\org.eclipse.equinox.launcher\org.eclipse.equinox.launcher.win32.win32.x86_64_1.2.1300.v20250331-1702\eclipse_11911.dll
Event: 2.219 Loaded shared library C:\Users\Enfal\AppData\Local\Temp\jna-67101096\jna5449273496260643923.dll

Deoptimization events (20 events):
Event: 16.067 Thread 0x00000164022fdc40 DEOPT PACKING pc=0x000001642efc6d68 sp=0x0000004a3c8fe8a0
Event: 16.067 Thread 0x00000164022fdc40 DEOPT UNPACKING pc=0x000001642e193aa2 sp=0x0000004a3c8fe810 mode 2
Event: 16.068 Thread 0x00000164022fdc40 Uncommon trap: trap_request=0xffffffde fr.pc=0x000001642efc6d68 relative=0x0000000000000468
Event: 16.068 Thread 0x00000164022fdc40 Uncommon trap: reason=class_check action=maybe_recompile pc=0x000001642efc6d68 method=sun.nio.fs.WindowsPath.compareTo(Ljava/nio/file/Path;)I @ 18 c2
Event: 16.068 Thread 0x00000164022fdc40 DEOPT PACKING pc=0x000001642efc6d68 sp=0x0000004a3c8fe8a0
Event: 16.068 Thread 0x00000164022fdc40 DEOPT UNPACKING pc=0x000001642e193aa2 sp=0x0000004a3c8fe810 mode 2
Event: 16.069 Thread 0x00000164022fdc40 Uncommon trap: trap_request=0xffffffde fr.pc=0x000001642efc6d68 relative=0x0000000000000468
Event: 16.069 Thread 0x00000164022fdc40 Uncommon trap: reason=class_check action=maybe_recompile pc=0x000001642efc6d68 method=sun.nio.fs.WindowsPath.compareTo(Ljava/nio/file/Path;)I @ 18 c2
Event: 16.069 Thread 0x00000164022fdc40 DEOPT PACKING pc=0x000001642efc6d68 sp=0x0000004a3c8fe8a0
Event: 16.069 Thread 0x00000164022fdc40 DEOPT UNPACKING pc=0x000001642e193aa2 sp=0x0000004a3c8fe810 mode 2
Event: 16.085 Thread 0x0000016400136d80 Uncommon trap: trap_request=0xffffff45 fr.pc=0x000001642e7b1d20 relative=0x0000000000000160
Event: 16.085 Thread 0x0000016400136d80 Uncommon trap: reason=unstable_if action=reinterpret pc=0x000001642e7b1d20 method=org.eclipse.jdt.internal.compiler.util.Util.isClassFileName(Ljava/lang/String;)Z @ 20 c2
Event: 16.085 Thread 0x0000016400136d80 DEOPT PACKING pc=0x000001642e7b1d20 sp=0x0000004a3b6fee20
Event: 16.085 Thread 0x0000016400136d80 DEOPT UNPACKING pc=0x000001642e193aa2 sp=0x0000004a3b6feda0 mode 2
Event: 16.085 Thread 0x0000016400136d80 Uncommon trap: trap_request=0xffffff45 fr.pc=0x000001642eb2fd14 relative=0x0000000000000bb4
Event: 16.085 Thread 0x0000016400136d80 Uncommon trap: reason=unstable_if action=reinterpret pc=0x000001642eb2fd14 method=org.eclipse.jdt.internal.core.search.indexing.BinaryContainer.isValidPackageNameForClassOrisModule(Ljava/lang/String;)Z @ 41 c2
Event: 16.085 Thread 0x0000016400136d80 DEOPT PACKING pc=0x000001642eb2fd14 sp=0x0000004a3b6fedc0
Event: 16.085 Thread 0x0000016400136d80 DEOPT UNPACKING pc=0x000001642e193aa2 sp=0x0000004a3b6fedb0 mode 2
Event: 16.088 Thread 0x0000016400136d80 DEOPT PACKING pc=0x000001642770caef sp=0x0000004a3b6fe8e0
Event: 16.088 Thread 0x0000016400136d80 DEOPT UNPACKING pc=0x000001642e194242 sp=0x0000004a3b6fdd68 mode 0

Classes loaded (20 events):
Event: 15.682 Loading class java/io/CharArrayWriter
Event: 15.683 Loading class java/io/CharArrayWriter done
Event: 15.719 Loading class sun/nio/fs/WindowsFileCopy
Event: 15.720 Loading class sun/nio/fs/WindowsFileCopy done
Event: 16.028 Loading class java/util/TreeMap$ValueSpliterator
Event: 16.028 Loading class java/util/TreeMap$TreeMapSpliterator
Event: 16.028 Loading class java/util/TreeMap$TreeMapSpliterator done
Event: 16.028 Loading class java/util/TreeMap$ValueSpliterator done
Event: 16.055 Loading class java/util/concurrent/CompletionException
Event: 16.055 Loading class java/util/concurrent/CompletionException done
Event: 16.061 Loading class java/nio/file/FileTreeWalker$1
Event: 16.062 Loading class java/nio/file/FileTreeWalker$1 done
Event: 16.062 Loading class sun/nio/fs/Globs
Event: 16.063 Loading class sun/nio/fs/Globs done
Event: 16.063 Loading class java/util/regex/Pattern$SliceU
Event: 16.063 Loading class java/util/regex/Pattern$SliceU done
Event: 16.063 Loading class sun/nio/fs/WindowsFileSystem$2
Event: 16.063 Loading class java/nio/file/PathMatcher
Event: 16.063 Loading class java/nio/file/PathMatcher done
Event: 16.064 Loading class sun/nio/fs/WindowsFileSystem$2 done

Classes unloaded (7 events):
Event: 2.606 Thread 0x0000016423ade6d0 Unloading class 0x000001643919e000 'java/lang/invoke/LambdaForm$MH+0x000001643919e000'
Event: 2.606 Thread 0x0000016423ade6d0 Unloading class 0x000001643919dc00 'java/lang/invoke/LambdaForm$MH+0x000001643919dc00'
Event: 2.606 Thread 0x0000016423ade6d0 Unloading class 0x000001643919d800 'java/lang/invoke/LambdaForm$MH+0x000001643919d800'
Event: 2.606 Thread 0x0000016423ade6d0 Unloading class 0x000001643919d400 'java/lang/invoke/LambdaForm$MH+0x000001643919d400'
Event: 2.606 Thread 0x0000016423ade6d0 Unloading class 0x000001643919d000 'java/lang/invoke/LambdaForm$BMH+0x000001643919d000'
Event: 2.606 Thread 0x0000016423ade6d0 Unloading class 0x000001643919cc00 'java/lang/invoke/LambdaForm$DMH+0x000001643919cc00'
Event: 2.606 Thread 0x0000016423ade6d0 Unloading class 0x000001643919bc00 'java/lang/invoke/LambdaForm$DMH+0x000001643919bc00'

Classes redefined (0 events):
No events

Internal exceptions (20 events):
Event: 16.090 Thread 0x00000164022fdc40 Exception <a 'sun/nio/fs/WindowsException'{0x00000000eaf81f58}> (0x00000000eaf81f58) 
thrown [s\src\hotspot\share\prims\jni.cpp, line 520]
Event: 16.090 Thread 0x00000164022fdc40 Exception <a 'sun/nio/fs/WindowsException'{0x00000000eaf82790}> (0x00000000eaf82790) 
thrown [s\src\hotspot\share\prims\jni.cpp, line 520]
Event: 16.090 Thread 0x00000164022fdc40 Exception <a 'sun/nio/fs/WindowsException'{0x00000000eaf82d60}> (0x00000000eaf82d60) 
thrown [s\src\hotspot\share\prims\jni.cpp, line 520]
Event: 16.090 Thread 0x00000164022fdc40 Exception <a 'sun/nio/fs/WindowsException'{0x00000000eaf83350}> (0x00000000eaf83350) 
thrown [s\src\hotspot\share\prims\jni.cpp, line 520]
Event: 16.091 Thread 0x00000164022fdc40 Exception <a 'sun/nio/fs/WindowsException'{0x00000000eafa4578}> (0x00000000eafa4578) 
thrown [s\src\hotspot\share\prims\jni.cpp, line 520]
Event: 16.091 Thread 0x00000164022fdc40 Exception <a 'sun/nio/fs/WindowsException'{0x00000000eafa4b48}> (0x00000000eafa4b48) 
thrown [s\src\hotspot\share\prims\jni.cpp, line 520]
Event: 16.091 Thread 0x00000164022fdc40 Exception <a 'sun/nio/fs/WindowsException'{0x00000000eafa93b0}> (0x00000000eafa93b0) 
thrown [s\src\hotspot\share\prims\jni.cpp, line 520]
Event: 16.091 Thread 0x00000164022fdc40 Exception <a 'sun/nio/fs/WindowsException'{0x00000000eafa99a0}> (0x00000000eafa99a0) 
thrown [s\src\hotspot\share\prims\jni.cpp, line 520]
Event: 16.091 Thread 0x00000164022fdc40 Exception <a 'sun/nio/fs/WindowsException'{0x00000000eafca1c8}> (0x00000000eafca1c8) 
thrown [s\src\hotspot\share\prims\jni.cpp, line 520]
Event: 16.092 Thread 0x00000164022fdc40 Exception <a 'sun/nio/fs/WindowsException'{0x00000000eafca9f0}> (0x00000000eafca9f0) 
thrown [s\src\hotspot\share\prims\jni.cpp, line 520]
Event: 16.092 Thread 0x00000164022fdc40 Exception <a 'sun/nio/fs/WindowsException'{0x00000000eafcafc0}> (0x00000000eafcafc0) 
thrown [s\src\hotspot\share\prims\jni.cpp, line 520]
Event: 16.092 Thread 0x00000164022fdc40 Exception <a 'sun/nio/fs/WindowsException'{0x00000000eafcb5b0}> (0x00000000eafcb5b0) 
thrown [s\src\hotspot\share\prims\jni.cpp, line 520]
Event: 16.092 Thread 0x00000164022fdc40 Exception <a 'sun/nio/fs/WindowsException'{0x00000000eafec0b0}> (0x00000000eafec0b0) 
thrown [s\src\hotspot\share\prims\jni.cpp, line 520]
Event: 16.092 Thread 0x00000164022fdc40 Exception <a 'sun/nio/fs/WindowsException'{0x00000000eafec680}> (0x00000000eafec680) 
thrown [s\src\hotspot\share\prims\jni.cpp, line 520]
Event: 16.092 Thread 0x00000164022fdc40 Exception <a 'sun/nio/fs/WindowsException'{0x00000000eafecc50}> (0x00000000eafecc50) 
thrown [s\src\hotspot\share\prims\jni.cpp, line 520]
Event: 16.092 Thread 0x00000164022fdc40 Exception <a 'sun/nio/fs/WindowsException'{0x00000000eafed490}> (0x00000000eafed490) 
thrown [s\src\hotspot\share\prims\jni.cpp, line 520]
Event: 16.092 Thread 0x00000164022fdc40 Exception <a 'sun/nio/fs/WindowsException'{0x00000000eb00dca8}> (0x00000000eb00dca8) 
thrown [s\src\hotspot\share\prims\jni.cpp, line 520]
Event: 16.093 Thread 0x00000164022fdc40 Exception <a 'sun/nio/fs/WindowsException'{0x00000000eb00e278}> (0x00000000eb00e278) 
thrown [s\src\hotspot\share\prims\jni.cpp, line 520]
Event: 16.093 Thread 0x00000164022fdc40 Exception <a 'sun/nio/fs/WindowsException'{0x00000000eb00ea88}> (0x00000000eb00ea88) 
thrown [s\src\hotspot\share\prims\jni.cpp, line 520]
Event: 16.093 Thread 0x00000164022fdc40 Exception <a 'sun/nio/fs/WindowsException'{0x00000000eb00f078}> (0x00000000eb00f078) 
thrown [s\src\hotspot\share\prims\jni.cpp, line 520]

ZGC Phase Switch (0 events):
No events

VM Operations (20 events):
Event: 15.955 Executing VM operation: ParallelGCFailedAllocation (Allocation Failure)
Event: 15.959 Executing VM operation: ParallelGCFailedAllocation (Allocation Failure) done
Event: 15.968 Executing VM operation: HandshakeAllThreads (Deoptimize)
Event: 15.970 Executing VM operation: HandshakeAllThreads (Deoptimize) done
Event: 15.972 Executing VM operation: ParallelGCFailedAllocation (Allocation Failure)
Event: 15.975 Executing VM operation: ParallelGCFailedAllocation (Allocation Failure) done
Event: 15.986 Executing VM operation: ParallelGCFailedAllocation (Allocation Failure)
Event: 15.988 Executing VM operation: ParallelGCFailedAllocation (Allocation Failure) done
Event: 15.997 Executing VM operation: ParallelGCFailedAllocation (Allocation Failure)
Event: 16.000 Executing VM operation: ParallelGCFailedAllocation (Allocation Failure) done
Event: 16.009 Executing VM operation: ParallelGCFailedAllocation (Allocation Failure)
Event: 16.011 Executing VM operation: ParallelGCFailedAllocation (Allocation Failure) done
Event: 16.021 Executing VM operation: ParallelGCFailedAllocation (Allocation Failure)
Event: 16.024 Executing VM operation: ParallelGCFailedAllocation (Allocation Failure) done
Event: 16.041 Executing VM operation: HandshakeAllThreads (Deoptimize)
Event: 16.041 Executing VM operation: HandshakeAllThreads (Deoptimize) done
Event: 16.044 Executing VM operation: HandshakeAllThreads (Deoptimize)
Event: 16.044 Executing VM operation: HandshakeAllThreads (Deoptimize) done
Event: 16.061 Executing VM operation: HandshakeAllThreads (Deoptimize)
Event: 16.061 Executing VM operation: HandshakeAllThreads (Deoptimize) done

Memory protections (0 events):
No events

Nmethod flushes (20 events):
Event: 11.391 Thread 0x0000016423ade6d0 flushing  nmethod 0x0000016427582710
Event: 11.391 Thread 0x0000016423ade6d0 flushing  nmethod 0x0000016427582e10
Event: 11.391 Thread 0x0000016423ade6d0 flushing  nmethod 0x0000016427583990
Event: 11.391 Thread 0x0000016423ade6d0 flushing  nmethod 0x0000016427583f90
Event: 11.391 Thread 0x0000016423ade6d0 flushing  nmethod 0x000001642758d810
Event: 11.391 Thread 0x0000016423ade6d0 flushing  nmethod 0x00000164275aef10
Event: 11.391 Thread 0x0000016423ade6d0 flushing  nmethod 0x00000164275b7610
Event: 11.391 Thread 0x0000016423ade6d0 flushing  nmethod 0x00000164275cfe10
Event: 11.391 Thread 0x0000016423ade6d0 flushing  nmethod 0x00000164275d1990
Event: 11.391 Thread 0x0000016423ade6d0 flushing  nmethod 0x0000016427627290
Event: 11.391 Thread 0x0000016423ade6d0 flushing  nmethod 0x0000016427627d90
Event: 11.391 Thread 0x0000016423ade6d0 flushing  nmethod 0x0000016427628590
Event: 11.391 Thread 0x0000016423ade6d0 flushing  nmethod 0x0000016427628c90
Event: 11.391 Thread 0x0000016423ade6d0 flushing  nmethod 0x000001642762d710
Event: 11.391 Thread 0x0000016423ade6d0 flushing  nmethod 0x0000016427631710
Event: 11.391 Thread 0x0000016423ade6d0 flushing  nmethod 0x0000016427662c10
Event: 11.391 Thread 0x0000016423ade6d0 flushing  nmethod 0x0000016427663c10
Event: 11.391 Thread 0x0000016423ade6d0 flushing  nmethod 0x0000016427672f10
Event: 11.391 Thread 0x0000016423ade6d0 flushing  nmethod 0x0000016427679210
Event: 11.391 Thread 0x0000016423ade6d0 flushing  nmethod 0x0000016427679e10

Events (20 events):
Event: 14.582 Thread 0x00000164022feff0 Thread added: 0x000001640d1b14d0
Event: 14.582 Thread 0x00000164022feff0 Thread added: 0x000001640d1b42c0
Event: 14.582 Thread 0x00000164022feff0 Thread added: 0x000001640d1b1b60
Event: 14.582 Thread 0x00000164022feff0 Thread added: 0x000001640d1afa90
Event: 14.582 Thread 0x00000164022feff0 Thread added: 0x000001640d1b21f0
Event: 14.976 Thread 0x000001640d1afa90 Thread exited: 0x000001640d1afa90
Event: 14.976 Thread 0x000001640d1b1b60 Thread exited: 0x000001640d1b1b60
Event: 14.976 Thread 0x000001640d1b14d0 Thread exited: 0x000001640d1b14d0
Event: 14.976 Thread 0x000001640d1b42c0 Thread exited: 0x000001640d1b42c0
Event: 14.977 Thread 0x000001640d1b21f0 Thread exited: 0x000001640d1b21f0
Event: 15.427 Thread 0x00000164022feff0 Thread added: 0x000001640d1ae6e0
Event: 15.427 Thread 0x00000164022feff0 Thread added: 0x000001640d1b4950
Event: 15.427 Thread 0x00000164022feff0 Thread added: 0x000001640d1b5d00
Event: 15.427 Thread 0x00000164022feff0 Thread added: 0x000001640d1b4fe0
Event: 15.427 Thread 0x00000164022feff0 Thread added: 0x000001640d1aed70
Event: 15.465 Thread 0x000001640d1aed70 Thread exited: 0x000001640d1aed70
Event: 15.465 Thread 0x000001640d1b4950 Thread exited: 0x000001640d1b4950
Event: 15.465 Thread 0x000001640d1b5d00 Thread exited: 0x000001640d1b5d00
Event: 15.465 Thread 0x000001640d1b4fe0 Thread exited: 0x000001640d1b4fe0
Event: 15.466 Thread 0x000001640d1ae6e0 Thread exited: 0x000001640d1ae6e0


Dynamic libraries:
0x00007ff6b1740000 - 0x00007ff6b174e000 	c:\Users\Enfal\.cursor\extensions\redhat.java-1.41.1-win32-x64\jre\21.0.6-win32-x86_64\bin\java.exe
0x00007ffaacdb0000 - 0x00007ffaacfc7000 	C:\WINDOWS\SYSTEM32\ntdll.dll
0x00007ffaaba10000 - 0x00007ffaabad4000 	C:\WINDOWS\System32\KERNEL32.DLL
0x00007ffaaa180000 - 0x00007ffaaa553000 	C:\WINDOWS\System32\KERNELBASE.dll
0x00007ffaa9ec0000 - 0x00007ffaa9fd1000 	C:\WINDOWS\System32\ucrtbase.dll
0x00007ffa9a170000 - 0x00007ffa9a18e000 	c:\Users\Enfal\.cursor\extensions\redhat.java-1.41.1-win32-x64\jre\21.0.6-win32-x86_64\bin\VCRUNTIME140.dll
0x00007ffa9a390000 - 0x00007ffa9a3a8000 	c:\Users\Enfal\.cursor\extensions\redhat.java-1.41.1-win32-x64\jre\21.0.6-win32-x86_64\bin\jli.dll
0x00007ffaac050000 - 0x00007ffaac201000 	C:\WINDOWS\System32\USER32.dll
0x00007ffaa9fe0000 - 0x00007ffaaa006000 	C:\WINDOWS\System32\win32u.dll
0x00007ffa961a0000 - 0x00007ffa96438000 	C:\WINDOWS\WinSxS\amd64_microsoft.windows.common-controls_6595b64144ccf1df_6.0.22621.5124_none_270e8f4f7386d69d\COMCTL32.dll
0x00007ffaab9b0000 - 0x00007ffaab9d9000 	C:\WINDOWS\System32\GDI32.dll
0x00007ffaab3f0000 - 0x00007ffaab497000 	C:\WINDOWS\System32\msvcrt.dll
0x00007ffaaa830000 - 0x00007ffaaa94b000 	C:\WINDOWS\System32\gdi32full.dll
0x00007ffaaa790000 - 0x00007ffaaa82a000 	C:\WINDOWS\System32\msvcp_win.dll
0x00007ffaaab00000 - 0x00007ffaaab31000 	C:\WINDOWS\System32\IMM32.DLL
0x00007ffaa3f50000 - 0x00007ffaa3f5c000 	c:\Users\Enfal\.cursor\extensions\redhat.java-1.41.1-win32-x64\jre\21.0.6-win32-x86_64\bin\vcruntime140_1.dll
0x00007ffa882b0000 - 0x00007ffa8833d000 	c:\Users\Enfal\.cursor\extensions\redhat.java-1.41.1-win32-x64\jre\21.0.6-win32-x86_64\bin\msvcp140.dll
0x00007ffa3ee50000 - 0x00007ffa3fbe0000 	c:\Users\Enfal\.cursor\extensions\redhat.java-1.41.1-win32-x64\jre\21.0.6-win32-x86_64\bin\server\jvm.dll
0x00007ffaab4a0000 - 0x00007ffaab551000 	C:\WINDOWS\System32\ADVAPI32.dll
0x00007ffaaaa50000 - 0x00007ffaaaaf8000 	C:\WINDOWS\System32\sechost.dll
0x00007ffaaa620000 - 0x00007ffaaa648000 	C:\WINDOWS\System32\bcrypt.dll
0x00007ffaac810000 - 0x00007ffaac924000 	C:\WINDOWS\System32\RPCRT4.dll
0x00007ffaac620000 - 0x00007ffaac691000 	C:\WINDOWS\System32\WS2_32.dll
0x00007ffaa9d90000 - 0x00007ffaa9ddd000 	C:\WINDOWS\SYSTEM32\POWRPROF.dll
0x00007ffaa4b80000 - 0x00007ffaa4bb4000 	C:\WINDOWS\SYSTEM32\WINMM.dll
0x00007ffaa2020000 - 0x00007ffaa202a000 	C:\WINDOWS\SYSTEM32\VERSION.dll
0x00007ffaa9d70000 - 0x00007ffaa9d83000 	C:\WINDOWS\SYSTEM32\UMPDC.dll
0x00007ffaa8eb0000 - 0x00007ffaa8ec8000 	C:\WINDOWS\SYSTEM32\kernel.appcore.dll
0x00007ffaa3010000 - 0x00007ffaa301a000 	c:\Users\Enfal\.cursor\extensions\redhat.java-1.41.1-win32-x64\jre\21.0.6-win32-x86_64\bin\jimage.dll
0x00007ffa96570000 - 0x00007ffa967a2000 	C:\WINDOWS\SYSTEM32\DBGHELP.DLL
0x00007ffaac210000 - 0x00007ffaac5a2000 	C:\WINDOWS\System32\combase.dll
0x00007ffaab760000 - 0x00007ffaab837000 	C:\WINDOWS\System32\OLEAUT32.dll
0x00007ffa88d00000 - 0x00007ffa88d32000 	C:\WINDOWS\SYSTEM32\dbgcore.DLL
0x00007ffaaa9d0000 - 0x00007ffaaaa4b000 	C:\WINDOWS\System32\bcryptPrimitives.dll
0x00007ffaa2f90000 - 0x00007ffaa2f9f000 	c:\Users\Enfal\.cursor\extensions\redhat.java-1.41.1-win32-x64\jre\21.0.6-win32-x86_64\bin\instrument.dll
0x00007ffa98990000 - 0x00007ffa989af000 	c:\Users\Enfal\.cursor\extensions\redhat.java-1.41.1-win32-x64\jre\21.0.6-win32-x86_64\bin\java.dll
0x00007ffaaab50000 - 0x00007ffaab3e6000 	C:\WINDOWS\System32\SHELL32.dll
0x00007ffaaa650000 - 0x00007ffaaa78f000 	C:\WINDOWS\System32\wintypes.dll
0x00007ffaa7d90000 - 0x00007ffaa86aa000 	C:\WINDOWS\SYSTEM32\windows.storage.dll
0x00007ffaac700000 - 0x00007ffaac80a000 	C:\WINDOWS\System32\SHCORE.dll
0x00007ffaac5b0000 - 0x00007ffaac613000 	C:\WINDOWS\System32\shlwapi.dll
0x00007ffaa9df0000 - 0x00007ffaa9e1b000 	C:\WINDOWS\SYSTEM32\profapi.dll
0x00007ffa98970000 - 0x00007ffa98988000 	c:\Users\Enfal\.cursor\extensions\redhat.java-1.41.1-win32-x64\jre\21.0.6-win32-x86_64\bin\zip.dll
0x00007ffaa2930000 - 0x00007ffaa2940000 	C:\Users\Enfal\.cursor\extensions\redhat.java-1.41.1-win32-x64\jre\21.0.6-win32-x86_64\bin\net.dll
0x00007ffaa2ab0000 - 0x00007ffaa2bdc000 	C:\WINDOWS\SYSTEM32\WINHTTP.dll
0x00007ffaa9320000 - 0x00007ffaa938a000 	C:\WINDOWS\system32\mswsock.dll
0x00007ffa97e90000 - 0x00007ffa97ea6000 	C:\Users\Enfal\.cursor\extensions\redhat.java-1.41.1-win32-x64\jre\21.0.6-win32-x86_64\bin\nio.dll
0x00007ffaa2240000 - 0x00007ffaa2250000 	c:\Users\Enfal\.cursor\extensions\redhat.java-1.41.1-win32-x64\jre\21.0.6-win32-x86_64\bin\verify.dll
0x00007ffa895d0000 - 0x00007ffa89615000 	C:\Users\Enfal\AppData\Roaming\Cursor\User\globalStorage\redhat.java\1.41.1\config_win\org.eclipse.equinox.launcher\org.eclipse.equinox.launcher.win32.win32.x86_64_1.2.1300.v20250331-1702\eclipse_11911.dll
0x00007ffaacbc0000 - 0x00007ffaacd61000 	C:\WINDOWS\System32\ole32.dll
0x00007ffaa9670000 - 0x00007ffaa968b000 	C:\WINDOWS\SYSTEM32\CRYPTSP.dll
0x00007ffaa8e10000 - 0x00007ffaa8e47000 	C:\WINDOWS\system32\rsaenh.dll
0x00007ffaa93c0000 - 0x00007ffaa93e8000 	C:\WINDOWS\SYSTEM32\USERENV.dll
0x00007ffaa9650000 - 0x00007ffaa965c000 	C:\WINDOWS\SYSTEM32\CRYPTBASE.dll
0x00007ffaa8910000 - 0x00007ffaa893d000 	C:\WINDOWS\SYSTEM32\IPHLPAPI.DLL
0x00007ffaaba00000 - 0x00007ffaaba09000 	C:\WINDOWS\System32\NSI.dll
0x00007ffa88fe0000 - 0x00007ffa89029000 	C:\Users\Enfal\AppData\Local\Temp\jna-67101096\jna5449273496260643923.dll
0x00007ffaac6f0000 - 0x00007ffaac6f8000 	C:\WINDOWS\System32\PSAPI.DLL
0x00007ffaa3030000 - 0x00007ffaa3049000 	C:\WINDOWS\SYSTEM32\dhcpcsvc6.DLL
0x00007ffaa28e0000 - 0x00007ffaa28ff000 	C:\WINDOWS\SYSTEM32\dhcpcsvc.DLL
0x00007ffaa8fc0000 - 0x00007ffaa8ff4000 	C:\WINDOWS\SYSTEM32\ntmarta.dll

dbghelp: loaded successfully - version: 4.0.5 - missing functions: none
symbol engine: initialized successfully - sym options: 0x614 - pdb path: .;c:\Users\Enfal\.cursor\extensions\redhat.java-1.41.1-win32-x64\jre\21.0.6-win32-x86_64\bin;C:\WINDOWS\SYSTEM32;C:\WINDOWS\WinSxS\amd64_microsoft.windows.common-controls_6595b64144ccf1df_6.0.22621.5124_none_270e8f4f7386d69d;c:\Users\Enfal\.cursor\extensions\redhat.java-1.41.1-win32-x64\jre\21.0.6-win32-x86_64\bin\server;C:\Users\Enfal\AppData\Roaming\Cursor\User\globalStorage\redhat.java\1.41.1\config_win\org.eclipse.equinox.launcher\org.eclipse.equinox.launcher.win32.win32.x86_64_1.2.1300.v20250331-1702;C:\Users\Enfal\AppData\Local\Temp\jna-67101096

VM Arguments:
jvm_args: --add-modules=ALL-SYSTEM --add-opens=java.base/java.util=ALL-UNNAMED --add-opens=java.base/java.lang=ALL-UNNAMED --add-opens=java.base/sun.nio.fs=ALL-UNNAMED -Declipse.application=org.eclipse.jdt.ls.core.id1 -Dosgi.bundles.defaultStartLevel=4 -Declipse.product=org.eclipse.jdt.ls.core.product -Djava.import.generatesMetadataFilesAtProjectRoot=false -DDetectVMInstallationsJob.disabled=true -Dfile.encoding=utf8 -XX:+UseParallelGC -XX:GCTimeRatio=4 -XX:AdaptiveSizePolicyWeight=90 -Dsun.zip.disableMemoryMapping=true -Xmx1G -Xms100m -Xlog:disable -javaagent:c:\Users\Enfal\.cursor\extensions\redhat.java-1.41.1-win32-x64\lombok\lombok-1.18.36.jar -XX:+HeapDumpOnOutOfMemoryError -XX:HeapDumpPath=c:\Users\Enfal\AppData\Roaming\Cursor\User\workspaceStorage\530994b3a515dfa207db7eab3c6bf822\redhat.java -Daether.dependencyCollector.impl=bf 
java_command: c:\Users\Enfal\.cursor\extensions\redhat.java-1.41.1-win32-x64\server\plugins\org.eclipse.equinox.launcher_1.7.0.v20250331-1702.jar -configuration c:\Users\Enfal\AppData\Roaming\Cursor\User\globalStorage\redhat.java\1.41.1\config_win -data c:\Users\Enfal\AppData\Roaming\Cursor\User\workspaceStorage\530994b3a515dfa207db7eab3c6bf822\redhat.java\jdt_ws --pipe=\\.\pipe\lsp-be17cc2a20fb54c6d2a531d59882e92b-sock
java_class_path (initial): c:\Users\Enfal\.cursor\extensions\redhat.java-1.41.1-win32-x64\server\plugins\org.eclipse.equinox.launcher_1.7.0.v20250331-1702.jar
Launcher Type: SUN_STANDARD

[Global flags]
    uintx AdaptiveSizePolicyWeight                 = 90                                        {product} {command line}
     intx CICompilerCount                          = 4                                         {product} {ergonomic}
    uintx GCTimeRatio                              = 4                                         {product} {command line}
     bool HeapDumpOnOutOfMemoryError               = true                                   {manageable} {command line}
    ccstr HeapDumpPath                             = c:\Users\Enfal\AppData\Roaming\Cursor\User\workspaceStorage\530994b3a515dfa207db7eab3c6bf822\redhat.java         {manageable} {command line}
   size_t InitialHeapSize                          = 104857600                                 {product} {command line}
   size_t MaxHeapSize                              = 1073741824                                {product} {command line}
   size_t MaxNewSize                               = 357564416                                 {product} {ergonomic}
   size_t MinHeapDeltaBytes                        = 524288                                    {product} {ergonomic}
   size_t MinHeapSize                              = 104857600                                 {product} {command line}
   size_t NewSize                                  = 34603008                                  {product} {ergonomic}
    uintx NonNMethodCodeHeapSize                   = 5839372                                {pd product} {ergonomic}
    uintx NonProfiledCodeHeapSize                  = 122909434                              {pd product} {ergonomic}
   size_t OldSize                                  = 70254592                                  {product} {ergonomic}
    uintx ProfiledCodeHeapSize                     = 122909434                              {pd product} {ergonomic}
    uintx ReservedCodeCacheSize                    = 251658240                              {pd product} {ergonomic}
     bool SegmentedCodeCache                       = true                                      {product} {ergonomic}
   size_t SoftMaxHeapSize                          = 1073741824                             {manageable} {ergonomic}
     bool UseCompressedOops                        = true                           {product lp64_product} {ergonomic}
     bool UseLargePagesIndividualAllocation        = false                                  {pd product} {ergonomic}
     bool UseParallelGC                            = true                                      {product} {command line}

Logging:
Log output configuration:
 #0: stdout all=off uptime,level,tags foldmultilines=false
 #1: stderr all=off uptime,level,tags foldmultilines=false

Environment Variables:
JAVA_HOME=C:\Program Files\Java\jdk-23
PATH=C:\Program Files\Common Files\Oracle\Java\javapath;c:\Users\Enfal\AppData\Local\Programs\cursor\resources\app\bin;C:\WINDOWS\system32;C:\WINDOWS;C:\WINDOWS\System32\Wbem;C:\WINDOWS\System32\WindowsPowerShell\v1.0\;C:\WINDOWS\System32\OpenSSH\;C:\Program Files\Git\cmd;C:\Program Files\Docker\Docker\resources\bin;C:\Users\Enfal\AppData\Local\Microsoft\WindowsApps;C:\Users\Enfal\AppData\Local\GitHubDesktop\bin;c:\Users\Enfal\AppData\Local\Programs\cursor\resources\app\bin;C:\Program Files\nodejs\;%JAVA_HOME%\bin;C:\Program Files\Java\jdk-23\bin\java.exe;C:\Program Files\apache-maven-3.9.9\bin;C:\Program Files\apache-maven-3.9.9\bin;C:\Program Files\PostgreSQL\16\bin;C:\Users\Enfal\AppData\Local\Microsoft\WindowsApps;C:\Users\Enfal\AppData\Local\GitHubDesktop\bin;C:\Users\Enfal\Microsoft VS Code\bin;C:\Users\Enfal\AppData\Roaming\npm;C:\Program Files\apache-maven-3.9.9\bin;C:\Users\Enfal\cursor\resources\app\bin;C:\Users\Enfal\AppData\Local\Programs\Windsurf\bin
USERNAME=Enfal
OS=Windows_NT
PROCESSOR_IDENTIFIER=Intel64 Family 6 Model 142 Stepping 12, GenuineIntel
TMP=C:\Users\Enfal\AppData\Local\Temp
TEMP=C:\Users\Enfal\AppData\Local\Temp




Periodic native trim disabled

---------------  S Y S T E M  ---------------

OS:
 Windows 11 , 64 bit Build 22621 (10.0.22621.5124)
OS uptime: 0 days 15:57 hours
Hyper-V role detected

CPU: total 8 (initial active 8) (4 cores per cpu, 2 threads per core) family 6 model 142 stepping 12 microcode 0xde, cx8, cmov, fxsr, ht, mmx, 3dnowpref, sse, sse2, sse3, ssse3, sse4.1, sse4.2, popcnt, lzcnt, tsc, tscinvbit, avx, avx2, aes, erms, clmul, bmi1, bmi2, adx, fma, vzeroupper, clflush, clflushopt, hv, rdtscp, f16c
Processor Information for the first 8 processors :
  Max Mhz: 2101, Current Mhz: 1600, Mhz Limit: 1596

Memory: 4k page, system-wide physical 7955M (596M free)
TotalPageFile size 21112M (AvailPageFile size 0M)
current process WorkingSet (physical memory assigned to process): 739M, peak: 739M
current process commit charge ("private bytes"): 643M, peak: 965M

vm_info: OpenJDK 64-Bit Server VM (21.0.6+7-LTS) for windows-amd64 JRE (21.0.6+7-LTS), built on 2025-01-21T00:00:00Z by "admin" with MS VC++ 17.7 (VS2022)

END.
