#
# There is insufficient memory for the Java Runtime Environment to continue.
# Native memory allocation (malloc) failed to allocate 614016 bytes. Error detail: Chunk::new
# Possible reasons:
#   The system is out of physical RAM or swap space
#   This process is running with CompressedOops enabled, and the Java Heap may be blocking the growth of the native heap
# Possible solutions:
#   Reduce memory load on the system
#   Increase physical memory or swap space
#   Check if swap backing store is full
#   Decrease Java heap size (-Xmx/-Xms)
#   Decrease number of Java threads
#   Decrease Java thread stack sizes (-Xss)
#   Set larger code cache with -XX:ReservedCodeCacheSize=
#   JVM is running with Unscaled Compressed Oops mode in which the Java heap is
#     placed in the first 4GB address space. The Java Heap base address is the
#     maximum limit for the native heap growth. Please use -XX:HeapBaseMinAddress
#     to set the Java Heap base and to place the Java Heap above 4GB virtual address.
# This output file may be truncated or incomplete.
#
#  Out of Memory Error (arena.cpp:168), pid=18780, tid=17988
#
# JRE version: OpenJDK Runtime Environment Temurin-21.0.6+7 (21.0.6+7) (build 21.0.6+7-LTS)
# Java VM: OpenJDK 64-Bit Server VM Temurin-21.0.6+7 (21.0.6+7-LTS, mixed mode, sharing, tiered, compressed oops, compressed class ptrs, parallel gc, windows-amd64)
# No core dump will be written. Minidumps are not enabled by default on client versions of Windows
#

---------------  S U M M A R Y ------------

Command Line: --add-modules=ALL-SYSTEM --add-opens=java.base/java.util=ALL-UNNAMED --add-opens=java.base/java.lang=ALL-UNNAMED --add-opens=java.base/sun.nio.fs=ALL-UNNAMED -Declipse.application=org.eclipse.jdt.ls.core.id1 -Dosgi.bundles.defaultStartLevel=4 -Declipse.product=org.eclipse.jdt.ls.core.product -Djava.import.generatesMetadataFilesAtProjectRoot=false -DDetectVMInstallationsJob.disabled=true -Dfile.encoding=utf8 -XX:+UseParallelGC -XX:GCTimeRatio=4 -XX:AdaptiveSizePolicyWeight=90 -Dsun.zip.disableMemoryMapping=true -Xmx1G -Xms100m -Xlog:disable -javaagent:c:\Users\Enfal\.cursor\extensions\redhat.java-1.41.1-win32-x64\lombok\lombok-1.18.36.jar -XX:+HeapDumpOnOutOfMemoryError -XX:HeapDumpPath=c:\Users\Enfal\AppData\Roaming\Cursor\User\workspaceStorage\530994b3a515dfa207db7eab3c6bf822\redhat.java -Daether.dependencyCollector.impl=bf c:\Users\Enfal\.cursor\extensions\redhat.java-1.41.1-win32-x64\server\plugins\org.eclipse.equinox.launcher_1.7.0.v20250331-1702.jar -configuration c:\Users\Enfal\AppData\Roaming\Cursor\User\globalStorage\redhat.java\1.41.1\config_win -data c:\Users\Enfal\AppData\Roaming\Cursor\User\workspaceStorage\530994b3a515dfa207db7eab3c6bf822\redhat.java\jdt_ws --pipe=\\.\pipe\lsp-8c224ded05dad5de043d9cc5f9acfff2-sock

Host: Intel(R) Core(TM) i5-10210U CPU @ 1.60GHz, 8 cores, 7G,  Windows 11 , 64 bit Build 22621 (10.0.22621.5124)
Time: Fri Apr 18 15:23:00 2025 Türkiye Standart Saati elapsed time: 17.028476 seconds (0d 0h 0m 17s)

---------------  T H R E A D  ---------------

Current thread (0x000002196eaefc40):  JavaThread "C2 CompilerThread2" daemon [_thread_in_native, id=17988, stack(0x0000001b9d200000,0x0000001b9d300000) (1024K)]


Current CompileTask:
C2:17028 12547   !   4       org.codehaus.plexus.interpolation.StringSearchInterpolator::interpolate (668 bytes)

Stack: [0x0000001b9d200000,0x0000001b9d300000]
Native frames: (J=compiled Java code, j=interpreted, Vv=VM code, C=native code)
V  [jvm.dll+0x6cdee9]
V  [jvm.dll+0x8a83d1]
V  [jvm.dll+0x8aa8fe]
V  [jvm.dll+0x8aafe3]
V  [jvm.dll+0x27f706]
V  [jvm.dll+0xc500d]
V  [jvm.dll+0xc5543]
V  [jvm.dll+0x2f2acd]
V  [jvm.dll+0x5f6a2a]
V  [jvm.dll+0x250bb2]
V  [jvm.dll+0x24908e]
V  [jvm.dll+0x246ec4]
V  [jvm.dll+0x1c75ee]
V  [jvm.dll+0x25685a]
V  [jvm.dll+0x254dfa]
V  [jvm.dll+0x3f0256]
V  [jvm.dll+0x851f8b]
V  [jvm.dll+0x6cc5ed]
C  [ucrtbase.dll+0x29333]
C  [KERNEL32.DLL+0x1259d]
C  [ntdll.dll+0x5af38]


---------------  P R O C E S S  ---------------

Threads class SMR info:
_java_thread_list=0x000002196e7cdca0, length=64, elements={
0x00000219179dec40, 0x000002192bd8d530, 0x000002192bd8fd40, 0x000002192bd91fe0,
0x000002192bd92ef0, 0x000002192bd94b70, 0x000002192bd97f80, 0x000002192bda5ca0,
0x000002192bda87f0, 0x0000021917a496b0, 0x000002196e9096b0, 0x000002196ea89960,
0x000002196eaefc40, 0x0000021973b83fd0, 0x0000021973afb2a0, 0x000002197390a6b0,
0x00000219739c71f0, 0x0000021973fde580, 0x000002197410f310, 0x0000021973e35290,
0x0000021973e34570, 0x0000021973e32b30, 0x0000021973e31e10, 0x0000021973e324a0,
0x0000021973e33ee0, 0x0000021973e33850, 0x0000021976991e60, 0x00000219769952e0,
0x0000021976996d20, 0x0000021976994c50, 0x0000021976997a40, 0x00000219769973b0,
0x00000219769980d0, 0x00000219769917d0, 0x0000021976995970, 0x0000021976996000,
0x0000021976993210, 0x00000219769938a0, 0x0000021976993f30, 0x00000219769924f0,
0x0000021976992b80, 0x00000219769945c0, 0x0000021976996690, 0x0000021977a6dc90,
0x0000021977a6f040, 0x0000021977a6f6d0, 0x0000021977a70a80, 0x0000021977a72b50,
0x0000021977a71110, 0x0000021977a717a0, 0x0000021977a6e9b0, 0x0000021977a6fd60,
0x0000021977a71e30, 0x0000021977a731e0, 0x0000021977a73870, 0x0000021977a73f00,
0x0000021977a703f0, 0x0000021977a74c20, 0x0000021977a752b0, 0x0000021977a6e320,
0x0000021973e331c0, 0x0000021976c46f30, 0x0000021976c475c0, 0x0000021976c482e0
}

Java Threads: ( => current thread )
  0x00000219179dec40 JavaThread "main"                              [_thread_blocked, id=13464, stack(0x0000001b9c300000,0x0000001b9c400000) (1024K)]
  0x000002192bd8d530 JavaThread "Reference Handler"          daemon [_thread_blocked, id=2464, stack(0x0000001b9c700000,0x0000001b9c800000) (1024K)]
  0x000002192bd8fd40 JavaThread "Finalizer"                  daemon [_thread_blocked, id=13124, stack(0x0000001b9c800000,0x0000001b9c900000) (1024K)]
  0x000002192bd91fe0 JavaThread "Signal Dispatcher"          daemon [_thread_blocked, id=4944, stack(0x0000001b9c900000,0x0000001b9ca00000) (1024K)]
  0x000002192bd92ef0 JavaThread "Attach Listener"            daemon [_thread_blocked, id=7388, stack(0x0000001b9ca00000,0x0000001b9cb00000) (1024K)]
  0x000002192bd94b70 JavaThread "Service Thread"             daemon [_thread_blocked, id=6864, stack(0x0000001b9cb00000,0x0000001b9cc00000) (1024K)]
  0x000002192bd97f80 JavaThread "Monitor Deflation Thread"   daemon [_thread_blocked, id=14668, stack(0x0000001b9cc00000,0x0000001b9cd00000) (1024K)]
  0x000002192bda5ca0 JavaThread "C2 CompilerThread0"         daemon [_thread_in_native, id=15452, stack(0x0000001b9cd00000,0x0000001b9ce00000) (1024K)]
  0x000002192bda87f0 JavaThread "C1 CompilerThread0"         daemon [_thread_blocked, id=19180, stack(0x0000001b9ce00000,0x0000001b9cf00000) (1024K)]
  0x0000021917a496b0 JavaThread "Common-Cleaner"             daemon [_thread_blocked, id=20476, stack(0x0000001b9cf00000,0x0000001b9d000000) (1024K)]
  0x000002196e9096b0 JavaThread "C2 CompilerThread1"         daemon [_thread_in_native, id=13132, stack(0x0000001b9d000000,0x0000001b9d100000) (1024K)]
  0x000002196ea89960 JavaThread "Notification Thread"        daemon [_thread_blocked, id=2460, stack(0x0000001b9d100000,0x0000001b9d200000) (1024K)]
=>0x000002196eaefc40 JavaThread "C2 CompilerThread2"         daemon [_thread_in_native, id=17988, stack(0x0000001b9d200000,0x0000001b9d300000) (1024K)]
  0x0000021973b83fd0 JavaThread "Active Thread: Equinox Container: eab80dfb-6bf2-44d0-8493-983727053e81"        [_thread_blocked, id=19572, stack(0x0000001b9d900000,0x0000001b9da00000) (1024K)]
  0x0000021973afb2a0 JavaThread "Refresh Thread: Equinox Container: eab80dfb-6bf2-44d0-8493-983727053e81" daemon [_thread_blocked, id=19804, stack(0x0000001b9da00000,0x0000001b9db00000) (1024K)]
  0x000002197390a6b0 JavaThread "Framework Event Dispatcher: Equinox Container: eab80dfb-6bf2-44d0-8493-983727053e81" daemon [_thread_blocked, id=11016, stack(0x0000001b9dc00000,0x0000001b9dd00000) (1024K)]
  0x00000219739c71f0 JavaThread "Start Level: Equinox Container: eab80dfb-6bf2-44d0-8493-983727053e81" daemon [_thread_blocked, id=9328, stack(0x0000001b9dd00000,0x0000001b9de00000) (1024K)]
  0x0000021973fde580 JavaThread "Bundle File Closer"         daemon [_thread_blocked, id=6368, stack(0x0000001b9de00000,0x0000001b9df00000) (1024K)]
  0x000002197410f310 JavaThread "SCR Component Actor"        daemon [_thread_blocked, id=13020, stack(0x0000001b9df00000,0x0000001b9e000000) (1024K)]
  0x0000021973e35290 JavaThread "Worker-JM"                         [_thread_blocked, id=12508, stack(0x0000001b9e100000,0x0000001b9e200000) (1024K)]
  0x0000021973e34570 JavaThread "JNA Cleaner"                daemon [_thread_blocked, id=14876, stack(0x0000001b9e200000,0x0000001b9e300000) (1024K)]
  0x0000021973e32b30 JavaThread "Worker-0"                          [_thread_blocked, id=11008, stack(0x0000001b9e300000,0x0000001b9e400000) (1024K)]
  0x0000021973e31e10 JavaThread "Worker-1"                          [_thread_blocked, id=8412, stack(0x0000001b9e400000,0x0000001b9e500000) (1024K)]
  0x0000021973e324a0 JavaThread "Worker-2"                          [_thread_blocked, id=9812, stack(0x0000001b9e500000,0x0000001b9e600000) (1024K)]
  0x0000021973e33ee0 JavaThread "Java indexing"              daemon [_thread_in_Java, id=13856, stack(0x0000001b9e600000,0x0000001b9e700000) (1024K)]
  0x0000021973e33850 JavaThread "Worker-3"                          [_thread_blocked, id=5336, stack(0x0000001b9e700000,0x0000001b9e800000) (1024K)]
  0x0000021976991e60 JavaThread "Worker-4"                          [_thread_blocked, id=16836, stack(0x0000001b9ea00000,0x0000001b9eb00000) (1024K)]
  0x00000219769952e0 JavaThread "Worker-5: Java indexing... "        [_thread_blocked, id=8404, stack(0x0000001b9eb00000,0x0000001b9ec00000) (1024K)]
  0x0000021976996d20 JavaThread "Worker-6: Building"                [_thread_in_native, id=12488, stack(0x0000001b9ec00000,0x0000001b9ed00000) (1024K)]
  0x0000021976994c50 JavaThread "Thread-2"                   daemon [_thread_in_native, id=2004, stack(0x0000001b9ed00000,0x0000001b9ee00000) (1024K)]
  0x0000021976997a40 JavaThread "Thread-3"                   daemon [_thread_in_native, id=12420, stack(0x0000001b9ee00000,0x0000001b9ef00000) (1024K)]
  0x00000219769973b0 JavaThread "Thread-4"                   daemon [_thread_in_native, id=12500, stack(0x0000001b9ef00000,0x0000001b9f000000) (1024K)]
  0x00000219769980d0 JavaThread "Thread-5"                   daemon [_thread_in_native, id=15768, stack(0x0000001b9f000000,0x0000001b9f100000) (1024K)]
  0x00000219769917d0 JavaThread "Thread-6"                   daemon [_thread_in_native, id=4268, stack(0x0000001b9f100000,0x0000001b9f200000) (1024K)]
  0x0000021976995970 JavaThread "Thread-7"                   daemon [_thread_in_native, id=12196, stack(0x0000001b9f200000,0x0000001b9f300000) (1024K)]
  0x0000021976996000 JavaThread "Thread-8"                   daemon [_thread_in_native, id=4436, stack(0x0000001b9f300000,0x0000001b9f400000) (1024K)]
  0x0000021976993210 JavaThread "Thread-9"                   daemon [_thread_in_native, id=5188, stack(0x0000001b9f400000,0x0000001b9f500000) (1024K)]
  0x00000219769938a0 JavaThread "Thread-10"                  daemon [_thread_in_native, id=20212, stack(0x0000001b9f500000,0x0000001b9f600000) (1024K)]
  0x0000021976993f30 JavaThread "pool-2-thread-1"                   [_thread_blocked, id=14492, stack(0x0000001b9f600000,0x0000001b9f700000) (1024K)]
  0x00000219769924f0 JavaThread "WorkspaceEventsHandler"            [_thread_blocked, id=15124, stack(0x0000001b9f700000,0x0000001b9f800000) (1024K)]
  0x0000021976992b80 JavaThread "pool-1-thread-1"                   [_thread_blocked, id=4680, stack(0x0000001b9f800000,0x0000001b9f900000) (1024K)]
  0x00000219769945c0 JavaThread "Worker-7"                          [_thread_blocked, id=1156, stack(0x0000001b9f900000,0x0000001b9fa00000) (1024K)]
  0x0000021976996690 JavaThread "Worker-8"                          [_thread_blocked, id=16188, stack(0x0000001b9fa00000,0x0000001b9fb00000) (1024K)]
  0x0000021977a6dc90 JavaThread "LocalFile Deleter"          daemon [_thread_blocked, id=8844, stack(0x0000001b9fb00000,0x0000001b9fc00000) (1024K)]
  0x0000021977a6f040 JavaThread "LocalFile Deleter"          daemon [_thread_blocked, id=16256, stack(0x0000001b9fc00000,0x0000001b9fd00000) (1024K)]
  0x0000021977a6f6d0 JavaThread "LocalFile Deleter"          daemon [_thread_blocked, id=1260, stack(0x0000001b9fd00000,0x0000001b9fe00000) (1024K)]
  0x0000021977a70a80 JavaThread "LocalFile Deleter"          daemon [_thread_blocked, id=3484, stack(0x0000001b9fe00000,0x0000001b9ff00000) (1024K)]
  0x0000021977a72b50 JavaThread "LocalFile Deleter"          daemon [_thread_blocked, id=14996, stack(0x0000001b9ff00000,0x0000001ba0000000) (1024K)]
  0x0000021977a71110 JavaThread "LocalFile Deleter"          daemon [_thread_blocked, id=11116, stack(0x0000001ba0000000,0x0000001ba0100000) (1024K)]
  0x0000021977a717a0 JavaThread "LocalFile Deleter"          daemon [_thread_blocked, id=10028, stack(0x0000001ba0100000,0x0000001ba0200000) (1024K)]
  0x0000021977a6e9b0 JavaThread "LocalFile Deleter"          daemon [_thread_blocked, id=17272, stack(0x0000001ba0200000,0x0000001ba0300000) (1024K)]
  0x0000021977a6fd60 JavaThread "Compiler Source File Reader" daemon [_thread_blocked, id=16420, stack(0x0000001ba0300000,0x0000001ba0400000) (1024K)]
  0x0000021977a71e30 JavaThread "Compiler Source File Reader" daemon [_thread_blocked, id=8780, stack(0x0000001ba0400000,0x0000001ba0500000) (1024K)]
  0x0000021977a731e0 JavaThread "Compiler Source File Reader" daemon [_thread_blocked, id=17172, stack(0x0000001ba0500000,0x0000001ba0600000) (1024K)]
  0x0000021977a73870 JavaThread "Compiler Source File Reader" daemon [_thread_blocked, id=16812, stack(0x0000001ba0600000,0x0000001ba0700000) (1024K)]
  0x0000021977a73f00 JavaThread "Compiler Source File Reader" daemon [_thread_blocked, id=11140, stack(0x0000001ba0700000,0x0000001ba0800000) (1024K)]
  0x0000021977a703f0 JavaThread "Compiler Source File Reader" daemon [_thread_blocked, id=12068, stack(0x0000001ba0800000,0x0000001ba0900000) (1024K)]
  0x0000021977a74c20 JavaThread "Compiler Processing Task"   daemon [_thread_blocked, id=668, stack(0x0000001b9e000000,0x0000001b9e100000) (1024K)]
  0x0000021977a752b0 JavaThread "Compiler Class File Writer" daemon [_thread_blocked, id=19272, stack(0x0000001ba0900000,0x0000001ba0a00000) (1024K)]
  0x0000021977a6e320 JavaThread "Compiler Class File Writer" daemon [_thread_blocked, id=16660, stack(0x0000001ba0a00000,0x0000001ba0b00000) (1024K)]
  0x0000021973e331c0 JavaThread "Compiler Class File Writer" daemon [_thread_blocked, id=20128, stack(0x0000001ba0b00000,0x0000001ba0c00000) (1024K)]
  0x0000021976c46f30 JavaThread "Compiler Class File Writer" daemon [_thread_blocked, id=18228, stack(0x0000001ba0c00000,0x0000001ba0d00000) (1024K)]
  0x0000021976c475c0 JavaThread "Compiler Class File Writer" daemon [_thread_blocked, id=10224, stack(0x0000001ba0d00000,0x0000001ba0e00000) (1024K)]
  0x0000021976c482e0 JavaThread "Compiler Class File Writer" daemon [_thread_blocked, id=11528, stack(0x0000001ba0e00000,0x0000001ba0f00000) (1024K)]
Total: 64

Other Threads:
  0x0000021917a9d620 VMThread "VM Thread"                           [id=2800, stack(0x0000001b9c600000,0x0000001b9c700000) (1024K)]
  0x000002192bcaca00 WatcherThread "VM Periodic Task Thread"        [id=16020, stack(0x0000001b9c500000,0x0000001b9c600000) (1024K)]
  0x00000219179fbf30 WorkerThread "GC Thread#0"                     [id=12484, stack(0x0000001b9c400000,0x0000001b9c500000) (1024K)]
  0x00000219737fe9f0 WorkerThread "GC Thread#1"                     [id=16024, stack(0x0000001b9d300000,0x0000001b9d400000) (1024K)]
  0x00000219733a55f0 WorkerThread "GC Thread#2"                     [id=7312, stack(0x0000001b9d400000,0x0000001b9d500000) (1024K)]
  0x000002197399c040 WorkerThread "GC Thread#3"                     [id=10280, stack(0x0000001b9d500000,0x0000001b9d600000) (1024K)]
  0x000002197399c3e0 WorkerThread "GC Thread#4"                     [id=2832, stack(0x0000001b9d600000,0x0000001b9d700000) (1024K)]
  0x000002197399c780 WorkerThread "GC Thread#5"                     [id=13356, stack(0x0000001b9d700000,0x0000001b9d800000) (1024K)]
  0x000002197399cb20 WorkerThread "GC Thread#6"                     [id=3248, stack(0x0000001b9d800000,0x0000001b9d900000) (1024K)]
  0x0000021973621250 WorkerThread "GC Thread#7"                     [id=4984, stack(0x0000001b9db00000,0x0000001b9dc00000) (1024K)]
Total: 10

Threads with active compile tasks:
C2 CompilerThread0  17062 12577       4       java.io.WinNTFileSystem::normalize (224 bytes)
C2 CompilerThread1  17062 12574   !   4       org.codehaus.plexus.interpolation.reflection.ClassMap::findMethod (107 bytes)
C2 CompilerThread2  17062 12547   !   4       org.codehaus.plexus.interpolation.StringSearchInterpolator::interpolate (668 bytes)
Total: 3

VM state: not at safepoint (normal execution)

VM Mutex/Monitor currently owned by a thread: None

Heap address: 0x00000000c0000000, size: 1024 MB, Compressed Oops mode: 32-bit

CDS archive(s) mapped at: [0x000002192c000000-0x000002192cba0000-0x000002192cba0000), size 12189696, SharedBaseAddress: 0x000002192c000000, ArchiveRelocationMode: 1.
Compressed class space mapped at: 0x000002192d000000-0x000002196d000000, reserved size: 1073741824
Narrow klass base: 0x000002192c000000, Narrow klass shift: 0, Narrow klass range: 0x100000000

GC Precious Log:
 CardTable entry size: 512
 CPUs: 8 total, 8 available
 Memory: 7955M
 Large Page Support: Disabled
 NUMA Support: Disabled
 Compressed Oops: Enabled (32-bit)
 Alignments: Space 512K, Generation 512K, Heap 2M
 Heap Min Capacity: 100M
 Heap Initial Capacity: 100M
 Heap Max Capacity: 1G
 Pre-touch: Disabled
 Parallel Workers: 8

Heap:
 PSYoungGen      total 4096K, used 1654K [0x00000000eab00000, 0x00000000eb000000, 0x0000000100000000)
  eden space 3072K, 28% used [0x00000000eab00000,0x00000000eabdcab0,0x00000000eae00000)
  from space 1024K, 75% used [0x00000000eaf00000,0x00000000eafc1120,0x00000000eb000000)
  to   space 1024K, 0% used [0x00000000eae00000,0x00000000eae00000,0x00000000eaf00000)
 ParOldGen       total 245760K, used 230993K [0x00000000c0000000, 0x00000000cf000000, 0x00000000eab00000)
  object space 245760K, 93% used [0x00000000c0000000,0x00000000ce194670,0x00000000cf000000)
 Metaspace       used 61928K, committed 63360K, reserved 1114112K
  class space    used 6185K, committed 6784K, reserved 1048576K

Card table byte_map: [0x0000021917380000,0x0000021917590000] _byte_map_base: 0x0000021916d80000

Marking Bits: (ParMarkBitMap*) 0x00007ffa3fb03260
 Begin Bits: [0x0000021929bd0000, 0x000002192abd0000)
 End Bits:   [0x000002192abd0000, 0x000002192bbd0000)

Polling page: 0x00000219158a0000

Metaspace:

Usage:
  Non-class:     54.44 MB used.
      Class:      6.04 MB used.
       Both:     60.48 MB used.

Virtual space:
  Non-class space:       64.00 MB reserved,      55.25 MB ( 86%) committed,  1 nodes.
      Class space:        1.00 GB reserved,       6.62 MB ( <1%) committed,  1 nodes.
             Both:        1.06 GB reserved,      61.88 MB (  6%) committed. 

Chunk freelists:
   Non-Class:  8.23 MB
       Class:  9.34 MB
        Both:  17.58 MB

MaxMetaspaceSize: unlimited
CompressedClassSpaceSize: 1.00 GB
Initial GC threshold: 21.00 MB
Current GC threshold: 102.75 MB
CDS: on
 - commit_granule_bytes: 65536.
 - commit_granule_words: 8192.
 - virtual_space_node_default_size: 8388608.
 - enlarge_chunks_in_place: 1.
 - use_allocation_guard: 0.


Internal statistics:

num_allocs_failed_limit: 9.
num_arena_births: 1182.
num_arena_deaths: 14.
num_vsnodes_births: 2.
num_vsnodes_deaths: 0.
num_space_committed: 990.
num_space_uncommitted: 0.
num_chunks_returned_to_freelist: 23.
num_chunks_taken_from_freelist: 4165.
num_chunk_merges: 13.
num_chunk_splits: 2517.
num_chunks_enlarged: 1359.
num_inconsistent_stats: 0.

CodeHeap 'non-profiled nmethods': size=120000Kb used=7179Kb max_used=7705Kb free=112820Kb
 bounds [0x00000219226a0000, 0x0000021922e30000, 0x0000021929bd0000]
CodeHeap 'profiled nmethods': size=120000Kb used=23436Kb max_used=27533Kb free=96563Kb
 bounds [0x000002191abd0000, 0x000002191c6c0000, 0x0000021922100000]
CodeHeap 'non-nmethods': size=5760Kb used=1418Kb max_used=1574Kb free=4341Kb
 bounds [0x0000021922100000, 0x0000021922370000, 0x00000219226a0000]
 total_blobs=11197 nmethods=10469 adapters=633
 compilation: enabled
              stopped_count=0, restarted_count=0
 full_count=0

Compilation events (20 events):
Event: 16.983 Thread 0x000002192bda87f0 12571       3       org.eclipse.sisu.inject.RankedSequence$Itr::rank (8 bytes)
Event: 16.983 Thread 0x000002192bda87f0 nmethod 12571 0x000002191b1f7e10 code [0x000002191b1f7fc0, 0x000002191b1f8140]
Event: 16.983 Thread 0x000002192bda87f0 12572       3       org.eclipse.sisu.inject.RankedSequence::uid2rank (10 bytes)
Event: 16.983 Thread 0x000002192bda87f0 nmethod 12572 0x000002191ada5890 code [0x000002191ada5a20, 0x000002191ada5b28]
Event: 16.983 Thread 0x000002192bda87f0 12565       3       org.apache.maven.repository.internal.ArtifactDescriptorUtils::toRepositoryPolicy (52 bytes)
Event: 16.984 Thread 0x000002192bda87f0 nmethod 12565 0x000002191ac07690 code [0x000002191ac07880, 0x000002191ac07cf0]
Event: 16.984 Thread 0x000002192bda87f0 12567       1       org.eclipse.aether.repository.RemoteRepository::getMirroredRepositories (5 bytes)
Event: 16.984 Thread 0x000002192bda87f0 nmethod 12567 0x0000021922c8c610 code [0x0000021922c8c7a0, 0x0000021922c8c868]
Event: 16.987 Thread 0x000002192bda5ca0 12573   !   4       jdk.internal.reflect.DirectMethodHandleAccessor::invoke (92 bytes)
Event: 16.991 Thread 0x000002192bda87f0 12575   !   3       org.apache.maven.model.building.DefaultModelBuilder::importDependencyManagement (1104 bytes)
Event: 17.002 Thread 0x000002192bda5ca0 nmethod 12573 0x0000021922c88610 code [0x0000021922c888e0, 0x0000021922c89278]
Event: 17.002 Thread 0x000002192bda5ca0 12577       4       java.io.WinNTFileSystem::normalize (224 bytes)
Event: 17.006 Thread 0x000002192bda87f0 nmethod 12575 0x000002191bb18810 code [0x000002191bb196e0, 0x000002191bb21878]
Event: 17.006 Thread 0x000002192bda87f0 12578 % !   3       org.eclipse.jdt.internal.compiler.classfmt.ClassFileReader::<init> @ 802 (2135 bytes)
Event: 17.009 Thread 0x000002196e9096b0 nmethod 12568 0x00000219229c9910 code [0x00000219229c9bc0, 0x00000219229caac0]
Event: 17.009 Thread 0x000002196e9096b0 12580       4       java.util.WeakHashMap::put (160 bytes)
Event: 17.024 Thread 0x000002192bda87f0 nmethod 12578% 0x000002191b737a90 code [0x000002191b7385a0, 0x000002191b742218]
Event: 17.024 Thread 0x000002192bda87f0 12579       1       org.apache.maven.model.ActivationFile::getExists (5 bytes)
Event: 17.024 Thread 0x000002192bda87f0 nmethod 12579 0x0000021922c8c310 code [0x0000021922c8c4a0, 0x0000021922c8c568]
Event: 17.024 Thread 0x000002192bda87f0 12576       3       java.util.TreeSet::<init> (10 bytes)

GC Heap History (20 events):
Event: 16.890 GC heap before
{Heap before GC invocations=346 (full 4):
 PSYoungGen      total 4096K, used 3847K [0x00000000eab00000, 0x00000000eb000000, 0x0000000100000000)
  eden space 3072K, 100% used [0x00000000eab00000,0x00000000eae00000,0x00000000eae00000)
  from space 1024K, 75% used [0x00000000eae00000,0x00000000eaec1e20,0x00000000eaf00000)
  to   space 1024K, 0% used [0x00000000eaf00000,0x00000000eaf00000,0x00000000eb000000)
 ParOldGen       total 245760K, used 223749K [0x00000000c0000000, 0x00000000cf000000, 0x00000000eab00000)
  object space 245760K, 91% used [0x00000000c0000000,0x00000000cda81700,0x00000000cf000000)
 Metaspace       used 61863K, committed 63296K, reserved 1114112K
  class space    used 6185K, committed 6784K, reserved 1048576K
}
Event: 16.892 GC heap after
{Heap after GC invocations=346 (full 4):
 PSYoungGen      total 4096K, used 707K [0x00000000eab00000, 0x00000000eb000000, 0x0000000100000000)
  eden space 3072K, 0% used [0x00000000eab00000,0x00000000eab00000,0x00000000eae00000)
  from space 1024K, 69% used [0x00000000eaf00000,0x00000000eafb0d58,0x00000000eb000000)
  to   space 1024K, 0% used [0x00000000eae00000,0x00000000eae00000,0x00000000eaf00000)
 ParOldGen       total 245760K, used 224424K [0x00000000c0000000, 0x00000000cf000000, 0x00000000eab00000)
  object space 245760K, 91% used [0x00000000c0000000,0x00000000cdb2a198,0x00000000cf000000)
 Metaspace       used 61863K, committed 63296K, reserved 1114112K
  class space    used 6185K, committed 6784K, reserved 1048576K
}
Event: 16.906 GC heap before
{Heap before GC invocations=347 (full 4):
 PSYoungGen      total 4096K, used 3779K [0x00000000eab00000, 0x00000000eb000000, 0x0000000100000000)
  eden space 3072K, 100% used [0x00000000eab00000,0x00000000eae00000,0x00000000eae00000)
  from space 1024K, 69% used [0x00000000eaf00000,0x00000000eafb0d58,0x00000000eb000000)
  to   space 1024K, 0% used [0x00000000eae00000,0x00000000eae00000,0x00000000eaf00000)
 ParOldGen       total 245760K, used 224424K [0x00000000c0000000, 0x00000000cf000000, 0x00000000eab00000)
  object space 245760K, 91% used [0x00000000c0000000,0x00000000cdb2a198,0x00000000cf000000)
 Metaspace       used 61866K, committed 63296K, reserved 1114112K
  class space    used 6185K, committed 6784K, reserved 1048576K
}
Event: 16.908 GC heap after
{Heap after GC invocations=347 (full 4):
 PSYoungGen      total 4096K, used 800K [0x00000000eab00000, 0x00000000eb000000, 0x0000000100000000)
  eden space 3072K, 0% used [0x00000000eab00000,0x00000000eab00000,0x00000000eae00000)
  from space 1024K, 78% used [0x00000000eae00000,0x00000000eaec8000,0x00000000eaf00000)
  to   space 1024K, 0% used [0x00000000eaf00000,0x00000000eaf00000,0x00000000eb000000)
 ParOldGen       total 245760K, used 225009K [0x00000000c0000000, 0x00000000cf000000, 0x00000000eab00000)
  object space 245760K, 91% used [0x00000000c0000000,0x00000000cdbbc798,0x00000000cf000000)
 Metaspace       used 61866K, committed 63296K, reserved 1114112K
  class space    used 6185K, committed 6784K, reserved 1048576K
}
Event: 16.921 GC heap before
{Heap before GC invocations=348 (full 4):
 PSYoungGen      total 4096K, used 3872K [0x00000000eab00000, 0x00000000eb000000, 0x0000000100000000)
  eden space 3072K, 100% used [0x00000000eab00000,0x00000000eae00000,0x00000000eae00000)
  from space 1024K, 78% used [0x00000000eae00000,0x00000000eaec8000,0x00000000eaf00000)
  to   space 1024K, 0% used [0x00000000eaf00000,0x00000000eaf00000,0x00000000eb000000)
 ParOldGen       total 245760K, used 225009K [0x00000000c0000000, 0x00000000cf000000, 0x00000000eab00000)
  object space 245760K, 91% used [0x00000000c0000000,0x00000000cdbbc798,0x00000000cf000000)
 Metaspace       used 61869K, committed 63296K, reserved 1114112K
  class space    used 6185K, committed 6784K, reserved 1048576K
}
Event: 16.923 GC heap after
{Heap after GC invocations=348 (full 4):
 PSYoungGen      total 4096K, used 889K [0x00000000eab00000, 0x00000000eb000000, 0x0000000100000000)
  eden space 3072K, 0% used [0x00000000eab00000,0x00000000eab00000,0x00000000eae00000)
  from space 1024K, 86% used [0x00000000eaf00000,0x00000000eafde508,0x00000000eb000000)
  to   space 1024K, 0% used [0x00000000eae00000,0x00000000eae00000,0x00000000eaf00000)
 ParOldGen       total 245760K, used 225569K [0x00000000c0000000, 0x00000000cf000000, 0x00000000eab00000)
  object space 245760K, 91% used [0x00000000c0000000,0x00000000cdc485b8,0x00000000cf000000)
 Metaspace       used 61869K, committed 63296K, reserved 1114112K
  class space    used 6185K, committed 6784K, reserved 1048576K
}
Event: 16.931 GC heap before
{Heap before GC invocations=349 (full 4):
 PSYoungGen      total 4096K, used 3961K [0x00000000eab00000, 0x00000000eb000000, 0x0000000100000000)
  eden space 3072K, 100% used [0x00000000eab00000,0x00000000eae00000,0x00000000eae00000)
  from space 1024K, 86% used [0x00000000eaf00000,0x00000000eafde508,0x00000000eb000000)
  to   space 1024K, 0% used [0x00000000eae00000,0x00000000eae00000,0x00000000eaf00000)
 ParOldGen       total 245760K, used 225569K [0x00000000c0000000, 0x00000000cf000000, 0x00000000eab00000)
  object space 245760K, 91% used [0x00000000c0000000,0x00000000cdc485b8,0x00000000cf000000)
 Metaspace       used 61870K, committed 63296K, reserved 1114112K
  class space    used 6185K, committed 6784K, reserved 1048576K
}
Event: 16.935 GC heap after
{Heap after GC invocations=349 (full 4):
 PSYoungGen      total 4096K, used 928K [0x00000000eab00000, 0x00000000eb000000, 0x0000000100000000)
  eden space 3072K, 0% used [0x00000000eab00000,0x00000000eab00000,0x00000000eae00000)
  from space 1024K, 90% used [0x00000000eae00000,0x00000000eaee8000,0x00000000eaf00000)
  to   space 1024K, 0% used [0x00000000eaf00000,0x00000000eaf00000,0x00000000eb000000)
 ParOldGen       total 245760K, used 226330K [0x00000000c0000000, 0x00000000cf000000, 0x00000000eab00000)
  object space 245760K, 92% used [0x00000000c0000000,0x00000000cdd06a98,0x00000000cf000000)
 Metaspace       used 61870K, committed 63296K, reserved 1114112K
  class space    used 6185K, committed 6784K, reserved 1048576K
}
Event: 16.944 GC heap before
{Heap before GC invocations=350 (full 4):
 PSYoungGen      total 4096K, used 4000K [0x00000000eab00000, 0x00000000eb000000, 0x0000000100000000)
  eden space 3072K, 100% used [0x00000000eab00000,0x00000000eae00000,0x00000000eae00000)
  from space 1024K, 90% used [0x00000000eae00000,0x00000000eaee8000,0x00000000eaf00000)
  to   space 1024K, 0% used [0x00000000eaf00000,0x00000000eaf00000,0x00000000eb000000)
 ParOldGen       total 245760K, used 226330K [0x00000000c0000000, 0x00000000cf000000, 0x00000000eab00000)
  object space 245760K, 92% used [0x00000000c0000000,0x00000000cdd06a98,0x00000000cf000000)
 Metaspace       used 61870K, committed 63296K, reserved 1114112K
  class space    used 6185K, committed 6784K, reserved 1048576K
}
Event: 16.946 GC heap after
{Heap after GC invocations=350 (full 4):
 PSYoungGen      total 4096K, used 832K [0x00000000eab00000, 0x00000000eb000000, 0x0000000100000000)
  eden space 3072K, 0% used [0x00000000eab00000,0x00000000eab00000,0x00000000eae00000)
  from space 1024K, 81% used [0x00000000eaf00000,0x00000000eafd0020,0x00000000eb000000)
  to   space 1024K, 0% used [0x00000000eae00000,0x00000000eae00000,0x00000000eaf00000)
 ParOldGen       total 245760K, used 227163K [0x00000000c0000000, 0x00000000cf000000, 0x00000000eab00000)
  object space 245760K, 92% used [0x00000000c0000000,0x00000000cddd6dd0,0x00000000cf000000)
 Metaspace       used 61870K, committed 63296K, reserved 1114112K
  class space    used 6185K, committed 6784K, reserved 1048576K
}
Event: 16.958 GC heap before
{Heap before GC invocations=351 (full 4):
 PSYoungGen      total 4096K, used 3904K [0x00000000eab00000, 0x00000000eb000000, 0x0000000100000000)
  eden space 3072K, 100% used [0x00000000eab00000,0x00000000eae00000,0x00000000eae00000)
  from space 1024K, 81% used [0x00000000eaf00000,0x00000000eafd0020,0x00000000eb000000)
  to   space 1024K, 0% used [0x00000000eae00000,0x00000000eae00000,0x00000000eaf00000)
 ParOldGen       total 245760K, used 227163K [0x00000000c0000000, 0x00000000cf000000, 0x00000000eab00000)
  object space 245760K, 92% used [0x00000000c0000000,0x00000000cddd6dd0,0x00000000cf000000)
 Metaspace       used 61872K, committed 63296K, reserved 1114112K
  class space    used 6185K, committed 6784K, reserved 1048576K
}
Event: 16.959 GC heap after
{Heap after GC invocations=351 (full 4):
 PSYoungGen      total 4096K, used 768K [0x00000000eab00000, 0x00000000eb000000, 0x0000000100000000)
  eden space 3072K, 0% used [0x00000000eab00000,0x00000000eab00000,0x00000000eae00000)
  from space 1024K, 75% used [0x00000000eae00000,0x00000000eaec0280,0x00000000eaf00000)
  to   space 1024K, 0% used [0x00000000eaf00000,0x00000000eaf00000,0x00000000eb000000)
 ParOldGen       total 245760K, used 227761K [0x00000000c0000000, 0x00000000cf000000, 0x00000000eab00000)
  object space 245760K, 92% used [0x00000000c0000000,0x00000000cde6c528,0x00000000cf000000)
 Metaspace       used 61872K, committed 63296K, reserved 1114112K
  class space    used 6185K, committed 6784K, reserved 1048576K
}
Event: 16.969 GC heap before
{Heap before GC invocations=352 (full 4):
 PSYoungGen      total 4096K, used 3840K [0x00000000eab00000, 0x00000000eb000000, 0x0000000100000000)
  eden space 3072K, 100% used [0x00000000eab00000,0x00000000eae00000,0x00000000eae00000)
  from space 1024K, 75% used [0x00000000eae00000,0x00000000eaec0280,0x00000000eaf00000)
  to   space 1024K, 0% used [0x00000000eaf00000,0x00000000eaf00000,0x00000000eb000000)
 ParOldGen       total 245760K, used 227761K [0x00000000c0000000, 0x00000000cf000000, 0x00000000eab00000)
  object space 245760K, 92% used [0x00000000c0000000,0x00000000cde6c528,0x00000000cf000000)
 Metaspace       used 61875K, committed 63296K, reserved 1114112K
  class space    used 6185K, committed 6784K, reserved 1048576K
}
Event: 16.971 GC heap after
{Heap after GC invocations=352 (full 4):
 PSYoungGen      total 4096K, used 771K [0x00000000eab00000, 0x00000000eb000000, 0x0000000100000000)
  eden space 3072K, 0% used [0x00000000eab00000,0x00000000eab00000,0x00000000eae00000)
  from space 1024K, 75% used [0x00000000eaf00000,0x00000000eafc0c98,0x00000000eb000000)
  to   space 1024K, 0% used [0x00000000eae00000,0x00000000eae00000,0x00000000eaf00000)
 ParOldGen       total 245760K, used 228339K [0x00000000c0000000, 0x00000000cf000000, 0x00000000eab00000)
  object space 245760K, 92% used [0x00000000c0000000,0x00000000cdefcd90,0x00000000cf000000)
 Metaspace       used 61875K, committed 63296K, reserved 1114112K
  class space    used 6185K, committed 6784K, reserved 1048576K
}
Event: 16.979 GC heap before
{Heap before GC invocations=353 (full 4):
 PSYoungGen      total 4096K, used 3843K [0x00000000eab00000, 0x00000000eb000000, 0x0000000100000000)
  eden space 3072K, 100% used [0x00000000eab00000,0x00000000eae00000,0x00000000eae00000)
  from space 1024K, 75% used [0x00000000eaf00000,0x00000000eafc0c98,0x00000000eb000000)
  to   space 1024K, 0% used [0x00000000eae00000,0x00000000eae00000,0x00000000eaf00000)
 ParOldGen       total 245760K, used 228339K [0x00000000c0000000, 0x00000000cf000000, 0x00000000eab00000)
  object space 245760K, 92% used [0x00000000c0000000,0x00000000cdefcd90,0x00000000cf000000)
 Metaspace       used 61885K, committed 63296K, reserved 1114112K
  class space    used 6185K, committed 6784K, reserved 1048576K
}
Event: 16.980 GC heap after
{Heap after GC invocations=353 (full 4):
 PSYoungGen      total 4096K, used 768K [0x00000000eab00000, 0x00000000eb000000, 0x0000000100000000)
  eden space 3072K, 0% used [0x00000000eab00000,0x00000000eab00000,0x00000000eae00000)
  from space 1024K, 75% used [0x00000000eae00000,0x00000000eaec0000,0x00000000eaf00000)
  to   space 1024K, 0% used [0x00000000eaf00000,0x00000000eaf00000,0x00000000eb000000)
 ParOldGen       total 245760K, used 228946K [0x00000000c0000000, 0x00000000cf000000, 0x00000000eab00000)
  object space 245760K, 93% used [0x00000000c0000000,0x00000000cdf94bf8,0x00000000cf000000)
 Metaspace       used 61885K, committed 63296K, reserved 1114112K
  class space    used 6185K, committed 6784K, reserved 1048576K
}
Event: 16.994 GC heap before
{Heap before GC invocations=354 (full 4):
 PSYoungGen      total 4096K, used 3840K [0x00000000eab00000, 0x00000000eb000000, 0x0000000100000000)
  eden space 3072K, 100% used [0x00000000eab00000,0x00000000eae00000,0x00000000eae00000)
  from space 1024K, 75% used [0x00000000eae00000,0x00000000eaec0000,0x00000000eaf00000)
  to   space 1024K, 0% used [0x00000000eaf00000,0x00000000eaf00000,0x00000000eb000000)
 ParOldGen       total 245760K, used 228946K [0x00000000c0000000, 0x00000000cf000000, 0x00000000eab00000)
  object space 245760K, 93% used [0x00000000c0000000,0x00000000cdf94bf8,0x00000000cf000000)
 Metaspace       used 61918K, committed 63360K, reserved 1114112K
  class space    used 6185K, committed 6784K, reserved 1048576K
}
Event: 16.996 GC heap after
{Heap after GC invocations=354 (full 4):
 PSYoungGen      total 4096K, used 822K [0x00000000eab00000, 0x00000000eb000000, 0x0000000100000000)
  eden space 3072K, 0% used [0x00000000eab00000,0x00000000eab00000,0x00000000eae00000)
  from space 1024K, 80% used [0x00000000eaf00000,0x00000000eafcda58,0x00000000eb000000)
  to   space 1024K, 0% used [0x00000000eae00000,0x00000000eae00000,0x00000000eaf00000)
 ParOldGen       total 245760K, used 229537K [0x00000000c0000000, 0x00000000cf000000, 0x00000000eab00000)
  object space 245760K, 93% used [0x00000000c0000000,0x00000000ce028550,0x00000000cf000000)
 Metaspace       used 61918K, committed 63360K, reserved 1114112K
  class space    used 6185K, committed 6784K, reserved 1048576K
}
Event: 17.011 GC heap before
{Heap before GC invocations=355 (full 4):
 PSYoungGen      total 4096K, used 3894K [0x00000000eab00000, 0x00000000eb000000, 0x0000000100000000)
  eden space 3072K, 99% used [0x00000000eab00000,0x00000000eadffff0,0x00000000eae00000)
  from space 1024K, 80% used [0x00000000eaf00000,0x00000000eafcda58,0x00000000eb000000)
  to   space 1024K, 0% used [0x00000000eae00000,0x00000000eae00000,0x00000000eaf00000)
 ParOldGen       total 245760K, used 229537K [0x00000000c0000000, 0x00000000cf000000, 0x00000000eab00000)
  object space 245760K, 93% used [0x00000000c0000000,0x00000000ce028550,0x00000000cf000000)
 Metaspace       used 61923K, committed 63360K, reserved 1114112K
  class space    used 6185K, committed 6784K, reserved 1048576K
}
Event: 17.013 GC heap after
{Heap after GC invocations=355 (full 4):
 PSYoungGen      total 4096K, used 1003K [0x00000000eab00000, 0x00000000eb000000, 0x0000000100000000)
  eden space 3072K, 0% used [0x00000000eab00000,0x00000000eab00000,0x00000000eae00000)
  from space 1024K, 98% used [0x00000000eae00000,0x00000000eaefae20,0x00000000eaf00000)
  to   space 1024K, 0% used [0x00000000eaf00000,0x00000000eaf00000,0x00000000eb000000)
 ParOldGen       total 245760K, used 230198K [0x00000000c0000000, 0x00000000cf000000, 0x00000000eab00000)
  object space 245760K, 93% used [0x00000000c0000000,0x00000000ce0cdb90,0x00000000cf000000)
 Metaspace       used 61923K, committed 63360K, reserved 1114112K
  class space    used 6185K, committed 6784K, reserved 1048576K
}

Dll operation events (10 events):
Event: 0.011 Loaded shared library c:\Users\Enfal\.cursor\extensions\redhat.java-1.41.1-win32-x64\jre\21.0.6-win32-x86_64\bin\java.dll
Event: 0.048 Loaded shared library c:\Users\Enfal\.cursor\extensions\redhat.java-1.41.1-win32-x64\jre\21.0.6-win32-x86_64\bin\zip.dll
Event: 0.118 Loaded shared library C:\Users\Enfal\.cursor\extensions\redhat.java-1.41.1-win32-x64\jre\21.0.6-win32-x86_64\bin\instrument.dll
Event: 0.122 Loaded shared library C:\Users\Enfal\.cursor\extensions\redhat.java-1.41.1-win32-x64\jre\21.0.6-win32-x86_64\bin\net.dll
Event: 0.126 Loaded shared library C:\Users\Enfal\.cursor\extensions\redhat.java-1.41.1-win32-x64\jre\21.0.6-win32-x86_64\bin\nio.dll
Event: 0.130 Loaded shared library C:\Users\Enfal\.cursor\extensions\redhat.java-1.41.1-win32-x64\jre\21.0.6-win32-x86_64\bin\zip.dll
Event: 0.150 Loaded shared library C:\Users\Enfal\.cursor\extensions\redhat.java-1.41.1-win32-x64\jre\21.0.6-win32-x86_64\bin\jimage.dll
Event: 0.237 Loaded shared library c:\Users\Enfal\.cursor\extensions\redhat.java-1.41.1-win32-x64\jre\21.0.6-win32-x86_64\bin\verify.dll
Event: 1.304 Loaded shared library C:\Users\Enfal\AppData\Roaming\Cursor\User\globalStorage\redhat.java\1.41.1\config_win\org.eclipse.equinox.launcher\org.eclipse.equinox.launcher.win32.win32.x86_64_1.2.1300.v20250331-1702\eclipse_11911.dll
Event: 2.556 Loaded shared library C:\Users\Enfal\AppData\Local\Temp\jna-67101096\jna13805648661735461834.dll

Deoptimization events (20 events):
Event: 16.137 Thread 0x0000021976996d20 DEOPT PACKING pc=0x0000021922e1dd84 sp=0x0000001b9ecfc260
Event: 16.137 Thread 0x0000021976996d20 DEOPT UNPACKING pc=0x0000021922153aa2 sp=0x0000001b9ecfc1f0 mode 2
Event: 16.446 Thread 0x0000021976996d20 DEOPT PACKING pc=0x000002191c5dfacd sp=0x0000001b9ecfcb10
Event: 16.446 Thread 0x0000021976996d20 DEOPT UNPACKING pc=0x0000021922154242 sp=0x0000001b9ecfc048 mode 0
Event: 16.485 Thread 0x0000021976996d20 Uncommon trap: trap_request=0xffffffe4 fr.pc=0x00000219229c8b64 relative=0x0000000000000244
Event: 16.485 Thread 0x0000021976996d20 Uncommon trap: reason=range_check action=make_not_entrant pc=0x00000219229c8b64 method=java.util.LinkedHashMap.valuesToArray([Ljava/lang/Object;Z)[Ljava/lang/Object; @ 67 c2
Event: 16.485 Thread 0x0000021976996d20 DEOPT PACKING pc=0x00000219229c8b64 sp=0x0000001b9ecfce00
Event: 16.485 Thread 0x0000021976996d20 DEOPT UNPACKING pc=0x0000021922153aa2 sp=0x0000001b9ecfcd80 mode 2
Event: 16.568 Thread 0x0000021976996d20 DEOPT PACKING pc=0x000002191b8ba8de sp=0x0000001b9ecfc870
Event: 16.568 Thread 0x0000021976996d20 DEOPT UNPACKING pc=0x0000021922154242 sp=0x0000001b9ecfbd78 mode 0
Event: 16.717 Thread 0x0000021976996d20 Uncommon trap: trap_request=0xffffff45 fr.pc=0x0000021922b16e90 relative=0x0000000000000070
Event: 16.717 Thread 0x0000021976996d20 Uncommon trap: reason=unstable_if action=reinterpret pc=0x0000021922b16e90 method=java.lang.CharacterDataLatin1.equalsIgnoreCase(BB)Z @ 24 c2
Event: 16.717 Thread 0x0000021976996d20 DEOPT PACKING pc=0x0000021922b16e90 sp=0x0000001b9ecfcf80
Event: 16.717 Thread 0x0000021976996d20 DEOPT UNPACKING pc=0x0000021922153aa2 sp=0x0000001b9ecfcf10 mode 2
Event: 16.992 Thread 0x0000021976996d20 DEOPT PACKING pc=0x000002191b1e5d39 sp=0x0000001b9ecfca40
Event: 16.992 Thread 0x0000021976996d20 DEOPT UNPACKING pc=0x0000021922154242 sp=0x0000001b9ecfbf40 mode 0
Event: 16.992 Thread 0x0000021973e33ee0 Uncommon trap: trap_request=0xffffff45 fr.pc=0x0000021922a92484 relative=0x00000000000047c4
Event: 16.992 Thread 0x0000021973e33ee0 Uncommon trap: reason=unstable_if action=reinterpret pc=0x0000021922a92484 method=org.eclipse.jdt.internal.compiler.classfmt.ClassFileReader.<init>([B[CZ)V @ 2050 c2
Event: 16.992 Thread 0x0000021973e33ee0 DEOPT PACKING pc=0x0000021922a92484 sp=0x0000001b9e6fe830
Event: 16.992 Thread 0x0000021973e33ee0 DEOPT UNPACKING pc=0x0000021922153aa2 sp=0x0000001b9e6fe7e0 mode 2

Classes loaded (20 events):
Event: 12.545 Loading class java/util/stream/IntStream done
Event: 12.545 Loading class java/util/stream/IntPipeline done
Event: 12.545 Loading class java/util/stream/IntPipeline$StatelessOp done
Event: 12.545 Loading class java/util/stream/ReferencePipeline$4 done
Event: 12.546 Loading class java/util/stream/Nodes$IntFixedNodeBuilder
Event: 12.546 Loading class java/util/stream/Node$Builder$OfInt
Event: 12.546 Loading class java/util/stream/Sink$OfInt
Event: 12.546 Loading class java/util/stream/Sink$OfInt done
Event: 12.546 Loading class java/util/stream/Node$Builder$OfInt done
Event: 12.546 Loading class java/util/stream/Nodes$IntArrayNode
Event: 12.547 Loading class java/util/stream/Nodes$IntArrayNode done
Event: 12.547 Loading class java/util/stream/Nodes$IntFixedNodeBuilder done
Event: 12.547 Loading class java/util/stream/ReferencePipeline$4$1
Event: 12.547 Loading class java/util/stream/ReferencePipeline$4$1 done
Event: 14.890 Loading class jdk/internal/module/IllegalAccessLogger
Event: 14.890 Loading class jdk/internal/module/IllegalAccessLogger done
Event: 15.574 Loading class java/util/stream/IntPipeline$Head
Event: 15.575 Loading class java/util/stream/IntPipeline$Head done
Event: 15.691 Loading class java/util/stream/Streams$RangeIntSpliterator
Event: 15.691 Loading class java/util/stream/Streams$RangeIntSpliterator done

Classes unloaded (7 events):
Event: 3.076 Thread 0x0000021917a9d620 Unloading class 0x000002192d19f800 'java/lang/invoke/LambdaForm$MH+0x000002192d19f800'
Event: 3.076 Thread 0x0000021917a9d620 Unloading class 0x000002192d19f400 'java/lang/invoke/LambdaForm$MH+0x000002192d19f400'
Event: 3.076 Thread 0x0000021917a9d620 Unloading class 0x000002192d19f000 'java/lang/invoke/LambdaForm$MH+0x000002192d19f000'
Event: 3.076 Thread 0x0000021917a9d620 Unloading class 0x000002192d19ec00 'java/lang/invoke/LambdaForm$MH+0x000002192d19ec00'
Event: 3.076 Thread 0x0000021917a9d620 Unloading class 0x000002192d19e800 'java/lang/invoke/LambdaForm$BMH+0x000002192d19e800'
Event: 3.076 Thread 0x0000021917a9d620 Unloading class 0x000002192d19e400 'java/lang/invoke/LambdaForm$DMH+0x000002192d19e400'
Event: 3.076 Thread 0x0000021917a9d620 Unloading class 0x000002192d19d400 'java/lang/invoke/LambdaForm$DMH+0x000002192d19d400'

Classes redefined (0 events):
No events

Internal exceptions (20 events):
Event: 8.595 Thread 0x0000021973e33ee0 Implicit null exception at 0x0000021922ad3b60 to 0x0000021922ad8d88
Event: 9.517 Thread 0x0000021976996d20 Exception <a 'java/lang/NoSuchMethodError'{0x00000000eab135a0}: 'java.lang.Object java.lang.invoke.DirectMethodHandle$Holder.invokeStatic(java.lang.Object, java.lang.Object, int, int)'> (0x00000000eab135a0) 
thrown [s\src\hotspot\share\interpreter\linkResolver.cpp, line 773]
Event: 9.520 Thread 0x0000021976996d20 Exception <a 'java/lang/NoSuchMethodError'{0x00000000eacd5a50}: 'java.lang.Object java.lang.invoke.DirectMethodHandle$Holder.invokeSpecial(java.lang.Object, java.lang.Object, java.lang.Object, int, int)'> (0x00000000eacd5a50) 
thrown [s\src\hotspot\share\interpreter\linkResolver.cpp, line 773]
Event: 9.757 Thread 0x0000021976996d20 Implicit null exception at 0x0000021922b2aca5 to 0x0000021922b2b040
Event: 11.074 Thread 0x0000021976996d20 Exception <a 'java/lang/NoSuchMethodError'{0x00000000eabadaf8}: 'int java.lang.invoke.DirectMethodHandle$Holder.invokeSpecialIFC(java.lang.Object, java.lang.Object, java.lang.Object)'> (0x00000000eabadaf8) 
thrown [s\src\hotspot\share\interpreter\linkResolver.cpp, line 773]
Event: 11.510 Thread 0x0000021976996d20 Implicit null exception at 0x0000021922994d4f to 0x0000021922994ebc
Event: 12.361 Thread 0x0000021977a74c20 Implicit null exception at 0x0000021922bd3460 to 0x0000021922bd39fc
Event: 12.374 Thread 0x0000021977a74c20 Exception <a 'java/lang/NoSuchMethodError'{0x00000000eac5f158}: 'void java.lang.invoke.DirectMethodHandle$Holder.invokeStatic(java.lang.Object, int, java.lang.Object)'> (0x00000000eac5f158) 
thrown [s\src\hotspot\share\interpreter\linkResolver.cpp, line 773]
Event: 12.424 Thread 0x0000021976996d20 Exception <a 'java/lang/NoSuchMethodError'{0x00000000eaead7f8}: 'java.lang.Object java.lang.invoke.DirectMethodHandle$Holder.newInvokeSpecial(java.lang.Object, java.lang.Object, int, int, java.lang.Object)'> (0x00000000eaead7f8) 
thrown [s\src\hotspot\share\interpreter\linkResolver.cpp, line 773]
Event: 13.589 Thread 0x0000021977a74c20 Implicit null exception at 0x0000021922cd55c0 to 0x0000021922cd5748
Event: 14.763 Thread 0x0000021976996d20 Exception <a 'sun/nio/fs/WindowsException'{0x00000000eabe7110}> (0x00000000eabe7110) 
thrown [s\src\hotspot\share\prims\jni.cpp, line 520]
Event: 14.764 Thread 0x0000021977a6dc90 Exception <a 'sun/nio/fs/WindowsException'{0x00000000eabe8bf0}> (0x00000000eabe8bf0) 
thrown [s\src\hotspot\share\prims\jni.cpp, line 520]
Event: 14.767 Thread 0x0000021977a6dc90 Exception <a 'sun/nio/fs/WindowsException'{0x00000000eabea040}> (0x00000000eabea040) 
thrown [s\src\hotspot\share\prims\jni.cpp, line 520]
Event: 14.872 Thread 0x0000021976996d20 Implicit null exception at 0x0000021922851021 to 0x0000021922851090
Event: 14.908 Thread 0x0000021976996d20 Exception <a 'sun/nio/fs/WindowsException'{0x00000000eabaad88}> (0x00000000eabaad88) 
thrown [s\src\hotspot\share\prims\jni.cpp, line 520]
Event: 14.908 Thread 0x0000021976996d20 Exception <a 'sun/nio/fs/WindowsException'{0x00000000eabab3b8}> (0x00000000eabab3b8) 
thrown [s\src\hotspot\share\prims\jni.cpp, line 520]
Event: 14.909 Thread 0x0000021976996d20 Exception <a 'sun/nio/fs/WindowsException'{0x00000000eababfa0}> (0x00000000eababfa0) 
thrown [s\src\hotspot\share\prims\jni.cpp, line 520]
Event: 14.909 Thread 0x0000021976996d20 Exception <a 'sun/nio/fs/WindowsException'{0x00000000eabac5d0}> (0x00000000eabac5d0) 
thrown [s\src\hotspot\share\prims\jni.cpp, line 520]
Event: 15.575 Thread 0x0000021976996d20 Exception <a 'java/lang/NoSuchMethodError'{0x00000000ead3d100}: 'void java.lang.invoke.DirectMethodHandle$Holder.invokeStatic(java.lang.Object, java.lang.Object, java.lang.Object, int)'> (0x00000000ead3d100) 
thrown [s\src\hotspot\share\interpreter\linkResolver.cpp, line 773]
Event: 15.591 Thread 0x0000021976996d20 Exception <a 'java/lang/NoSuchMethodError'{0x00000000eacdd9c8}: 'void java.lang.invoke.DirectMethodHandle$Holder.invokeVirtual(java.lang.Object, java.lang.Object, int)'> (0x00000000eacdd9c8) 
thrown [s\src\hotspot\share\interpreter\linkResolver.cpp, line 773]

ZGC Phase Switch (0 events):
No events

VM Operations (20 events):
Event: 16.890 Executing VM operation: ParallelGCFailedAllocation (Allocation Failure)
Event: 16.892 Executing VM operation: ParallelGCFailedAllocation (Allocation Failure) done
Event: 16.906 Executing VM operation: ParallelGCFailedAllocation (Allocation Failure)
Event: 16.908 Executing VM operation: ParallelGCFailedAllocation (Allocation Failure) done
Event: 16.921 Executing VM operation: ParallelGCFailedAllocation (Allocation Failure)
Event: 16.923 Executing VM operation: ParallelGCFailedAllocation (Allocation Failure) done
Event: 16.930 Executing VM operation: ParallelGCFailedAllocation (Allocation Failure)
Event: 16.935 Executing VM operation: ParallelGCFailedAllocation (Allocation Failure) done
Event: 16.944 Executing VM operation: ParallelGCFailedAllocation (Allocation Failure)
Event: 16.946 Executing VM operation: ParallelGCFailedAllocation (Allocation Failure) done
Event: 16.958 Executing VM operation: ParallelGCFailedAllocation (Allocation Failure)
Event: 16.959 Executing VM operation: ParallelGCFailedAllocation (Allocation Failure) done
Event: 16.969 Executing VM operation: ParallelGCFailedAllocation (Allocation Failure)
Event: 16.971 Executing VM operation: ParallelGCFailedAllocation (Allocation Failure) done
Event: 16.979 Executing VM operation: ParallelGCFailedAllocation (Allocation Failure)
Event: 16.980 Executing VM operation: ParallelGCFailedAllocation (Allocation Failure) done
Event: 16.994 Executing VM operation: ParallelGCFailedAllocation (Allocation Failure)
Event: 16.996 Executing VM operation: ParallelGCFailedAllocation (Allocation Failure) done
Event: 17.010 Executing VM operation: ParallelGCFailedAllocation (Allocation Failure)
Event: 17.013 Executing VM operation: ParallelGCFailedAllocation (Allocation Failure) done

Memory protections (0 events):
No events

Nmethod flushes (20 events):
Event: 16.266 Thread 0x0000021917a9d620 flushing  nmethod 0x000002191bed9a10
Event: 16.266 Thread 0x0000021917a9d620 flushing  nmethod 0x000002191bedb790
Event: 16.266 Thread 0x0000021917a9d620 flushing  nmethod 0x000002191bf06590
Event: 16.266 Thread 0x0000021917a9d620 flushing  nmethod 0x000002191bf1b090
Event: 16.266 Thread 0x0000021917a9d620 flushing  nmethod 0x000002191bf22990
Event: 16.266 Thread 0x0000021917a9d620 flushing  nmethod 0x000002191bf2f190
Event: 16.266 Thread 0x0000021917a9d620 flushing  nmethod 0x000002191bf39290
Event: 16.266 Thread 0x0000021917a9d620 flushing  nmethod 0x000002191bf3e810
Event: 16.266 Thread 0x0000021917a9d620 flushing  nmethod 0x000002191bf93610
Event: 16.266 Thread 0x0000021917a9d620 flushing  nmethod 0x000002191bf96210
Event: 16.266 Thread 0x0000021917a9d620 flushing  nmethod 0x000002191bf97e90
Event: 16.266 Thread 0x0000021917a9d620 flushing  nmethod 0x000002191bfd0f90
Event: 16.266 Thread 0x0000021917a9d620 flushing  nmethod 0x000002191bfe8b90
Event: 16.266 Thread 0x0000021917a9d620 flushing  nmethod 0x000002191bfe9010
Event: 16.266 Thread 0x0000021917a9d620 flushing  nmethod 0x000002191bff4810
Event: 16.266 Thread 0x0000021917a9d620 flushing  nmethod 0x000002191bff4b10
Event: 16.266 Thread 0x0000021917a9d620 flushing  nmethod 0x000002191bff9c90
Event: 16.266 Thread 0x0000021917a9d620 flushing  nmethod 0x000002191c008110
Event: 16.266 Thread 0x0000021917a9d620 flushing  nmethod 0x000002191c008410
Event: 16.266 Thread 0x0000021917a9d620 flushing osr nmethod 0x000002191c022210

Events (20 events):
Event: 7.256 Thread 0x0000021977a6dc90 Thread added: 0x0000021977a6f6d0
Event: 7.257 Thread 0x0000021977a6f6d0 Thread added: 0x0000021977a70a80
Event: 7.257 Thread 0x0000021977a6f040 Thread added: 0x0000021977a72b50
Event: 7.257 Thread 0x0000021977a70a80 Thread added: 0x0000021977a71110
Event: 7.257 Thread 0x0000021977a72b50 Thread added: 0x0000021977a717a0
Event: 7.258 Thread 0x0000021977a6f6d0 Thread added: 0x0000021977a6e9b0
Event: 7.399 Thread 0x0000021976996d20 Thread added: 0x0000021977a6fd60
Event: 7.399 Thread 0x0000021976996d20 Thread added: 0x0000021977a71e30
Event: 7.399 Thread 0x0000021976996d20 Thread added: 0x0000021977a731e0
Event: 7.399 Thread 0x0000021976996d20 Thread added: 0x0000021977a73870
Event: 7.399 Thread 0x0000021976996d20 Thread added: 0x0000021977a73f00
Event: 7.399 Thread 0x0000021976996d20 Thread added: 0x0000021977a703f0
Event: 8.164 Thread 0x0000021973e331c0 Thread exited: 0x0000021973e331c0
Event: 12.296 Thread 0x0000021976996d20 Thread added: 0x0000021977a74c20
Event: 12.426 Thread 0x0000021976996d20 Thread added: 0x0000021977a752b0
Event: 12.455 Thread 0x0000021976996d20 Thread added: 0x0000021977a6e320
Event: 12.478 Thread 0x0000021976996d20 Thread added: 0x0000021973e331c0
Event: 12.479 Thread 0x0000021976996d20 Thread added: 0x0000021976c46f30
Event: 12.489 Thread 0x0000021976996d20 Thread added: 0x0000021976c475c0
Event: 12.490 Thread 0x0000021976996d20 Thread added: 0x0000021976c482e0


Dynamic libraries:
0x00007ff6b1740000 - 0x00007ff6b174e000 	c:\Users\Enfal\.cursor\extensions\redhat.java-1.41.1-win32-x64\jre\21.0.6-win32-x86_64\bin\java.exe
0x00007ffaacdb0000 - 0x00007ffaacfc7000 	C:\WINDOWS\SYSTEM32\ntdll.dll
0x00007ffaaba10000 - 0x00007ffaabad4000 	C:\WINDOWS\System32\KERNEL32.DLL
0x00007ffaaa180000 - 0x00007ffaaa553000 	C:\WINDOWS\System32\KERNELBASE.dll
0x00007ffaa9ec0000 - 0x00007ffaa9fd1000 	C:\WINDOWS\System32\ucrtbase.dll
0x00007ffa9a170000 - 0x00007ffa9a188000 	c:\Users\Enfal\.cursor\extensions\redhat.java-1.41.1-win32-x64\jre\21.0.6-win32-x86_64\bin\jli.dll
0x00007ffa9a390000 - 0x00007ffa9a3ae000 	c:\Users\Enfal\.cursor\extensions\redhat.java-1.41.1-win32-x64\jre\21.0.6-win32-x86_64\bin\VCRUNTIME140.dll
0x00007ffaac050000 - 0x00007ffaac201000 	C:\WINDOWS\System32\USER32.dll
0x00007ffaa9fe0000 - 0x00007ffaaa006000 	C:\WINDOWS\System32\win32u.dll
0x00007ffa961a0000 - 0x00007ffa96438000 	C:\WINDOWS\WinSxS\amd64_microsoft.windows.common-controls_6595b64144ccf1df_6.0.22621.5124_none_270e8f4f7386d69d\COMCTL32.dll
0x00007ffaab9b0000 - 0x00007ffaab9d9000 	C:\WINDOWS\System32\GDI32.dll
0x00007ffaab3f0000 - 0x00007ffaab497000 	C:\WINDOWS\System32\msvcrt.dll
0x00007ffaaa830000 - 0x00007ffaaa94b000 	C:\WINDOWS\System32\gdi32full.dll
0x00007ffaaa790000 - 0x00007ffaaa82a000 	C:\WINDOWS\System32\msvcp_win.dll
0x00007ffaaab00000 - 0x00007ffaaab31000 	C:\WINDOWS\System32\IMM32.DLL
0x00007ffaa3f50000 - 0x00007ffaa3f5c000 	c:\Users\Enfal\.cursor\extensions\redhat.java-1.41.1-win32-x64\jre\21.0.6-win32-x86_64\bin\vcruntime140_1.dll
0x00007ffa821b0000 - 0x00007ffa8223d000 	c:\Users\Enfal\.cursor\extensions\redhat.java-1.41.1-win32-x64\jre\21.0.6-win32-x86_64\bin\msvcp140.dll
0x00007ffa3ee50000 - 0x00007ffa3fbe0000 	c:\Users\Enfal\.cursor\extensions\redhat.java-1.41.1-win32-x64\jre\21.0.6-win32-x86_64\bin\server\jvm.dll
0x00007ffaab4a0000 - 0x00007ffaab551000 	C:\WINDOWS\System32\ADVAPI32.dll
0x00007ffaaaa50000 - 0x00007ffaaaaf8000 	C:\WINDOWS\System32\sechost.dll
0x00007ffaaa620000 - 0x00007ffaaa648000 	C:\WINDOWS\System32\bcrypt.dll
0x00007ffaac810000 - 0x00007ffaac924000 	C:\WINDOWS\System32\RPCRT4.dll
0x00007ffaac620000 - 0x00007ffaac691000 	C:\WINDOWS\System32\WS2_32.dll
0x00007ffaa9d90000 - 0x00007ffaa9ddd000 	C:\WINDOWS\SYSTEM32\POWRPROF.dll
0x00007ffaa4b80000 - 0x00007ffaa4bb4000 	C:\WINDOWS\SYSTEM32\WINMM.dll
0x00007ffaa2020000 - 0x00007ffaa202a000 	C:\WINDOWS\SYSTEM32\VERSION.dll
0x00007ffaa9d70000 - 0x00007ffaa9d83000 	C:\WINDOWS\SYSTEM32\UMPDC.dll
0x00007ffaa8eb0000 - 0x00007ffaa8ec8000 	C:\WINDOWS\SYSTEM32\kernel.appcore.dll
0x00007ffaa2f90000 - 0x00007ffaa2f9a000 	c:\Users\Enfal\.cursor\extensions\redhat.java-1.41.1-win32-x64\jre\21.0.6-win32-x86_64\bin\jimage.dll
0x00007ffa96570000 - 0x00007ffa967a2000 	C:\WINDOWS\SYSTEM32\DBGHELP.DLL
0x00007ffaac210000 - 0x00007ffaac5a2000 	C:\WINDOWS\System32\combase.dll
0x00007ffaab760000 - 0x00007ffaab837000 	C:\WINDOWS\System32\OLEAUT32.dll
0x00007ffa88d00000 - 0x00007ffa88d32000 	C:\WINDOWS\SYSTEM32\dbgcore.DLL
0x00007ffaaa9d0000 - 0x00007ffaaaa4b000 	C:\WINDOWS\System32\bcryptPrimitives.dll
0x00007ffaa2930000 - 0x00007ffaa293f000 	c:\Users\Enfal\.cursor\extensions\redhat.java-1.41.1-win32-x64\jre\21.0.6-win32-x86_64\bin\instrument.dll
0x00007ffa98990000 - 0x00007ffa989af000 	c:\Users\Enfal\.cursor\extensions\redhat.java-1.41.1-win32-x64\jre\21.0.6-win32-x86_64\bin\java.dll
0x00007ffaaab50000 - 0x00007ffaab3e6000 	C:\WINDOWS\System32\SHELL32.dll
0x00007ffaaa650000 - 0x00007ffaaa78f000 	C:\WINDOWS\System32\wintypes.dll
0x00007ffaa7d90000 - 0x00007ffaa86aa000 	C:\WINDOWS\SYSTEM32\windows.storage.dll
0x00007ffaac700000 - 0x00007ffaac80a000 	C:\WINDOWS\System32\SHCORE.dll
0x00007ffaac5b0000 - 0x00007ffaac613000 	C:\WINDOWS\System32\shlwapi.dll
0x00007ffaa9df0000 - 0x00007ffaa9e1b000 	C:\WINDOWS\SYSTEM32\profapi.dll
0x00007ffa98970000 - 0x00007ffa98988000 	c:\Users\Enfal\.cursor\extensions\redhat.java-1.41.1-win32-x64\jre\21.0.6-win32-x86_64\bin\zip.dll
0x00007ffaa2240000 - 0x00007ffaa2250000 	C:\Users\Enfal\.cursor\extensions\redhat.java-1.41.1-win32-x64\jre\21.0.6-win32-x86_64\bin\net.dll
0x00007ffaa2ab0000 - 0x00007ffaa2bdc000 	C:\WINDOWS\SYSTEM32\WINHTTP.dll
0x00007ffaa9320000 - 0x00007ffaa938a000 	C:\WINDOWS\system32\mswsock.dll
0x00007ffa97e90000 - 0x00007ffa97ea6000 	C:\Users\Enfal\.cursor\extensions\redhat.java-1.41.1-win32-x64\jre\21.0.6-win32-x86_64\bin\nio.dll
0x00007ffa9a360000 - 0x00007ffa9a370000 	c:\Users\Enfal\.cursor\extensions\redhat.java-1.41.1-win32-x64\jre\21.0.6-win32-x86_64\bin\verify.dll
0x00007ffa88610000 - 0x00007ffa88655000 	C:\Users\Enfal\AppData\Roaming\Cursor\User\globalStorage\redhat.java\1.41.1\config_win\org.eclipse.equinox.launcher\org.eclipse.equinox.launcher.win32.win32.x86_64_1.2.1300.v20250331-1702\eclipse_11911.dll
0x00007ffaacbc0000 - 0x00007ffaacd61000 	C:\WINDOWS\System32\ole32.dll
0x00007ffaa9670000 - 0x00007ffaa968b000 	C:\WINDOWS\SYSTEM32\CRYPTSP.dll
0x00007ffaa8e10000 - 0x00007ffaa8e47000 	C:\WINDOWS\system32\rsaenh.dll
0x00007ffaa93c0000 - 0x00007ffaa93e8000 	C:\WINDOWS\SYSTEM32\USERENV.dll
0x00007ffaa9650000 - 0x00007ffaa965c000 	C:\WINDOWS\SYSTEM32\CRYPTBASE.dll
0x00007ffaa8910000 - 0x00007ffaa893d000 	C:\WINDOWS\SYSTEM32\IPHLPAPI.DLL
0x00007ffaaba00000 - 0x00007ffaaba09000 	C:\WINDOWS\System32\NSI.dll
0x00007ffa85370000 - 0x00007ffa853b9000 	C:\Users\Enfal\AppData\Local\Temp\jna-67101096\jna13805648661735461834.dll
0x00007ffaac6f0000 - 0x00007ffaac6f8000 	C:\WINDOWS\System32\PSAPI.DLL
0x00007ffaa3030000 - 0x00007ffaa3049000 	C:\WINDOWS\SYSTEM32\dhcpcsvc6.DLL
0x00007ffaa28e0000 - 0x00007ffaa28ff000 	C:\WINDOWS\SYSTEM32\dhcpcsvc.DLL

dbghelp: loaded successfully - version: 4.0.5 - missing functions: none
symbol engine: initialized successfully - sym options: 0x614 - pdb path: .;c:\Users\Enfal\.cursor\extensions\redhat.java-1.41.1-win32-x64\jre\21.0.6-win32-x86_64\bin;C:\WINDOWS\SYSTEM32;C:\WINDOWS\WinSxS\amd64_microsoft.windows.common-controls_6595b64144ccf1df_6.0.22621.5124_none_270e8f4f7386d69d;c:\Users\Enfal\.cursor\extensions\redhat.java-1.41.1-win32-x64\jre\21.0.6-win32-x86_64\bin\server;C:\Users\Enfal\AppData\Roaming\Cursor\User\globalStorage\redhat.java\1.41.1\config_win\org.eclipse.equinox.launcher\org.eclipse.equinox.launcher.win32.win32.x86_64_1.2.1300.v20250331-1702;C:\Users\Enfal\AppData\Local\Temp\jna-67101096

VM Arguments:
jvm_args: --add-modules=ALL-SYSTEM --add-opens=java.base/java.util=ALL-UNNAMED --add-opens=java.base/java.lang=ALL-UNNAMED --add-opens=java.base/sun.nio.fs=ALL-UNNAMED -Declipse.application=org.eclipse.jdt.ls.core.id1 -Dosgi.bundles.defaultStartLevel=4 -Declipse.product=org.eclipse.jdt.ls.core.product -Djava.import.generatesMetadataFilesAtProjectRoot=false -DDetectVMInstallationsJob.disabled=true -Dfile.encoding=utf8 -XX:+UseParallelGC -XX:GCTimeRatio=4 -XX:AdaptiveSizePolicyWeight=90 -Dsun.zip.disableMemoryMapping=true -Xmx1G -Xms100m -Xlog:disable -javaagent:c:\Users\Enfal\.cursor\extensions\redhat.java-1.41.1-win32-x64\lombok\lombok-1.18.36.jar -XX:+HeapDumpOnOutOfMemoryError -XX:HeapDumpPath=c:\Users\Enfal\AppData\Roaming\Cursor\User\workspaceStorage\530994b3a515dfa207db7eab3c6bf822\redhat.java -Daether.dependencyCollector.impl=bf 
java_command: c:\Users\Enfal\.cursor\extensions\redhat.java-1.41.1-win32-x64\server\plugins\org.eclipse.equinox.launcher_1.7.0.v20250331-1702.jar -configuration c:\Users\Enfal\AppData\Roaming\Cursor\User\globalStorage\redhat.java\1.41.1\config_win -data c:\Users\Enfal\AppData\Roaming\Cursor\User\workspaceStorage\530994b3a515dfa207db7eab3c6bf822\redhat.java\jdt_ws --pipe=\\.\pipe\lsp-8c224ded05dad5de043d9cc5f9acfff2-sock
java_class_path (initial): c:\Users\Enfal\.cursor\extensions\redhat.java-1.41.1-win32-x64\server\plugins\org.eclipse.equinox.launcher_1.7.0.v20250331-1702.jar
Launcher Type: SUN_STANDARD

[Global flags]
    uintx AdaptiveSizePolicyWeight                 = 90                                        {product} {command line}
     intx CICompilerCount                          = 4                                         {product} {ergonomic}
    uintx GCTimeRatio                              = 4                                         {product} {command line}
     bool HeapDumpOnOutOfMemoryError               = true                                   {manageable} {command line}
    ccstr HeapDumpPath                             = c:\Users\Enfal\AppData\Roaming\Cursor\User\workspaceStorage\530994b3a515dfa207db7eab3c6bf822\redhat.java         {manageable} {command line}
   size_t InitialHeapSize                          = 104857600                                 {product} {command line}
   size_t MaxHeapSize                              = 1073741824                                {product} {command line}
   size_t MaxNewSize                               = 357564416                                 {product} {ergonomic}
   size_t MinHeapDeltaBytes                        = 524288                                    {product} {ergonomic}
   size_t MinHeapSize                              = 104857600                                 {product} {command line}
   size_t NewSize                                  = 34603008                                  {product} {ergonomic}
    uintx NonNMethodCodeHeapSize                   = 5839372                                {pd product} {ergonomic}
    uintx NonProfiledCodeHeapSize                  = 122909434                              {pd product} {ergonomic}
   size_t OldSize                                  = 70254592                                  {product} {ergonomic}
    uintx ProfiledCodeHeapSize                     = 122909434                              {pd product} {ergonomic}
    uintx ReservedCodeCacheSize                    = 251658240                              {pd product} {ergonomic}
     bool SegmentedCodeCache                       = true                                      {product} {ergonomic}
   size_t SoftMaxHeapSize                          = 1073741824                             {manageable} {ergonomic}
     bool UseCompressedOops                        = true                           {product lp64_product} {ergonomic}
     bool UseLargePagesIndividualAllocation        = false                                  {pd product} {ergonomic}
     bool UseParallelGC                            = true                                      {product} {command line}

Logging:
Log output configuration:
 #0: stdout all=off uptime,level,tags foldmultilines=false
 #1: stderr all=off uptime,level,tags foldmultilines=false

Environment Variables:
JAVA_HOME=C:\Program Files\Java\jdk-23
PATH=C:\Program Files\Common Files\Oracle\Java\javapath;c:\Users\Enfal\AppData\Local\Programs\cursor\resources\app\bin;C:\WINDOWS\system32;C:\WINDOWS;C:\WINDOWS\System32\Wbem;C:\WINDOWS\System32\WindowsPowerShell\v1.0\;C:\WINDOWS\System32\OpenSSH\;C:\Program Files\Git\cmd;C:\Program Files\Docker\Docker\resources\bin;C:\Users\Enfal\AppData\Local\Microsoft\WindowsApps;C:\Users\Enfal\AppData\Local\GitHubDesktop\bin;c:\Users\Enfal\AppData\Local\Programs\cursor\resources\app\bin;C:\Program Files\nodejs\;%JAVA_HOME%\bin;C:\Program Files\Java\jdk-23\bin\java.exe;C:\Program Files\apache-maven-3.9.9\bin;C:\Program Files\apache-maven-3.9.9\bin;C:\Program Files\PostgreSQL\16\bin;C:\Users\Enfal\AppData\Local\Microsoft\WindowsApps;C:\Users\Enfal\AppData\Local\GitHubDesktop\bin;C:\Users\Enfal\Microsoft VS Code\bin;C:\Users\Enfal\AppData\Roaming\npm;C:\Program Files\apache-maven-3.9.9\bin;C:\Users\Enfal\cursor\resources\app\bin;C:\Users\Enfal\AppData\Local\Programs\Windsurf\bin
USERNAME=Enfal
OS=Windows_NT
PROCESSOR_IDENTIFIER=Intel64 Family 6 Model 142 Stepping 12, GenuineIntel
TMP=C:\Users\Enfal\AppData\Local\Temp
TEMP=C:\Users\Enfal\AppData\Local\Temp




Periodic native trim disabled

---------------  S Y S T E M  ---------------

OS:
 Windows 11 , 64 bit Build 22621 (10.0.22621.5124)
OS uptime: 0 days 16:00 hours
Hyper-V role detected

CPU: total 8 (initial active 8) (4 cores per cpu, 2 threads per core) family 6 model 142 stepping 12 microcode 0xde, cx8, cmov, fxsr, ht, mmx, 3dnowpref, sse, sse2, sse3, ssse3, sse4.1, sse4.2, popcnt, lzcnt, tsc, tscinvbit, avx, avx2, aes, erms, clmul, bmi1, bmi2, adx, fma, vzeroupper, clflush, clflushopt, hv, rdtscp, f16c
Processor Information for the first 8 processors :
  Max Mhz: 2101, Current Mhz: 1600, Mhz Limit: 1596

Memory: 4k page, system-wide physical 7955M (436M free)
TotalPageFile size 21112M (AvailPageFile size 3M)
current process WorkingSet (physical memory assigned to process): 563M, peak: 563M
current process commit charge ("private bytes"): 524M, peak: 961M

vm_info: OpenJDK 64-Bit Server VM (21.0.6+7-LTS) for windows-amd64 JRE (21.0.6+7-LTS), built on 2025-01-21T00:00:00Z by "admin" with MS VC++ 17.7 (VS2022)

END.
