#
# There is insufficient memory for the Java Runtime Environment to continue.
# Native memory allocation (malloc) failed to allocate 928256 bytes. Error detail: Chunk::new
# Possible reasons:
#   The system is out of physical RAM or swap space
#   This process is running with CompressedOops enabled, and the Java Heap may be blocking the growth of the native heap
# Possible solutions:
#   Reduce memory load on the system
#   Increase physical memory or swap space
#   Check if swap backing store is full
#   Decrease Java heap size (-Xmx/-Xms)
#   Decrease number of Java threads
#   Decrease Java thread stack sizes (-Xss)
#   Set larger code cache with -XX:ReservedCodeCacheSize=
#   JVM is running with Unscaled Compressed Oops mode in which the Java heap is
#     placed in the first 4GB address space. The Java Heap base address is the
#     maximum limit for the native heap growth. Please use -XX:HeapBaseMinAddress
#     to set the Java Heap base and to place the Java Heap above 4GB virtual address.
# This output file may be truncated or incomplete.
#
#  Out of Memory Error (arena.cpp:168), pid=17092, tid=17296
#
# JRE version: OpenJDK Runtime Environment Temurin-21.0.6+7 (21.0.6+7) (build 21.0.6+7-LTS)
# Java VM: OpenJDK 64-Bit Server VM Temurin-21.0.6+7 (21.0.6+7-LTS, mixed mode, sharing, tiered, compressed oops, compressed class ptrs, parallel gc, windows-amd64)
# No core dump will be written. Minidumps are not enabled by default on client versions of Windows
#

---------------  S U M M A R Y ------------

Command Line: --add-modules=ALL-SYSTEM --add-opens=java.base/java.util=ALL-UNNAMED --add-opens=java.base/java.lang=ALL-UNNAMED --add-opens=java.base/sun.nio.fs=ALL-UNNAMED -Declipse.application=org.eclipse.jdt.ls.core.id1 -Dosgi.bundles.defaultStartLevel=4 -Declipse.product=org.eclipse.jdt.ls.core.product -Djava.import.generatesMetadataFilesAtProjectRoot=false -DDetectVMInstallationsJob.disabled=true -Dfile.encoding=utf8 -XX:+UseParallelGC -XX:GCTimeRatio=4 -XX:AdaptiveSizePolicyWeight=90 -Dsun.zip.disableMemoryMapping=true -Xmx1G -Xms100m -Xlog:disable -javaagent:c:\Users\Enfal\.cursor\extensions\redhat.java-1.41.1-win32-x64\lombok\lombok-1.18.36.jar -XX:+HeapDumpOnOutOfMemoryError -XX:HeapDumpPath=c:\Users\Enfal\AppData\Roaming\Cursor\User\workspaceStorage\530994b3a515dfa207db7eab3c6bf822\redhat.java -Daether.dependencyCollector.impl=bf c:\Users\Enfal\.cursor\extensions\redhat.java-1.41.1-win32-x64\server\plugins\org.eclipse.equinox.launcher_1.7.0.v20250331-1702.jar -configuration c:\Users\Enfal\AppData\Roaming\Cursor\User\globalStorage\redhat.java\1.41.1\config_win -data c:\Users\Enfal\AppData\Roaming\Cursor\User\workspaceStorage\530994b3a515dfa207db7eab3c6bf822\redhat.java\jdt_ws --pipe=\\.\pipe\lsp-dca7be91607bc9c04b1439397ba9e52c-sock

Host: Intel(R) Core(TM) i5-10210U CPU @ 1.60GHz, 8 cores, 7G,  Windows 11 , 64 bit Build 22621 (10.0.22621.5124)
Time: Fri Apr 18 12:54:41 2025 Türkiye Standart Saati elapsed time: 9.348988 seconds (0d 0h 0m 9s)

---------------  T H R E A D  ---------------

Current thread (0x000002690b308790):  JavaThread "C2 CompilerThread1" daemon [_thread_in_native, id=17296, stack(0x0000007b3af00000,0x0000007b3b000000) (1024K)]


Current CompileTask:
C2:9349 7828 %     4       org.eclipse.jdt.internal.core.search.indexing.BinaryIndexer::extractReferenceFromConstantPool @ 155 (358 bytes)

Stack: [0x0000007b3af00000,0x0000007b3b000000]
Native frames: (J=compiled Java code, j=interpreted, Vv=VM code, C=native code)
V  [jvm.dll+0x6cdee9]
V  [jvm.dll+0x8a83d1]
V  [jvm.dll+0x8aa8fe]
V  [jvm.dll+0x8aafe3]
V  [jvm.dll+0x27f706]
V  [jvm.dll+0xc500d]
V  [jvm.dll+0xc5543]
V  [jvm.dll+0x2f2acd]
V  [jvm.dll+0x5f6a2a]
V  [jvm.dll+0x250bb2]
V  [jvm.dll+0x250f6f]
V  [jvm.dll+0x249834]
V  [jvm.dll+0x246ec4]
V  [jvm.dll+0x1c75ee]
V  [jvm.dll+0x25685a]
V  [jvm.dll+0x254dfa]
V  [jvm.dll+0x3f0256]
V  [jvm.dll+0x851f8b]
V  [jvm.dll+0x6cc5ed]
C  [ucrtbase.dll+0x29333]
C  [KERNEL32.DLL+0x1259d]
C  [ntdll.dll+0x5af38]


---------------  P R O C E S S  ---------------

Threads class SMR info:
_java_thread_list=0x000002690cf4e220, length=54, elements={
0x00000268aef7ffa0, 0x00000268c332e480, 0x00000268c3330c90, 0x00000268c3332f30,
0x00000268c3333e40, 0x00000268c3338770, 0x00000268c333c3c0, 0x00000268c3341660,
0x00000268c3342680, 0x00000268aefe9880, 0x000002690a30f200, 0x000002690aaa20b0,
0x000002690ab587c0, 0x000002690adc1230, 0x000002690aed06e0, 0x000002690af9a260,
0x000002690b2134b0, 0x000002690a9c0a20, 0x000002690a9c10b0, 0x000002690a9c1740,
0x000002690a9c1dd0, 0x000002690a9bfd00, 0x000002690b308790, 0x000002690a9befe0,
0x000002690a9c0390, 0x000002690a9bf670, 0x000002690ce46860, 0x000002690ce4a370,
0x000002690ce45b40, 0x000002690ce461d0, 0x000002690ce44100, 0x000002690ce49ce0,
0x000002690ce46ef0, 0x000002690ce47c10, 0x000002690ce44e20, 0x000002690ce49650,
0x000002690ce482a0, 0x000002690ce48fc0, 0x000002690ce47580, 0x000002690ce48930,
0x000002690ce4b720, 0x000002690ce44790, 0x0000026916adaed0, 0x0000026916ad9b20,
0x0000026916ada1b0, 0x0000026916adb560, 0x0000026916adbbf0, 0x0000026916adc280,
0x0000026916ad9490, 0x0000026916adc910, 0x0000026916acd610, 0x0000026916accf80,
0x0000026916acbbd0, 0x0000026916acf6e0
}

Java Threads: ( => current thread )
  0x00000268aef7ffa0 JavaThread "main"                              [_thread_blocked, id=8448, stack(0x0000007b39200000,0x0000007b39300000) (1024K)]
  0x00000268c332e480 JavaThread "Reference Handler"          daemon [_thread_blocked, id=10168, stack(0x0000007b39700000,0x0000007b39800000) (1024K)]
  0x00000268c3330c90 JavaThread "Finalizer"                  daemon [_thread_blocked, id=18496, stack(0x0000007b39800000,0x0000007b39900000) (1024K)]
  0x00000268c3332f30 JavaThread "Signal Dispatcher"          daemon [_thread_blocked, id=2416, stack(0x0000007b39900000,0x0000007b39a00000) (1024K)]
  0x00000268c3333e40 JavaThread "Attach Listener"            daemon [_thread_blocked, id=12404, stack(0x0000007b39a00000,0x0000007b39b00000) (1024K)]
  0x00000268c3338770 JavaThread "Service Thread"             daemon [_thread_blocked, id=13928, stack(0x0000007b39b00000,0x0000007b39c00000) (1024K)]
  0x00000268c333c3c0 JavaThread "Monitor Deflation Thread"   daemon [_thread_blocked, id=12884, stack(0x0000007b39c00000,0x0000007b39d00000) (1024K)]
  0x00000268c3341660 JavaThread "C2 CompilerThread0"         daemon [_thread_in_native, id=19212, stack(0x0000007b39d00000,0x0000007b39e00000) (1024K)]
  0x00000268c3342680 JavaThread "C1 CompilerThread0"         daemon [_thread_blocked, id=17292, stack(0x0000007b39e00000,0x0000007b39f00000) (1024K)]
  0x00000268aefe9880 JavaThread "Common-Cleaner"             daemon [_thread_blocked, id=4680, stack(0x0000007b39f00000,0x0000007b3a000000) (1024K)]
  0x000002690a30f200 JavaThread "Notification Thread"        daemon [_thread_blocked, id=18744, stack(0x0000007b3a000000,0x0000007b3a100000) (1024K)]
  0x000002690aaa20b0 JavaThread "Active Thread: Equinox Container: c8bae4ef-deeb-4ded-bf1e-4f2928467f85"        [_thread_blocked, id=14632, stack(0x0000007b3a800000,0x0000007b3a900000) (1024K)]
  0x000002690ab587c0 JavaThread "Refresh Thread: Equinox Container: c8bae4ef-deeb-4ded-bf1e-4f2928467f85" daemon [_thread_blocked, id=2484, stack(0x0000007b3a900000,0x0000007b3aa00000) (1024K)]
  0x000002690adc1230 JavaThread "Framework Event Dispatcher: Equinox Container: c8bae4ef-deeb-4ded-bf1e-4f2928467f85" daemon [_thread_blocked, id=12472, stack(0x0000007b3ab00000,0x0000007b3ac00000) (1024K)]
  0x000002690aed06e0 JavaThread "Start Level: Equinox Container: c8bae4ef-deeb-4ded-bf1e-4f2928467f85" daemon [_thread_blocked, id=7612, stack(0x0000007b3ac00000,0x0000007b3ad00000) (1024K)]
  0x000002690af9a260 JavaThread "Bundle File Closer"         daemon [_thread_blocked, id=7808, stack(0x0000007b3ad00000,0x0000007b3ae00000) (1024K)]
  0x000002690b2134b0 JavaThread "SCR Component Actor"        daemon [_thread_blocked, id=10820, stack(0x0000007b3a100000,0x0000007b3a200000) (1024K)]
  0x000002690a9c0a20 JavaThread "SCR Component Registry"     daemon [_thread_blocked, id=2308, stack(0x0000007b3ae00000,0x0000007b3af00000) (1024K)]
  0x000002690a9c10b0 JavaThread "Worker-JM"                         [_thread_blocked, id=16684, stack(0x0000007b3b000000,0x0000007b3b100000) (1024K)]
  0x000002690a9c1740 JavaThread "JNA Cleaner"                daemon [_thread_blocked, id=15076, stack(0x0000007b3b100000,0x0000007b3b200000) (1024K)]
  0x000002690a9c1dd0 JavaThread "Worker-0"                          [_thread_blocked, id=9600, stack(0x0000007b3b200000,0x0000007b3b300000) (1024K)]
  0x000002690a9bfd00 JavaThread "Worker-1"                          [_thread_blocked, id=11084, stack(0x0000007b3b300000,0x0000007b3b400000) (1024K)]
=>0x000002690b308790 JavaThread "C2 CompilerThread1"         daemon [_thread_in_native, id=17296, stack(0x0000007b3af00000,0x0000007b3b000000) (1024K)]
  0x000002690a9befe0 JavaThread "Java indexing"              daemon [_thread_in_Java, id=3548, stack(0x0000007b3b400000,0x0000007b3b500000) (1024K)]
  0x000002690a9c0390 JavaThread "Worker-2: Java indexing... "        [_thread_blocked, id=11748, stack(0x0000007b3b700000,0x0000007b3b800000) (1024K)]
  0x000002690a9bf670 JavaThread "Worker-3: Building"                [_thread_in_native, id=16744, stack(0x0000007b3b800000,0x0000007b3b900000) (1024K)]
  0x000002690ce46860 JavaThread "Thread-2"                   daemon [_thread_in_native, id=5180, stack(0x0000007b3b900000,0x0000007b3ba00000) (1024K)]
  0x000002690ce4a370 JavaThread "Thread-3"                   daemon [_thread_in_native, id=10516, stack(0x0000007b3ba00000,0x0000007b3bb00000) (1024K)]
  0x000002690ce45b40 JavaThread "Thread-4"                   daemon [_thread_in_native, id=8728, stack(0x0000007b3bb00000,0x0000007b3bc00000) (1024K)]
  0x000002690ce461d0 JavaThread "Thread-5"                   daemon [_thread_in_native, id=8820, stack(0x0000007b3bc00000,0x0000007b3bd00000) (1024K)]
  0x000002690ce44100 JavaThread "Thread-6"                   daemon [_thread_in_native, id=11368, stack(0x0000007b3bd00000,0x0000007b3be00000) (1024K)]
  0x000002690ce49ce0 JavaThread "Thread-7"                   daemon [_thread_in_native, id=19276, stack(0x0000007b3be00000,0x0000007b3bf00000) (1024K)]
  0x000002690ce46ef0 JavaThread "Thread-8"                   daemon [_thread_in_native, id=10500, stack(0x0000007b3bf00000,0x0000007b3c000000) (1024K)]
  0x000002690ce47c10 JavaThread "Thread-9"                   daemon [_thread_in_native, id=13440, stack(0x0000007b3c000000,0x0000007b3c100000) (1024K)]
  0x000002690ce44e20 JavaThread "Thread-10"                  daemon [_thread_in_native, id=15500, stack(0x0000007b3c100000,0x0000007b3c200000) (1024K)]
  0x000002690ce49650 JavaThread "pool-2-thread-1"                   [_thread_blocked, id=17628, stack(0x0000007b3c200000,0x0000007b3c300000) (1024K)]
  0x000002690ce482a0 JavaThread "WorkspaceEventsHandler"            [_thread_blocked, id=19108, stack(0x0000007b3c300000,0x0000007b3c400000) (1024K)]
  0x000002690ce48fc0 JavaThread "pool-1-thread-1"                   [_thread_blocked, id=7016, stack(0x0000007b3c400000,0x0000007b3c500000) (1024K)]
  0x000002690ce47580 JavaThread "Worker-4"                          [_thread_blocked, id=18988, stack(0x0000007b3c500000,0x0000007b3c600000) (1024K)]
  0x000002690ce48930 JavaThread "Worker-5"                          [_thread_blocked, id=1212, stack(0x0000007b3c600000,0x0000007b3c700000) (1024K)]
  0x000002690ce4b720 JavaThread "LocalFile Deleter"          daemon [_thread_blocked, id=7852, stack(0x0000007b3c700000,0x0000007b3c800000) (1024K)]
  0x000002690ce44790 JavaThread "LocalFile Deleter"          daemon [_thread_blocked, id=11780, stack(0x0000007b3c800000,0x0000007b3c900000) (1024K)]
  0x0000026916adaed0 JavaThread "LocalFile Deleter"          daemon [_thread_blocked, id=8364, stack(0x0000007b3c900000,0x0000007b3ca00000) (1024K)]
  0x0000026916ad9b20 JavaThread "LocalFile Deleter"          daemon [_thread_blocked, id=9012, stack(0x0000007b3ca00000,0x0000007b3cb00000) (1024K)]
  0x0000026916ada1b0 JavaThread "LocalFile Deleter"          daemon [_thread_blocked, id=6180, stack(0x0000007b3cb00000,0x0000007b3cc00000) (1024K)]
  0x0000026916adb560 JavaThread "LocalFile Deleter"          daemon [_thread_blocked, id=320, stack(0x0000007b3cc00000,0x0000007b3cd00000) (1024K)]
  0x0000026916adbbf0 JavaThread "LocalFile Deleter"          daemon [_thread_blocked, id=284, stack(0x0000007b3cd00000,0x0000007b3ce00000) (1024K)]
  0x0000026916adc280 JavaThread "LocalFile Deleter"          daemon [_thread_blocked, id=16836, stack(0x0000007b3ce00000,0x0000007b3cf00000) (1024K)]
  0x0000026916ad9490 JavaThread "Compiler Source File Reader" daemon [_thread_blocked, id=17572, stack(0x0000007b3cf00000,0x0000007b3d000000) (1024K)]
  0x0000026916adc910 JavaThread "Compiler Source File Reader" daemon [_thread_blocked, id=3108, stack(0x0000007b3d000000,0x0000007b3d100000) (1024K)]
  0x0000026916acd610 JavaThread "Compiler Source File Reader" daemon [_thread_blocked, id=7996, stack(0x0000007b3d100000,0x0000007b3d200000) (1024K)]
  0x0000026916accf80 JavaThread "Compiler Source File Reader" daemon [_thread_blocked, id=7120, stack(0x0000007b3d200000,0x0000007b3d300000) (1024K)]
  0x0000026916acbbd0 JavaThread "Compiler Source File Reader" daemon [_thread_blocked, id=10984, stack(0x0000007b3d300000,0x0000007b3d400000) (1024K)]
  0x0000026916acf6e0 JavaThread "Compiler Source File Reader" daemon [_thread_blocked, id=14260, stack(0x0000007b3d400000,0x0000007b3d500000) (1024K)]
Total: 54

Other Threads:
  0x00000268c3312bb0 VMThread "VM Thread"                           [id=14576, stack(0x0000007b39600000,0x0000007b39700000) (1024K)]
  0x00000268c324ca00 WatcherThread "VM Periodic Task Thread"        [id=1176, stack(0x0000007b39500000,0x0000007b39600000) (1024K)]
  0x00000268aef9d130 WorkerThread "GC Thread#0"                     [id=5192, stack(0x0000007b39400000,0x0000007b39500000) (1024K)]
  0x000002690a84d360 WorkerThread "GC Thread#1"                     [id=6932, stack(0x0000007b3a200000,0x0000007b3a300000) (1024K)]
  0x000002690a84d700 WorkerThread "GC Thread#2"                     [id=11428, stack(0x0000007b3a300000,0x0000007b3a400000) (1024K)]
  0x000002690a84daa0 WorkerThread "GC Thread#3"                     [id=1136, stack(0x0000007b3a400000,0x0000007b3a500000) (1024K)]
  0x000002690a84de40 WorkerThread "GC Thread#4"                     [id=9764, stack(0x0000007b3a500000,0x0000007b3a600000) (1024K)]
  0x000002690a98cf00 WorkerThread "GC Thread#5"                     [id=6496, stack(0x0000007b3a600000,0x0000007b3a700000) (1024K)]
  0x000002690a98d2a0 WorkerThread "GC Thread#6"                     [id=16444, stack(0x0000007b3a700000,0x0000007b3a800000) (1024K)]
  0x000002690ad65ff0 WorkerThread "GC Thread#7"                     [id=16376, stack(0x0000007b3aa00000,0x0000007b3ab00000) (1024K)]
Total: 10

Threads with active compile tasks:
C2 CompilerThread0  9409 7935   !   4       org.eclipse.jdt.internal.compiler.classfmt.ClassFileReader::<init> (2135 bytes)
C2 CompilerThread1  9409 7828 %     4       org.eclipse.jdt.internal.core.search.indexing.BinaryIndexer::extractReferenceFromConstantPool @ 155 (358 bytes)
Total: 2

VM state: not at safepoint (normal execution)

VM Mutex/Monitor currently owned by a thread: None

Heap address: 0x00000000c0000000, size: 1024 MB, Compressed Oops mode: 32-bit

CDS archive(s) mapped at: [0x00000268c4000000-0x00000268c4ba0000-0x00000268c4ba0000), size 12189696, SharedBaseAddress: 0x00000268c4000000, ArchiveRelocationMode: 1.
Compressed class space mapped at: 0x00000268c5000000-0x0000026905000000, reserved size: 1073741824
Narrow klass base: 0x00000268c4000000, Narrow klass shift: 0, Narrow klass range: 0x100000000

GC Precious Log:
 CardTable entry size: 512
 CPUs: 8 total, 8 available
 Memory: 7955M
 Large Page Support: Disabled
 NUMA Support: Disabled
 Compressed Oops: Enabled (32-bit)
 Alignments: Space 512K, Generation 512K, Heap 2M
 Heap Min Capacity: 100M
 Heap Initial Capacity: 100M
 Heap Max Capacity: 1G
 Pre-touch: Disabled
 Parallel Workers: 8

Heap:
 PSYoungGen      total 12800K, used 6894K [0x00000000eab00000, 0x00000000ebb80000, 0x0000000100000000)
  eden space 10752K, 48% used [0x00000000eab00000,0x00000000eb021b60,0x00000000eb580000)
  from space 2048K, 80% used [0x00000000eb580000,0x00000000eb719d38,0x00000000eb780000)
  to   space 3072K, 0% used [0x00000000eb880000,0x00000000eb880000,0x00000000ebb80000)
 ParOldGen       total 75776K, used 75574K [0x00000000c0000000, 0x00000000c4a00000, 0x00000000eab00000)
  object space 75776K, 99% used [0x00000000c0000000,0x00000000c49cda20,0x00000000c4a00000)
 Metaspace       used 51651K, committed 52864K, reserved 1114112K
  class space    used 5452K, committed 5952K, reserved 1048576K

Card table byte_map: [0x00000268ae920000,0x00000268aeb30000] _byte_map_base: 0x00000268ae320000

Marking Bits: (ParMarkBitMap*) 0x00007ffa11943260
 Begin Bits: [0x00000268c1170000, 0x00000268c2170000)
 End Bits:   [0x00000268c2170000, 0x00000268c3170000)

Polling page: 0x00000268ace10000

Metaspace:

Usage:
  Non-class:     45.12 MB used.
      Class:      5.32 MB used.
       Both:     50.44 MB used.

Virtual space:
  Non-class space:       64.00 MB reserved,      45.81 MB ( 72%) committed,  1 nodes.
      Class space:        1.00 GB reserved,       5.81 MB ( <1%) committed,  1 nodes.
             Both:        1.06 GB reserved,      51.62 MB (  5%) committed. 

Chunk freelists:
   Non-Class:  2.00 MB
       Class:  10.12 MB
        Both:  12.12 MB

MaxMetaspaceSize: unlimited
CompressedClassSpaceSize: 1.00 GB
Initial GC threshold: 21.00 MB
Current GC threshold: 58.38 MB
CDS: on
 - commit_granule_bytes: 65536.
 - commit_granule_words: 8192.
 - virtual_space_node_default_size: 8388608.
 - enlarge_chunks_in_place: 1.
 - use_allocation_guard: 0.


Internal statistics:

num_allocs_failed_limit: 6.
num_arena_births: 1012.
num_arena_deaths: 14.
num_vsnodes_births: 2.
num_vsnodes_deaths: 0.
num_space_committed: 826.
num_space_uncommitted: 0.
num_chunks_returned_to_freelist: 20.
num_chunks_taken_from_freelist: 3430.
num_chunk_merges: 10.
num_chunk_splits: 2097.
num_chunks_enlarged: 1152.
num_inconsistent_stats: 0.

CodeHeap 'non-profiled nmethods': size=120000Kb used=3104Kb max_used=3104Kb free=116895Kb
 bounds [0x00000268b9c40000, 0x00000268b9f50000, 0x00000268c1170000]
CodeHeap 'profiled nmethods': size=120000Kb used=15062Kb max_used=15062Kb free=104937Kb
 bounds [0x00000268b2170000, 0x00000268b3030000, 0x00000268b96a0000]
CodeHeap 'non-nmethods': size=5760Kb used=1397Kb max_used=1483Kb free=4362Kb
 bounds [0x00000268b96a0000, 0x00000268b9910000, 0x00000268b9c40000]
 total_blobs=7988 nmethods=7287 adapters=607
 compilation: enabled
              stopped_count=0, restarted_count=0
 full_count=0

Compilation events (20 events):
Event: 9.101 Thread 0x00000268c3342680 7936       2       sun.net.www.protocol.jar.JarURLConnection::getUseCaches (8 bytes)
Event: 9.101 Thread 0x00000268c3342680 nmethod 7936 0x00000268b3021490 code [0x00000268b3021640, 0x00000268b3021778]
Event: 9.130 Thread 0x00000268c3342680 7937       2       java.net.URLConnection::setUseCaches (10 bytes)
Event: 9.130 Thread 0x00000268c3342680 nmethod 7937 0x00000268b3021810 code [0x00000268b30219c0, 0x00000268b3021ba8]
Event: 9.166 Thread 0x00000268c3342680 7938       2       java.lang.Runtime$Version::feature (17 bytes)
Event: 9.167 Thread 0x00000268c3342680 nmethod 7938 0x00000268b3021c90 code [0x00000268b3021e40, 0x00000268b3021fc0]
Event: 9.179 Thread 0x00000268c3342680 7939       2       sun.nio.fs.WindowsPathParser::isSlash (18 bytes)
Event: 9.179 Thread 0x00000268c3342680 nmethod 7939 0x00000268b3022090 code [0x00000268b3022220, 0x00000268b3022328]
Event: 9.179 Thread 0x00000268c3342680 7940       2       java.util.Arrays::copyOf (33 bytes)
Event: 9.180 Thread 0x00000268c3342680 nmethod 7940 0x00000268b3022390 code [0x00000268b3022560, 0x00000268b3022818]
Event: 9.182 Thread 0x00000268c3342680 7941       2       sun.net.www.protocol.file.Handler::openConnection (7 bytes)
Event: 9.183 Thread 0x00000268c3342680 nmethod 7941 0x00000268b3022990 code [0x00000268b3022b40, 0x00000268b3022c78]
Event: 9.183 Thread 0x00000268c3342680 7942   !   2       sun.net.www.protocol.file.Handler::openConnection (274 bytes)
Event: 9.184 Thread 0x00000268c3342680 nmethod 7942 0x00000268b3022d10 code [0x00000268b30230e0, 0x00000268b3023f40]
Event: 9.184 Thread 0x00000268c3342680 7943       2       sun.net.www.protocol.file.Handler::createFileURLConnection (10 bytes)
Event: 9.185 Thread 0x00000268c3342680 nmethod 7943 0x00000268b3024a10 code [0x00000268b3024bc0, 0x00000268b3024d58]
Event: 9.188 Thread 0x00000268c3341660 nmethod 7761% 0x00000268b9f43c90 code [0x00000268b9f44060, 0x00000268b9f469f0]
Event: 9.188 Thread 0x00000268c3341660 7935   !   4       org.eclipse.jdt.internal.compiler.classfmt.ClassFileReader::<init> (2135 bytes)
Event: 9.199 Thread 0x00000268c3342680 7944       2       sun.net.www.protocol.jar.JarFileFactory::urlFor (79 bytes)
Event: 9.200 Thread 0x00000268c3342680 nmethod 7944 0x00000268b3024e10 code [0x00000268b3025040, 0x00000268b30254b8]

GC Heap History (20 events):
Event: 7.813 GC heap before
{Heap before GC invocations=30 (full 2):
 PSYoungGen      total 25088K, used 24686K [0x00000000eab00000, 0x00000000ec700000, 0x0000000100000000)
  eden space 21504K, 100% used [0x00000000eab00000,0x00000000ec000000,0x00000000ec000000)
  from space 3584K, 88% used [0x00000000ec080000,0x00000000ec39b868,0x00000000ec400000)
  to   space 3072K, 0% used [0x00000000ec400000,0x00000000ec400000,0x00000000ec700000)
 ParOldGen       total 68608K, used 47117K [0x00000000c0000000, 0x00000000c4300000, 0x00000000eab00000)
  object space 68608K, 68% used [0x00000000c0000000,0x00000000c2e03440,0x00000000c4300000)
 Metaspace       used 46800K, committed 48000K, reserved 1114112K
  class space    used 4870K, committed 5376K, reserved 1048576K
}
Event: 7.821 GC heap after
{Heap after GC invocations=30 (full 2):
 PSYoungGen      total 16384K, used 3040K [0x00000000eab00000, 0x00000000ed800000, 0x0000000100000000)
  eden space 13312K, 0% used [0x00000000eab00000,0x00000000eab00000,0x00000000eb800000)
  from space 3072K, 98% used [0x00000000ec400000,0x00000000ec6f8010,0x00000000ec700000)
  to   space 12288K, 0% used [0x00000000eb800000,0x00000000eb800000,0x00000000ec400000)
 ParOldGen       total 68608K, used 54672K [0x00000000c0000000, 0x00000000c4300000, 0x00000000eab00000)
  object space 68608K, 79% used [0x00000000c0000000,0x00000000c3564268,0x00000000c4300000)
 Metaspace       used 46800K, committed 48000K, reserved 1114112K
  class space    used 4870K, committed 5376K, reserved 1048576K
}
Event: 7.943 GC heap before
{Heap before GC invocations=31 (full 2):
 PSYoungGen      total 16384K, used 16352K [0x00000000eab00000, 0x00000000ed800000, 0x0000000100000000)
  eden space 13312K, 100% used [0x00000000eab00000,0x00000000eb800000,0x00000000eb800000)
  from space 3072K, 98% used [0x00000000ec400000,0x00000000ec6f8010,0x00000000ec700000)
  to   space 12288K, 0% used [0x00000000eb800000,0x00000000eb800000,0x00000000ec400000)
 ParOldGen       total 68608K, used 54672K [0x00000000c0000000, 0x00000000c4300000, 0x00000000eab00000)
  object space 68608K, 79% used [0x00000000c0000000,0x00000000c3564268,0x00000000c4300000)
 Metaspace       used 47358K, committed 48576K, reserved 1114112K
  class space    used 4936K, committed 5440K, reserved 1048576K
}
Event: 7.947 GC heap after
{Heap after GC invocations=31 (full 2):
 PSYoungGen      total 15872K, used 2314K [0x00000000eab00000, 0x00000000ec480000, 0x0000000100000000)
  eden space 13312K, 0% used [0x00000000eab00000,0x00000000eab00000,0x00000000eb800000)
  from space 2560K, 90% used [0x00000000eb800000,0x00000000eba42af8,0x00000000eba80000)
  to   space 5632K, 0% used [0x00000000ebf00000,0x00000000ebf00000,0x00000000ec480000)
 ParOldGen       total 68608K, used 57697K [0x00000000c0000000, 0x00000000c4300000, 0x00000000eab00000)
  object space 68608K, 84% used [0x00000000c0000000,0x00000000c3858520,0x00000000c4300000)
 Metaspace       used 47358K, committed 48576K, reserved 1114112K
  class space    used 4936K, committed 5440K, reserved 1048576K
}
Event: 8.032 GC heap before
{Heap before GC invocations=32 (full 2):
 PSYoungGen      total 15872K, used 15626K [0x00000000eab00000, 0x00000000ec480000, 0x0000000100000000)
  eden space 13312K, 100% used [0x00000000eab00000,0x00000000eb800000,0x00000000eb800000)
  from space 2560K, 90% used [0x00000000eb800000,0x00000000eba42af8,0x00000000eba80000)
  to   space 5632K, 0% used [0x00000000ebf00000,0x00000000ebf00000,0x00000000ec480000)
 ParOldGen       total 68608K, used 57697K [0x00000000c0000000, 0x00000000c4300000, 0x00000000eab00000)
  object space 68608K, 84% used [0x00000000c0000000,0x00000000c3858520,0x00000000c4300000)
 Metaspace       used 47758K, committed 49024K, reserved 1114112K
  class space    used 4998K, committed 5504K, reserved 1048576K
}
Event: 8.036 GC heap after
{Heap after GC invocations=32 (full 2):
 PSYoungGen      total 16384K, used 2914K [0x00000000eab00000, 0x00000000ec200000, 0x0000000100000000)
  eden space 13312K, 0% used [0x00000000eab00000,0x00000000eab00000,0x00000000eb800000)
  from space 3072K, 94% used [0x00000000ebf00000,0x00000000ec1d8b70,0x00000000ec200000)
  to   space 3584K, 0% used [0x00000000ebb00000,0x00000000ebb00000,0x00000000ebe80000)
 ParOldGen       total 68608K, used 59848K [0x00000000c0000000, 0x00000000c4300000, 0x00000000eab00000)
  object space 68608K, 87% used [0x00000000c0000000,0x00000000c3a72358,0x00000000c4300000)
 Metaspace       used 47758K, committed 49024K, reserved 1114112K
  class space    used 4998K, committed 5504K, reserved 1048576K
}
Event: 8.102 GC heap before
{Heap before GC invocations=33 (full 2):
 PSYoungGen      total 16384K, used 16226K [0x00000000eab00000, 0x00000000ec200000, 0x0000000100000000)
  eden space 13312K, 100% used [0x00000000eab00000,0x00000000eb800000,0x00000000eb800000)
  from space 3072K, 94% used [0x00000000ebf00000,0x00000000ec1d8b70,0x00000000ec200000)
  to   space 3584K, 0% used [0x00000000ebb00000,0x00000000ebb00000,0x00000000ebe80000)
 ParOldGen       total 68608K, used 59848K [0x00000000c0000000, 0x00000000c4300000, 0x00000000eab00000)
  object space 68608K, 87% used [0x00000000c0000000,0x00000000c3a72358,0x00000000c4300000)
 Metaspace       used 48280K, committed 49536K, reserved 1114112K
  class space    used 5059K, committed 5568K, reserved 1048576K
}
Event: 8.107 GC heap after
{Heap after GC invocations=33 (full 2):
 PSYoungGen      total 15872K, used 2161K [0x00000000eab00000, 0x00000000ebf80000, 0x0000000100000000)
  eden space 13312K, 0% used [0x00000000eab00000,0x00000000eab00000,0x00000000eb800000)
  from space 2560K, 84% used [0x00000000ebb00000,0x00000000ebd1c420,0x00000000ebd80000)
  to   space 2048K, 0% used [0x00000000ebd80000,0x00000000ebd80000,0x00000000ebf80000)
 ParOldGen       total 68608K, used 62583K [0x00000000c0000000, 0x00000000c4300000, 0x00000000eab00000)
  object space 68608K, 91% used [0x00000000c0000000,0x00000000c3d1dc68,0x00000000c4300000)
 Metaspace       used 48280K, committed 49536K, reserved 1114112K
  class space    used 5059K, committed 5568K, reserved 1048576K
}
Event: 8.219 GC heap before
{Heap before GC invocations=34 (full 2):
 PSYoungGen      total 15872K, used 15473K [0x00000000eab00000, 0x00000000ebf80000, 0x0000000100000000)
  eden space 13312K, 100% used [0x00000000eab00000,0x00000000eb800000,0x00000000eb800000)
  from space 2560K, 84% used [0x00000000ebb00000,0x00000000ebd1c420,0x00000000ebd80000)
  to   space 2048K, 0% used [0x00000000ebd80000,0x00000000ebd80000,0x00000000ebf80000)
 ParOldGen       total 68608K, used 62583K [0x00000000c0000000, 0x00000000c4300000, 0x00000000eab00000)
  object space 68608K, 91% used [0x00000000c0000000,0x00000000c3d1dc68,0x00000000c4300000)
 Metaspace       used 48918K, committed 50176K, reserved 1114112K
  class space    used 5132K, committed 5696K, reserved 1048576K
}
Event: 8.226 GC heap after
{Heap after GC invocations=34 (full 2):
 PSYoungGen      total 15360K, used 2029K [0x00000000eab00000, 0x00000000ec200000, 0x0000000100000000)
  eden space 13312K, 0% used [0x00000000eab00000,0x00000000eab00000,0x00000000eb800000)
  from space 2048K, 99% used [0x00000000ebd80000,0x00000000ebf7b440,0x00000000ebf80000)
  to   space 5120K, 0% used [0x00000000eb800000,0x00000000eb800000,0x00000000ebd00000)
 ParOldGen       total 68608K, used 65134K [0x00000000c0000000, 0x00000000c4300000, 0x00000000eab00000)
  object space 68608K, 94% used [0x00000000c0000000,0x00000000c3f9b800,0x00000000c4300000)
 Metaspace       used 48918K, committed 50176K, reserved 1114112K
  class space    used 5132K, committed 5696K, reserved 1048576K
}
Event: 8.364 GC heap before
{Heap before GC invocations=35 (full 2):
 PSYoungGen      total 15360K, used 15341K [0x00000000eab00000, 0x00000000ec200000, 0x0000000100000000)
  eden space 13312K, 100% used [0x00000000eab00000,0x00000000eb800000,0x00000000eb800000)
  from space 2048K, 99% used [0x00000000ebd80000,0x00000000ebf7b440,0x00000000ebf80000)
  to   space 5120K, 0% used [0x00000000eb800000,0x00000000eb800000,0x00000000ebd00000)
 ParOldGen       total 68608K, used 65134K [0x00000000c0000000, 0x00000000c4300000, 0x00000000eab00000)
  object space 68608K, 94% used [0x00000000c0000000,0x00000000c3f9b800,0x00000000c4300000)
 Metaspace       used 49946K, committed 51200K, reserved 1114112K
  class space    used 5220K, committed 5760K, reserved 1048576K
}
Event: 8.367 GC heap after
{Heap after GC invocations=35 (full 2):
 PSYoungGen      total 15360K, used 1974K [0x00000000eab00000, 0x00000000ebe00000, 0x0000000100000000)
  eden space 13312K, 0% used [0x00000000eab00000,0x00000000eab00000,0x00000000eb800000)
  from space 2048K, 96% used [0x00000000eb800000,0x00000000eb9edb88,0x00000000eba00000)
  to   space 3072K, 0% used [0x00000000ebb00000,0x00000000ebb00000,0x00000000ebe00000)
 ParOldGen       total 68608K, used 67024K [0x00000000c0000000, 0x00000000c4300000, 0x00000000eab00000)
  object space 68608K, 97% used [0x00000000c0000000,0x00000000c41740a8,0x00000000c4300000)
 Metaspace       used 49946K, committed 51200K, reserved 1114112K
  class space    used 5220K, committed 5760K, reserved 1048576K
}
Event: 8.456 GC heap before
{Heap before GC invocations=36 (full 2):
 PSYoungGen      total 15360K, used 15286K [0x00000000eab00000, 0x00000000ebe00000, 0x0000000100000000)
  eden space 13312K, 100% used [0x00000000eab00000,0x00000000eb800000,0x00000000eb800000)
  from space 2048K, 96% used [0x00000000eb800000,0x00000000eb9edb88,0x00000000eba00000)
  to   space 3072K, 0% used [0x00000000ebb00000,0x00000000ebb00000,0x00000000ebe00000)
 ParOldGen       total 68608K, used 67024K [0x00000000c0000000, 0x00000000c4300000, 0x00000000eab00000)
  object space 68608K, 97% used [0x00000000c0000000,0x00000000c41740a8,0x00000000c4300000)
 Metaspace       used 50644K, committed 51904K, reserved 1114112K
  class space    used 5311K, committed 5824K, reserved 1048576K
}
Event: 8.459 GC heap after
{Heap after GC invocations=36 (full 2):
 PSYoungGen      total 15872K, used 2281K [0x00000000eab00000, 0x00000000ebd80000, 0x0000000100000000)
  eden space 13312K, 0% used [0x00000000eab00000,0x00000000eab00000,0x00000000eb800000)
  from space 2560K, 89% used [0x00000000ebb00000,0x00000000ebd3a578,0x00000000ebd80000)
  to   space 2560K, 0% used [0x00000000eb880000,0x00000000eb880000,0x00000000ebb00000)
 ParOldGen       total 69120K, used 68730K [0x00000000c0000000, 0x00000000c4380000, 0x00000000eab00000)
  object space 69120K, 99% used [0x00000000c0000000,0x00000000c431e8e0,0x00000000c4380000)
 Metaspace       used 50644K, committed 51904K, reserved 1114112K
  class space    used 5311K, committed 5824K, reserved 1048576K
}
Event: 8.656 GC heap before
{Heap before GC invocations=37 (full 2):
 PSYoungGen      total 15872K, used 15593K [0x00000000eab00000, 0x00000000ebd80000, 0x0000000100000000)
  eden space 13312K, 100% used [0x00000000eab00000,0x00000000eb800000,0x00000000eb800000)
  from space 2560K, 89% used [0x00000000ebb00000,0x00000000ebd3a578,0x00000000ebd80000)
  to   space 2560K, 0% used [0x00000000eb880000,0x00000000eb880000,0x00000000ebb00000)
 ParOldGen       total 69120K, used 68730K [0x00000000c0000000, 0x00000000c4380000, 0x00000000eab00000)
  object space 69120K, 99% used [0x00000000c0000000,0x00000000c431e8e0,0x00000000c4380000)
 Metaspace       used 51207K, committed 52416K, reserved 1114112K
  class space    used 5375K, committed 5888K, reserved 1048576K
}
Event: 8.659 GC heap after
{Heap after GC invocations=37 (full 2):
 PSYoungGen      total 15872K, used 2422K [0x00000000eab00000, 0x00000000ebd00000, 0x0000000100000000)
  eden space 13312K, 0% used [0x00000000eab00000,0x00000000eab00000,0x00000000eb800000)
  from space 2560K, 94% used [0x00000000eb880000,0x00000000ebadd9d8,0x00000000ebb00000)
  to   space 2048K, 0% used [0x00000000ebb00000,0x00000000ebb00000,0x00000000ebd00000)
 ParOldGen       total 71168K, used 70832K [0x00000000c0000000, 0x00000000c4580000, 0x00000000eab00000)
  object space 71168K, 99% used [0x00000000c0000000,0x00000000c452c008,0x00000000c4580000)
 Metaspace       used 51207K, committed 52416K, reserved 1114112K
  class space    used 5375K, committed 5888K, reserved 1048576K
}
Event: 9.029 GC heap before
{Heap before GC invocations=38 (full 2):
 PSYoungGen      total 15872K, used 15734K [0x00000000eab00000, 0x00000000ebd00000, 0x0000000100000000)
  eden space 13312K, 100% used [0x00000000eab00000,0x00000000eb800000,0x00000000eb800000)
  from space 2560K, 94% used [0x00000000eb880000,0x00000000ebadd9d8,0x00000000ebb00000)
  to   space 2048K, 0% used [0x00000000ebb00000,0x00000000ebb00000,0x00000000ebd00000)
 ParOldGen       total 71168K, used 70832K [0x00000000c0000000, 0x00000000c4580000, 0x00000000eab00000)
  object space 71168K, 99% used [0x00000000c0000000,0x00000000c452c008,0x00000000c4580000)
 Metaspace       used 51485K, committed 52736K, reserved 1114112K
  class space    used 5414K, committed 5952K, reserved 1048576K
}
Event: 9.033 GC heap after
{Heap after GC invocations=38 (full 2):
 PSYoungGen      total 12800K, used 2045K [0x00000000eab00000, 0x00000000ec300000, 0x0000000100000000)
  eden space 10752K, 0% used [0x00000000eab00000,0x00000000eab00000,0x00000000eb580000)
  from space 2048K, 99% used [0x00000000ebb00000,0x00000000ebcff630,0x00000000ebd00000)
  to   space 5632K, 0% used [0x00000000eb580000,0x00000000eb580000,0x00000000ebb00000)
 ParOldGen       total 73728K, used 73531K [0x00000000c0000000, 0x00000000c4800000, 0x00000000eab00000)
  object space 73728K, 99% used [0x00000000c0000000,0x00000000c47ced40,0x00000000c4800000)
 Metaspace       used 51485K, committed 52736K, reserved 1114112K
  class space    used 5414K, committed 5952K, reserved 1048576K
}
Event: 9.211 GC heap before
{Heap before GC invocations=39 (full 2):
 PSYoungGen      total 12800K, used 12797K [0x00000000eab00000, 0x00000000ec300000, 0x0000000100000000)
  eden space 10752K, 100% used [0x00000000eab00000,0x00000000eb580000,0x00000000eb580000)
  from space 2048K, 99% used [0x00000000ebb00000,0x00000000ebcff630,0x00000000ebd00000)
  to   space 5632K, 0% used [0x00000000eb580000,0x00000000eb580000,0x00000000ebb00000)
 ParOldGen       total 73728K, used 73531K [0x00000000c0000000, 0x00000000c4800000, 0x00000000eab00000)
  object space 73728K, 99% used [0x00000000c0000000,0x00000000c47ced40,0x00000000c4800000)
 Metaspace       used 51617K, committed 52864K, reserved 1114112K
  class space    used 5437K, committed 5952K, reserved 1048576K
}
Event: 9.214 GC heap after
{Heap after GC invocations=39 (full 2):
 PSYoungGen      total 12800K, used 1639K [0x00000000eab00000, 0x00000000ebb80000, 0x0000000100000000)
  eden space 10752K, 0% used [0x00000000eab00000,0x00000000eab00000,0x00000000eb580000)
  from space 2048K, 80% used [0x00000000eb580000,0x00000000eb719d38,0x00000000eb780000)
  to   space 3072K, 0% used [0x00000000eb880000,0x00000000eb880000,0x00000000ebb80000)
 ParOldGen       total 75776K, used 75574K [0x00000000c0000000, 0x00000000c4a00000, 0x00000000eab00000)
  object space 75776K, 99% used [0x00000000c0000000,0x00000000c49cda20,0x00000000c4a00000)
 Metaspace       used 51617K, committed 52864K, reserved 1114112K
  class space    used 5437K, committed 5952K, reserved 1048576K
}

Dll operation events (10 events):
Event: 0.010 Loaded shared library c:\Users\Enfal\.cursor\extensions\redhat.java-1.41.1-win32-x64\jre\21.0.6-win32-x86_64\bin\java.dll
Event: 0.046 Loaded shared library c:\Users\Enfal\.cursor\extensions\redhat.java-1.41.1-win32-x64\jre\21.0.6-win32-x86_64\bin\zip.dll
Event: 0.133 Loaded shared library C:\Users\Enfal\.cursor\extensions\redhat.java-1.41.1-win32-x64\jre\21.0.6-win32-x86_64\bin\instrument.dll
Event: 0.138 Loaded shared library C:\Users\Enfal\.cursor\extensions\redhat.java-1.41.1-win32-x64\jre\21.0.6-win32-x86_64\bin\net.dll
Event: 0.140 Loaded shared library C:\Users\Enfal\.cursor\extensions\redhat.java-1.41.1-win32-x64\jre\21.0.6-win32-x86_64\bin\nio.dll
Event: 0.143 Loaded shared library C:\Users\Enfal\.cursor\extensions\redhat.java-1.41.1-win32-x64\jre\21.0.6-win32-x86_64\bin\zip.dll
Event: 0.164 Loaded shared library C:\Users\Enfal\.cursor\extensions\redhat.java-1.41.1-win32-x64\jre\21.0.6-win32-x86_64\bin\jimage.dll
Event: 0.280 Loaded shared library c:\Users\Enfal\.cursor\extensions\redhat.java-1.41.1-win32-x64\jre\21.0.6-win32-x86_64\bin\verify.dll
Event: 1.761 Loaded shared library C:\Users\Enfal\AppData\Roaming\Cursor\User\globalStorage\redhat.java\1.41.1\config_win\org.eclipse.equinox.launcher\org.eclipse.equinox.launcher.win32.win32.x86_64_1.2.1300.v20250331-1702\eclipse_11911.dll
Event: 3.596 Loaded shared library C:\Users\Enfal\AppData\Local\Temp\jna-67101096\jna9590921502863776612.dll

Deoptimization events (20 events):
Event: 8.999 Thread 0x000002690a9bf670 Uncommon trap: trap_request=0xffffff45 fr.pc=0x00000268b9ecb288 relative=0x00000000000001c8
Event: 8.999 Thread 0x000002690a9bf670 Uncommon trap: reason=unstable_if action=reinterpret pc=0x00000268b9ecb288 method=org.eclipse.jdt.core.compiler.CharOperation.subarray([CII)[C @ 2 c2
Event: 8.999 Thread 0x000002690a9bf670 DEOPT PACKING pc=0x00000268b9ecb288 sp=0x0000007b3b8fe4e0
Event: 8.999 Thread 0x000002690a9bf670 DEOPT UNPACKING pc=0x00000268b96f3aa2 sp=0x0000007b3b8fe4a0 mode 2
Event: 9.002 Thread 0x000002690a9bf670 Uncommon trap: trap_request=0xffffff45 fr.pc=0x00000268b9e91904 relative=0x0000000000000684
Event: 9.002 Thread 0x000002690a9bf670 Uncommon trap: reason=unstable_if action=reinterpret pc=0x00000268b9e91904 method=java.util.Arrays.copyOfRange([CII)[C @ 1 c2
Event: 9.002 Thread 0x000002690a9bf670 DEOPT PACKING pc=0x00000268b9e91904 sp=0x0000007b3b8fe5a0
Event: 9.002 Thread 0x000002690a9bf670 DEOPT UNPACKING pc=0x00000268b96f3aa2 sp=0x0000007b3b8fe4d8 mode 2
Event: 9.095 Thread 0x000002690a9befe0 DEOPT PACKING pc=0x00000268b2ccf11a sp=0x0000007b3b4fe8d0
Event: 9.095 Thread 0x000002690a9befe0 DEOPT UNPACKING pc=0x00000268b96f4242 sp=0x0000007b3b4fde58 mode 0
Event: 9.179 Thread 0x000002690a9bf670 DEOPT PACKING pc=0x00000268b2ae0746 sp=0x0000007b3b8f8b00
Event: 9.179 Thread 0x000002690a9bf670 DEOPT UNPACKING pc=0x00000268b96f4242 sp=0x0000007b3b8f8080 mode 0
Event: 9.179 Thread 0x000002690a9befe0 DEOPT PACKING pc=0x00000268b2ccf11a sp=0x0000007b3b4fe8d0
Event: 9.179 Thread 0x000002690a9befe0 DEOPT UNPACKING pc=0x00000268b96f4242 sp=0x0000007b3b4fde58 mode 0
Event: 9.204 Thread 0x000002690a9befe0 DEOPT PACKING pc=0x00000268b2cd9278 sp=0x0000007b3b4fe910
Event: 9.204 Thread 0x000002690a9befe0 DEOPT UNPACKING pc=0x00000268b96f4242 sp=0x0000007b3b4fde78 mode 0
Event: 9.210 Thread 0x000002690a9befe0 DEOPT PACKING pc=0x00000268b23aff7b sp=0x0000007b3b4fe570
Event: 9.210 Thread 0x000002690a9befe0 DEOPT UNPACKING pc=0x00000268b96f4242 sp=0x0000007b3b4fdaa8 mode 0
Event: 9.231 Thread 0x000002690a9befe0 DEOPT PACKING pc=0x00000268b2ccf11a sp=0x0000007b3b4fe8d0
Event: 9.231 Thread 0x000002690a9befe0 DEOPT UNPACKING pc=0x00000268b96f4242 sp=0x0000007b3b4fde58 mode 0

Classes loaded (20 events):
Event: 8.064 Loading class java/lang/ProcessEnvironment$CheckedKeySet
Event: 8.065 Loading class java/lang/ProcessEnvironment$CheckedKeySet done
Event: 8.388 Loading class java/util/regex/Pattern$Pos
Event: 8.388 Loading class java/util/regex/Pattern$Pos done
Event: 8.412 Loading class sun/security/provider/MD5
Event: 8.412 Loading class sun/security/provider/MD5 done
Event: 8.412 Loading class sun/security/provider/ByteArrayAccess$LE
Event: 8.414 Loading class sun/security/provider/ByteArrayAccess$LE done
Event: 8.418 Loading class java/util/stream/MatchOps$MatchKind
Event: 8.419 Loading class java/util/stream/MatchOps$MatchKind done
Event: 8.419 Loading class java/util/stream/MatchOps
Event: 8.421 Loading class java/util/stream/MatchOps done
Event: 8.421 Loading class java/util/stream/MatchOps$MatchOp
Event: 8.421 Loading class java/util/stream/MatchOps$MatchOp done
Event: 8.422 Loading class java/util/stream/MatchOps$BooleanTerminalSink
Event: 8.422 Loading class java/util/stream/MatchOps$BooleanTerminalSink done
Event: 8.422 Loading class java/util/stream/MatchOps$1MatchSink
Event: 8.422 Loading class java/util/stream/MatchOps$1MatchSink done
Event: 8.655 Loading class java/util/concurrent/ForkJoinTask$AdaptedCallable
Event: 8.655 Loading class java/util/concurrent/ForkJoinTask$AdaptedCallable done

Classes unloaded (7 events):
Event: 4.737 Thread 0x00000268c3312bb0 Unloading class 0x00000268c519e000 'java/lang/invoke/LambdaForm$MH+0x00000268c519e000'
Event: 4.737 Thread 0x00000268c3312bb0 Unloading class 0x00000268c519dc00 'java/lang/invoke/LambdaForm$MH+0x00000268c519dc00'
Event: 4.737 Thread 0x00000268c3312bb0 Unloading class 0x00000268c519d800 'java/lang/invoke/LambdaForm$MH+0x00000268c519d800'
Event: 4.737 Thread 0x00000268c3312bb0 Unloading class 0x00000268c519d400 'java/lang/invoke/LambdaForm$MH+0x00000268c519d400'
Event: 4.737 Thread 0x00000268c3312bb0 Unloading class 0x00000268c519d000 'java/lang/invoke/LambdaForm$BMH+0x00000268c519d000'
Event: 4.737 Thread 0x00000268c3312bb0 Unloading class 0x00000268c519cc00 'java/lang/invoke/LambdaForm$DMH+0x00000268c519cc00'
Event: 4.737 Thread 0x00000268c3312bb0 Unloading class 0x00000268c519bc00 'java/lang/invoke/LambdaForm$DMH+0x00000268c519bc00'

Classes redefined (0 events):
No events

Internal exceptions (20 events):
Event: 8.703 Thread 0x000002690ce44790 Exception <a 'sun/nio/fs/WindowsException'{0x00000000eabc3638}> (0x00000000eabc3638) 
thrown [s\src\hotspot\share\prims\jni.cpp, line 520]
Event: 8.705 Thread 0x0000026916ad9b20 Exception <a 'sun/nio/fs/WindowsException'{0x00000000eabcd048}> (0x00000000eabcd048) 
thrown [s\src\hotspot\share\prims\jni.cpp, line 520]
Event: 8.706 Thread 0x000002690ce44790 Exception <a 'sun/nio/fs/WindowsException'{0x00000000eabc55c0}> (0x00000000eabc55c0) 
thrown [s\src\hotspot\share\prims\jni.cpp, line 520]
Event: 8.706 Thread 0x000002690ce4b720 Exception <a 'sun/nio/fs/WindowsException'{0x00000000eab69e58}> (0x00000000eab69e58) 
thrown [s\src\hotspot\share\prims\jni.cpp, line 520]
Event: 8.711 Thread 0x0000026916ad9b20 Exception <a 'sun/nio/fs/WindowsException'{0x00000000eabce820}> (0x00000000eabce820) 
thrown [s\src\hotspot\share\prims\jni.cpp, line 520]
Event: 8.711 Thread 0x0000026916adaed0 Exception <a 'sun/nio/fs/WindowsException'{0x00000000eadad278}> (0x00000000eadad278) 
thrown [s\src\hotspot\share\prims\jni.cpp, line 520]
Event: 8.713 Thread 0x000002690ce44790 Exception <a 'sun/nio/fs/WindowsException'{0x00000000eabc6d18}> (0x00000000eabc6d18) 
thrown [s\src\hotspot\share\prims\jni.cpp, line 520]
Event: 8.714 Thread 0x0000026916adb560 Exception <a 'sun/nio/fs/WindowsException'{0x00000000eac12a58}> (0x00000000eac12a58) 
thrown [s\src\hotspot\share\prims\jni.cpp, line 520]
Event: 8.719 Thread 0x0000026916adb560 Exception <a 'sun/nio/fs/WindowsException'{0x00000000eac14e08}> (0x00000000eac14e08) 
thrown [s\src\hotspot\share\prims\jni.cpp, line 520]
Event: 8.723 Thread 0x0000026916adb560 Exception <a 'sun/nio/fs/WindowsException'{0x00000000eac175e8}> (0x00000000eac175e8) 
thrown [s\src\hotspot\share\prims\jni.cpp, line 520]
Event: 8.724 Thread 0x0000026916adaed0 Exception <a 'sun/nio/fs/WindowsException'{0x00000000eaf94588}> (0x00000000eaf94588) 
thrown [s\src\hotspot\share\prims\jni.cpp, line 520]
Event: 8.728 Thread 0x0000026916adbbf0 Exception <a 'sun/nio/fs/WindowsException'{0x00000000eada39b8}> (0x00000000eada39b8) 
thrown [s\src\hotspot\share\prims\jni.cpp, line 520]
Event: 8.728 Thread 0x0000026916adaed0 Exception <a 'sun/nio/fs/WindowsException'{0x00000000eaf97628}> (0x00000000eaf97628) 
thrown [s\src\hotspot\share\prims\jni.cpp, line 520]
Event: 8.729 Thread 0x0000026916ad9b20 Exception <a 'sun/nio/fs/WindowsException'{0x00000000eabd2ae8}> (0x00000000eabd2ae8) 
thrown [s\src\hotspot\share\prims\jni.cpp, line 520]
Event: 8.732 Thread 0x0000026916adaed0 Exception <a 'sun/nio/fs/WindowsException'{0x00000000eaf98f60}> (0x00000000eaf98f60) 
thrown [s\src\hotspot\share\prims\jni.cpp, line 520]
Event: 8.748 Thread 0x000002690a9bf670 Exception <a 'sun/nio/fs/WindowsException'{0x00000000eb14bb00}> (0x00000000eb14bb00) 
thrown [s\src\hotspot\share\prims\jni.cpp, line 520]
Event: 8.749 Thread 0x000002690ce4b720 Exception <a 'sun/nio/fs/WindowsException'{0x00000000eab6b240}> (0x00000000eab6b240) 
thrown [s\src\hotspot\share\prims\jni.cpp, line 520]
Event: 8.749 Thread 0x0000026916adb560 Exception <a 'sun/nio/fs/WindowsException'{0x00000000eac19e00}> (0x00000000eac19e00) 
thrown [s\src\hotspot\share\prims\jni.cpp, line 520]
Event: 8.749 Thread 0x0000026916adbbf0 Exception <a 'sun/nio/fs/WindowsException'{0x00000000eb090430}> (0x00000000eb090430) 
thrown [s\src\hotspot\share\prims\jni.cpp, line 520]
Event: 8.996 Thread 0x000002690ce48fc0 Exception <a 'java/lang/IncompatibleClassChangeError'{0x00000000eb72a798}: Found class java.lang.Object, but interface was expected> (0x00000000eb72a798) 
thrown [s\src\hotspot\share\interpreter\linkResolver.cpp, line 840]

ZGC Phase Switch (0 events):
No events

VM Operations (20 events):
Event: 8.102 Executing VM operation: ParallelGCFailedAllocation (Allocation Failure)
Event: 8.107 Executing VM operation: ParallelGCFailedAllocation (Allocation Failure) done
Event: 8.167 Executing VM operation: HandshakeAllThreads (Deoptimize)
Event: 8.167 Executing VM operation: HandshakeAllThreads (Deoptimize) done
Event: 8.219 Executing VM operation: ParallelGCFailedAllocation (Allocation Failure)
Event: 8.226 Executing VM operation: ParallelGCFailedAllocation (Allocation Failure) done
Event: 8.363 Executing VM operation: ParallelGCFailedAllocation (Allocation Failure)
Event: 8.367 Executing VM operation: ParallelGCFailedAllocation (Allocation Failure) done
Event: 8.456 Executing VM operation: ParallelGCFailedAllocation (Allocation Failure)
Event: 8.459 Executing VM operation: ParallelGCFailedAllocation (Allocation Failure) done
Event: 8.531 Executing VM operation: HandshakeAllThreads (Deoptimize)
Event: 8.532 Executing VM operation: HandshakeAllThreads (Deoptimize) done
Event: 8.643 Executing VM operation: HandshakeAllThreads (Deoptimize)
Event: 8.643 Executing VM operation: HandshakeAllThreads (Deoptimize) done
Event: 8.656 Executing VM operation: ParallelGCFailedAllocation (Allocation Failure)
Event: 8.659 Executing VM operation: ParallelGCFailedAllocation (Allocation Failure) done
Event: 9.029 Executing VM operation: ParallelGCFailedAllocation (Allocation Failure)
Event: 9.033 Executing VM operation: ParallelGCFailedAllocation (Allocation Failure) done
Event: 9.211 Executing VM operation: ParallelGCFailedAllocation (Allocation Failure)
Event: 9.214 Executing VM operation: ParallelGCFailedAllocation (Allocation Failure) done

Memory protections (0 events):
No events

Nmethod flushes (20 events):
Event: 5.922 Thread 0x00000268c3312bb0 flushing  nmethod 0x00000268b27f3490
Event: 5.922 Thread 0x00000268c3312bb0 flushing  nmethod 0x00000268b27f4690
Event: 5.922 Thread 0x00000268c3312bb0 flushing  nmethod 0x00000268b27f5390
Event: 5.922 Thread 0x00000268c3312bb0 flushing  nmethod 0x00000268b27f7090
Event: 5.922 Thread 0x00000268c3312bb0 flushing  nmethod 0x00000268b27f7d90
Event: 5.922 Thread 0x00000268c3312bb0 flushing  nmethod 0x00000268b27f9210
Event: 5.922 Thread 0x00000268c3312bb0 flushing  nmethod 0x00000268b2805c90
Event: 5.922 Thread 0x00000268c3312bb0 flushing  nmethod 0x00000268b283ff90
Event: 5.922 Thread 0x00000268c3312bb0 flushing  nmethod 0x00000268b2842390
Event: 5.922 Thread 0x00000268c3312bb0 flushing  nmethod 0x00000268b2894f90
Event: 5.922 Thread 0x00000268c3312bb0 flushing  nmethod 0x00000268b28fa310
Event: 5.922 Thread 0x00000268c3312bb0 flushing  nmethod 0x00000268b291b810
Event: 5.922 Thread 0x00000268c3312bb0 flushing  nmethod 0x00000268b291bc90
Event: 5.922 Thread 0x00000268c3312bb0 flushing  nmethod 0x00000268b291df90
Event: 5.922 Thread 0x00000268c3312bb0 flushing  nmethod 0x00000268b291ed90
Event: 5.922 Thread 0x00000268c3312bb0 flushing  nmethod 0x00000268b291fa10
Event: 5.922 Thread 0x00000268c3312bb0 flushing  nmethod 0x00000268b2921290
Event: 5.922 Thread 0x00000268c3312bb0 flushing  nmethod 0x00000268b2936390
Event: 5.922 Thread 0x00000268c3312bb0 flushing  nmethod 0x00000268b2938010
Event: 5.922 Thread 0x00000268c3312bb0 flushing  nmethod 0x00000268b2954a90

Events (20 events):
Event: 5.662 Thread 0x00000268aef7ffa0 Thread added: 0x000002690ce44e20
Event: 5.685 Thread 0x00000268aef7ffa0 Thread added: 0x000002690ce49650
Event: 5.837 Thread 0x00000268aef7ffa0 Thread added: 0x000002690ce482a0
Event: 5.837 Thread 0x00000268aef7ffa0 Thread added: 0x000002690ce48fc0
Event: 5.963 Thread 0x000002690a9c0390 Thread added: 0x000002690ce47580
Event: 5.981 Thread 0x000002690ce47580 Thread added: 0x000002690ce48930
Event: 8.660 Thread 0x000002690a9bf670 Thread added: 0x000002690ce4b720
Event: 8.664 Thread 0x000002690ce4b720 Thread added: 0x000002690ce44790
Event: 8.667 Thread 0x000002690ce44790 Thread added: 0x0000026916adaed0
Event: 8.667 Thread 0x000002690ce4b720 Thread added: 0x0000026916ad9b20
Event: 8.668 Thread 0x000002690ce44790 Thread added: 0x0000026916ada1b0
Event: 8.668 Thread 0x000002690ce44790 Thread added: 0x0000026916adb560
Event: 8.668 Thread 0x000002690ce44790 Thread added: 0x0000026916adbbf0
Event: 8.668 Thread 0x0000026916ada1b0 Thread added: 0x0000026916adc280
Event: 8.952 Thread 0x000002690a9bf670 Thread added: 0x0000026916ad9490
Event: 8.952 Thread 0x000002690a9bf670 Thread added: 0x0000026916adc910
Event: 8.952 Thread 0x000002690a9bf670 Thread added: 0x0000026916acd610
Event: 8.952 Thread 0x000002690a9bf670 Thread added: 0x0000026916accf80
Event: 8.952 Thread 0x000002690a9bf670 Thread added: 0x0000026916acbbd0
Event: 8.952 Thread 0x000002690a9bf670 Thread added: 0x0000026916acf6e0


Dynamic libraries:
0x00007ff674510000 - 0x00007ff67451e000 	c:\Users\Enfal\.cursor\extensions\redhat.java-1.41.1-win32-x64\jre\21.0.6-win32-x86_64\bin\java.exe
0x00007ffaacdb0000 - 0x00007ffaacfc7000 	C:\WINDOWS\SYSTEM32\ntdll.dll
0x00007ffaaba10000 - 0x00007ffaabad4000 	C:\WINDOWS\System32\KERNEL32.DLL
0x00007ffaaa180000 - 0x00007ffaaa553000 	C:\WINDOWS\System32\KERNELBASE.dll
0x00007ffaa9ec0000 - 0x00007ffaa9fd1000 	C:\WINDOWS\System32\ucrtbase.dll
0x00007ffa9a3f0000 - 0x00007ffa9a408000 	c:\Users\Enfal\.cursor\extensions\redhat.java-1.41.1-win32-x64\jre\21.0.6-win32-x86_64\bin\jli.dll
0x00007ffaac050000 - 0x00007ffaac201000 	C:\WINDOWS\System32\USER32.dll
0x00007ffaa9fe0000 - 0x00007ffaaa006000 	C:\WINDOWS\System32\win32u.dll
0x00007ffaab9b0000 - 0x00007ffaab9d9000 	C:\WINDOWS\System32\GDI32.dll
0x00007ffaaa830000 - 0x00007ffaaa94b000 	C:\WINDOWS\System32\gdi32full.dll
0x00007ffaaa790000 - 0x00007ffaaa82a000 	C:\WINDOWS\System32\msvcp_win.dll
0x00007ffa9a2c0000 - 0x00007ffa9a2de000 	c:\Users\Enfal\.cursor\extensions\redhat.java-1.41.1-win32-x64\jre\21.0.6-win32-x86_64\bin\VCRUNTIME140.dll
0x00007ffa961a0000 - 0x00007ffa96438000 	C:\WINDOWS\WinSxS\amd64_microsoft.windows.common-controls_6595b64144ccf1df_6.0.22621.5124_none_270e8f4f7386d69d\COMCTL32.dll
0x00007ffaab3f0000 - 0x00007ffaab497000 	C:\WINDOWS\System32\msvcrt.dll
0x00007ffaaab00000 - 0x00007ffaaab31000 	C:\WINDOWS\System32\IMM32.DLL
0x00007ffaa6070000 - 0x00007ffaa607c000 	c:\Users\Enfal\.cursor\extensions\redhat.java-1.41.1-win32-x64\jre\21.0.6-win32-x86_64\bin\vcruntime140_1.dll
0x00007ffa8a1a0000 - 0x00007ffa8a22d000 	c:\Users\Enfal\.cursor\extensions\redhat.java-1.41.1-win32-x64\jre\21.0.6-win32-x86_64\bin\msvcp140.dll
0x00007ffa10c90000 - 0x00007ffa11a20000 	c:\Users\Enfal\.cursor\extensions\redhat.java-1.41.1-win32-x64\jre\21.0.6-win32-x86_64\bin\server\jvm.dll
0x00007ffaab4a0000 - 0x00007ffaab551000 	C:\WINDOWS\System32\ADVAPI32.dll
0x00007ffaaaa50000 - 0x00007ffaaaaf8000 	C:\WINDOWS\System32\sechost.dll
0x00007ffaaa620000 - 0x00007ffaaa648000 	C:\WINDOWS\System32\bcrypt.dll
0x00007ffaac810000 - 0x00007ffaac924000 	C:\WINDOWS\System32\RPCRT4.dll
0x00007ffaac620000 - 0x00007ffaac691000 	C:\WINDOWS\System32\WS2_32.dll
0x00007ffaa4b80000 - 0x00007ffaa4bb4000 	C:\WINDOWS\SYSTEM32\WINMM.dll
0x00007ffaa2020000 - 0x00007ffaa202a000 	C:\WINDOWS\SYSTEM32\VERSION.dll
0x00007ffaa9d90000 - 0x00007ffaa9ddd000 	C:\WINDOWS\SYSTEM32\POWRPROF.dll
0x00007ffaa9d70000 - 0x00007ffaa9d83000 	C:\WINDOWS\SYSTEM32\UMPDC.dll
0x00007ffaa8eb0000 - 0x00007ffaa8ec8000 	C:\WINDOWS\SYSTEM32\kernel.appcore.dll
0x00007ffaa52c0000 - 0x00007ffaa52ca000 	c:\Users\Enfal\.cursor\extensions\redhat.java-1.41.1-win32-x64\jre\21.0.6-win32-x86_64\bin\jimage.dll
0x00007ffa96570000 - 0x00007ffa967a2000 	C:\WINDOWS\SYSTEM32\DBGHELP.DLL
0x00007ffaac210000 - 0x00007ffaac5a2000 	C:\WINDOWS\System32\combase.dll
0x00007ffaab760000 - 0x00007ffaab837000 	C:\WINDOWS\System32\OLEAUT32.dll
0x00007ffa88d00000 - 0x00007ffa88d32000 	C:\WINDOWS\SYSTEM32\dbgcore.DLL
0x00007ffaaa9d0000 - 0x00007ffaaaa4b000 	C:\WINDOWS\System32\bcryptPrimitives.dll
0x00007ffa9aa90000 - 0x00007ffa9aa9f000 	c:\Users\Enfal\.cursor\extensions\redhat.java-1.41.1-win32-x64\jre\21.0.6-win32-x86_64\bin\instrument.dll
0x00007ffa98c00000 - 0x00007ffa98c1f000 	c:\Users\Enfal\.cursor\extensions\redhat.java-1.41.1-win32-x64\jre\21.0.6-win32-x86_64\bin\java.dll
0x00007ffaaab50000 - 0x00007ffaab3e6000 	C:\WINDOWS\System32\SHELL32.dll
0x00007ffaaa650000 - 0x00007ffaaa78f000 	C:\WINDOWS\System32\wintypes.dll
0x00007ffaa7d90000 - 0x00007ffaa86aa000 	C:\WINDOWS\SYSTEM32\windows.storage.dll
0x00007ffaac700000 - 0x00007ffaac80a000 	C:\WINDOWS\System32\SHCORE.dll
0x00007ffaac5b0000 - 0x00007ffaac613000 	C:\WINDOWS\System32\shlwapi.dll
0x00007ffaa9df0000 - 0x00007ffaa9e1b000 	C:\WINDOWS\SYSTEM32\profapi.dll
0x00007ffa98a90000 - 0x00007ffa98aa8000 	c:\Users\Enfal\.cursor\extensions\redhat.java-1.41.1-win32-x64\jre\21.0.6-win32-x86_64\bin\zip.dll
0x00007ffa9a540000 - 0x00007ffa9a550000 	C:\Users\Enfal\.cursor\extensions\redhat.java-1.41.1-win32-x64\jre\21.0.6-win32-x86_64\bin\net.dll
0x00007ffaa2ab0000 - 0x00007ffaa2bdc000 	C:\WINDOWS\SYSTEM32\WINHTTP.dll
0x00007ffaa9320000 - 0x00007ffaa938a000 	C:\WINDOWS\system32\mswsock.dll
0x00007ffa98330000 - 0x00007ffa98346000 	C:\Users\Enfal\.cursor\extensions\redhat.java-1.41.1-win32-x64\jre\21.0.6-win32-x86_64\bin\nio.dll
0x00007ffa9a4b0000 - 0x00007ffa9a4c0000 	c:\Users\Enfal\.cursor\extensions\redhat.java-1.41.1-win32-x64\jre\21.0.6-win32-x86_64\bin\verify.dll
0x00007ffa894f0000 - 0x00007ffa89535000 	C:\Users\Enfal\AppData\Roaming\Cursor\User\globalStorage\redhat.java\1.41.1\config_win\org.eclipse.equinox.launcher\org.eclipse.equinox.launcher.win32.win32.x86_64_1.2.1300.v20250331-1702\eclipse_11911.dll
0x00007ffaacbc0000 - 0x00007ffaacd61000 	C:\WINDOWS\System32\ole32.dll
0x00007ffaa9670000 - 0x00007ffaa968b000 	C:\WINDOWS\SYSTEM32\CRYPTSP.dll
0x00007ffaa8e10000 - 0x00007ffaa8e47000 	C:\WINDOWS\system32\rsaenh.dll
0x00007ffaa93c0000 - 0x00007ffaa93e8000 	C:\WINDOWS\SYSTEM32\USERENV.dll
0x00007ffaa9650000 - 0x00007ffaa965c000 	C:\WINDOWS\SYSTEM32\CRYPTBASE.dll
0x00007ffaa8910000 - 0x00007ffaa893d000 	C:\WINDOWS\SYSTEM32\IPHLPAPI.DLL
0x00007ffaaba00000 - 0x00007ffaaba09000 	C:\WINDOWS\System32\NSI.dll
0x00007ffa88870000 - 0x00007ffa888b9000 	C:\Users\Enfal\AppData\Local\Temp\jna-67101096\jna9590921502863776612.dll
0x00007ffaac6f0000 - 0x00007ffaac6f8000 	C:\WINDOWS\System32\PSAPI.DLL
0x00007ffaa3030000 - 0x00007ffaa3049000 	C:\WINDOWS\SYSTEM32\dhcpcsvc6.DLL
0x00007ffaa28e0000 - 0x00007ffaa28ff000 	C:\WINDOWS\SYSTEM32\dhcpcsvc.DLL

dbghelp: loaded successfully - version: 4.0.5 - missing functions: none
symbol engine: initialized successfully - sym options: 0x614 - pdb path: .;c:\Users\Enfal\.cursor\extensions\redhat.java-1.41.1-win32-x64\jre\21.0.6-win32-x86_64\bin;C:\WINDOWS\SYSTEM32;C:\WINDOWS\WinSxS\amd64_microsoft.windows.common-controls_6595b64144ccf1df_6.0.22621.5124_none_270e8f4f7386d69d;c:\Users\Enfal\.cursor\extensions\redhat.java-1.41.1-win32-x64\jre\21.0.6-win32-x86_64\bin\server;C:\Users\Enfal\AppData\Roaming\Cursor\User\globalStorage\redhat.java\1.41.1\config_win\org.eclipse.equinox.launcher\org.eclipse.equinox.launcher.win32.win32.x86_64_1.2.1300.v20250331-1702;C:\Users\Enfal\AppData\Local\Temp\jna-67101096

VM Arguments:
jvm_args: --add-modules=ALL-SYSTEM --add-opens=java.base/java.util=ALL-UNNAMED --add-opens=java.base/java.lang=ALL-UNNAMED --add-opens=java.base/sun.nio.fs=ALL-UNNAMED -Declipse.application=org.eclipse.jdt.ls.core.id1 -Dosgi.bundles.defaultStartLevel=4 -Declipse.product=org.eclipse.jdt.ls.core.product -Djava.import.generatesMetadataFilesAtProjectRoot=false -DDetectVMInstallationsJob.disabled=true -Dfile.encoding=utf8 -XX:+UseParallelGC -XX:GCTimeRatio=4 -XX:AdaptiveSizePolicyWeight=90 -Dsun.zip.disableMemoryMapping=true -Xmx1G -Xms100m -Xlog:disable -javaagent:c:\Users\Enfal\.cursor\extensions\redhat.java-1.41.1-win32-x64\lombok\lombok-1.18.36.jar -XX:+HeapDumpOnOutOfMemoryError -XX:HeapDumpPath=c:\Users\Enfal\AppData\Roaming\Cursor\User\workspaceStorage\530994b3a515dfa207db7eab3c6bf822\redhat.java -Daether.dependencyCollector.impl=bf 
java_command: c:\Users\Enfal\.cursor\extensions\redhat.java-1.41.1-win32-x64\server\plugins\org.eclipse.equinox.launcher_1.7.0.v20250331-1702.jar -configuration c:\Users\Enfal\AppData\Roaming\Cursor\User\globalStorage\redhat.java\1.41.1\config_win -data c:\Users\Enfal\AppData\Roaming\Cursor\User\workspaceStorage\530994b3a515dfa207db7eab3c6bf822\redhat.java\jdt_ws --pipe=\\.\pipe\lsp-dca7be91607bc9c04b1439397ba9e52c-sock
java_class_path (initial): c:\Users\Enfal\.cursor\extensions\redhat.java-1.41.1-win32-x64\server\plugins\org.eclipse.equinox.launcher_1.7.0.v20250331-1702.jar
Launcher Type: SUN_STANDARD

[Global flags]
    uintx AdaptiveSizePolicyWeight                 = 90                                        {product} {command line}
     intx CICompilerCount                          = 4                                         {product} {ergonomic}
    uintx GCTimeRatio                              = 4                                         {product} {command line}
     bool HeapDumpOnOutOfMemoryError               = true                                   {manageable} {command line}
    ccstr HeapDumpPath                             = c:\Users\Enfal\AppData\Roaming\Cursor\User\workspaceStorage\530994b3a515dfa207db7eab3c6bf822\redhat.java         {manageable} {command line}
   size_t InitialHeapSize                          = 104857600                                 {product} {command line}
   size_t MaxHeapSize                              = 1073741824                                {product} {command line}
   size_t MaxNewSize                               = 357564416                                 {product} {ergonomic}
   size_t MinHeapDeltaBytes                        = 524288                                    {product} {ergonomic}
   size_t MinHeapSize                              = 104857600                                 {product} {command line}
   size_t NewSize                                  = 34603008                                  {product} {ergonomic}
    uintx NonNMethodCodeHeapSize                   = 5839372                                {pd product} {ergonomic}
    uintx NonProfiledCodeHeapSize                  = 122909434                              {pd product} {ergonomic}
   size_t OldSize                                  = 70254592                                  {product} {ergonomic}
    uintx ProfiledCodeHeapSize                     = 122909434                              {pd product} {ergonomic}
    uintx ReservedCodeCacheSize                    = 251658240                              {pd product} {ergonomic}
     bool SegmentedCodeCache                       = true                                      {product} {ergonomic}
   size_t SoftMaxHeapSize                          = 1073741824                             {manageable} {ergonomic}
     bool UseCompressedOops                        = true                           {product lp64_product} {ergonomic}
     bool UseLargePagesIndividualAllocation        = false                                  {pd product} {ergonomic}
     bool UseParallelGC                            = true                                      {product} {command line}

Logging:
Log output configuration:
 #0: stdout all=off uptime,level,tags foldmultilines=false
 #1: stderr all=off uptime,level,tags foldmultilines=false

Environment Variables:
JAVA_HOME=C:\Program Files\Java\jdk-23
PATH=C:\Program Files\Common Files\Oracle\Java\javapath;c:\Users\Enfal\AppData\Local\Programs\cursor\resources\app\bin;C:\WINDOWS\system32;C:\WINDOWS;C:\WINDOWS\System32\Wbem;C:\WINDOWS\System32\WindowsPowerShell\v1.0\;C:\WINDOWS\System32\OpenSSH\;C:\Program Files\Git\cmd;C:\Program Files\Docker\Docker\resources\bin;C:\Users\Enfal\AppData\Local\Microsoft\WindowsApps;C:\Users\Enfal\AppData\Local\GitHubDesktop\bin;c:\Users\Enfal\AppData\Local\Programs\cursor\resources\app\bin;C:\Program Files\nodejs\;%JAVA_HOME%\bin;C:\Program Files\Java\jdk-23\bin\java.exe;C:\Program Files\apache-maven-3.9.9\bin;C:\Program Files\apache-maven-3.9.9\bin;C:\Program Files\PostgreSQL\16\bin;C:\Users\Enfal\AppData\Local\Microsoft\WindowsApps;C:\Users\Enfal\AppData\Local\GitHubDesktop\bin;C:\Users\Enfal\Microsoft VS Code\bin;C:\Users\Enfal\AppData\Roaming\npm;C:\Program Files\apache-maven-3.9.9\bin;C:\Users\Enfal\cursor\resources\app\bin;C:\Users\Enfal\AppData\Local\Programs\Windsurf\bin
USERNAME=Enfal
OS=Windows_NT
PROCESSOR_IDENTIFIER=Intel64 Family 6 Model 142 Stepping 12, GenuineIntel
TMP=C:\Users\Enfal\AppData\Local\Temp
TEMP=C:\Users\Enfal\AppData\Local\Temp




Periodic native trim disabled

---------------  S Y S T E M  ---------------

OS:
 Windows 11 , 64 bit Build 22621 (10.0.22621.5124)
OS uptime: 0 days 13:31 hours
Hyper-V role detected

CPU: total 8 (initial active 8) (4 cores per cpu, 2 threads per core) family 6 model 142 stepping 12 microcode 0xde, cx8, cmov, fxsr, ht, mmx, 3dnowpref, sse, sse2, sse3, ssse3, sse4.1, sse4.2, popcnt, lzcnt, tsc, tscinvbit, avx, avx2, aes, erms, clmul, bmi1, bmi2, adx, fma, vzeroupper, clflush, clflushopt, hv, rdtscp, f16c
Processor Information for the first 8 processors :
  Max Mhz: 2101, Current Mhz: 1600, Mhz Limit: 1596

Memory: 4k page, system-wide physical 7955M (311M free)
TotalPageFile size 21112M (AvailPageFile size 4M)
current process WorkingSet (physical memory assigned to process): 295M, peak: 297M
current process commit charge ("private bytes"): 322M, peak: 335M

vm_info: OpenJDK 64-Bit Server VM (21.0.6+7-LTS) for windows-amd64 JRE (21.0.6+7-LTS), built on 2025-01-21T00:00:00Z by "admin" with MS VC++ 17.7 (VS2022)

END.
